#
# There is insufficient memory for the Java Runtime Environment to continue.
# Native memory allocation (mmap) failed to map 134217728 bytes for G1 virtual space
# Possible reasons:
#   The system is out of physical RAM or swap space
#   The process is running with CompressedOops enabled, and the Java Heap may be blocking the growth of the native heap
# Possible solutions:
#   Reduce memory load on the system
#   Increase physical memory or swap space
#   Check if swap backing store is full
#   Decrease Java heap size (-Xmx/-Xms)
#   Decrease number of Java threads
#   Decrease Java thread stack sizes (-Xss)
#   Set larger code cache with -XX:ReservedCodeCacheSize=
#   JVM is running with Unscaled Compressed Oops mode in which the Java heap is
#     placed in the first 4GB address space. The Java Heap base address is the
#     maximum limit for the native heap growth. Please use -XX:HeapBaseMinAddress
#     to set the Java Heap base and to place the Java Heap above 4GB virtual address.
# This output file may be truncated or incomplete.
#
#  Out of Memory Error (os_windows.cpp:3769), pid=17636, tid=10360
#
# JRE version: OpenJDK Runtime Environment (17.0.6) (build 17.0.6+0-b2043.56-9586694)
# Java VM: OpenJDK 64-Bit Server VM (17.0.6+0-b2043.56-9586694, mixed mode, tiered, compressed oops, compressed class ptrs, g1 gc, windows-amd64)
# No core dump will be written. Minidumps are not enabled by default on client versions of Windows
#

---------------  S U M M A R Y ------------

Command Line: --add-opens=java.base/java.util=ALL-UNNAMED --add-opens=java.base/java.lang=ALL-UNNAMED --add-opens=java.base/java.lang.invoke=ALL-UNNAMED --add-opens=java.prefs/java.util.prefs=ALL-UNNAMED --add-opens=java.base/java.nio.charset=ALL-UNNAMED --add-opens=java.base/java.net=ALL-UNNAMED --add-opens=java.base/java.util.concurrent.atomic=ALL-UNNAMED -Xmx2048m -Dfile.encoding=UTF-8 -Duser.country=BR -Duser.language=pt -Duser.variant org.gradle.launcher.daemon.bootstrap.GradleDaemon 8.0

Host: 11th Gen Intel(R) Core(TM) i3-1115G4 @ 3.00GHz, 4 cores, 3G,  Windows 11 , 64 bit Build 22621 (10.0.22621.1928)
Time: Wed Jul 12 17:28:32 2023 Hora oficial do Brasil elapsed time: 16.903552 seconds (0d 0h 0m 16s)

---------------  T H R E A D  ---------------

Current thread (0x000002539e2f5e50):  VMThread "VM Thread" [stack: 0x000000c885a00000,0x000000c885b00000] [id=10360]

Stack: [0x000000c885a00000,0x000000c885b00000]
Native frames: (J=compiled Java code, j=interpreted, Vv=VM code, C=native code)
V  [jvm.dll+0x683b4a]
V  [jvm.dll+0x842654]
V  [jvm.dll+0x843dfe]
V  [jvm.dll+0x844463]
V  [jvm.dll+0x249b75]
V  [jvm.dll+0x680a19]
V  [jvm.dll+0x674f0a]
V  [jvm.dll+0x309acb]
V  [jvm.dll+0x310f86]
V  [jvm.dll+0x3608ee]
V  [jvm.dll+0x360b1f]
V  [jvm.dll+0x2dfbf8]
V  [jvm.dll+0x2ddec4]
V  [jvm.dll+0x2dd4cc]
V  [jvm.dll+0x321f3b]
V  [jvm.dll+0x84893b]
V  [jvm.dll+0x849674]
V  [jvm.dll+0x849b8d]
V  [jvm.dll+0x849f64]
V  [jvm.dll+0x84a030]
V  [jvm.dll+0x7f25fa]
V  [jvm.dll+0x682985]
C  [ucrtbase.dll+0x29363]
C  [KERNEL32.DLL+0x126ad]
C  [ntdll.dll+0x5aa68]

VM_Operation (0x000000c8870f7d50): G1CollectForAllocation, mode: safepoint, requested by thread 0x00000253a0584ad0


---------------  P R O C E S S  ---------------

Threads class SMR info:
_java_thread_list=0x000002539fcf1890, length=81, elements={
0x0000025384d5c210, 0x000002539e2fad10, 0x000002539e2fb6c0, 0x000002539e343130,
0x000002539e343ae0, 0x000002539e344490, 0x000002539e344e40, 0x000002539e304d60,
0x000002539ed2ce00, 0x000002539ed3f2d0, 0x000002539eea9ac0, 0x000002539eeaa3a0,
0x000002539fae5ed0, 0x000002539ff1fdd0, 0x00000253a068e830, 0x00000253a016d050,
0x000002539f9ff4e0, 0x000002539fc63960, 0x00000253a0584ad0, 0x00000253a0581f80,
0x00000253a0584130, 0x00000253a0581110, 0x00000253a0582450, 0x00000253a0582920,
0x00000253a0582df0, 0x00000253a05832c0, 0x00000253a0581ab0, 0x00000253a0583790,
0x00000253a0584600, 0x00000253a05815e0, 0x00000253a165aa20, 0x00000253a16583a0,
0x00000253a1658d40, 0x00000253a165b3c0, 0x00000253a165c700, 0x00000253a1659210,
0x00000253a1659bb0, 0x00000253a1657060, 0x00000253a165b890, 0x00000253a165d570,
0x00000253a165a550, 0x00000253a165aef0, 0x00000253a165bd60, 0x00000253a165c230,
0x00000253a165da40, 0x00000253a165df10, 0x00000253a165e3e0, 0x00000253a322f6f0,
0x00000253a3230090, 0x00000253a3230560, 0x00000253a32318a0, 0x00000253a32343f0,
0x00000253a322fbc0, 0x00000253a3230a30, 0x00000253a32313d0, 0x00000253a3233a50,
0x00000253a3230f00, 0x00000253a3231d70, 0x00000253a3233580, 0x00000253a3232240,
0x00000253a32348c0, 0x00000253a322ed50, 0x00000253a32330b0, 0x00000253a3232710,
0x00000253a3232be0, 0x00000253a322f220, 0x00000253a3233f20, 0x00000253a322d070,
0x00000253a322d540, 0x00000253a322da10, 0x00000253a322dee0, 0x00000253a322e3b0,
0x00000253a322e880, 0x00000253a1a839c0, 0x00000253a1a851d0, 0x00000253a1a83020,
0x00000253a1a89ed0, 0x00000253a1a869e0, 0x00000253a1a86eb0, 0x00000253a1a88b90,
0x00000253a1a84830
}

Java Threads: ( => current thread )
  0x0000025384d5c210 JavaThread "main" [_thread_blocked, id=3204, stack(0x000000c885400000,0x000000c885500000)]
  0x000002539e2fad10 JavaThread "Reference Handler" daemon [_thread_blocked, id=16272, stack(0x000000c885b00000,0x000000c885c00000)]
  0x000002539e2fb6c0 JavaThread "Finalizer" daemon [_thread_blocked, id=11816, stack(0x000000c885c00000,0x000000c885d00000)]
  0x000002539e343130 JavaThread "Signal Dispatcher" daemon [_thread_blocked, id=10972, stack(0x000000c885d00000,0x000000c885e00000)]
  0x000002539e343ae0 JavaThread "Attach Listener" daemon [_thread_blocked, id=12296, stack(0x000000c885e00000,0x000000c885f00000)]
  0x000002539e344490 JavaThread "Service Thread" daemon [_thread_blocked, id=5568, stack(0x000000c885f00000,0x000000c886000000)]
  0x000002539e344e40 JavaThread "Monitor Deflation Thread" daemon [_thread_blocked, id=8380, stack(0x000000c886000000,0x000000c886100000)]
  0x000002539e304d60 JavaThread "C2 CompilerThread0" daemon [_thread_blocked, id=780, stack(0x000000c886100000,0x000000c886200000)]
  0x000002539ed2ce00 JavaThread "C1 CompilerThread0" daemon [_thread_blocked, id=2328, stack(0x000000c886200000,0x000000c886300000)]
  0x000002539ed3f2d0 JavaThread "Sweeper thread" daemon [_thread_blocked, id=9036, stack(0x000000c886300000,0x000000c886400000)]
  0x000002539eea9ac0 JavaThread "Common-Cleaner" daemon [_thread_blocked, id=16172, stack(0x000000c886400000,0x000000c886500000)]
  0x000002539eeaa3a0 JavaThread "Notification Thread" daemon [_thread_blocked, id=6888, stack(0x000000c886500000,0x000000c886600000)]
  0x000002539fae5ed0 JavaThread "Daemon health stats" [_thread_blocked, id=1004, stack(0x000000c886a00000,0x000000c886b00000)]
  0x000002539ff1fdd0 JavaThread "Incoming local TCP Connector on port 55742" [_thread_in_native, id=11440, stack(0x000000c886b00000,0x000000c886c00000)]
  0x00000253a068e830 JavaThread "Daemon periodic checks" [_thread_blocked, id=18424, stack(0x000000c886c00000,0x000000c886d00000)]
  0x00000253a016d050 JavaThread "Daemon" [_thread_blocked, id=1816, stack(0x000000c886d00000,0x000000c886e00000)]
  0x000002539f9ff4e0 JavaThread "Handler for socket connection from /127.0.0.1:55742 to /127.0.0.1:55743" [_thread_in_native, id=1244, stack(0x000000c886e00000,0x000000c886f00000)]
  0x000002539fc63960 JavaThread "Cancel handler" [_thread_blocked, id=5200, stack(0x000000c886f00000,0x000000c887000000)]
  0x00000253a0584ad0 JavaThread "Daemon worker" [_thread_blocked, id=17432, stack(0x000000c887000000,0x000000c887100000)]
  0x00000253a0581f80 JavaThread "Asynchronous log dispatcher for DefaultDaemonConnection: socket connection from /127.0.0.1:55742 to /127.0.0.1:55743" [_thread_blocked, id=6068, stack(0x000000c887100000,0x000000c887200000)]
  0x00000253a0584130 JavaThread "Stdin handler" [_thread_blocked, id=12964, stack(0x000000c887200000,0x000000c887300000)]
  0x00000253a0581110 JavaThread "Daemon client event forwarder" [_thread_blocked, id=5880, stack(0x000000c887300000,0x000000c887400000)]
  0x00000253a0582450 JavaThread "Cache worker for journal cache (C:\Users\fdeba\.gradle\caches\journal-1)" [_thread_blocked, id=4548, stack(0x000000c887400000,0x000000c887500000)]
  0x00000253a0582920 JavaThread "File lock request listener" [_thread_in_native, id=5856, stack(0x000000c887500000,0x000000c887600000)]
  0x00000253a0582df0 JavaThread "Cache worker for file hash cache (C:\Users\fdeba\.gradle\caches\8.0\fileHashes)" [_thread_blocked, id=1732, stack(0x000000c887600000,0x000000c887700000)]
  0x00000253a05832c0 JavaThread "File watcher server" daemon [_thread_in_native, id=10020, stack(0x000000c887700000,0x000000c887800000)]
  0x00000253a0581ab0 JavaThread "File watcher consumer" daemon [_thread_blocked, id=10852, stack(0x000000c887800000,0x000000c887900000)]
  0x00000253a0583790 JavaThread "Cache worker for checksums cache (C:\Users\fdeba\OneDrive\Documentos\ifsul\4i\tcc\ObjectFinderIFSul\.gradle\8.0\checksums)" [_thread_blocked, id=52, stack(0x000000c887900000,0x000000c887a00000)]
  0x00000253a0584600 JavaThread "Cache worker for cache directory md-rule (C:\Users\fdeba\.gradle\caches\8.0\md-rule)" [_thread_blocked, id=2480, stack(0x000000c887a00000,0x000000c887b00000)]
  0x00000253a05815e0 JavaThread "Cache worker for file content cache (C:\Users\fdeba\.gradle\caches\8.0\fileContent)" [_thread_blocked, id=4544, stack(0x000000c887b00000,0x000000c887c00000)]
  0x00000253a165aa20 JavaThread "Cache worker for file hash cache (C:\Users\fdeba\OneDrive\Documentos\ifsul\4i\tcc\ObjectFinderIFSul\.gradle\8.0\fileHashes)" [_thread_blocked, id=1272, stack(0x000000c887c00000,0x000000c887d00000)]
  0x00000253a16583a0 JavaThread "Cache worker for cache directory md-supplier (C:\Users\fdeba\.gradle\caches\8.0\md-supplier)" [_thread_blocked, id=13812, stack(0x000000c887d00000,0x000000c887e00000)]
  0x00000253a1658d40 JavaThread "Cache worker for execution history cache (C:\Users\fdeba\.gradle\caches\8.0\executionHistory)" [_thread_blocked, id=11248, stack(0x000000c887e00000,0x000000c887f00000)]
  0x00000253a165b3c0 JavaThread "jar transforms" [_thread_blocked, id=2452, stack(0x000000c887f00000,0x000000c888000000)]
  0x00000253a165c700 JavaThread "jar transforms Thread 2" [_thread_blocked, id=11692, stack(0x000000c888000000,0x000000c888100000)]
  0x00000253a1659210 JavaThread "jar transforms Thread 3" [_thread_blocked, id=8960, stack(0x000000c888100000,0x000000c888200000)]
  0x00000253a1659bb0 JavaThread "jar transforms Thread 4" [_thread_blocked, id=18036, stack(0x000000c888200000,0x000000c888300000)]
  0x00000253a1657060 JavaThread "Cache worker for dependencies-accessors (C:\Users\fdeba\OneDrive\Documentos\ifsul\4i\tcc\ObjectFinderIFSul\.gradle\8.0\dependencies-accessors)" [_thread_blocked, id=14368, stack(0x000000c888300000,0x000000c888400000)]
  0x00000253a165b890 JavaThread "Cache worker for Build Output Cleanup Cache (C:\Users\fdeba\OneDrive\Documentos\ifsul\4i\tcc\ObjectFinderIFSul\.gradle\buildOutputCleanup)" [_thread_blocked, id=11304, stack(0x000000c888400000,0x000000c888500000)]
  0x00000253a165d570 JavaThread "Unconstrained build operations" [_thread_blocked, id=18296, stack(0x000000c888500000,0x000000c888600000)]
  0x00000253a165a550 JavaThread "Unconstrained build operations Thread 2" [_thread_blocked, id=17284, stack(0x000000c888600000,0x000000c888700000)]
  0x00000253a165aef0 JavaThread "Unconstrained build operations Thread 3" [_thread_blocked, id=11476, stack(0x000000c888700000,0x000000c888800000)]
  0x00000253a165bd60 JavaThread "Unconstrained build operations Thread 4" [_thread_blocked, id=17696, stack(0x000000c888800000,0x000000c888900000)]
  0x00000253a165c230 JavaThread "Unconstrained build operations Thread 5" [_thread_blocked, id=8492, stack(0x000000c888900000,0x000000c888a00000)]
  0x00000253a165da40 JavaThread "Unconstrained build operations Thread 6" [_thread_blocked, id=8136, stack(0x000000c888a00000,0x000000c888b00000)]
  0x00000253a165df10 JavaThread "Unconstrained build operations Thread 7" [_thread_blocked, id=12408, stack(0x000000c888b00000,0x000000c888c00000)]
  0x00000253a165e3e0 JavaThread "Unconstrained build operations Thread 8" [_thread_blocked, id=2600, stack(0x000000c888c00000,0x000000c888d00000)]
  0x00000253a322f6f0 JavaThread "Unconstrained build operations Thread 9" [_thread_blocked, id=17644, stack(0x000000c888d00000,0x000000c888e00000)]
  0x00000253a3230090 JavaThread "Unconstrained build operations Thread 10" [_thread_blocked, id=1820, stack(0x000000c888e00000,0x000000c888f00000)]
  0x00000253a3230560 JavaThread "Unconstrained build operations Thread 11" [_thread_blocked, id=10616, stack(0x000000c888f00000,0x000000c889000000)]
  0x00000253a32318a0 JavaThread "Unconstrained build operations Thread 12" [_thread_blocked, id=2688, stack(0x000000c889000000,0x000000c889100000)]
  0x00000253a32343f0 JavaThread "Unconstrained build operations Thread 13" [_thread_blocked, id=14568, stack(0x000000c889100000,0x000000c889200000)]
  0x00000253a322fbc0 JavaThread "Unconstrained build operations Thread 14" [_thread_blocked, id=11616, stack(0x000000c889200000,0x000000c889300000)]
  0x00000253a3230a30 JavaThread "Unconstrained build operations Thread 15" [_thread_blocked, id=9840, stack(0x000000c889300000,0x000000c889400000)]
  0x00000253a32313d0 JavaThread "Unconstrained build operations Thread 16" [_thread_blocked, id=15140, stack(0x000000c889400000,0x000000c889500000)]
  0x00000253a3233a50 JavaThread "Unconstrained build operations Thread 17" [_thread_blocked, id=6592, stack(0x000000c889500000,0x000000c889600000)]
  0x00000253a3230f00 JavaThread "Unconstrained build operations Thread 18" [_thread_blocked, id=6760, stack(0x000000c889600000,0x000000c889700000)]
  0x00000253a3231d70 JavaThread "Unconstrained build operations Thread 19" [_thread_blocked, id=15168, stack(0x000000c889700000,0x000000c889800000)]
  0x00000253a3233580 JavaThread "Unconstrained build operations Thread 20" [_thread_blocked, id=14128, stack(0x000000c889800000,0x000000c889900000)]
  0x00000253a3232240 JavaThread "Unconstrained build operations Thread 21" [_thread_blocked, id=8572, stack(0x000000c889900000,0x000000c889a00000)]
  0x00000253a32348c0 JavaThread "Unconstrained build operations Thread 22" [_thread_blocked, id=11840, stack(0x000000c889a00000,0x000000c889b00000)]
  0x00000253a322ed50 JavaThread "Unconstrained build operations Thread 23" [_thread_blocked, id=11548, stack(0x000000c889b00000,0x000000c889c00000)]
  0x00000253a32330b0 JavaThread "Unconstrained build operations Thread 24" [_thread_blocked, id=13416, stack(0x000000c889c00000,0x000000c889d00000)]
  0x00000253a3232710 JavaThread "Unconstrained build operations Thread 25" [_thread_blocked, id=952, stack(0x000000c889d00000,0x000000c889e00000)]
  0x00000253a3232be0 JavaThread "Unconstrained build operations Thread 26" [_thread_blocked, id=16264, stack(0x000000c889e00000,0x000000c889f00000)]
  0x00000253a322f220 JavaThread "Unconstrained build operations Thread 27" [_thread_blocked, id=14048, stack(0x000000c889f00000,0x000000c88a000000)]
  0x00000253a3233f20 JavaThread "Unconstrained build operations Thread 28" [_thread_blocked, id=10768, stack(0x000000c88a000000,0x000000c88a100000)]
  0x00000253a322d070 JavaThread "Unconstrained build operations Thread 29" [_thread_blocked, id=1092, stack(0x000000c88a100000,0x000000c88a200000)]
  0x00000253a322d540 JavaThread "Unconstrained build operations Thread 30" [_thread_blocked, id=16324, stack(0x000000c88a200000,0x000000c88a300000)]
  0x00000253a322da10 JavaThread "Unconstrained build operations Thread 31" [_thread_blocked, id=7860, stack(0x000000c88a300000,0x000000c88a400000)]
  0x00000253a322dee0 JavaThread "Unconstrained build operations Thread 32" [_thread_blocked, id=18076, stack(0x000000c88a400000,0x000000c88a500000)]
  0x00000253a322e3b0 JavaThread "Unconstrained build operations Thread 33" [_thread_blocked, id=12028, stack(0x000000c88a500000,0x000000c88a600000)]
  0x00000253a322e880 JavaThread "Unconstrained build operations Thread 34" [_thread_blocked, id=12536, stack(0x000000c88a600000,0x000000c88a700000)]
  0x00000253a1a839c0 JavaThread "Unconstrained build operations Thread 35" [_thread_blocked, id=14064, stack(0x000000c88a700000,0x000000c88a800000)]
  0x00000253a1a851d0 JavaThread "Unconstrained build operations Thread 36" [_thread_blocked, id=9372, stack(0x000000c88a800000,0x000000c88a900000)]
  0x00000253a1a83020 JavaThread "Unconstrained build operations Thread 37" [_thread_blocked, id=7524, stack(0x000000c88a900000,0x000000c88aa00000)]
  0x00000253a1a89ed0 JavaThread "Unconstrained build operations Thread 38" [_thread_blocked, id=8804, stack(0x000000c88aa00000,0x000000c88ab00000)]
  0x00000253a1a869e0 JavaThread "Unconstrained build operations Thread 39" [_thread_blocked, id=17052, stack(0x000000c88ab00000,0x000000c88ac00000)]
  0x00000253a1a86eb0 JavaThread "Unconstrained build operations Thread 40" [_thread_blocked, id=5496, stack(0x000000c88ac00000,0x000000c88ad00000)]
  0x00000253a1a88b90 JavaThread "build event listener" [_thread_blocked, id=5412, stack(0x000000c88ad00000,0x000000c88ae00000)]
  0x00000253a1a84830 JavaThread "Memory manager" [_thread_blocked, id=4484, stack(0x000000c88ae00000,0x000000c88af00000)]

Other Threads:
=>0x000002539e2f5e50 VMThread "VM Thread" [stack: 0x000000c885a00000,0x000000c885b00000] [id=10360]
  0x0000025384dd42b0 WatcherThread [stack: 0x000000c886600000,0x000000c886700000] [id=17712]
  0x0000025384db7650 GCTaskThread "GC Thread#0" [stack: 0x000000c885500000,0x000000c885600000] [id=9596]
  0x000002539f8c5430 GCTaskThread "GC Thread#1" [stack: 0x000000c886700000,0x000000c886800000] [id=2992]
  0x000002539f1bc600 GCTaskThread "GC Thread#2" [stack: 0x000000c886800000,0x000000c886900000] [id=5928]
  0x000002539f705f70 GCTaskThread "GC Thread#3" [stack: 0x000000c886900000,0x000000c886a00000] [id=9304]
  0x0000025384dc8d90 ConcurrentGCThread "G1 Main Marker" [stack: 0x000000c885600000,0x000000c885700000] [id=14988]
  0x0000025384dca6b0 ConcurrentGCThread "G1 Conc#0" [stack: 0x000000c885700000,0x000000c885800000] [id=14540]
  0x0000025384e17ea0 ConcurrentGCThread "G1 Refine#0" [stack: 0x000000c885800000,0x000000c885900000] [id=17672]
  0x0000025384e19670 ConcurrentGCThread "G1 Service" [stack: 0x000000c885900000,0x000000c885a00000] [id=11212]

Threads with active compile tasks:
C2 CompilerThread0    16948 8235   !   4       com.google.common.reflect.TypeVisitor::visit (244 bytes)

VM state: at safepoint (normal execution)

VM Mutex/Monitor currently owned by a thread:  ([mutex/lock_event])
[0x0000025384d58640] Threads_lock - owner thread: 0x000002539e2f5e50
[0x0000025384d58490] Heap_lock - owner thread: 0x00000253a0584ad0

Heap address: 0x0000000080000000, size: 2048 MB, Compressed Oops mode: 32-bit

CDS archive(s) not mapped
Compressed class space mapped at: 0x0000000100000000-0x0000000140000000, reserved size: 1073741824
Narrow klass base: 0x0000000000000000, Narrow klass shift: 3, Narrow klass range: 0x140000000

GC Precious Log:
 CPUs: 4 total, 4 available
 Memory: 3879M
 Large Page Support: Disabled
 NUMA Support: Disabled
 Compressed Oops: Enabled (32-bit)
 Heap Region Size: 1M
 Heap Min Capacity: 8M
 Heap Initial Capacity: 62M
 Heap Max Capacity: 2G
 Pre-touch: Disabled
 Parallel Workers: 4
 Concurrent Workers: 1
 Concurrent Refinement Workers: 4
 Periodic GC: Disabled

Heap:
 garbage-first heap   total 131072K, used 69549K [0x0000000080000000, 0x0000000100000000)
  region size 1024K, 3 young (3072K), 3 survivors (3072K)
 Metaspace       used 79206K, committed 79808K, reserved 1122304K
  class space    used 10780K, committed 11072K, reserved 1048576K

Heap Regions: E=young(eden), S=young(survivor), O=old, HS=humongous(starts), HC=humongous(continues), CS=collection set, F=free, OA=open archive, CA=closed archive, TAMS=top-at-mark-start (previous, next)
|   0|0x0000000080000000, 0x0000000080100000, 0x0000000080100000|100%| O|  |TAMS 0x0000000080100000, 0x0000000080000000| Untracked 
|   1|0x0000000080100000, 0x0000000080200000, 0x0000000080200000|100%| O|  |TAMS 0x0000000080200000, 0x0000000080100000| Untracked 
|   2|0x0000000080200000, 0x0000000080300000, 0x0000000080300000|100%|HS|  |TAMS 0x0000000080300000, 0x0000000080200000| Complete 
|   3|0x0000000080300000, 0x0000000080400000, 0x0000000080400000|100%|HC|  |TAMS 0x0000000080400000, 0x0000000080300000| Complete 
|   4|0x0000000080400000, 0x0000000080500000, 0x0000000080500000|100%|HC|  |TAMS 0x0000000080500000, 0x0000000080400000| Complete 
|   5|0x0000000080500000, 0x0000000080600000, 0x0000000080600000|100%|HC|  |TAMS 0x0000000080600000, 0x0000000080500000| Complete 
|   6|0x0000000080600000, 0x0000000080700000, 0x0000000080700000|100%| O|  |TAMS 0x0000000080700000, 0x0000000080600000| Untracked 
|   7|0x0000000080700000, 0x0000000080800000, 0x0000000080800000|100%| O|  |TAMS 0x0000000080800000, 0x0000000080700000| Untracked 
|   8|0x0000000080800000, 0x0000000080900000, 0x0000000080900000|100%| O|  |TAMS 0x0000000080900000, 0x0000000080800000| Untracked 
|   9|0x0000000080900000, 0x0000000080a00000, 0x0000000080a00000|100%| O|  |TAMS 0x0000000080a00000, 0x0000000080900000| Untracked 
|  10|0x0000000080a00000, 0x0000000080b00000, 0x0000000080b00000|100%| O|  |TAMS 0x0000000080b00000, 0x0000000080a00000| Untracked 
|  11|0x0000000080b00000, 0x0000000080c00000, 0x0000000080c00000|100%| O|  |TAMS 0x0000000080c00000, 0x0000000080b00000| Untracked 
|  12|0x0000000080c00000, 0x0000000080d00000, 0x0000000080d00000|100%| O|  |TAMS 0x0000000080d00000, 0x0000000080c00000| Untracked 
|  13|0x0000000080d00000, 0x0000000080e00000, 0x0000000080e00000|100%| O|  |TAMS 0x0000000080e00000, 0x0000000080d00000| Untracked 
|  14|0x0000000080e00000, 0x0000000080f00000, 0x0000000080f00000|100%| O|  |TAMS 0x0000000080f00000, 0x0000000080e00000| Untracked 
|  15|0x0000000080f00000, 0x0000000081000000, 0x0000000081000000|100%| O|  |TAMS 0x0000000081000000, 0x0000000080f00000| Untracked 
|  16|0x0000000081000000, 0x0000000081100000, 0x0000000081100000|100%| O|  |TAMS 0x0000000081100000, 0x0000000081000000| Untracked 
|  17|0x0000000081100000, 0x0000000081200000, 0x0000000081200000|100%| O|  |TAMS 0x0000000081200000, 0x0000000081100000| Untracked 
|  18|0x0000000081200000, 0x0000000081300000, 0x0000000081300000|100%| O|  |TAMS 0x0000000081300000, 0x0000000081200000| Untracked 
|  19|0x0000000081300000, 0x0000000081400000, 0x0000000081400000|100%| O|  |TAMS 0x0000000081400000, 0x0000000081300000| Untracked 
|  20|0x0000000081400000, 0x0000000081500000, 0x0000000081500000|100%| O|  |TAMS 0x0000000081500000, 0x0000000081400000| Untracked 
|  21|0x0000000081500000, 0x0000000081600000, 0x0000000081600000|100%| O|  |TAMS 0x0000000081600000, 0x0000000081500000| Untracked 
|  22|0x0000000081600000, 0x0000000081700000, 0x0000000081700000|100%| O|  |TAMS 0x0000000081600000, 0x0000000081600000| Untracked 
|  23|0x0000000081700000, 0x0000000081800000, 0x0000000081800000|100%| O|  |TAMS 0x0000000081800000, 0x0000000081700000| Untracked 
|  24|0x0000000081800000, 0x0000000081900000, 0x0000000081900000|100%| O|  |TAMS 0x0000000081900000, 0x0000000081800000| Untracked 
|  25|0x0000000081900000, 0x0000000081900000, 0x0000000081a00000|  0%| F|  |TAMS 0x0000000081900000, 0x0000000081900000| Untracked 
|  26|0x0000000081a00000, 0x0000000081b00000, 0x0000000081b00000|100%| O|  |TAMS 0x0000000081b00000, 0x0000000081a00000| Untracked 
|  27|0x0000000081b00000, 0x0000000081c00000, 0x0000000081c00000|100%| O|  |TAMS 0x0000000081c00000, 0x0000000081b00000| Untracked 
|  28|0x0000000081c00000, 0x0000000081d00000, 0x0000000081d00000|100%| O|  |TAMS 0x0000000081d00000, 0x0000000081c00000| Untracked 
|  29|0x0000000081d00000, 0x0000000081e00000, 0x0000000081e00000|100%| O|  |TAMS 0x0000000081e00000, 0x0000000081d00000| Untracked 
|  30|0x0000000081e00000, 0x0000000081f00000, 0x0000000081f00000|100%| O|  |TAMS 0x0000000081f00000, 0x0000000081e00000| Untracked 
|  31|0x0000000081f00000, 0x0000000082000000, 0x0000000082000000|100%| O|  |TAMS 0x0000000082000000, 0x0000000081f00000| Untracked 
|  32|0x0000000082000000, 0x0000000082100000, 0x0000000082100000|100%| O|  |TAMS 0x0000000082100000, 0x0000000082000000| Untracked 
|  33|0x0000000082100000, 0x0000000082200000, 0x0000000082200000|100%| O|  |TAMS 0x0000000082200000, 0x0000000082100000| Untracked 
|  34|0x0000000082200000, 0x0000000082300000, 0x0000000082300000|100%| O|  |TAMS 0x0000000082300000, 0x0000000082200000| Untracked 
|  35|0x0000000082300000, 0x0000000082400000, 0x0000000082400000|100%| O|  |TAMS 0x0000000082400000, 0x0000000082300000| Untracked 
|  36|0x0000000082400000, 0x0000000082500000, 0x0000000082500000|100%| O|  |TAMS 0x0000000082500000, 0x0000000082400000| Untracked 
|  37|0x0000000082500000, 0x0000000082600000, 0x0000000082600000|100%|HS|  |TAMS 0x0000000082600000, 0x0000000082500000| Complete 
|  38|0x0000000082600000, 0x0000000082700000, 0x0000000082700000|100%|HS|  |TAMS 0x0000000082700000, 0x0000000082600000| Complete 
|  39|0x0000000082700000, 0x0000000082800000, 0x0000000082800000|100%|HC|  |TAMS 0x0000000082800000, 0x0000000082700000| Complete 
|  40|0x0000000082800000, 0x0000000082900000, 0x0000000082900000|100%| O|  |TAMS 0x0000000082900000, 0x0000000082800000| Untracked 
|  41|0x0000000082900000, 0x0000000082a00000, 0x0000000082a00000|100%| O|  |TAMS 0x0000000082a00000, 0x0000000082900000| Untracked 
|  42|0x0000000082a00000, 0x0000000082b00000, 0x0000000082b00000|100%| O|  |TAMS 0x0000000082b00000, 0x0000000082a00000| Untracked 
|  43|0x0000000082b00000, 0x0000000082c00000, 0x0000000082c00000|100%| O|  |TAMS 0x0000000082c00000, 0x0000000082b00000| Untracked 
|  44|0x0000000082c00000, 0x0000000082d00000, 0x0000000082d00000|100%| O|  |TAMS 0x0000000082d00000, 0x0000000082c00000| Untracked 
|  45|0x0000000082d00000, 0x0000000082e00000, 0x0000000082e00000|100%| O|  |TAMS 0x0000000082e00000, 0x0000000082d00000| Untracked 
|  46|0x0000000082e00000, 0x0000000082f00000, 0x0000000082f00000|100%| O|  |TAMS 0x0000000082f00000, 0x0000000082e00000| Untracked 
|  47|0x0000000082f00000, 0x0000000083000000, 0x0000000083000000|100%| O|  |TAMS 0x0000000083000000, 0x0000000082f00000| Untracked 
|  48|0x0000000083000000, 0x0000000083100000, 0x0000000083100000|100%|HS|  |TAMS 0x0000000083100000, 0x0000000083000000| Complete 
|  49|0x0000000083100000, 0x0000000083200000, 0x0000000083200000|100%| O|  |TAMS 0x0000000083200000, 0x0000000083100000| Untracked 
|  50|0x0000000083200000, 0x0000000083300000, 0x0000000083300000|100%| O|  |TAMS 0x0000000083300000, 0x0000000083200000| Untracked 
|  51|0x0000000083300000, 0x0000000083400000, 0x0000000083400000|100%| O|  |TAMS 0x0000000083400000, 0x0000000083300000| Untracked 
|  52|0x0000000083400000, 0x0000000083500000, 0x0000000083500000|100%| O|  |TAMS 0x0000000083500000, 0x0000000083400000| Untracked 
|  53|0x0000000083500000, 0x0000000083600000, 0x0000000083600000|100%| O|  |TAMS 0x0000000083600000, 0x0000000083500000| Untracked 
|  54|0x0000000083600000, 0x0000000083700000, 0x0000000083700000|100%| O|  |TAMS 0x0000000083700000, 0x0000000083600000| Untracked 
|  55|0x0000000083700000, 0x0000000083800000, 0x0000000083800000|100%| O|  |TAMS 0x0000000083800000, 0x0000000083700000| Untracked 
|  56|0x0000000083800000, 0x0000000083900000, 0x0000000083900000|100%| O|  |TAMS 0x0000000083900000, 0x0000000083800000| Untracked 
|  57|0x0000000083900000, 0x0000000083a00000, 0x0000000083a00000|100%| O|  |TAMS 0x000000008394bc00, 0x0000000083900000| Untracked 
|  58|0x0000000083a00000, 0x0000000083b00000, 0x0000000083b00000|100%| O|  |TAMS 0x0000000083a00000, 0x0000000083a00000| Untracked 
|  59|0x0000000083b00000, 0x0000000083c00000, 0x0000000083c00000|100%| O|  |TAMS 0x0000000083b00000, 0x0000000083b00000| Untracked 
|  60|0x0000000083c00000, 0x0000000083d00000, 0x0000000083d00000|100%| O|  |TAMS 0x0000000083c00000, 0x0000000083c00000| Untracked 
|  61|0x0000000083d00000, 0x0000000083e00000, 0x0000000083e00000|100%| O|  |TAMS 0x0000000083e00000, 0x0000000083d00000| Untracked 
|  62|0x0000000083e00000, 0x0000000083f00000, 0x0000000083f00000|100%| O|  |TAMS 0x0000000083f00000, 0x0000000083e00000| Untracked 
|  63|0x0000000083f00000, 0x0000000084000000, 0x0000000084000000|100%| O|  |TAMS 0x0000000084000000, 0x0000000083f00000| Untracked 
|  64|0x0000000084000000, 0x0000000084100000, 0x0000000084100000|100%| O|  |TAMS 0x0000000084100000, 0x0000000084000000| Untracked 
|  65|0x0000000084100000, 0x0000000084200000, 0x0000000084200000|100%| O|  |TAMS 0x0000000084100000, 0x0000000084100000| Untracked 
|  66|0x0000000084200000, 0x0000000084273200, 0x0000000084300000| 44%| O|  |TAMS 0x0000000084200000, 0x0000000084200000| Untracked 
|  67|0x0000000084300000, 0x0000000084300000, 0x0000000084400000|  0%| F|  |TAMS 0x0000000084300000, 0x0000000084300000| Untracked 
|  68|0x0000000084400000, 0x0000000084400000, 0x0000000084500000|  0%| F|  |TAMS 0x0000000084400000, 0x0000000084400000| Untracked 
|  69|0x0000000084500000, 0x0000000084500000, 0x0000000084600000|  0%| F|  |TAMS 0x0000000084500000, 0x0000000084500000| Untracked 
|  70|0x0000000084600000, 0x0000000084600000, 0x0000000084700000|  0%| F|  |TAMS 0x0000000084600000, 0x0000000084600000| Untracked 
|  71|0x0000000084700000, 0x0000000084700000, 0x0000000084800000|  0%| F|  |TAMS 0x0000000084700000, 0x0000000084700000| Untracked 
|  72|0x0000000084800000, 0x0000000084800000, 0x0000000084900000|  0%| F|  |TAMS 0x0000000084800000, 0x0000000084800000| Untracked 
|  73|0x0000000084900000, 0x0000000084900000, 0x0000000084a00000|  0%| F|  |TAMS 0x0000000084900000, 0x0000000084900000| Untracked 
|  74|0x0000000084a00000, 0x0000000084a00000, 0x0000000084b00000|  0%| F|  |TAMS 0x0000000084a00000, 0x0000000084a00000| Untracked 
|  75|0x0000000084b00000, 0x0000000084b00000, 0x0000000084c00000|  0%| F|  |TAMS 0x0000000084b00000, 0x0000000084b00000| Untracked 
|  76|0x0000000084c00000, 0x0000000084c00000, 0x0000000084d00000|  0%| F|  |TAMS 0x0000000084c00000, 0x0000000084c00000| Untracked 
|  77|0x0000000084d00000, 0x0000000084d00000, 0x0000000084e00000|  0%| F|  |TAMS 0x0000000084d00000, 0x0000000084d00000| Untracked 
|  78|0x0000000084e00000, 0x0000000084e00000, 0x0000000084f00000|  0%| F|  |TAMS 0x0000000084e00000, 0x0000000084e00000| Untracked 
|  79|0x0000000084f00000, 0x0000000084f00000, 0x0000000085000000|  0%| F|  |TAMS 0x0000000084f00000, 0x0000000084f00000| Untracked 
|  80|0x0000000085000000, 0x0000000085000000, 0x0000000085100000|  0%| F|  |TAMS 0x0000000085000000, 0x0000000085000000| Untracked 
|  81|0x0000000085100000, 0x0000000085100000, 0x0000000085200000|  0%| F|  |TAMS 0x0000000085100000, 0x0000000085100000| Untracked 
|  82|0x0000000085200000, 0x0000000085200000, 0x0000000085300000|  0%| F|  |TAMS 0x0000000085200000, 0x0000000085200000| Untracked 
|  83|0x0000000085300000, 0x0000000085300000, 0x0000000085400000|  0%| F|  |TAMS 0x0000000085300000, 0x0000000085300000| Untracked 
|  84|0x0000000085400000, 0x0000000085400000, 0x0000000085500000|  0%| F|  |TAMS 0x0000000085400000, 0x0000000085400000| Untracked 
|  85|0x0000000085500000, 0x0000000085500000, 0x0000000085600000|  0%| F|  |TAMS 0x0000000085500000, 0x0000000085500000| Untracked 
|  86|0x0000000085600000, 0x0000000085600000, 0x0000000085700000|  0%| F|  |TAMS 0x0000000085600000, 0x0000000085600000| Untracked 
|  87|0x0000000085700000, 0x0000000085700000, 0x0000000085800000|  0%| F|  |TAMS 0x0000000085700000, 0x0000000085700000| Untracked 
|  88|0x0000000085800000, 0x0000000085800000, 0x0000000085900000|  0%| F|  |TAMS 0x0000000085800000, 0x0000000085800000| Untracked 
|  89|0x0000000085900000, 0x00000000859785e8, 0x0000000085a00000| 47%| S|CS|TAMS 0x0000000085900000, 0x0000000085900000| Complete 
|  90|0x0000000085a00000, 0x0000000085b00000, 0x0000000085b00000|100%| S|CS|TAMS 0x0000000085a00000, 0x0000000085a00000| Complete 
|  91|0x0000000085b00000, 0x0000000085c00000, 0x0000000085c00000|100%| S|CS|TAMS 0x0000000085b00000, 0x0000000085b00000| Complete 
|  92|0x0000000085c00000, 0x0000000085c00000, 0x0000000085d00000|  0%| F|  |TAMS 0x0000000085c00000, 0x0000000085c00000| Untracked 
|  93|0x0000000085d00000, 0x0000000085d00000, 0x0000000085e00000|  0%| F|  |TAMS 0x0000000085d00000, 0x0000000085d00000| Untracked 
|  94|0x0000000085e00000, 0x0000000085e00000, 0x0000000085f00000|  0%| F|  |TAMS 0x0000000085e00000, 0x0000000085e00000| Untracked 
|  95|0x0000000085f00000, 0x0000000085f00000, 0x0000000086000000|  0%| F|  |TAMS 0x0000000085f00000, 0x0000000085f00000| Untracked 
|  96|0x0000000086000000, 0x0000000086000000, 0x0000000086100000|  0%| F|  |TAMS 0x0000000086000000, 0x0000000086000000| Untracked 
|  97|0x0000000086100000, 0x0000000086100000, 0x0000000086200000|  0%| F|  |TAMS 0x0000000086100000, 0x0000000086100000| Untracked 
|  98|0x0000000086200000, 0x0000000086200000, 0x0000000086300000|  0%| F|  |TAMS 0x0000000086200000, 0x0000000086200000| Untracked 
|  99|0x0000000086300000, 0x0000000086300000, 0x0000000086400000|  0%| F|  |TAMS 0x0000000086300000, 0x0000000086300000| Untracked 
| 100|0x0000000086400000, 0x0000000086400000, 0x0000000086500000|  0%| F|  |TAMS 0x0000000086400000, 0x0000000086400000| Untracked 
| 101|0x0000000086500000, 0x0000000086500000, 0x0000000086600000|  0%| F|  |TAMS 0x0000000086500000, 0x0000000086500000| Untracked 
| 102|0x0000000086600000, 0x0000000086600000, 0x0000000086700000|  0%| F|  |TAMS 0x0000000086600000, 0x0000000086600000| Untracked 
| 103|0x0000000086700000, 0x0000000086700000, 0x0000000086800000|  0%| F|  |TAMS 0x0000000086700000, 0x0000000086700000| Untracked 
| 104|0x0000000086800000, 0x0000000086800000, 0x0000000086900000|  0%| F|  |TAMS 0x0000000086800000, 0x0000000086800000| Untracked 
| 105|0x0000000086900000, 0x0000000086900000, 0x0000000086a00000|  0%| F|  |TAMS 0x0000000086900000, 0x0000000086900000| Untracked 
| 106|0x0000000086a00000, 0x0000000086a00000, 0x0000000086b00000|  0%| F|  |TAMS 0x0000000086a00000, 0x0000000086a00000| Untracked 
| 107|0x0000000086b00000, 0x0000000086b00000, 0x0000000086c00000|  0%| F|  |TAMS 0x0000000086b00000, 0x0000000086b00000| Untracked 
| 108|0x0000000086c00000, 0x0000000086c00000, 0x0000000086d00000|  0%| F|  |TAMS 0x0000000086c00000, 0x0000000086c00000| Untracked 
| 109|0x0000000086d00000, 0x0000000086d00000, 0x0000000086e00000|  0%| F|  |TAMS 0x0000000086d00000, 0x0000000086d00000| Untracked 
| 110|0x0000000086e00000, 0x0000000086e00000, 0x0000000086f00000|  0%| F|  |TAMS 0x0000000086e00000, 0x0000000086e00000| Untracked 
| 111|0x0000000086f00000, 0x0000000086f00000, 0x0000000087000000|  0%| F|  |TAMS 0x0000000086f00000, 0x0000000086f00000| Untracked 
| 112|0x0000000087000000, 0x0000000087000000, 0x0000000087100000|  0%| F|  |TAMS 0x0000000087000000, 0x0000000087000000| Untracked 
| 113|0x0000000087100000, 0x0000000087100000, 0x0000000087200000|  0%| F|  |TAMS 0x0000000087100000, 0x0000000087100000| Untracked 
| 114|0x0000000087200000, 0x0000000087200000, 0x0000000087300000|  0%| F|  |TAMS 0x0000000087200000, 0x0000000087200000| Untracked 
| 115|0x0000000087300000, 0x0000000087300000, 0x0000000087400000|  0%| F|  |TAMS 0x0000000087300000, 0x0000000087300000| Untracked 
| 116|0x0000000087400000, 0x0000000087400000, 0x0000000087500000|  0%| F|  |TAMS 0x0000000087400000, 0x0000000087400000| Untracked 
| 117|0x0000000087500000, 0x0000000087500000, 0x0000000087600000|  0%| F|  |TAMS 0x0000000087500000, 0x0000000087500000| Untracked 
| 118|0x0000000087600000, 0x0000000087600000, 0x0000000087700000|  0%| F|  |TAMS 0x0000000087600000, 0x0000000087600000| Untracked 
| 119|0x0000000087700000, 0x0000000087700000, 0x0000000087800000|  0%| F|  |TAMS 0x0000000087700000, 0x0000000087700000| Untracked 
| 120|0x0000000087800000, 0x0000000087800000, 0x0000000087900000|  0%| F|  |TAMS 0x0000000087800000, 0x0000000087800000| Untracked 
| 121|0x0000000087900000, 0x0000000087900000, 0x0000000087a00000|  0%| F|  |TAMS 0x0000000087900000, 0x0000000087900000| Untracked 
| 122|0x0000000087a00000, 0x0000000087a00000, 0x0000000087b00000|  0%| F|  |TAMS 0x0000000087a00000, 0x0000000087a00000| Untracked 
| 123|0x0000000087b00000, 0x0000000087b00000, 0x0000000087c00000|  0%| F|  |TAMS 0x0000000087b00000, 0x0000000087b00000| Untracked 
| 124|0x0000000087c00000, 0x0000000087c00000, 0x0000000087d00000|  0%| F|  |TAMS 0x0000000087c00000, 0x0000000087c00000| Untracked 
| 125|0x0000000087d00000, 0x0000000087d00000, 0x0000000087e00000|  0%| F|  |TAMS 0x0000000087d00000, 0x0000000087d00000| Untracked 
| 126|0x0000000087e00000, 0x0000000087e00000, 0x0000000087f00000|  0%| F|  |TAMS 0x0000000087e00000, 0x0000000087e00000| Untracked 
| 127|0x0000000087f00000, 0x0000000087f00000, 0x0000000088000000|  0%| F|  |TAMS 0x0000000087f00000, 0x0000000087f00000| Untracked 

Card table byte_map: [0x0000025397620000,0x0000025397a20000] _byte_map_base: 0x0000025397220000

Marking Bits (Prev, Next): (CMBitMap*) 0x0000025384db7b60, (CMBitMap*) 0x0000025384db7ba0
 Prev Bits: [0x0000025397e20000, 0x0000025399e20000)
 Next Bits: [0x0000025399e20000, 0x000002539be20000)

Polling page: 0x0000025382ce0000

Metaspace:

Usage:
  Non-class:     66.82 MB used.
      Class:     10.53 MB used.
       Both:     77.35 MB used.

Virtual space:
  Non-class space:       72.00 MB reserved,      67.12 MB ( 93%) committed,  9 nodes.
      Class space:        1.00 GB reserved,      10.81 MB (  1%) committed,  1 nodes.
             Both:        1.07 GB reserved,      77.94 MB (  7%) committed. 

Chunk freelists:
   Non-Class:  64.00 KB
       Class:  1.05 MB
        Both:  1.11 MB

MaxMetaspaceSize: unlimited
CompressedClassSpaceSize: 1.00 GB
Initial GC threshold: 21.00 MB
Current GC threshold: 120.31 MB
CDS: off
MetaspaceReclaimPolicy: balanced
 - commit_granule_bytes: 65536.
 - commit_granule_words: 8192.
 - virtual_space_node_default_size: 1048576.
 - enlarge_chunks_in_place: 1.
 - new_chunks_are_fully_committed: 0.
 - uncommit_free_chunks: 1.
 - use_allocation_guard: 0.
 - handle_deallocations: 1.


Internal statistics:

num_allocs_failed_limit: 6.
num_arena_births: 678.
num_arena_deaths: 2.
num_vsnodes_births: 10.
num_vsnodes_deaths: 0.
num_space_committed: 1247.
num_space_uncommitted: 0.
num_chunks_returned_to_freelist: 10.
num_chunks_taken_from_freelist: 3414.
num_chunk_merges: 6.
num_chunk_splits: 2295.
num_chunks_enlarged: 1611.
num_purges: 2.
num_inconsistent_stats: 0.

CodeHeap 'non-profiled nmethods': size=120000Kb used=3875Kb max_used=3875Kb free=116124Kb
 bounds [0x000002538fcf0000, 0x00000253900c0000, 0x0000025397220000]
CodeHeap 'profiled nmethods': size=120000Kb used=14407Kb max_used=14407Kb free=105592Kb
 bounds [0x0000025388220000, 0x0000025389040000, 0x000002538f750000]
CodeHeap 'non-nmethods': size=5760Kb used=2378Kb max_used=2424Kb free=3381Kb
 bounds [0x000002538f750000, 0x000002538f9c0000, 0x000002538fcf0000]
 total_blobs=8338 nmethods=7438 adapters=812
 compilation: enabled
              stopped_count=0, restarted_count=0
 full_count=0

Compilation events (20 events):
Event: 16.839 Thread 0x000002539ed2ce00 8277       3       java.util.regex.Matcher::replaceAll (59 bytes)
Event: 16.840 Thread 0x000002539ed2ce00 nmethod 8277 0x0000025389029c90 code [0x0000025389029f00, 0x000002538902a858]
Event: 16.844 Thread 0x000002539ed2ce00 8278       1       org.gradle.internal.reflect.annotations.impl.DefaultPropertyAnnotationMetadata::getPropertyName (5 bytes)
Event: 16.844 Thread 0x000002539ed2ce00 nmethod 8278 0x00000253900b8890 code [0x00000253900b8a20, 0x00000253900b8af8]
Event: 16.844 Thread 0x000002539ed2ce00 8279       1       com.google.common.collect.Maps$KeySet::map (5 bytes)
Event: 16.844 Thread 0x000002539ed2ce00 nmethod 8279 0x00000253900b8b90 code [0x00000253900b8d20, 0x00000253900b8df8]
Event: 16.845 Thread 0x000002539ed2ce00 8280       3       sun.reflect.annotation.AnnotationInvocationHandler::cloneArray (143 bytes)
Event: 16.846 Thread 0x000002539ed2ce00 nmethod 8280 0x000002538902ab90 code [0x000002538902ae80, 0x000002538902c1e8]
Event: 16.846 Thread 0x000002539ed2ce00 8281       3       org.gradle.internal.instantiation.generator.AsmBackedClassGenerator$ClassBuilderImpl::access$7900 (4 bytes)
Event: 16.846 Thread 0x000002539ed2ce00 nmethod 8281 0x000002538902c510 code [0x000002538902c6a0, 0x000002538902c798]
Event: 16.849 Thread 0x000002539ed2ce00 8282       3       org.gradle.internal.instantiation.generator.AsmBackedClassGenerator$ClassBuilderImpl::visitArrayElements (227 bytes)
Event: 16.850 Thread 0x000002539ed2ce00 nmethod 8282 0x000002538902c810 code [0x000002538902cb40, 0x000002538902dbe8]
Event: 16.853 Thread 0x000002539ed2ce00 8284       3       org.gradle.internal.instantiation.generator.AsmBackedClassGenerator$ClassBuilderImpl::access$1300 (4 bytes)
Event: 16.853 Thread 0x000002539ed2ce00 nmethod 8284 0x000002538902e310 code [0x000002538902e4a0, 0x000002538902e598]
Event: 16.853 Thread 0x000002539ed2ce00 8285       3       org.gradle.internal.instantiation.generator.AsmBackedClassGenerator$ClassBuilderImpl$LocalMethodVisitorScope::putServiceRegistryOnStack (56 bytes)
Event: 16.854 Thread 0x000002539ed2ce00 nmethod 8285 0x000002538902e610 code [0x000002538902e880, 0x000002538902f478]
Event: 16.862 Thread 0x000002539ed2ce00 8286       3       org.gradle.model.internal.asm.MethodVisitorScope::_AASTORE (7 bytes)
Event: 16.862 Thread 0x000002539ed2ce00 nmethod 8286 0x000002538902f910 code [0x000002538902fac0, 0x000002538902fd28]
Event: 16.879 Thread 0x000002539ed2ce00 8287       3       org.gradle.internal.instantiation.generator.AbstractClassGenerator::isRoleType (49 bytes)
Event: 16.880 Thread 0x000002539ed2ce00 nmethod 8287 0x000002538902fe10 code [0x0000025389030160, 0x0000025389031818]

GC Heap History (20 events):
Event: 9.611 GC heap after
{Heap after GC invocations=29 (full 0):
 garbage-first heap   total 87040K, used 48290K [0x0000000080000000, 0x0000000100000000)
  region size 1024K, 1 young (1024K), 1 survivors (1024K)
 Metaspace       used 57525K, committed 58048K, reserved 1105920K
  class space    used 7682K, committed 7936K, reserved 1048576K
}
Event: 10.007 GC heap before
{Heap before GC invocations=30 (full 0):
 garbage-first heap   total 91136K, used 69794K [0x0000000080000000, 0x0000000100000000)
  region size 1024K, 20 young (20480K), 1 survivors (1024K)
 Metaspace       used 59182K, committed 59712K, reserved 1105920K
  class space    used 7900K, committed 8128K, reserved 1048576K
}
Event: 10.012 GC heap after
{Heap after GC invocations=31 (full 0):
 garbage-first heap   total 91136K, used 56465K [0x0000000080000000, 0x0000000100000000)
  region size 1024K, 3 young (3072K), 3 survivors (3072K)
 Metaspace       used 59182K, committed 59712K, reserved 1105920K
  class space    used 7900K, committed 8128K, reserved 1048576K
}
Event: 10.034 GC heap before
{Heap before GC invocations=31 (full 0):
 garbage-first heap   total 91136K, used 57489K [0x0000000080000000, 0x0000000100000000)
  region size 1024K, 4 young (4096K), 3 survivors (3072K)
 Metaspace       used 59311K, committed 59840K, reserved 1105920K
  class space    used 7920K, committed 8128K, reserved 1048576K
}
Event: 10.038 GC heap after
{Heap after GC invocations=32 (full 0):
 garbage-first heap   total 131072K, used 55707K [0x0000000080000000, 0x0000000100000000)
  region size 1024K, 1 young (1024K), 1 survivors (1024K)
 Metaspace       used 59311K, committed 59840K, reserved 1105920K
  class space    used 7920K, committed 8128K, reserved 1048576K
}
Event: 10.736 GC heap before
{Heap before GC invocations=32 (full 0):
 garbage-first heap   total 131072K, used 87451K [0x0000000080000000, 0x0000000100000000)
  region size 1024K, 32 young (32768K), 1 survivors (1024K)
 Metaspace       used 64178K, committed 64704K, reserved 1105920K
  class space    used 8547K, committed 8768K, reserved 1048576K
}
Event: 10.740 GC heap after
{Heap after GC invocations=33 (full 0):
 garbage-first heap   total 131072K, used 56829K [0x0000000080000000, 0x0000000100000000)
  region size 1024K, 2 young (2048K), 2 survivors (2048K)
 Metaspace       used 64178K, committed 64704K, reserved 1105920K
  class space    used 8547K, committed 8768K, reserved 1048576K
}
Event: 11.236 GC heap before
{Heap before GC invocations=33 (full 0):
 garbage-first heap   total 131072K, used 81405K [0x0000000080000000, 0x0000000100000000)
  region size 1024K, 24 young (24576K), 2 survivors (2048K)
 Metaspace       used 68142K, committed 68736K, reserved 1114112K
  class space    used 9080K, committed 9344K, reserved 1048576K
}
Event: 11.241 GC heap after
{Heap after GC invocations=34 (full 0):
 garbage-first heap   total 131072K, used 63012K [0x0000000080000000, 0x0000000100000000)
  region size 1024K, 5 young (5120K), 5 survivors (5120K)
 Metaspace       used 68142K, committed 68736K, reserved 1114112K
  class space    used 9080K, committed 9344K, reserved 1048576K
}
Event: 11.687 GC heap before
{Heap before GC invocations=35 (full 0):
 garbage-first heap   total 131072K, used 98852K [0x0000000080000000, 0x0000000100000000)
  region size 1024K, 37 young (37888K), 5 survivors (5120K)
 Metaspace       used 70722K, committed 71296K, reserved 1114112K
  class space    used 9410K, committed 9664K, reserved 1048576K
}
Event: 11.718 GC heap after
{Heap after GC invocations=36 (full 0):
 garbage-first heap   total 131072K, used 62245K [0x0000000080000000, 0x0000000100000000)
  region size 1024K, 3 young (3072K), 3 survivors (3072K)
 Metaspace       used 70722K, committed 71296K, reserved 1114112K
  class space    used 9410K, committed 9664K, reserved 1048576K
}
Event: 11.745 GC heap before
{Heap before GC invocations=36 (full 0):
 garbage-first heap   total 131072K, used 65317K [0x0000000080000000, 0x0000000100000000)
  region size 1024K, 6 young (6144K), 3 survivors (3072K)
 Metaspace       used 70837K, committed 71424K, reserved 1114112K
  class space    used 9422K, committed 9664K, reserved 1048576K
}
Event: 11.748 GC heap after
{Heap after GC invocations=37 (full 0):
 garbage-first heap   total 131072K, used 62217K [0x0000000080000000, 0x0000000100000000)
  region size 1024K, 1 young (1024K), 1 survivors (1024K)
 Metaspace       used 70837K, committed 71424K, reserved 1114112K
  class space    used 9422K, committed 9664K, reserved 1048576K
}
Event: 12.442 GC heap before
{Heap before GC invocations=37 (full 0):
 garbage-first heap   total 131072K, used 102153K [0x0000000080000000, 0x0000000100000000)
  region size 1024K, 39 young (39936K), 1 survivors (1024K)
 Metaspace       used 73386K, committed 73920K, reserved 1114112K
  class space    used 9768K, committed 9984K, reserved 1048576K
}
Event: 12.457 GC heap after
{Heap after GC invocations=38 (full 0):
 garbage-first heap   total 131072K, used 64732K [0x0000000080000000, 0x0000000100000000)
  region size 1024K, 3 young (3072K), 3 survivors (3072K)
 Metaspace       used 73386K, committed 73920K, reserved 1114112K
  class space    used 9768K, committed 9984K, reserved 1048576K
}
Event: 15.702 GC heap before
{Heap before GC invocations=39 (full 0):
 garbage-first heap   total 131072K, used 101596K [0x0000000080000000, 0x0000000100000000)
  region size 1024K, 39 young (39936K), 3 survivors (3072K)
 Metaspace       used 74519K, committed 75136K, reserved 1122304K
  class space    used 9918K, committed 10176K, reserved 1048576K
}
Event: 15.712 GC heap after
{Heap after GC invocations=40 (full 0):
 garbage-first heap   total 131072K, used 67683K [0x0000000080000000, 0x0000000100000000)
  region size 1024K, 3 young (3072K), 3 survivors (3072K)
 Metaspace       used 74519K, committed 75136K, reserved 1122304K
  class space    used 9918K, committed 10176K, reserved 1048576K
}
Event: 15.790 GC heap before
{Heap before GC invocations=40 (full 0):
 garbage-first heap   total 131072K, used 70755K [0x0000000080000000, 0x0000000100000000)
  region size 1024K, 6 young (6144K), 3 survivors (3072K)
 Metaspace       used 74903K, committed 75520K, reserved 1122304K
  class space    used 9980K, committed 10240K, reserved 1048576K
}
Event: 15.801 GC heap after
{Heap after GC invocations=41 (full 0):
 garbage-first heap   total 131072K, used 67560K [0x0000000080000000, 0x0000000100000000)
  region size 1024K, 1 young (1024K), 1 survivors (1024K)
 Metaspace       used 74903K, committed 75520K, reserved 1122304K
  class space    used 9980K, committed 10240K, reserved 1048576K
}
Event: 16.887 GC heap before
{Heap before GC invocations=41 (full 0):
 garbage-first heap   total 131072K, used 103400K [0x0000000080000000, 0x0000000100000000)
  region size 1024K, 36 young (36864K), 1 survivors (1024K)
 Metaspace       used 79206K, committed 79808K, reserved 1122304K
  class space    used 10780K, committed 11072K, reserved 1048576K
}

Dll operation events (2 events):
Event: 0.055 Loaded shared library C:\Program Files\Android\Android Studio\jbr\bin\java.dll
Event: 0.765 Loaded shared library C:\Program Files\Android\Android Studio\jbr\bin\verify.dll

Deoptimization events (20 events):
Event: 12.037 Thread 0x00000253a0584ad0 Uncommon trap: trap_request=0xffffff45 fr.pc=0x000002538fd29474 relative=0x0000000000000154
Event: 12.037 Thread 0x00000253a0584ad0 Uncommon trap: reason=unstable_if action=reinterpret pc=0x000002538fd29474 method=java.lang.AbstractStringBuilder.putStringAt(ILjava/lang/String;II)V @ 8 c2
Event: 12.037 Thread 0x00000253a0584ad0 DEOPT PACKING pc=0x000002538fd29474 sp=0x000000c8870f60c0
Event: 12.037 Thread 0x00000253a0584ad0 DEOPT UNPACKING pc=0x000002538f7aa1a3 sp=0x000000c8870f6008 mode 2
Event: 12.186 Thread 0x00000253a0584ad0 Uncommon trap: trap_request=0xffffffde fr.pc=0x000002538fd113a4 relative=0x00000000000001a4
Event: 12.186 Thread 0x00000253a0584ad0 Uncommon trap: reason=class_check action=maybe_recompile pc=0x000002538fd113a4 method=java.lang.String.equals(Ljava/lang/Object;)Z @ 8 c2
Event: 12.186 Thread 0x00000253a0584ad0 DEOPT PACKING pc=0x000002538fd113a4 sp=0x000000c8870f7bd0
Event: 12.186 Thread 0x00000253a0584ad0 DEOPT UNPACKING pc=0x000002538f7aa1a3 sp=0x000000c8870f7b78 mode 2
Event: 12.186 Thread 0x00000253a0584ad0 Uncommon trap: trap_request=0xffffffde fr.pc=0x000002538fd113a4 relative=0x00000000000001a4
Event: 12.186 Thread 0x00000253a0584ad0 Uncommon trap: reason=class_check action=maybe_recompile pc=0x000002538fd113a4 method=java.lang.String.equals(Ljava/lang/Object;)Z @ 8 c2
Event: 12.186 Thread 0x00000253a0584ad0 DEOPT PACKING pc=0x000002538fd113a4 sp=0x000000c8870f7bd0
Event: 12.186 Thread 0x00000253a0584ad0 DEOPT UNPACKING pc=0x000002538f7aa1a3 sp=0x000000c8870f7b78 mode 2
Event: 12.186 Thread 0x00000253a0584ad0 Uncommon trap: trap_request=0xffffffde fr.pc=0x000002538fd113a4 relative=0x00000000000001a4
Event: 12.186 Thread 0x00000253a0584ad0 Uncommon trap: reason=class_check action=maybe_recompile pc=0x000002538fd113a4 method=java.lang.String.equals(Ljava/lang/Object;)Z @ 8 c2
Event: 12.186 Thread 0x00000253a0584ad0 DEOPT PACKING pc=0x000002538fd113a4 sp=0x000000c8870f7bd0
Event: 12.186 Thread 0x00000253a0584ad0 DEOPT UNPACKING pc=0x000002538f7aa1a3 sp=0x000000c8870f7b78 mode 2
Event: 12.274 Thread 0x00000253a0584ad0 Uncommon trap: trap_request=0xffffffdc fr.pc=0x000002539000cfb0 relative=0x0000000000000290
Event: 12.274 Thread 0x00000253a0584ad0 Uncommon trap: reason=class_check action=make_not_entrant pc=0x000002539000cfb0 method=java.util.ArrayList.toArray([Ljava/lang/Object;)[Ljava/lang/Object; @ 21 c2
Event: 12.274 Thread 0x00000253a0584ad0 DEOPT PACKING pc=0x000002539000cfb0 sp=0x000000c8870f8e30
Event: 12.274 Thread 0x00000253a0584ad0 DEOPT UNPACKING pc=0x000002538f7aa1a3 sp=0x000000c8870f8df0 mode 2

Classes unloaded (2 events):
Event: 11.310 Thread 0x000002539e2f5e50 Unloading class 0x00000001007b0000 '_BuildScript_$_run_closure1'
Event: 11.310 Thread 0x000002539e2f5e50 Unloading class 0x00000001007a8800 '_BuildScript_'

Classes redefined (0 events):
No events

Internal exceptions (20 events):
Event: 12.734 Thread 0x00000253a0584ad0 Exception <a 'java/lang/ClassNotFoundException'{0x0000000086d82fe8}: build_71g2w8l182u2nh80hba9yk8p4$_run_closure1$_closure5Customizer> (0x0000000086d82fe8) 
thrown [s\src\hotspot\share\classfile\systemDictionary.cpp, line 256]
Event: 12.735 Thread 0x00000253a0584ad0 Exception <a 'java/lang/ClassNotFoundException'{0x0000000086da7110}: build_71g2w8l182u2nh80hba9yk8p4$_run_closure1BeanInfo> (0x0000000086da7110) 
thrown [s\src\hotspot\share\classfile\systemDictionary.cpp, line 256]
Event: 12.736 Thread 0x00000253a0584ad0 Exception <a 'java/lang/ClassNotFoundException'{0x0000000086db2538}: build_71g2w8l182u2nh80hba9yk8p4$_run_closure1Customizer> (0x0000000086db2538) 
thrown [s\src\hotspot\share\classfile\systemDictionary.cpp, line 256]
Event: 12.770 Thread 0x00000253a0584ad0 Exception <a 'java/lang/ClassNotFoundException'{0x0000000086df0270}: org/gradle/api/JavaVersionBeanInfo> (0x0000000086df0270) 
thrown [s\src\hotspot\share\classfile\systemDictionary.cpp, line 256]
Event: 12.771 Thread 0x00000253a0584ad0 Exception <a 'java/lang/ClassNotFoundException'{0x0000000086c06a60}: org/gradle/api/JavaVersionCustomizer> (0x0000000086c06a60) 
thrown [s\src\hotspot\share\classfile\systemDictionary.cpp, line 256]
Event: 12.774 Thread 0x00000253a0584ad0 Exception <a 'java/lang/ClassNotFoundException'{0x0000000086c56088}: com/android/build/gradle/internal/CompileOptions$AgpDecorated_DecoratedBeanInfo> (0x0000000086c56088) 
thrown [s\src\hotspot\share\classfile\systemDictionary.cpp, line 256]
Event: 12.774 Thread 0x00000253a0584ad0 Exception <a 'java/lang/ClassNotFoundException'{0x0000000086c636e8}: com/android/build/gradle/internal/CompileOptions$AgpDecoratedBeanInfo> (0x0000000086c636e8) 
thrown [s\src\hotspot\share\classfile\systemDictionary.cpp, line 256]
Event: 12.775 Thread 0x00000253a0584ad0 Exception <a 'java/lang/ClassNotFoundException'{0x0000000086c70b50}: com/android/build/gradle/internal/CompileOptionsBeanInfo> (0x0000000086c70b50) 
thrown [s\src\hotspot\share\classfile\systemDictionary.cpp, line 256]
Event: 12.775 Thread 0x00000253a0584ad0 Exception <a 'java/lang/ClassNotFoundException'{0x0000000086c7dfc0}: com/android/build/gradle/internal/CompileOptionsCustomizer> (0x0000000086c7dfc0) 
thrown [s\src\hotspot\share\classfile\systemDictionary.cpp, line 256]
Event: 12.776 Thread 0x00000253a0584ad0 Exception <a 'java/lang/ClassNotFoundException'{0x0000000086c97eb8}: com/android/build/gradle/internal/CompileOptions$AgpDecoratedCustomizer> (0x0000000086c97eb8) 
thrown [s\src\hotspot\share\classfile\systemDictionary.cpp, line 256]
Event: 12.776 Thread 0x00000253a0584ad0 Exception <a 'java/lang/ClassNotFoundException'{0x0000000086cb4930}: com/android/build/gradle/internal/CompileOptions$AgpDecorated_DecoratedCustomizer> (0x0000000086cb4930) 
thrown [s\src\hotspot\share\classfile\systemDictionary.cpp, line 256]
Event: 12.893 Thread 0x00000253a0584ad0 Exception <a 'java/lang/ClassNotFoundException'{0x0000000086b95ce0}: groovy/lang/GString$1BeanInfo> (0x0000000086b95ce0) 
thrown [s\src\hotspot\share\classfile\systemDictionary.cpp, line 256]
Event: 12.894 Thread 0x00000253a0584ad0 Exception <a 'java/lang/ClassNotFoundException'{0x0000000086bbd648}: groovy/lang/GStringBeanInfo> (0x0000000086bbd648) 
thrown [s\src\hotspot\share\classfile\systemDictionary.cpp, line 256]
Event: 12.895 Thread 0x00000253a0584ad0 Exception <a 'java/lang/ClassNotFoundException'{0x0000000086be5220}: groovy/lang/GStringCustomizer> (0x0000000086be5220) 
thrown [s\src\hotspot\share\classfile\systemDictionary.cpp, line 256]
Event: 12.896 Thread 0x00000253a0584ad0 Exception <a 'java/lang/ClassNotFoundException'{0x0000000086a17620}: groovy/lang/GString$1Customizer> (0x0000000086a17620) 
thrown [s\src\hotspot\share\classfile\systemDictionary.cpp, line 256]
Event: 13.707 Thread 0x00000253a0584ad0 Exception <a 'java/lang/ClassNotFoundException'{0x00000000867dd320}: org/codehaus/groovy/runtime/GStringImplBeanInfo> (0x00000000867dd320) 
thrown [s\src\hotspot\share\classfile\systemDictionary.cpp, line 256]
Event: 13.711 Thread 0x00000253a0584ad0 Exception <a 'java/lang/ClassNotFoundException'{0x000000008647cf98}: org/codehaus/groovy/runtime/GStringImplCustomizer> (0x000000008647cf98) 
thrown [s\src\hotspot\share\classfile\systemDictionary.cpp, line 256]
Event: 13.935 Thread 0x00000253a0584ad0 Exception <a 'java/lang/ClassNotFoundException'{0x00000000864b6658}: java/io/FileBeanInfo> (0x00000000864b6658) 
thrown [s\src\hotspot\share\classfile\systemDictionary.cpp, line 256]
Event: 14.023 Thread 0x00000253a0584ad0 Exception <a 'java/lang/ClassNotFoundException'{0x00000000864bc7c8}: java/io/FileCustomizer> (0x00000000864bc7c8) 
thrown [s\src\hotspot\share\classfile\systemDictionary.cpp, line 256]
Event: 16.588 Thread 0x00000253a0584ad0 Exception <a 'java/lang/NoSuchMethodError'{0x000000008689e2b8}: 'int java.lang.invoke.DirectMethodHandle$Holder.invokeSpecialIFC(java.lang.Object, java.lang.Object, java.lang.Object, java.lang.Object, java.lang.Object)'> (0x000000008689e2b8) 
thrown [s\src\hotspot\share\interpreter\linkResolver.cpp, line 771]

VM Operations (20 events):
Event: 12.554 Executing VM operation: G1Concurrent done
Event: 12.643 Executing VM operation: G1Concurrent
Event: 12.643 Executing VM operation: G1Concurrent done
Event: 13.644 Executing VM operation: Cleanup
Event: 13.676 Executing VM operation: Cleanup done
Event: 14.322 Executing VM operation: HandshakeAllThreads
Event: 14.322 Executing VM operation: HandshakeAllThreads done
Event: 14.798 Executing VM operation: HandshakeAllThreads
Event: 14.798 Executing VM operation: HandshakeAllThreads done
Event: 14.798 Executing VM operation: Cleanup
Event: 14.799 Executing VM operation: Cleanup done
Event: 15.467 Executing VM operation: HandshakeAllThreads
Event: 15.467 Executing VM operation: HandshakeAllThreads done
Event: 15.702 Executing VM operation: G1CollectForAllocation
Event: 15.712 Executing VM operation: G1CollectForAllocation done
Event: 15.790 Executing VM operation: G1CollectForAllocation
Event: 15.803 Executing VM operation: G1CollectForAllocation done
Event: 16.810 Executing VM operation: Cleanup
Event: 16.811 Executing VM operation: Cleanup done
Event: 16.887 Executing VM operation: G1CollectForAllocation

Events (20 events):
Event: 11.875 loading class javax/xml/stream/XMLStreamException
Event: 11.876 loading class javax/xml/stream/XMLStreamException done
Event: 11.894 loading class sun/reflect/annotation/AnnotationInvocationHandler$1
Event: 11.894 loading class sun/reflect/annotation/AnnotationInvocationHandler$1 done
Event: 12.039 loading class java/util/regex/Pattern$Caret
Event: 12.040 loading class java/util/regex/Pattern$Caret done
Event: 12.555 loading class java/beans/IntrospectionException
Event: 12.599 loading class java/beans/IntrospectionException done
Event: 13.375 loading class java/util/concurrent/LinkedBlockingDeque$Itr
Event: 13.461 loading class java/util/concurrent/LinkedBlockingDeque$AbstractItr
Event: 13.504 loading class java/util/concurrent/LinkedBlockingDeque$AbstractItr done
Event: 13.504 loading class java/util/concurrent/LinkedBlockingDeque$Itr done
Event: 13.836 loading class java/io/FileBeanInfo
Event: 13.934 loading class java/io/FileBeanInfo done
Event: 13.935 loading class java/io/FileBeanInfo
Event: 13.935 loading class java/io/FileBeanInfo done
Event: 13.935 loading class java/io/FileCustomizer
Event: 14.022 loading class java/io/FileCustomizer done
Event: 14.023 loading class java/io/FileCustomizer
Event: 14.023 loading class java/io/FileCustomizer done


Dynamic libraries:
0x00007ff624700000 - 0x00007ff62470a000 	C:\Program Files\Android\Android Studio\jbr\bin\java.exe
0x00007ffa6f0f0000 - 0x00007ffa6f304000 	C:\WINDOWS\SYSTEM32\ntdll.dll
0x00007ffa6d6e0000 - 0x00007ffa6d7a2000 	C:\WINDOWS\System32\KERNEL32.DLL
0x00007ffa6c610000 - 0x00007ffa6c9b3000 	C:\WINDOWS\System32\KERNELBASE.dll
0x00007ffa6cc70000 - 0x00007ffa6cd81000 	C:\WINDOWS\System32\ucrtbase.dll
0x00007ffa43560000 - 0x00007ffa43577000 	C:\Program Files\Android\Android Studio\jbr\bin\jli.dll
0x00007ffa42df0000 - 0x00007ffa42e0b000 	C:\Program Files\Android\Android Studio\jbr\bin\VCRUNTIME140.dll
0x00007ffa6ef00000 - 0x00007ffa6f0aa000 	C:\WINDOWS\System32\USER32.dll
0x00007ffa6cd90000 - 0x00007ffa6cdb6000 	C:\WINDOWS\System32\win32u.dll
0x00007ffa6d4e0000 - 0x00007ffa6d509000 	C:\WINDOWS\System32\GDI32.dll
0x00007ffa4ec90000 - 0x00007ffa4ef1e000 	C:\WINDOWS\WinSxS\amd64_microsoft.windows.common-controls_6595b64144ccf1df_6.0.22621.1635_none_270f70857386168e\COMCTL32.dll
0x00007ffa6c4f0000 - 0x00007ffa6c609000 	C:\WINDOWS\System32\gdi32full.dll
0x00007ffa6cdc0000 - 0x00007ffa6ce5a000 	C:\WINDOWS\System32\msvcp_win.dll
0x00007ffa6e5b0000 - 0x00007ffa6e657000 	C:\WINDOWS\System32\msvcrt.dll
0x00007ffa6dee0000 - 0x00007ffa6df11000 	C:\WINDOWS\System32\IMM32.DLL
0x00007ffa62df0000 - 0x00007ffa62dfc000 	C:\Program Files\Android\Android Studio\jbr\bin\vcruntime140_1.dll
0x00007ffa21b70000 - 0x00007ffa21bfd000 	C:\Program Files\Android\Android Studio\jbr\bin\msvcp140.dll
0x00007ffa16ca0000 - 0x00007ffa1790d000 	C:\Program Files\Android\Android Studio\jbr\bin\server\jvm.dll
0x00007ffa6e500000 - 0x00007ffa6e5ae000 	C:\WINDOWS\System32\ADVAPI32.dll
0x00007ffa6d090000 - 0x00007ffa6d134000 	C:\WINDOWS\System32\sechost.dll
0x00007ffa6d520000 - 0x00007ffa6d637000 	C:\WINDOWS\System32\RPCRT4.dll
0x00007ffa61100000 - 0x00007ffa61109000 	C:\WINDOWS\SYSTEM32\WSOCK32.dll
0x00007ffa62800000 - 0x00007ffa6280a000 	C:\WINDOWS\SYSTEM32\VERSION.dll
0x00007ffa62d70000 - 0x00007ffa62da4000 	C:\WINDOWS\SYSTEM32\WINMM.dll
0x00007ffa6e660000 - 0x00007ffa6e6d1000 	C:\WINDOWS\System32\WS2_32.dll
0x00007ffa6b500000 - 0x00007ffa6b518000 	C:\WINDOWS\SYSTEM32\kernel.appcore.dll
0x00007ffa61190000 - 0x00007ffa6119a000 	C:\Program Files\Android\Android Studio\jbr\bin\jimage.dll
0x00007ffa69f60000 - 0x00007ffa6a18e000 	C:\WINDOWS\SYSTEM32\DBGHELP.DLL
0x00007ffa6e170000 - 0x00007ffa6e4f9000 	C:\WINDOWS\System32\combase.dll
0x00007ffa6df20000 - 0x00007ffa6dff7000 	C:\WINDOWS\System32\OLEAUT32.dll
0x00007ffa61eb0000 - 0x00007ffa61ee2000 	C:\WINDOWS\SYSTEM32\dbgcore.DLL
0x00007ffa6c9c0000 - 0x00007ffa6ca3a000 	C:\WINDOWS\System32\bcryptPrimitives.dll
0x00007ffa4da90000 - 0x00007ffa4dab5000 	C:\Program Files\Android\Android Studio\jbr\bin\java.dll
0x00007ffa44520000 - 0x00007ffa44538000 	C:\Program Files\Android\Android Studio\jbr\bin\zip.dll
0x00007ffa6e700000 - 0x00007ffa6eef9000 	C:\WINDOWS\System32\SHELL32.dll
0x00007ffa6a490000 - 0x00007ffa6ad5e000 	C:\WINDOWS\SYSTEM32\windows.storage.dll
0x00007ffa6a350000 - 0x00007ffa6a48e000 	C:\WINDOWS\SYSTEM32\wintypes.dll
0x00007ffa6d3e0000 - 0x00007ffa6d4d1000 	C:\WINDOWS\System32\SHCORE.dll
0x00007ffa6d360000 - 0x00007ffa6d3be000 	C:\WINDOWS\System32\shlwapi.dll
0x00007ffa6c420000 - 0x00007ffa6c446000 	C:\WINDOWS\SYSTEM32\profapi.dll
0x00007ffa44430000 - 0x00007ffa44449000 	C:\Program Files\Android\Android Studio\jbr\bin\net.dll
0x00007ffa65c10000 - 0x00007ffa65d47000 	C:\WINDOWS\SYSTEM32\WINHTTP.dll
0x00007ffa6ba00000 - 0x00007ffa6ba69000 	C:\WINDOWS\system32\mswsock.dll
0x00007ffa44360000 - 0x00007ffa44376000 	C:\Program Files\Android\Android Studio\jbr\bin\nio.dll
0x00007ffa59860000 - 0x00007ffa59870000 	C:\Program Files\Android\Android Studio\jbr\bin\verify.dll
0x00007ffa444f0000 - 0x00007ffa44517000 	C:\Users\fdeba\.gradle\native\68d5fa5c4cc2d200863cafc0d521ce42e7d3e7ee720ec0a83991735586a16f82\windows-amd64\native-platform.dll
0x00007ffa21950000 - 0x00007ffa21a94000 	C:\Users\fdeba\.gradle\native\e376f236ea51e6404a007f0833ffe2c6e607c4080706a723a18a27aeea778392\windows-amd64\native-platform-file-events.dll
0x00007ffa60a50000 - 0x00007ffa60a59000 	C:\Program Files\Android\Android Studio\jbr\bin\management.dll
0x00007ffa5a9d0000 - 0x00007ffa5a9db000 	C:\Program Files\Android\Android Studio\jbr\bin\management_ext.dll
0x00007ffa6d640000 - 0x00007ffa6d648000 	C:\WINDOWS\System32\PSAPI.DLL
0x00007ffa6bd00000 - 0x00007ffa6bd1b000 	C:\WINDOWS\SYSTEM32\CRYPTSP.dll
0x00007ffa6b470000 - 0x00007ffa6b4a5000 	C:\WINDOWS\system32\rsaenh.dll
0x00007ffa6bba0000 - 0x00007ffa6bbcc000 	C:\WINDOWS\SYSTEM32\USERENV.dll
0x00007ffa6bec0000 - 0x00007ffa6bee8000 	C:\WINDOWS\SYSTEM32\bcrypt.dll
0x00007ffa6bd20000 - 0x00007ffa6bd2c000 	C:\WINDOWS\SYSTEM32\CRYPTBASE.dll
0x00007ffa6afc0000 - 0x00007ffa6afed000 	C:\WINDOWS\SYSTEM32\IPHLPAPI.DLL
0x00007ffa6d910000 - 0x00007ffa6d919000 	C:\WINDOWS\System32\NSI.dll
0x00007ffa62bf0000 - 0x00007ffa62c09000 	C:\WINDOWS\SYSTEM32\dhcpcsvc6.DLL
0x00007ffa627e0000 - 0x00007ffa627ff000 	C:\WINDOWS\SYSTEM32\dhcpcsvc.DLL
0x00007ffa6b030000 - 0x00007ffa6b123000 	C:\WINDOWS\SYSTEM32\DNSAPI.dll
0x00007ffa518e0000 - 0x00007ffa518e8000 	C:\WINDOWS\system32\wshunix.dll

dbghelp: loaded successfully - version: 4.0.5 - missing functions: none
symbol engine: initialized successfully - sym options: 0x614 - pdb path: .;C:\Program Files\Android\Android Studio\jbr\bin;C:\WINDOWS\SYSTEM32;C:\WINDOWS\WinSxS\amd64_microsoft.windows.common-controls_6595b64144ccf1df_6.0.22621.1635_none_270f70857386168e;C:\Program Files\Android\Android Studio\jbr\bin\server;C:\Users\fdeba\.gradle\native\68d5fa5c4cc2d200863cafc0d521ce42e7d3e7ee720ec0a83991735586a16f82\windows-amd64;C:\Users\fdeba\.gradle\native\e376f236ea51e6404a007f0833ffe2c6e607c4080706a723a18a27aeea778392\windows-amd64

VM Arguments:
jvm_args: --add-opens=java.base/java.util=ALL-UNNAMED --add-opens=java.base/java.lang=ALL-UNNAMED --add-opens=java.base/java.lang.invoke=ALL-UNNAMED --add-opens=java.prefs/java.util.prefs=ALL-UNNAMED --add-opens=java.base/java.nio.charset=ALL-UNNAMED --add-opens=java.base/java.net=ALL-UNNAMED --add-opens=java.base/java.util.concurrent.atomic=ALL-UNNAMED -Xmx2048m -Dfile.encoding=UTF-8 -Duser.country=BR -Duser.language=pt -Duser.variant 
java_command: org.gradle.launcher.daemon.bootstrap.GradleDaemon 8.0
java_class_path (initial): C:\Users\fdeba\.gradle\wrapper\dists\gradle-8.0-bin\ca5e32bp14vu59qr306oxotwh\gradle-8.0\lib\gradle-launcher-8.0.jar
Launcher Type: SUN_STANDARD

[Global flags]
     intx CICompilerCount                          = 3                                         {product} {ergonomic}
     uint ConcGCThreads                            = 1                                         {product} {ergonomic}
     uint G1ConcRefinementThreads                  = 4                                         {product} {ergonomic}
   size_t G1HeapRegionSize                         = 1048576                                   {product} {ergonomic}
    uintx GCDrainStackTargetSize                   = 64                                        {product} {ergonomic}
   size_t InitialHeapSize                          = 65011712                                  {product} {ergonomic}
   size_t MarkStackSize                            = 4194304                                   {product} {ergonomic}
   size_t MaxHeapSize                              = 2147483648                                {product} {command line}
   size_t MaxNewSize                               = 1287651328                                {product} {ergonomic}
   size_t MinHeapDeltaBytes                        = 1048576                                   {product} {ergonomic}
   size_t MinHeapSize                              = 8388608                                   {product} {ergonomic}
    uintx NonNMethodCodeHeapSize                   = 5832780                                {pd product} {ergonomic}
    uintx NonProfiledCodeHeapSize                  = 122912730                              {pd product} {ergonomic}
    uintx ProfiledCodeHeapSize                     = 122912730                              {pd product} {ergonomic}
    uintx ReservedCodeCacheSize                    = 251658240                              {pd product} {ergonomic}
     bool SegmentedCodeCache                       = true                                      {product} {ergonomic}
   size_t SoftMaxHeapSize                          = 2147483648                             {manageable} {ergonomic}
     bool UseCompressedClassPointers               = true                           {product lp64_product} {ergonomic}
     bool UseCompressedOops                        = true                           {product lp64_product} {ergonomic}
     bool UseG1GC                                  = true                                      {product} {ergonomic}
     bool UseLargePagesIndividualAllocation        = false                                  {pd product} {ergonomic}

Logging:
Log output configuration:
 #0: stdout all=warning uptime,level,tags
 #1: stderr all=off uptime,level,tags

Environment Variables:
JAVA_HOME=C:\Program Files\Java\jdk-18.0.2.1
PATH=C:\Program Files\Common Files\Oracle\Java\javapath;C:\Program Files (x86)\Common Files\Oracle\Java\javapath;C:\WINDOWS\system32;C:\WINDOWS;C:\WINDOWS\System32\Wbem;C:\WINDOWS\System32\WindowsPowerShell\v1.0\;C:\WINDOWS\System32\OpenSSH\;C:\Program Files\nodejs\;C:\ProgramData\chocolatey\bin;C:\Program Files\Git\cmd;C:\Program Files\GitHub CLI\;C:\Program Files\Docker\Docker\resources\bin;C:\Program Files\kotlinc\bin;"C:\Program Files\Java\jdk-18.0.2.1\bin;";C:\Users\fdeba\AppData\Local\Programs\Python\Python311;C:\Users\fdeba\AppData\Local\Programs\Python\Python311\Scripts;C:\Users\fdeba\scoop\apps\pscale\0.144.0;C:\Gradle\bin;C:\Program Files (x86)\Yarn\bin\;C:\Program Files\dotnet\;C:\platform-tools\adb.exe;C:\Users\fdeba\scoop\shims;C:\Users\fdeba\AppData\Local\Microsoft\WindowsApps;C:\Users\fdeba\AppData\Roaming\npm;C:\Users\fdeba\AppData\Local\Programs\Microsoft VS Code\bin;C:\tools\dart-sdk\bin;C:\Users\fdeba\AppData\Roaming\Pub\Cache\bin;C:\Users\fdeba\AppData\Local\JetBrains\Toolbox\scripts;C:\Program Files\PostgreSQL\15\bin;C:\Program Files\kotlinc\bin;"C:\Program Files\Java\jdk-18.0.2.1\bin;";C:\Users\fdeba\AppData\Local\Programs\Python\Python311\Scripts;C:\Users\fdeba\AppData\Local\Programs\Python\Python311;C:\Users\fdeba\scoop\apps\pscale\0.144.0;C:\Users\fdeba\AppData\Local\Yarn\bin;C:\Users\fdeba\.dotnet\tools;C:\platform-tools\adb.exe;
USERNAME=fdeba
OS=Windows_NT
PROCESSOR_IDENTIFIER=Intel64 Family 6 Model 140 Stepping 2, GenuineIntel
TMP=C:\Users\fdeba\AppData\Local\Temp
TEMP=C:\Users\fdeba\AppData\Local\Temp



---------------  S Y S T E M  ---------------

OS:
 Windows 11 , 64 bit Build 22621 (10.0.22621.1928)
OS uptime: 0 days 18:53 hours
Hyper-V role detected

CPU: total 4 (initial active 4) (2 cores per cpu, 2 threads per core) family 6 model 140 stepping 2 microcode 0x26, cx8, cmov, fxsr, ht, mmx, 3dnowpref, sse, sse2, sse3, ssse3, sse4.1, sse4.2, popcnt, lzcnt, tsc, tscinvbit, avx, avx2, aes, erms, clmul, bmi1, bmi2, adx, avx512f, avx512dq, avx512cd, avx512bw, avx512vl, sha, fma, vzeroupper, avx512_vpopcntdq, avx512_vpclmulqdq, avx512_vaes, avx512_vnni, clflush, clflushopt, clwb, avx512_vbmi2, avx512_vbmi, hv

Memory: 4k page, system-wide physical 3879M (68M free)
TotalPageFile size 15655M (AvailPageFile size 130M)
current process WorkingSet (physical memory assigned to process): 245M, peak: 261M
current process commit charge ("private bytes"): 359M, peak: 487M

vm_info: OpenJDK 64-Bit Server VM (17.0.6+0-b2043.56-9586694) for windows-amd64 JRE (17.0.6+0-b2043.56-9586694), built on Feb  9 2023 20:06:20 by "androidbuild" with MS VC++ 16.10 / 16.11 (VS2019)

END.
