#
# There is insufficient memory for the Java Runtime Environment to continue.
# Native memory allocation (mmap) failed to map 145752064 bytes for G1 virtual space
# Possible reasons:
#   The system is out of physical RAM or swap space
#   The process is running with CompressedOops enabled, and the Java Heap may be blocking the growth of the native heap
# Possible solutions:
#   Reduce memory load on the system
#   Increase physical memory or swap space
#   Check if swap backing store is full
#   Decrease Java heap size (-Xmx/-Xms)
#   Decrease number of Java threads
#   Decrease Java thread stack sizes (-Xss)
#   Set larger code cache with -XX:ReservedCodeCacheSize=
#   JVM is running with Unscaled Compressed Oops mode in which the Java heap is
#     placed in the first 4GB address space. The Java Heap base address is the
#     maximum limit for the native heap growth. Please use -XX:HeapBaseMinAddress
#     to set the Java Heap base and to place the Java Heap above 4GB virtual address.
# This output file may be truncated or incomplete.
#
#  Out of Memory Error (os_windows.cpp:3769), pid=3528, tid=8820
#
# JRE version: OpenJDK Runtime Environment (17.0.6) (build 17.0.6+0-b2043.56-9586694)
# Java VM: OpenJDK 64-Bit Server VM (17.0.6+0-b2043.56-9586694, mixed mode, tiered, compressed oops, compressed class ptrs, g1 gc, windows-amd64)
# No core dump will be written. Minidumps are not enabled by default on client versions of Windows
#

---------------  S U M M A R Y ------------

Command Line: --add-opens=java.base/java.util=ALL-UNNAMED --add-opens=java.base/java.lang=ALL-UNNAMED --add-opens=java.base/java.lang.invoke=ALL-UNNAMED --add-opens=java.prefs/java.util.prefs=ALL-UNNAMED --add-opens=java.base/java.nio.charset=ALL-UNNAMED --add-opens=java.base/java.net=ALL-UNNAMED --add-opens=java.base/java.util.concurrent.atomic=ALL-UNNAMED -Xmx2048m -Dfile.encoding=UTF-8 -Duser.country=BR -Duser.language=pt -Duser.variant org.gradle.launcher.daemon.bootstrap.GradleDaemon 8.0

Host: 11th Gen Intel(R) Core(TM) i3-1115G4 @ 3.00GHz, 4 cores, 3G,  Windows 11 , 64 bit Build 22621 (10.0.22621.1928)
Time: Wed Jul 12 17:28:50 2023 Hora oficial do Brasil elapsed time: 12.801753 seconds (0d 0h 0m 12s)

---------------  T H R E A D  ---------------

Current thread (0x000001bfb20023b0):  VMThread "VM Thread" [stack: 0x0000004e08100000,0x0000004e08200000] [id=8820]

Stack: [0x0000004e08100000,0x0000004e08200000]
Native frames: (J=compiled Java code, j=interpreted, Vv=VM code, C=native code)
V  [jvm.dll+0x683b4a]
V  [jvm.dll+0x842654]
V  [jvm.dll+0x843dfe]
V  [jvm.dll+0x844463]
V  [jvm.dll+0x249b75]
V  [jvm.dll+0x680a19]
V  [jvm.dll+0x674f0a]
V  [jvm.dll+0x309acb]
V  [jvm.dll+0x310f86]
V  [jvm.dll+0x3608ee]
V  [jvm.dll+0x360b1f]
V  [jvm.dll+0x2dfbf8]
V  [jvm.dll+0x2ddec4]
V  [jvm.dll+0x2dd4cc]
V  [jvm.dll+0x321f3b]
V  [jvm.dll+0x84893b]
V  [jvm.dll+0x849674]
V  [jvm.dll+0x849b8d]
V  [jvm.dll+0x849f64]
V  [jvm.dll+0x84a030]
V  [jvm.dll+0x7f25fa]
V  [jvm.dll+0x682985]
C  [ucrtbase.dll+0x29363]
C  [KERNEL32.DLL+0x126ad]
C  [ntdll.dll+0x5aa68]

VM_Operation (0x0000004e097f4470): G1CollectForAllocation, mode: safepoint, requested by thread 0x000001bfb2d87e10


---------------  P R O C E S S  ---------------

Threads class SMR info:
_java_thread_list=0x000001bfb3f4c490, length=81, elements={
0x000001bf98a79b40, 0x000001bfb2006f70, 0x000001bfb2007b20, 0x000001bfb202c3c0,
0x000001bfb202cf70, 0x000001bfb2061030, 0x000001bfb2063510, 0x000001bfb20676b0,
0x000001bfb2c0c260, 0x000001bfb2c25400, 0x000001bfb2d8b7d0, 0x000001bfb2d88c80,
0x000001bfb2d89fc0, 0x000001bfb2d882e0, 0x000001bfb2d887b0, 0x000001bfb2d89620,
0x000001bfb2d89af0, 0x000001bfb2d8a490, 0x000001bfb2d87e10, 0x000001bfb2d8a960,
0x000001bfb2d8ae30, 0x000001bfb2d8b300, 0x000001bfb51e48c0, 0x000001bfb51dda10,
0x000001bfb51e2be0, 0x000001bfb51dd070, 0x000001bfb51e0090, 0x000001bfb51dfbc0,
0x000001bfb51e0560, 0x000001bfb51e3a50, 0x000001bfb51dd540, 0x000001bfb51ddee0,
0x000001bfb51de3b0, 0x000001bfb51e2710, 0x000001bfb51ded50, 0x000001bfb51e0a30,
0x000001bfb51e0f00, 0x000001bfb51e3f20, 0x000001bfb51e2240, 0x000001bfb70512e0,
0x000001bfb7052fc0, 0x000001bfb7057320, 0x000001bfb7052150, 0x000001bfb7053490,
0x000001bfb7055fe0, 0x000001bfb70564b0, 0x000001bfb70517b0, 0x000001bfb70547d0,
0x000001bfb7055640, 0x000001bfb70577f0, 0x000001bfb7052af0, 0x000001bfb7052620,
0x000001bfb7056980, 0x000001bfb7058b30, 0x000001bfb7053960, 0x000001bfb7053e30,
0x000001bfb7055170, 0x000001bfb7055b10, 0x000001bfb7057cc0, 0x000001bfb7054ca0,
0x000001bfb7056e50, 0x000001bfb7058190, 0x000001bfb7058660, 0x000001bfb7051c80,
0x000001bfb7054300, 0x000001bfb70a1350, 0x000001bfb70a8200, 0x000001bfb70a6520,
0x000001bfb70a56b0, 0x000001bfb70a86d0, 0x000001bfb70a1820, 0x000001bfb70a3500,
0x000001bfb70a3030, 0x000001bfb70a39d0, 0x000001bfb70a7d30, 0x000001bfb70a6050,
0x000001bfb70a69f0, 0x000001bfb70a7860, 0x000001bfb70a21c0, 0x000001bfb70a1cf0,
0x000001bfb70a2690
}

Java Threads: ( => current thread )
  0x000001bf98a79b40 JavaThread "main" [_thread_blocked, id=7880, stack(0x0000004e07b00000,0x0000004e07c00000)]
  0x000001bfb2006f70 JavaThread "Reference Handler" daemon [_thread_blocked, id=11344, stack(0x0000004e08200000,0x0000004e08300000)]
  0x000001bfb2007b20 JavaThread "Finalizer" daemon [_thread_blocked, id=15608, stack(0x0000004e08300000,0x0000004e08400000)]
  0x000001bfb202c3c0 JavaThread "Signal Dispatcher" daemon [_thread_blocked, id=8140, stack(0x0000004e08400000,0x0000004e08500000)]
  0x000001bfb202cf70 JavaThread "Attach Listener" daemon [_thread_blocked, id=2204, stack(0x0000004e08500000,0x0000004e08600000)]
  0x000001bfb2061030 JavaThread "Service Thread" daemon [_thread_blocked, id=2724, stack(0x0000004e08600000,0x0000004e08700000)]
  0x000001bfb2063510 JavaThread "Monitor Deflation Thread" daemon [_thread_blocked, id=6508, stack(0x0000004e08700000,0x0000004e08800000)]
  0x000001bfb20676b0 JavaThread "C2 CompilerThread0" daemon [_thread_blocked, id=9556, stack(0x0000004e08800000,0x0000004e08900000)]
  0x000001bfb2c0c260 JavaThread "C1 CompilerThread0" daemon [_thread_blocked, id=15280, stack(0x0000004e08900000,0x0000004e08a00000)]
  0x000001bfb2c25400 JavaThread "Sweeper thread" daemon [_thread_blocked, id=2348, stack(0x0000004e08a00000,0x0000004e08b00000)]
  0x000001bfb2d8b7d0 JavaThread "Common-Cleaner" daemon [_thread_blocked, id=7376, stack(0x0000004e08b00000,0x0000004e08c00000)]
  0x000001bfb2d88c80 JavaThread "Notification Thread" daemon [_thread_blocked, id=15796, stack(0x0000004e08c00000,0x0000004e08d00000)]
  0x000001bfb2d89fc0 JavaThread "Daemon health stats" [_thread_blocked, id=3308, stack(0x0000004e09100000,0x0000004e09200000)]
  0x000001bfb2d882e0 JavaThread "Incoming local TCP Connector on port 55755" [_thread_in_native, id=13500, stack(0x0000004e09200000,0x0000004e09300000)]
  0x000001bfb2d887b0 JavaThread "Daemon periodic checks" [_thread_blocked, id=18156, stack(0x0000004e09300000,0x0000004e09400000)]
  0x000001bfb2d89620 JavaThread "Daemon" [_thread_blocked, id=6360, stack(0x0000004e09400000,0x0000004e09500000)]
  0x000001bfb2d89af0 JavaThread "Handler for socket connection from /127.0.0.1:55755 to /127.0.0.1:55756" [_thread_in_native, id=9728, stack(0x0000004e09500000,0x0000004e09600000)]
  0x000001bfb2d8a490 JavaThread "Cancel handler" [_thread_blocked, id=8316, stack(0x0000004e09600000,0x0000004e09700000)]
  0x000001bfb2d87e10 JavaThread "Daemon worker" [_thread_blocked, id=14808, stack(0x0000004e09700000,0x0000004e09800000)]
  0x000001bfb2d8a960 JavaThread "Asynchronous log dispatcher for DefaultDaemonConnection: socket connection from /127.0.0.1:55755 to /127.0.0.1:55756" [_thread_blocked, id=18164, stack(0x0000004e09800000,0x0000004e09900000)]
  0x000001bfb2d8ae30 JavaThread "Stdin handler" [_thread_blocked, id=16812, stack(0x0000004e09900000,0x0000004e09a00000)]
  0x000001bfb2d8b300 JavaThread "Daemon client event forwarder" [_thread_blocked, id=14464, stack(0x0000004e09a00000,0x0000004e09b00000)]
  0x000001bfb51e48c0 JavaThread "Cache worker for journal cache (C:\Users\fdeba\.gradle\caches\journal-1)" [_thread_blocked, id=12544, stack(0x0000004e09c00000,0x0000004e09d00000)]
  0x000001bfb51dda10 JavaThread "File lock request listener" [_thread_in_native, id=18376, stack(0x0000004e09d00000,0x0000004e09e00000)]
  0x000001bfb51e2be0 JavaThread "Cache worker for file hash cache (C:\Users\fdeba\.gradle\caches\8.0\fileHashes)" [_thread_blocked, id=13092, stack(0x0000004e09e00000,0x0000004e09f00000)]
  0x000001bfb51dd070 JavaThread "File watcher server" daemon [_thread_in_native, id=10372, stack(0x0000004e09f00000,0x0000004e0a000000)]
  0x000001bfb51e0090 JavaThread "File watcher consumer" daemon [_thread_blocked, id=10892, stack(0x0000004e0a000000,0x0000004e0a100000)]
  0x000001bfb51dfbc0 JavaThread "Cache worker for checksums cache (C:\Users\fdeba\OneDrive\Documentos\ifsul\4i\tcc\ObjectFinderIFSul\.gradle\8.0\checksums)" [_thread_blocked, id=11672, stack(0x0000004e0a100000,0x0000004e0a200000)]
  0x000001bfb51e0560 JavaThread "Cache worker for cache directory md-rule (C:\Users\fdeba\.gradle\caches\8.0\md-rule)" [_thread_blocked, id=18176, stack(0x0000004e0a200000,0x0000004e0a300000)]
  0x000001bfb51e3a50 JavaThread "Cache worker for file content cache (C:\Users\fdeba\.gradle\caches\8.0\fileContent)" [_thread_blocked, id=15904, stack(0x0000004e0a300000,0x0000004e0a400000)]
  0x000001bfb51dd540 JavaThread "Cache worker for file hash cache (C:\Users\fdeba\OneDrive\Documentos\ifsul\4i\tcc\ObjectFinderIFSul\.gradle\8.0\fileHashes)" [_thread_blocked, id=9940, stack(0x0000004e0a400000,0x0000004e0a500000)]
  0x000001bfb51ddee0 JavaThread "Cache worker for cache directory md-supplier (C:\Users\fdeba\.gradle\caches\8.0\md-supplier)" [_thread_blocked, id=8052, stack(0x0000004e0a500000,0x0000004e0a600000)]
  0x000001bfb51de3b0 JavaThread "Cache worker for execution history cache (C:\Users\fdeba\.gradle\caches\8.0\executionHistory)" [_thread_blocked, id=17236, stack(0x0000004e0a600000,0x0000004e0a700000)]
  0x000001bfb51e2710 JavaThread "jar transforms" [_thread_blocked, id=8544, stack(0x0000004e0a700000,0x0000004e0a800000)]
  0x000001bfb51ded50 JavaThread "jar transforms Thread 2" [_thread_blocked, id=10756, stack(0x0000004e0a800000,0x0000004e0a900000)]
  0x000001bfb51e0a30 JavaThread "jar transforms Thread 3" [_thread_blocked, id=8936, stack(0x0000004e0a900000,0x0000004e0aa00000)]
  0x000001bfb51e0f00 JavaThread "jar transforms Thread 4" [_thread_blocked, id=15052, stack(0x0000004e0aa00000,0x0000004e0ab00000)]
  0x000001bfb51e3f20 JavaThread "Cache worker for dependencies-accessors (C:\Users\fdeba\OneDrive\Documentos\ifsul\4i\tcc\ObjectFinderIFSul\.gradle\8.0\dependencies-accessors)" [_thread_blocked, id=9892, stack(0x0000004e0ab00000,0x0000004e0ac00000)]
  0x000001bfb51e2240 JavaThread "Cache worker for Build Output Cleanup Cache (C:\Users\fdeba\OneDrive\Documentos\ifsul\4i\tcc\ObjectFinderIFSul\.gradle\buildOutputCleanup)" [_thread_blocked, id=10932, stack(0x0000004e0ac00000,0x0000004e0ad00000)]
  0x000001bfb70512e0 JavaThread "Unconstrained build operations" [_thread_blocked, id=6036, stack(0x0000004e0ad00000,0x0000004e0ae00000)]
  0x000001bfb7052fc0 JavaThread "Unconstrained build operations Thread 2" [_thread_blocked, id=17368, stack(0x0000004e0ae00000,0x0000004e0af00000)]
  0x000001bfb7057320 JavaThread "Unconstrained build operations Thread 3" [_thread_blocked, id=17784, stack(0x0000004e0af00000,0x0000004e0b000000)]
  0x000001bfb7052150 JavaThread "Unconstrained build operations Thread 4" [_thread_blocked, id=10672, stack(0x0000004e0b000000,0x0000004e0b100000)]
  0x000001bfb7053490 JavaThread "Unconstrained build operations Thread 5" [_thread_blocked, id=15932, stack(0x0000004e0b100000,0x0000004e0b200000)]
  0x000001bfb7055fe0 JavaThread "Unconstrained build operations Thread 6" [_thread_blocked, id=16996, stack(0x0000004e0b200000,0x0000004e0b300000)]
  0x000001bfb70564b0 JavaThread "Unconstrained build operations Thread 7" [_thread_blocked, id=8252, stack(0x0000004e0b300000,0x0000004e0b400000)]
  0x000001bfb70517b0 JavaThread "Unconstrained build operations Thread 8" [_thread_blocked, id=7820, stack(0x0000004e0b400000,0x0000004e0b500000)]
  0x000001bfb70547d0 JavaThread "Unconstrained build operations Thread 9" [_thread_blocked, id=13128, stack(0x0000004e0b500000,0x0000004e0b600000)]
  0x000001bfb7055640 JavaThread "Unconstrained build operations Thread 10" [_thread_blocked, id=14020, stack(0x0000004e0b600000,0x0000004e0b700000)]
  0x000001bfb70577f0 JavaThread "Unconstrained build operations Thread 11" [_thread_blocked, id=12012, stack(0x0000004e0b700000,0x0000004e0b800000)]
  0x000001bfb7052af0 JavaThread "Unconstrained build operations Thread 12" [_thread_blocked, id=6016, stack(0x0000004e0b800000,0x0000004e0b900000)]
  0x000001bfb7052620 JavaThread "Unconstrained build operations Thread 13" [_thread_blocked, id=2376, stack(0x0000004e0b900000,0x0000004e0ba00000)]
  0x000001bfb7056980 JavaThread "Unconstrained build operations Thread 14" [_thread_blocked, id=5596, stack(0x0000004e0ba00000,0x0000004e0bb00000)]
  0x000001bfb7058b30 JavaThread "Unconstrained build operations Thread 15" [_thread_blocked, id=18240, stack(0x0000004e0bb00000,0x0000004e0bc00000)]
  0x000001bfb7053960 JavaThread "Unconstrained build operations Thread 16" [_thread_blocked, id=9032, stack(0x0000004e0bc00000,0x0000004e0bd00000)]
  0x000001bfb7053e30 JavaThread "Unconstrained build operations Thread 17" [_thread_blocked, id=17792, stack(0x0000004e0bd00000,0x0000004e0be00000)]
  0x000001bfb7055170 JavaThread "Unconstrained build operations Thread 18" [_thread_blocked, id=11928, stack(0x0000004e0be00000,0x0000004e0bf00000)]
  0x000001bfb7055b10 JavaThread "Unconstrained build operations Thread 19" [_thread_blocked, id=4672, stack(0x0000004e0bf00000,0x0000004e0c000000)]
  0x000001bfb7057cc0 JavaThread "Unconstrained build operations Thread 20" [_thread_blocked, id=13936, stack(0x0000004e0c000000,0x0000004e0c100000)]
  0x000001bfb7054ca0 JavaThread "Unconstrained build operations Thread 21" [_thread_blocked, id=11232, stack(0x0000004e0c100000,0x0000004e0c200000)]
  0x000001bfb7056e50 JavaThread "Unconstrained build operations Thread 22" [_thread_blocked, id=10884, stack(0x0000004e0c200000,0x0000004e0c300000)]
  0x000001bfb7058190 JavaThread "Unconstrained build operations Thread 23" [_thread_blocked, id=15292, stack(0x0000004e0c300000,0x0000004e0c400000)]
  0x000001bfb7058660 JavaThread "Unconstrained build operations Thread 24" [_thread_blocked, id=15964, stack(0x0000004e0c400000,0x0000004e0c500000)]
  0x000001bfb7051c80 JavaThread "Unconstrained build operations Thread 25" [_thread_blocked, id=5728, stack(0x0000004e0c500000,0x0000004e0c600000)]
  0x000001bfb7054300 JavaThread "Unconstrained build operations Thread 26" [_thread_blocked, id=5448, stack(0x0000004e0c600000,0x0000004e0c700000)]
  0x000001bfb70a1350 JavaThread "Unconstrained build operations Thread 27" [_thread_blocked, id=15480, stack(0x0000004e0c700000,0x0000004e0c800000)]
  0x000001bfb70a8200 JavaThread "Unconstrained build operations Thread 28" [_thread_blocked, id=16448, stack(0x0000004e0c800000,0x0000004e0c900000)]
  0x000001bfb70a6520 JavaThread "Unconstrained build operations Thread 29" [_thread_blocked, id=15860, stack(0x0000004e0c900000,0x0000004e0ca00000)]
  0x000001bfb70a56b0 JavaThread "Unconstrained build operations Thread 30" [_thread_blocked, id=7300, stack(0x0000004e0ca00000,0x0000004e0cb00000)]
  0x000001bfb70a86d0 JavaThread "Unconstrained build operations Thread 31" [_thread_blocked, id=9180, stack(0x0000004e0cb00000,0x0000004e0cc00000)]
  0x000001bfb70a1820 JavaThread "Unconstrained build operations Thread 32" [_thread_blocked, id=1008, stack(0x0000004e0cc00000,0x0000004e0cd00000)]
  0x000001bfb70a3500 JavaThread "Unconstrained build operations Thread 33" [_thread_blocked, id=3692, stack(0x0000004e0cd00000,0x0000004e0ce00000)]
  0x000001bfb70a3030 JavaThread "Unconstrained build operations Thread 34" [_thread_blocked, id=16700, stack(0x0000004e0ce00000,0x0000004e0cf00000)]
  0x000001bfb70a39d0 JavaThread "Unconstrained build operations Thread 35" [_thread_blocked, id=18216, stack(0x0000004e0cf00000,0x0000004e0d000000)]
  0x000001bfb70a7d30 JavaThread "Unconstrained build operations Thread 36" [_thread_blocked, id=18008, stack(0x0000004e0d000000,0x0000004e0d100000)]
  0x000001bfb70a6050 JavaThread "Unconstrained build operations Thread 37" [_thread_blocked, id=13744, stack(0x0000004e0d100000,0x0000004e0d200000)]
  0x000001bfb70a69f0 JavaThread "Unconstrained build operations Thread 38" [_thread_blocked, id=14120, stack(0x0000004e0d200000,0x0000004e0d300000)]
  0x000001bfb70a7860 JavaThread "Unconstrained build operations Thread 39" [_thread_blocked, id=15636, stack(0x0000004e0d300000,0x0000004e0d400000)]
  0x000001bfb70a21c0 JavaThread "Unconstrained build operations Thread 40" [_thread_blocked, id=744, stack(0x0000004e0d400000,0x0000004e0d500000)]
  0x000001bfb70a1cf0 JavaThread "build event listener" [_thread_blocked, id=16388, stack(0x0000004e0d500000,0x0000004e0d600000)]
  0x000001bfb70a2690 JavaThread "Memory manager" [_thread_blocked, id=7776, stack(0x0000004e0d600000,0x0000004e0d700000)]

Other Threads:
=>0x000001bfb20023b0 VMThread "VM Thread" [stack: 0x0000004e08100000,0x0000004e08200000] [id=8820]
  0x000001bf98aec980 WatcherThread [stack: 0x0000004e08d00000,0x0000004e08e00000] [id=2260]
  0x000001bf98ad3180 GCTaskThread "GC Thread#0" [stack: 0x0000004e07c00000,0x0000004e07d00000] [id=10564]
  0x000001bfb2f46580 GCTaskThread "GC Thread#1" [stack: 0x0000004e08e00000,0x0000004e08f00000] [id=10312]
  0x000001bfb302f930 GCTaskThread "GC Thread#2" [stack: 0x0000004e08f00000,0x0000004e09000000] [id=3464]
  0x000001bfb3a26ac0 GCTaskThread "GC Thread#3" [stack: 0x0000004e09000000,0x0000004e09100000] [id=11060]
  0x000001bf98ae4220 ConcurrentGCThread "G1 Main Marker" [stack: 0x0000004e07d00000,0x0000004e07e00000] [id=14700]
  0x000001bf98ae63e0 ConcurrentGCThread "G1 Conc#0" [stack: 0x0000004e07e00000,0x0000004e07f00000] [id=676]
  0x000001bf98b33a40 ConcurrentGCThread "G1 Refine#0" [stack: 0x0000004e07f00000,0x0000004e08000000] [id=4436]
  0x000001bfb50330a0 ConcurrentGCThread "G1 Refine#1" [stack: 0x0000004e09b00000,0x0000004e09c00000] [id=6572]
  0x000001bf98b35310 ConcurrentGCThread "G1 Service" [stack: 0x0000004e08000000,0x0000004e08100000] [id=13164]

Threads with active compile tasks:
C2 CompilerThread0    12844 7985       4       java.lang.reflect.Method::getAnnotation (6 bytes)

VM state: at safepoint (normal execution)

VM Mutex/Monitor currently owned by a thread:  ([mutex/lock_event])
[0x000001bf98a743e0] Threads_lock - owner thread: 0x000001bfb20023b0
[0x000001bf98a74500] Heap_lock - owner thread: 0x000001bfb2d87e10

Heap address: 0x0000000080000000, size: 2048 MB, Compressed Oops mode: 32-bit

CDS archive(s) not mapped
Compressed class space mapped at: 0x0000000100000000-0x0000000140000000, reserved size: 1073741824
Narrow klass base: 0x0000000000000000, Narrow klass shift: 3, Narrow klass range: 0x140000000

GC Precious Log:
 CPUs: 4 total, 4 available
 Memory: 3879M
 Large Page Support: Disabled
 NUMA Support: Disabled
 Compressed Oops: Enabled (32-bit)
 Heap Region Size: 1M
 Heap Min Capacity: 8M
 Heap Initial Capacity: 62M
 Heap Max Capacity: 2G
 Pre-touch: Disabled
 Parallel Workers: 4
 Concurrent Workers: 1
 Concurrent Refinement Workers: 4
 Periodic GC: Disabled

Heap:
 garbage-first heap   total 142336K, used 68897K [0x0000000080000000, 0x0000000100000000)
  region size 1024K, 1 young (1024K), 1 survivors (1024K)
 Metaspace       used 73960K, committed 74560K, reserved 1114112K
  class space    used 9820K, committed 10048K, reserved 1048576K

Heap Regions: E=young(eden), S=young(survivor), O=old, HS=humongous(starts), HC=humongous(continues), CS=collection set, F=free, OA=open archive, CA=closed archive, TAMS=top-at-mark-start (previous, next)
|   0|0x0000000080000000, 0x0000000080100000, 0x0000000080100000|100%| O|  |TAMS 0x0000000080100000, 0x0000000080000000| Untracked 
|   1|0x0000000080100000, 0x0000000080200000, 0x0000000080200000|100%| O|  |TAMS 0x0000000080200000, 0x0000000080100000| Untracked 
|   2|0x0000000080200000, 0x0000000080300000, 0x0000000080300000|100%|HS|  |TAMS 0x0000000080300000, 0x0000000080200000| Complete 
|   3|0x0000000080300000, 0x0000000080400000, 0x0000000080400000|100%|HC|  |TAMS 0x0000000080400000, 0x0000000080300000| Complete 
|   4|0x0000000080400000, 0x0000000080500000, 0x0000000080500000|100%|HC|  |TAMS 0x0000000080500000, 0x0000000080400000| Complete 
|   5|0x0000000080500000, 0x0000000080600000, 0x0000000080600000|100%|HC|  |TAMS 0x0000000080600000, 0x0000000080500000| Complete 
|   6|0x0000000080600000, 0x0000000080700000, 0x0000000080700000|100%| O|  |TAMS 0x0000000080700000, 0x0000000080600000| Untracked 
|   7|0x0000000080700000, 0x0000000080800000, 0x0000000080800000|100%| O|  |TAMS 0x0000000080800000, 0x0000000080700000| Untracked 
|   8|0x0000000080800000, 0x0000000080900000, 0x0000000080900000|100%| O|  |TAMS 0x0000000080900000, 0x0000000080800000| Untracked 
|   9|0x0000000080900000, 0x0000000080a00000, 0x0000000080a00000|100%| O|  |TAMS 0x0000000080a00000, 0x0000000080900000| Untracked 
|  10|0x0000000080a00000, 0x0000000080b00000, 0x0000000080b00000|100%| O|  |TAMS 0x0000000080b00000, 0x0000000080a00000| Untracked 
|  11|0x0000000080b00000, 0x0000000080c00000, 0x0000000080c00000|100%| O|  |TAMS 0x0000000080c00000, 0x0000000080b00000| Untracked 
|  12|0x0000000080c00000, 0x0000000080d00000, 0x0000000080d00000|100%| O|  |TAMS 0x0000000080d00000, 0x0000000080c00000| Untracked 
|  13|0x0000000080d00000, 0x0000000080e00000, 0x0000000080e00000|100%| O|  |TAMS 0x0000000080e00000, 0x0000000080d00000| Untracked 
|  14|0x0000000080e00000, 0x0000000080f00000, 0x0000000080f00000|100%| O|  |TAMS 0x0000000080f00000, 0x0000000080e00000| Untracked 
|  15|0x0000000080f00000, 0x0000000081000000, 0x0000000081000000|100%| O|  |TAMS 0x0000000081000000, 0x0000000080f00000| Untracked 
|  16|0x0000000081000000, 0x0000000081100000, 0x0000000081100000|100%| O|  |TAMS 0x0000000081100000, 0x0000000081000000| Untracked 
|  17|0x0000000081100000, 0x0000000081200000, 0x0000000081200000|100%| O|  |TAMS 0x0000000081200000, 0x0000000081100000| Untracked 
|  18|0x0000000081200000, 0x0000000081300000, 0x0000000081300000|100%| O|  |TAMS 0x0000000081300000, 0x0000000081200000| Untracked 
|  19|0x0000000081300000, 0x0000000081400000, 0x0000000081400000|100%| O|  |TAMS 0x0000000081400000, 0x0000000081300000| Untracked 
|  20|0x0000000081400000, 0x0000000081500000, 0x0000000081500000|100%| O|  |TAMS 0x0000000081500000, 0x0000000081400000| Untracked 
|  21|0x0000000081500000, 0x0000000081600000, 0x0000000081600000|100%| O|  |TAMS 0x0000000081600000, 0x0000000081500000| Untracked 
|  22|0x0000000081600000, 0x0000000081700000, 0x0000000081700000|100%| O|  |TAMS 0x0000000081700000, 0x0000000081600000| Untracked 
|  23|0x0000000081700000, 0x0000000081800000, 0x0000000081800000|100%| O|  |TAMS 0x0000000081800000, 0x0000000081700000| Untracked 
|  24|0x0000000081800000, 0x0000000081900000, 0x0000000081900000|100%| O|  |TAMS 0x0000000081900000, 0x0000000081800000| Untracked 
|  25|0x0000000081900000, 0x0000000081a00000, 0x0000000081a00000|100%| O|  |TAMS 0x0000000081a00000, 0x0000000081900000| Untracked 
|  26|0x0000000081a00000, 0x0000000081b00000, 0x0000000081b00000|100%| O|  |TAMS 0x0000000081b00000, 0x0000000081a00000| Untracked 
|  27|0x0000000081b00000, 0x0000000081c00000, 0x0000000081c00000|100%| O|  |TAMS 0x0000000081c00000, 0x0000000081b00000| Untracked 
|  28|0x0000000081c00000, 0x0000000081d00000, 0x0000000081d00000|100%| O|  |TAMS 0x0000000081d00000, 0x0000000081c00000| Untracked 
|  29|0x0000000081d00000, 0x0000000081e00000, 0x0000000081e00000|100%| O|  |TAMS 0x0000000081e00000, 0x0000000081d00000| Untracked 
|  30|0x0000000081e00000, 0x0000000081f00000, 0x0000000081f00000|100%| O|  |TAMS 0x0000000081f00000, 0x0000000081e00000| Untracked 
|  31|0x0000000081f00000, 0x0000000082000000, 0x0000000082000000|100%| O|  |TAMS 0x0000000082000000, 0x0000000081f00000| Untracked 
|  32|0x0000000082000000, 0x0000000082100000, 0x0000000082100000|100%| O|  |TAMS 0x0000000082100000, 0x0000000082000000| Untracked 
|  33|0x0000000082100000, 0x0000000082200000, 0x0000000082200000|100%| O|  |TAMS 0x0000000082200000, 0x0000000082100000| Untracked 
|  34|0x0000000082200000, 0x0000000082300000, 0x0000000082300000|100%| O|  |TAMS 0x0000000082300000, 0x0000000082200000| Untracked 
|  35|0x0000000082300000, 0x0000000082400000, 0x0000000082400000|100%| O|  |TAMS 0x0000000082400000, 0x0000000082300000| Untracked 
|  36|0x0000000082400000, 0x0000000082500000, 0x0000000082500000|100%| O|  |TAMS 0x0000000082500000, 0x0000000082400000| Untracked 
|  37|0x0000000082500000, 0x0000000082600000, 0x0000000082600000|100%|HS|  |TAMS 0x0000000082600000, 0x0000000082500000| Complete 
|  38|0x0000000082600000, 0x0000000082700000, 0x0000000082700000|100%|HC|  |TAMS 0x0000000082700000, 0x0000000082600000| Complete 
|  39|0x0000000082700000, 0x0000000082800000, 0x0000000082800000|100%| O|  |TAMS 0x0000000082800000, 0x0000000082700000| Untracked 
|  40|0x0000000082800000, 0x0000000082900000, 0x0000000082900000|100%| O|  |TAMS 0x0000000082900000, 0x0000000082800000| Untracked 
|  41|0x0000000082900000, 0x0000000082a00000, 0x0000000082a00000|100%| O|  |TAMS 0x0000000082a00000, 0x0000000082900000| Untracked 
|  42|0x0000000082a00000, 0x0000000082b00000, 0x0000000082b00000|100%| O|  |TAMS 0x0000000082b00000, 0x0000000082a00000| Untracked 
|  43|0x0000000082b00000, 0x0000000082b00000, 0x0000000082c00000|  0%| F|  |TAMS 0x0000000082b00000, 0x0000000082b00000| Untracked 
|  44|0x0000000082c00000, 0x0000000082d00000, 0x0000000082d00000|100%| O|  |TAMS 0x0000000082d00000, 0x0000000082c00000| Untracked 
|  45|0x0000000082d00000, 0x0000000082e00000, 0x0000000082e00000|100%| O|  |TAMS 0x0000000082e00000, 0x0000000082d00000| Untracked 
|  46|0x0000000082e00000, 0x0000000082f00000, 0x0000000082f00000|100%| O|  |TAMS 0x0000000082f00000, 0x0000000082e00000| Untracked 
|  47|0x0000000082f00000, 0x0000000083000000, 0x0000000083000000|100%|HS|  |TAMS 0x0000000083000000, 0x0000000082f00000| Complete 
|  48|0x0000000083000000, 0x0000000083100000, 0x0000000083100000|100%| O|  |TAMS 0x0000000083100000, 0x0000000083000000| Untracked 
|  49|0x0000000083100000, 0x0000000083200000, 0x0000000083200000|100%| O|  |TAMS 0x0000000083200000, 0x0000000083100000| Untracked 
|  50|0x0000000083200000, 0x0000000083300000, 0x0000000083300000|100%| O|  |TAMS 0x0000000083300000, 0x0000000083200000| Untracked 
|  51|0x0000000083300000, 0x0000000083400000, 0x0000000083400000|100%| O|  |TAMS 0x0000000083300000, 0x0000000083300000| Untracked 
|  52|0x0000000083400000, 0x0000000083500000, 0x0000000083500000|100%|HS|  |TAMS 0x0000000083500000, 0x0000000083400000| Complete 
|  53|0x0000000083500000, 0x0000000083600000, 0x0000000083600000|100%| O|  |TAMS 0x0000000083600000, 0x0000000083500000| Untracked 
|  54|0x0000000083600000, 0x0000000083700000, 0x0000000083700000|100%| O|  |TAMS 0x0000000083700000, 0x0000000083600000| Untracked 
|  55|0x0000000083700000, 0x0000000083800000, 0x0000000083800000|100%| O|  |TAMS 0x0000000083800000, 0x0000000083700000| Untracked 
|  56|0x0000000083800000, 0x0000000083900000, 0x0000000083900000|100%| O|  |TAMS 0x0000000083900000, 0x0000000083800000| Untracked 
|  57|0x0000000083900000, 0x0000000083a00000, 0x0000000083a00000|100%| O|  |TAMS 0x0000000083a00000, 0x0000000083900000| Untracked 
|  58|0x0000000083a00000, 0x0000000083b00000, 0x0000000083b00000|100%| O|  |TAMS 0x0000000083b00000, 0x0000000083a00000| Untracked 
|  59|0x0000000083b00000, 0x0000000083c00000, 0x0000000083c00000|100%| O|  |TAMS 0x0000000083c00000, 0x0000000083b00000| Untracked 
|  60|0x0000000083c00000, 0x0000000083d00000, 0x0000000083d00000|100%| O|  |TAMS 0x0000000083d00000, 0x0000000083c00000| Untracked 
|  61|0x0000000083d00000, 0x0000000083e00000, 0x0000000083e00000|100%| O|  |TAMS 0x0000000083e00000, 0x0000000083d00000| Untracked 
|  62|0x0000000083e00000, 0x0000000083f00000, 0x0000000083f00000|100%| O|  |TAMS 0x0000000083e14400, 0x0000000083e00000| Untracked 
|  63|0x0000000083f00000, 0x0000000084000000, 0x0000000084000000|100%| O|  |TAMS 0x0000000084000000, 0x0000000083f00000| Untracked 
|  64|0x0000000084000000, 0x0000000084100000, 0x0000000084100000|100%| O|  |TAMS 0x0000000084000000, 0x0000000084000000| Untracked 
|  65|0x0000000084100000, 0x0000000084200000, 0x0000000084200000|100%| O|  |TAMS 0x0000000084100000, 0x0000000084100000| Untracked 
|  66|0x0000000084200000, 0x0000000084300000, 0x0000000084300000|100%| O|  |TAMS 0x0000000084200000, 0x0000000084200000| Untracked 
|  67|0x0000000084300000, 0x00000000843a8800, 0x0000000084400000| 65%| O|  |TAMS 0x0000000084300000, 0x0000000084300000| Untracked 
|  68|0x0000000084400000, 0x0000000084400000, 0x0000000084500000|  0%| F|  |TAMS 0x0000000084400000, 0x0000000084400000| Untracked 
|  69|0x0000000084500000, 0x0000000084500000, 0x0000000084600000|  0%| F|  |TAMS 0x0000000084500000, 0x0000000084500000| Untracked 
|  70|0x0000000084600000, 0x0000000084600000, 0x0000000084700000|  0%| F|  |TAMS 0x0000000084600000, 0x0000000084600000| Untracked 
|  71|0x0000000084700000, 0x0000000084700000, 0x0000000084800000|  0%| F|  |TAMS 0x0000000084700000, 0x0000000084700000| Untracked 
|  72|0x0000000084800000, 0x0000000084800000, 0x0000000084900000|  0%| F|  |TAMS 0x0000000084800000, 0x0000000084800000| Untracked 
|  73|0x0000000084900000, 0x0000000084900000, 0x0000000084a00000|  0%| F|  |TAMS 0x0000000084900000, 0x0000000084900000| Untracked 
|  74|0x0000000084a00000, 0x0000000084a00000, 0x0000000084b00000|  0%| F|  |TAMS 0x0000000084a00000, 0x0000000084a00000| Untracked 
|  75|0x0000000084b00000, 0x0000000084b00000, 0x0000000084c00000|  0%| F|  |TAMS 0x0000000084b00000, 0x0000000084b00000| Untracked 
|  76|0x0000000084c00000, 0x0000000084c00000, 0x0000000084d00000|  0%| F|  |TAMS 0x0000000084c00000, 0x0000000084c00000| Untracked 
|  77|0x0000000084d00000, 0x0000000084d00000, 0x0000000084e00000|  0%| F|  |TAMS 0x0000000084d00000, 0x0000000084d00000| Untracked 
|  78|0x0000000084e00000, 0x0000000084e00000, 0x0000000084f00000|  0%| F|  |TAMS 0x0000000084e00000, 0x0000000084e00000| Untracked 
|  79|0x0000000084f00000, 0x0000000084f00000, 0x0000000085000000|  0%| F|  |TAMS 0x0000000084f00000, 0x0000000084f00000| Untracked 
|  80|0x0000000085000000, 0x0000000085000000, 0x0000000085100000|  0%| F|  |TAMS 0x0000000085000000, 0x0000000085000000| Untracked 
|  81|0x0000000085100000, 0x0000000085100000, 0x0000000085200000|  0%| F|  |TAMS 0x0000000085100000, 0x0000000085100000| Untracked 
|  82|0x0000000085200000, 0x0000000085200000, 0x0000000085300000|  0%| F|  |TAMS 0x0000000085200000, 0x0000000085200000| Untracked 
|  83|0x0000000085300000, 0x0000000085300000, 0x0000000085400000|  0%| F|  |TAMS 0x0000000085300000, 0x0000000085300000| Untracked 
|  84|0x0000000085400000, 0x0000000085400000, 0x0000000085500000|  0%| F|  |TAMS 0x0000000085400000, 0x0000000085400000| Untracked 
|  85|0x0000000085500000, 0x0000000085500000, 0x0000000085600000|  0%| F|  |TAMS 0x0000000085500000, 0x0000000085500000| Untracked 
|  86|0x0000000085600000, 0x0000000085600000, 0x0000000085700000|  0%| F|  |TAMS 0x0000000085600000, 0x0000000085600000| Untracked 
|  87|0x0000000085700000, 0x0000000085700000, 0x0000000085800000|  0%| F|  |TAMS 0x0000000085700000, 0x0000000085700000| Untracked 
|  88|0x0000000085800000, 0x0000000085800000, 0x0000000085900000|  0%| F|  |TAMS 0x0000000085800000, 0x0000000085800000| Untracked 
|  89|0x0000000085900000, 0x0000000085900000, 0x0000000085a00000|  0%| F|  |TAMS 0x0000000085900000, 0x0000000085900000| Untracked 
|  90|0x0000000085a00000, 0x0000000085a00000, 0x0000000085b00000|  0%| F|  |TAMS 0x0000000085a00000, 0x0000000085a00000| Untracked 
|  91|0x0000000085b00000, 0x0000000085b00000, 0x0000000085c00000|  0%| F|  |TAMS 0x0000000085b00000, 0x0000000085b00000| Untracked 
|  92|0x0000000085c00000, 0x0000000085c00000, 0x0000000085d00000|  0%| F|  |TAMS 0x0000000085c00000, 0x0000000085c00000| Untracked 
|  93|0x0000000085d00000, 0x0000000085d00000, 0x0000000085e00000|  0%| F|  |TAMS 0x0000000085d00000, 0x0000000085d00000| Untracked 
|  94|0x0000000085e00000, 0x0000000085e00000, 0x0000000085f00000|  0%| F|  |TAMS 0x0000000085e00000, 0x0000000085e00000| Untracked 
|  95|0x0000000085f00000, 0x0000000085f00000, 0x0000000086000000|  0%| F|  |TAMS 0x0000000085f00000, 0x0000000085f00000| Untracked 
|  96|0x0000000086000000, 0x0000000086000000, 0x0000000086100000|  0%| F|  |TAMS 0x0000000086000000, 0x0000000086000000| Untracked 
|  97|0x0000000086100000, 0x0000000086100000, 0x0000000086200000|  0%| F|  |TAMS 0x0000000086100000, 0x0000000086100000| Untracked 
|  98|0x0000000086200000, 0x0000000086200000, 0x0000000086300000|  0%| F|  |TAMS 0x0000000086200000, 0x0000000086200000| Untracked 
|  99|0x0000000086300000, 0x0000000086300000, 0x0000000086400000|  0%| F|  |TAMS 0x0000000086300000, 0x0000000086300000| Untracked 
| 100|0x0000000086400000, 0x0000000086400000, 0x0000000086500000|  0%| F|  |TAMS 0x0000000086400000, 0x0000000086400000| Untracked 
| 101|0x0000000086500000, 0x0000000086500000, 0x0000000086600000|  0%| F|  |TAMS 0x0000000086500000, 0x0000000086500000| Untracked 
| 102|0x0000000086600000, 0x0000000086600000, 0x0000000086700000|  0%| F|  |TAMS 0x0000000086600000, 0x0000000086600000| Untracked 
| 103|0x0000000086700000, 0x0000000086700000, 0x0000000086800000|  0%| F|  |TAMS 0x0000000086700000, 0x0000000086700000| Untracked 
| 104|0x0000000086800000, 0x0000000086800000, 0x0000000086900000|  0%| F|  |TAMS 0x0000000086800000, 0x0000000086800000| Untracked 
| 105|0x0000000086900000, 0x0000000086900000, 0x0000000086a00000|  0%| F|  |TAMS 0x0000000086900000, 0x0000000086900000| Untracked 
| 106|0x0000000086a00000, 0x0000000086a00000, 0x0000000086b00000|  0%| F|  |TAMS 0x0000000086a00000, 0x0000000086a00000| Untracked 
| 107|0x0000000086b00000, 0x0000000086b00000, 0x0000000086c00000|  0%| F|  |TAMS 0x0000000086b00000, 0x0000000086b00000| Untracked 
| 108|0x0000000086c00000, 0x0000000086c00000, 0x0000000086d00000|  0%| F|  |TAMS 0x0000000086c00000, 0x0000000086c00000| Untracked 
| 109|0x0000000086d00000, 0x0000000086d00000, 0x0000000086e00000|  0%| F|  |TAMS 0x0000000086d00000, 0x0000000086d00000| Untracked 
| 110|0x0000000086e00000, 0x0000000086e00000, 0x0000000086f00000|  0%| F|  |TAMS 0x0000000086e00000, 0x0000000086e00000| Untracked 
| 111|0x0000000086f00000, 0x0000000086f00000, 0x0000000087000000|  0%| F|  |TAMS 0x0000000086f00000, 0x0000000086f00000| Untracked 
| 112|0x0000000087000000, 0x0000000087000000, 0x0000000087100000|  0%| F|  |TAMS 0x0000000087000000, 0x0000000087000000| Untracked 
| 113|0x0000000087100000, 0x0000000087100000, 0x0000000087200000|  0%| F|  |TAMS 0x0000000087100000, 0x0000000087100000| Untracked 
| 114|0x0000000087200000, 0x0000000087200000, 0x0000000087300000|  0%| F|  |TAMS 0x0000000087200000, 0x0000000087200000| Untracked 
| 115|0x0000000087300000, 0x0000000087300000, 0x0000000087400000|  0%| F|  |TAMS 0x0000000087300000, 0x0000000087300000| Untracked 
| 116|0x0000000087400000, 0x0000000087400000, 0x0000000087500000|  0%| F|  |TAMS 0x0000000087400000, 0x0000000087400000| Untracked 
| 117|0x0000000087500000, 0x0000000087500000, 0x0000000087600000|  0%| F|  |TAMS 0x0000000087500000, 0x0000000087500000| Untracked 
| 118|0x0000000087600000, 0x0000000087600000, 0x0000000087700000|  0%| F|  |TAMS 0x0000000087600000, 0x0000000087600000| Untracked 
| 119|0x0000000087700000, 0x0000000087700000, 0x0000000087800000|  0%| F|  |TAMS 0x0000000087700000, 0x0000000087700000| Untracked 
| 120|0x0000000087800000, 0x0000000087800000, 0x0000000087900000|  0%| F|  |TAMS 0x0000000087800000, 0x0000000087800000| Untracked 
| 121|0x0000000087900000, 0x0000000087900000, 0x0000000087a00000|  0%| F|  |TAMS 0x0000000087900000, 0x0000000087900000| Untracked 
| 122|0x0000000087a00000, 0x0000000087a00000, 0x0000000087b00000|  0%| F|  |TAMS 0x0000000087a00000, 0x0000000087a00000| Untracked 
| 123|0x0000000087b00000, 0x0000000087b00000, 0x0000000087c00000|  0%| F|  |TAMS 0x0000000087b00000, 0x0000000087b00000| Untracked 
| 124|0x0000000087c00000, 0x0000000087c00000, 0x0000000087d00000|  0%| F|  |TAMS 0x0000000087c00000, 0x0000000087c00000| Untracked 
| 125|0x0000000087d00000, 0x0000000087d00000, 0x0000000087e00000|  0%| F|  |TAMS 0x0000000087d00000, 0x0000000087d00000| Untracked 
| 126|0x0000000087e00000, 0x0000000087e00000, 0x0000000087f00000|  0%| F|  |TAMS 0x0000000087e00000, 0x0000000087e00000| Untracked 
| 127|0x0000000087f00000, 0x0000000087f00000, 0x0000000088000000|  0%| F|  |TAMS 0x0000000087f00000, 0x0000000087f00000| Untracked 
| 128|0x0000000088000000, 0x0000000088000000, 0x0000000088100000|  0%| F|  |TAMS 0x0000000088000000, 0x0000000088000000| Untracked 
| 129|0x0000000088100000, 0x0000000088100000, 0x0000000088200000|  0%| F|  |TAMS 0x0000000088100000, 0x0000000088100000| Untracked 
| 130|0x0000000088200000, 0x0000000088200000, 0x0000000088300000|  0%| F|  |TAMS 0x0000000088200000, 0x0000000088200000| Untracked 
| 131|0x0000000088300000, 0x0000000088300000, 0x0000000088400000|  0%| F|  |TAMS 0x0000000088300000, 0x0000000088300000| Untracked 
| 132|0x0000000088400000, 0x0000000088400000, 0x0000000088500000|  0%| F|  |TAMS 0x0000000088400000, 0x0000000088400000| Untracked 
| 133|0x0000000088500000, 0x0000000088500000, 0x0000000088600000|  0%| F|  |TAMS 0x0000000088500000, 0x0000000088500000| Untracked 
| 134|0x0000000088600000, 0x0000000088600000, 0x0000000088700000|  0%| F|  |TAMS 0x0000000088600000, 0x0000000088600000| Untracked 
| 135|0x0000000088700000, 0x0000000088700000, 0x0000000088800000|  0%| F|  |TAMS 0x0000000088700000, 0x0000000088700000| Untracked 
| 136|0x0000000088800000, 0x0000000088800000, 0x0000000088900000|  0%| F|  |TAMS 0x0000000088800000, 0x0000000088800000| Untracked 
| 137|0x0000000088900000, 0x000000008899fca8, 0x0000000088a00000| 62%| S|CS|TAMS 0x0000000088900000, 0x0000000088900000| Complete 
| 138|0x0000000088a00000, 0x0000000088a00000, 0x0000000088b00000|  0%| F|  |TAMS 0x0000000088a00000, 0x0000000088a00000| Untracked 

Card table byte_map: [0x000001bfab340000,0x000001bfab740000] _byte_map_base: 0x000001bfaaf40000

Marking Bits (Prev, Next): (CMBitMap*) 0x000001bf98ad3790, (CMBitMap*) 0x000001bf98ad37d0
 Prev Bits: [0x000001bfabb40000, 0x000001bfadb40000)
 Next Bits: [0x000001bfadb40000, 0x000001bfafb40000)

Polling page: 0x000001bf96c00000

Metaspace:

Usage:
  Non-class:     62.64 MB used.
      Class:      9.59 MB used.
       Both:     72.23 MB used.

Virtual space:
  Non-class space:       64.00 MB reserved,      63.00 MB ( 98%) committed,  8 nodes.
      Class space:        1.00 GB reserved,       9.81 MB ( <1%) committed,  1 nodes.
             Both:        1.06 GB reserved,      72.81 MB (  7%) committed. 

Chunk freelists:
   Non-Class:  560.00 KB
       Class:  2.01 MB
        Both:  2.55 MB

MaxMetaspaceSize: unlimited
CompressedClassSpaceSize: 1.00 GB
Initial GC threshold: 21.00 MB
Current GC threshold: 121.19 MB
CDS: off
MetaspaceReclaimPolicy: balanced
 - commit_granule_bytes: 65536.
 - commit_granule_words: 8192.
 - virtual_space_node_default_size: 1048576.
 - enlarge_chunks_in_place: 1.
 - new_chunks_are_fully_committed: 0.
 - uncommit_free_chunks: 1.
 - use_allocation_guard: 0.
 - handle_deallocations: 1.


Internal statistics:

num_allocs_failed_limit: 6.
num_arena_births: 662.
num_arena_deaths: 4.
num_vsnodes_births: 9.
num_vsnodes_deaths: 0.
num_space_committed: 1165.
num_space_uncommitted: 0.
num_chunks_returned_to_freelist: 13.
num_chunks_taken_from_freelist: 3147.
num_chunk_merges: 6.
num_chunk_splits: 2123.
num_chunks_enlarged: 1470.
num_purges: 4.
num_inconsistent_stats: 0.

CodeHeap 'non-profiled nmethods': size=120000Kb used=3536Kb max_used=3536Kb free=116463Kb
 bounds [0x000001bfa3a10000, 0x000001bfa3d90000, 0x000001bfaaf40000]
CodeHeap 'profiled nmethods': size=120000Kb used=13925Kb max_used=13925Kb free=106075Kb
 bounds [0x000001bf9bf40000, 0x000001bf9cce0000, 0x000001bfa3470000]
CodeHeap 'non-nmethods': size=5760Kb used=2377Kb max_used=2420Kb free=3382Kb
 bounds [0x000001bfa3470000, 0x000001bfa36e0000, 0x000001bfa3a10000]
 total_blobs=8004 nmethods=7108 adapters=808
 compilation: enabled
              stopped_count=0, restarted_count=0
 full_count=0

Compilation events (20 events):
Event: 12.771 Thread 0x000001bfb2c0c260 7993       3       java.beans.Introspector::processPropertyDescriptors (964 bytes)
Event: 12.774 Thread 0x000001bfb2c0c260 nmethod 7993 0x000001bf9ccc9510 code [0x000001bf9ccc9e40, 0x000001bf9ccd09b8]
Event: 12.774 Thread 0x000001bfb2c0c260 7994       3       org.gradle.internal.ImmutableActionSet$EmptySet::addOne (9 bytes)
Event: 12.775 Thread 0x000001bfb2c0c260 nmethod 7994 0x000001bf9ccd2390 code [0x000001bf9ccd2540, 0x000001bf9ccd2818]
Event: 12.775 Thread 0x000001bfb2c0c260 7995       3       org.gradle.internal.ImmutableActionSet$SingletonSet::<init> (10 bytes)
Event: 12.775 Thread 0x000001bfb2c0c260 nmethod 7995 0x000001bf9ccd2990 code [0x000001bf9ccd2b40, 0x000001bf9ccd2d58]
Event: 12.775 Thread 0x000001bfb2c0c260 7996       1       org.gradle.internal.typeconversion.NotationConverterToNotationParserAdapter$ResultImpl::access$100 (5 bytes)
Event: 12.775 Thread 0x000001bfb2c0c260 nmethod 7996 0x000001bfa3d80410 code [0x000001bfa3d805a0, 0x000001bfa3d80658]
Event: 12.775 Thread 0x000001bfb2c0c260 7997       1       org.gradle.internal.typeconversion.NotationConverterToNotationParserAdapter$ResultImpl::access$200 (5 bytes)
Event: 12.775 Thread 0x000001bfb2c0c260 nmethod 7997 0x000001bfa3d80710 code [0x000001bfa3d808a0, 0x000001bfa3d80958]
Event: 12.776 Thread 0x000001bfb2c0c260 7998   !   3       com.sun.beans.introspect.MethodInfo::get (143 bytes)
Event: 12.777 Thread 0x000001bfb20676b0 nmethod 7972 0x000001bfa3d80a10 code [0x000001bfa3d80cc0, 0x000001bfa3d821e0]
Event: 12.777 Thread 0x000001bfb2c0c260 nmethod 7998 0x000001bf9ccd2e90 code [0x000001bf9ccd3100, 0x000001bf9ccd3d38]
Event: 12.777 Thread 0x000001bfb20676b0 7987       4       java.util.jar.JarFile::getVersionedEntry (133 bytes)
Event: 12.777 Thread 0x000001bfb2c0c260 7999       3       groovy.lang.MetaClassImpl::applyStrayPropertyMethods (288 bytes)
Event: 12.779 Thread 0x000001bfb2c0c260 nmethod 7999 0x000001bf9ccd4210 code [0x000001bf9ccd46c0, 0x000001bf9ccd7018]
Event: 12.779 Thread 0x000001bfb2c0c260 8000       3       jdk.internal.loader.URLClassPath$JarLoader::validIndex (94 bytes)
Event: 12.780 Thread 0x000001bfb2c0c260 nmethod 8000 0x000001bf9ccd7f90 code [0x000001bf9ccd8280, 0x000001bf9ccd9188]
Event: 12.789 Thread 0x000001bfb20676b0 nmethod 7987 0x000001bfa3d82d10 code [0x000001bfa3d82ee0, 0x000001bfa3d83bd8]
Event: 12.789 Thread 0x000001bfb20676b0 7985       4       java.lang.reflect.Method::getAnnotation (6 bytes)

GC Heap History (20 events):
Event: 10.152 GC heap after
{Heap after GC invocations=32 (full 0):
 garbage-first heap   total 96256K, used 59392K [0x0000000080000000, 0x0000000100000000)
  region size 1024K, 2 young (2048K), 2 survivors (2048K)
 Metaspace       used 58941K, committed 59456K, reserved 1105920K
  class space    used 7853K, committed 8064K, reserved 1048576K
}
Event: 10.183 GC heap before
{Heap before GC invocations=32 (full 0):
 garbage-first heap   total 96256K, used 61440K [0x0000000080000000, 0x0000000100000000)
  region size 1024K, 4 young (4096K), 2 survivors (2048K)
 Metaspace       used 59262K, committed 59840K, reserved 1105920K
  class space    used 7876K, committed 8128K, reserved 1048576K
}
Event: 10.184 GC heap after
{Heap after GC invocations=33 (full 0):
 garbage-first heap   total 96256K, used 58688K [0x0000000080000000, 0x0000000100000000)
  region size 1024K, 1 young (1024K), 1 survivors (1024K)
 Metaspace       used 59262K, committed 59840K, reserved 1105920K
  class space    used 7876K, committed 8128K, reserved 1048576K
}
Event: 10.337 GC heap before
{Heap before GC invocations=33 (full 0):
 garbage-first heap   total 96256K, used 69952K [0x0000000080000000, 0x0000000100000000)
  region size 1024K, 12 young (12288K), 1 survivors (1024K)
 Metaspace       used 60711K, committed 61248K, reserved 1105920K
  class space    used 8088K, committed 8320K, reserved 1048576K
}
Event: 10.340 GC heap after
{Heap after GC invocations=34 (full 0):
 garbage-first heap   total 96256K, used 59081K [0x0000000080000000, 0x0000000100000000)
  region size 1024K, 1 young (1024K), 1 survivors (1024K)
 Metaspace       used 60711K, committed 61248K, reserved 1105920K
  class space    used 8088K, committed 8320K, reserved 1048576K
}
Event: 10.592 GC heap before
{Heap before GC invocations=35 (full 0):
 garbage-first heap   total 107520K, used 70345K [0x0000000080000000, 0x0000000100000000)
  region size 1024K, 13 young (13312K), 1 survivors (1024K)
 Metaspace       used 62464K, committed 63040K, reserved 1105920K
  class space    used 8327K, committed 8576K, reserved 1048576K
}
Event: 10.595 GC heap after
{Heap after GC invocations=36 (full 0):
 garbage-first heap   total 107520K, used 59539K [0x0000000080000000, 0x0000000100000000)
  region size 1024K, 1 young (1024K), 1 survivors (1024K)
 Metaspace       used 62464K, committed 63040K, reserved 1105920K
  class space    used 8327K, committed 8576K, reserved 1048576K
}
Event: 10.659 GC heap before
{Heap before GC invocations=36 (full 0):
 garbage-first heap   total 107520K, used 62611K [0x0000000080000000, 0x0000000100000000)
  region size 1024K, 5 young (5120K), 1 survivors (1024K)
 Metaspace       used 63237K, committed 63744K, reserved 1105920K
  class space    used 8406K, committed 8640K, reserved 1048576K
}
Event: 10.663 GC heap after
{Heap after GC invocations=37 (full 0):
 garbage-first heap   total 129024K, used 58933K [0x0000000080000000, 0x0000000100000000)
  region size 1024K, 1 young (1024K), 1 survivors (1024K)
 Metaspace       used 63237K, committed 63744K, reserved 1105920K
  class space    used 8406K, committed 8640K, reserved 1048576K
}
Event: 11.229 GC heap before
{Heap before GC invocations=37 (full 0):
 garbage-first heap   total 129024K, used 87605K [0x0000000080000000, 0x0000000100000000)
  region size 1024K, 30 young (30720K), 1 survivors (1024K)
 Metaspace       used 68825K, committed 69376K, reserved 1114112K
  class space    used 9155K, committed 9408K, reserved 1048576K
}
Event: 11.233 GC heap after
{Heap after GC invocations=38 (full 0):
 garbage-first heap   total 129024K, used 61278K [0x0000000080000000, 0x0000000100000000)
  region size 1024K, 3 young (3072K), 3 survivors (3072K)
 Metaspace       used 68825K, committed 69376K, reserved 1114112K
  class space    used 9155K, committed 9408K, reserved 1048576K
}
Event: 11.725 GC heap before
{Heap before GC invocations=39 (full 0):
 garbage-first heap   total 133120K, used 99166K [0x0000000080000000, 0x0000000100000000)
  region size 1024K, 34 young (34816K), 3 survivors (3072K)
 Metaspace       used 71112K, committed 71680K, reserved 1114112K
  class space    used 9445K, committed 9664K, reserved 1048576K
}
Event: 11.736 GC heap after
{Heap after GC invocations=40 (full 0):
 garbage-first heap   total 133120K, used 64067K [0x0000000080000000, 0x0000000100000000)
  region size 1024K, 5 young (5120K), 5 survivors (5120K)
 Metaspace       used 71112K, committed 71680K, reserved 1114112K
  class space    used 9445K, committed 9664K, reserved 1048576K
}
Event: 11.754 GC heap before
{Heap before GC invocations=40 (full 0):
 garbage-first heap   total 133120K, used 65091K [0x0000000080000000, 0x0000000100000000)
  region size 1024K, 6 young (6144K), 5 survivors (5120K)
 Metaspace       used 71185K, committed 71808K, reserved 1114112K
  class space    used 9455K, committed 9728K, reserved 1048576K
}
Event: 11.759 GC heap after
{Heap after GC invocations=41 (full 0):
 garbage-first heap   total 133120K, used 64430K [0x0000000080000000, 0x0000000100000000)
  region size 1024K, 1 young (1024K), 1 survivors (1024K)
 Metaspace       used 71185K, committed 71808K, reserved 1114112K
  class space    used 9455K, committed 9728K, reserved 1048576K
}
Event: 12.635 GC heap before
{Heap before GC invocations=41 (full 0):
 garbage-first heap   total 133120K, used 97198K [0x0000000080000000, 0x0000000100000000)
  region size 1024K, 33 young (33792K), 1 survivors (1024K)
 Metaspace       used 73868K, committed 74432K, reserved 1114112K
  class space    used 9812K, committed 10048K, reserved 1048576K
}
Event: 12.639 GC heap after
{Heap after GC invocations=42 (full 0):
 garbage-first heap   total 133120K, used 66015K [0x0000000080000000, 0x0000000100000000)
  region size 1024K, 3 young (3072K), 3 survivors (3072K)
 Metaspace       used 73868K, committed 74432K, reserved 1114112K
  class space    used 9812K, committed 10048K, reserved 1048576K
}
Event: 12.783 GC heap before
{Heap before GC invocations=43 (full 0):
 garbage-first heap   total 142336K, used 100831K [0x0000000080000000, 0x0000000100000000)
  region size 1024K, 37 young (37888K), 3 survivors (3072K)
 Metaspace       used 73960K, committed 74560K, reserved 1114112K
  class space    used 9820K, committed 10048K, reserved 1048576K
}
Event: 12.789 GC heap after
{Heap after GC invocations=44 (full 0):
 garbage-first heap   total 142336K, used 68738K [0x0000000080000000, 0x0000000100000000)
  region size 1024K, 5 young (5120K), 5 survivors (5120K)
 Metaspace       used 73960K, committed 74560K, reserved 1114112K
  class space    used 9820K, committed 10048K, reserved 1048576K
}
Event: 12.790 GC heap before
{Heap before GC invocations=44 (full 0):
 garbage-first heap   total 142336K, used 69762K [0x0000000080000000, 0x0000000100000000)
  region size 1024K, 6 young (6144K), 5 survivors (5120K)
 Metaspace       used 73960K, committed 74560K, reserved 1114112K
  class space    used 9820K, committed 10048K, reserved 1048576K
}

Dll operation events (2 events):
Event: 0.113 Loaded shared library C:\Program Files\Android\Android Studio\jbr\bin\java.dll
Event: 0.868 Loaded shared library C:\Program Files\Android\Android Studio\jbr\bin\verify.dll

Deoptimization events (20 events):
Event: 12.486 Thread 0x000001bfb2d87e10 DEOPT PACKING pc=0x000001bf9c402e4b sp=0x0000004e097f6420
Event: 12.486 Thread 0x000001bfb2d87e10 DEOPT UNPACKING pc=0x000001bfa34cace3 sp=0x0000004e097f58d0 mode 0
Event: 12.486 Thread 0x000001bfb2d87e10 DEOPT PACKING pc=0x000001bf9c402e4b sp=0x0000004e097f6420
Event: 12.486 Thread 0x000001bfb2d87e10 DEOPT UNPACKING pc=0x000001bfa34cace3 sp=0x0000004e097f58d0 mode 0
Event: 12.534 Thread 0x000001bfb2d87e10 Uncommon trap: trap_request=0xffffff45 fr.pc=0x000001bfa3bcd8e4 relative=0x00000000000002c4
Event: 12.534 Thread 0x000001bfb2d87e10 Uncommon trap: reason=unstable_if action=reinterpret pc=0x000001bfa3bcd8e4 method=java.lang.String.indexOf([BBILjava/lang/String;I)I @ 21 c2
Event: 12.534 Thread 0x000001bfb2d87e10 DEOPT PACKING pc=0x000001bfa3bcd8e4 sp=0x0000004e097f6200
Event: 12.534 Thread 0x000001bfb2d87e10 DEOPT UNPACKING pc=0x000001bfa34ca1a3 sp=0x0000004e097f60f8 mode 2
Event: 12.545 Thread 0x000001bfb2d87e10 Uncommon trap: trap_request=0xffffff45 fr.pc=0x000001bfa3b2a2b4 relative=0x0000000000000574
Event: 12.545 Thread 0x000001bfb2d87e10 Uncommon trap: reason=unstable_if action=reinterpret pc=0x000001bfa3b2a2b4 method=java.lang.AbstractStringBuilder.appendChars(Ljava/lang/String;II)V @ 11 c2
Event: 12.545 Thread 0x000001bfb2d87e10 DEOPT PACKING pc=0x000001bfa3b2a2b4 sp=0x0000004e097f6040
Event: 12.545 Thread 0x000001bfb2d87e10 DEOPT UNPACKING pc=0x000001bfa34ca1a3 sp=0x0000004e097f5f70 mode 2
Event: 12.545 Thread 0x000001bfb2d87e10 Uncommon trap: trap_request=0xffffff45 fr.pc=0x000001bfa3a49400 relative=0x0000000000000540
Event: 12.545 Thread 0x000001bfb2d87e10 Uncommon trap: reason=unstable_if action=reinterpret pc=0x000001bfa3a49400 method=java.lang.AbstractStringBuilder.putStringAt(ILjava/lang/String;II)V @ 8 c2
Event: 12.545 Thread 0x000001bfb2d87e10 DEOPT PACKING pc=0x000001bfa3a49400 sp=0x0000004e097f6090
Event: 12.545 Thread 0x000001bfb2d87e10 DEOPT UNPACKING pc=0x000001bfa34ca1a3 sp=0x0000004e097f5f70 mode 2
Event: 12.641 Thread 0x000001bfb2d87e10 Uncommon trap: trap_request=0xffffff45 fr.pc=0x000001bfa3b13388 relative=0x00000000000006a8
Event: 12.641 Thread 0x000001bfb2d87e10 Uncommon trap: reason=unstable_if action=reinterpret pc=0x000001bfa3b13388 method=com.sun.beans.introspect.MethodInfo$MethodOrder.compare(Ljava/lang/reflect/Method;Ljava/lang/reflect/Method;)I @ 148 c2
Event: 12.641 Thread 0x000001bfb2d87e10 DEOPT PACKING pc=0x000001bfa3b13388 sp=0x0000004e097f71b0
Event: 12.641 Thread 0x000001bfb2d87e10 DEOPT UNPACKING pc=0x000001bfa34ca1a3 sp=0x0000004e097f7158 mode 2

Classes unloaded (7 events):
Event: 8.444 Thread 0x000001bfb20023b0 Unloading class 0x000000010064c968 '_BuildScript_$_run_closure1$_closure2'
Event: 8.444 Thread 0x000001bfb20023b0 Unloading class 0x000000010064c558 '_BuildScript_$_run_closure1'
Event: 8.444 Thread 0x000001bfb20023b0 Unloading class 0x000000010064c000 '_BuildScript_'
Event: 9.498 Thread 0x000001bfb20023b0 Unloading class 0x00000001006c8820 '_BuildScript_$_run_closure1$_closure2$_closure3'
Event: 9.498 Thread 0x000001bfb20023b0 Unloading class 0x00000001006c8410 '_BuildScript_$_run_closure1$_closure2'
Event: 9.498 Thread 0x000001bfb20023b0 Unloading class 0x00000001006c8000 '_BuildScript_$_run_closure1'
Event: 9.498 Thread 0x000001bfb20023b0 Unloading class 0x00000001006c0800 '_BuildScript_'

Classes redefined (0 events):
No events

Internal exceptions (20 events):
Event: 12.754 Thread 0x000001bfb2d87e10 Exception <a 'java/lang/ClassNotFoundException'{0x000000008823ea10}: com/android/build/gradle/internal/dsl/BuildTypeCustomizer> (0x000000008823ea10) 
thrown [s\src\hotspot\share\classfile\systemDictionary.cpp, line 256]
Event: 12.756 Thread 0x000001bfb2d87e10 Exception <a 'java/lang/ClassNotFoundException'{0x00000000882c80a8}: com/android/build/gradle/internal/dsl/BuildType$AgpDecoratedCustomizer> (0x00000000882c80a8) 
thrown [s\src\hotspot\share\classfile\systemDictionary.cpp, line 256]
Event: 12.757 Thread 0x000001bfb2d87e10 Exception <a 'java/lang/ClassNotFoundException'{0x000000008701bc60}: com/android/build/gradle/internal/dsl/BuildType$AgpDecorated_DecoratedCustomizer> (0x000000008701bc60) 
thrown [s\src\hotspot\share\classfile\systemDictionary.cpp, line 256]
Event: 12.760 Thread 0x000001bfb2d87e10 Exception <a 'java/lang/ClassNotFoundException'{0x00000000870f9bf0}: build_71g2w8l182u2nh80hba9yk8p4$_run_closure1$_closure5BeanInfo> (0x00000000870f9bf0) 
thrown [s\src\hotspot\share\classfile\systemDictionary.cpp, line 256]
Event: 12.760 Thread 0x000001bfb2d87e10 Exception <a 'java/lang/ClassNotFoundException'{0x0000000086f04f20}: build_71g2w8l182u2nh80hba9yk8p4$_run_closure1$_closure5Customizer> (0x0000000086f04f20) 
thrown [s\src\hotspot\share\classfile\systemDictionary.cpp, line 256]
Event: 12.761 Thread 0x000001bfb2d87e10 Exception <a 'java/lang/ClassNotFoundException'{0x0000000086f29e68}: build_71g2w8l182u2nh80hba9yk8p4$_run_closure1BeanInfo> (0x0000000086f29e68) 
thrown [s\src\hotspot\share\classfile\systemDictionary.cpp, line 256]
Event: 12.761 Thread 0x000001bfb2d87e10 Exception <a 'java/lang/ClassNotFoundException'{0x0000000086f35290}: build_71g2w8l182u2nh80hba9yk8p4$_run_closure1Customizer> (0x0000000086f35290) 
thrown [s\src\hotspot\share\classfile\systemDictionary.cpp, line 256]
Event: 12.765 Thread 0x000001bfb2d87e10 Exception <a 'java/lang/ClassNotFoundException'{0x0000000086f72dc8}: org/gradle/api/JavaVersionBeanInfo> (0x0000000086f72dc8) 
thrown [s\src\hotspot\share\classfile\systemDictionary.cpp, line 256]
Event: 12.765 Thread 0x000001bfb2d87e10 Exception <a 'java/lang/ClassNotFoundException'{0x0000000086f89320}: org/gradle/api/JavaVersionCustomizer> (0x0000000086f89320) 
thrown [s\src\hotspot\share\classfile\systemDictionary.cpp, line 256]
Event: 12.769 Thread 0x000001bfb2d87e10 Exception <a 'java/lang/ClassNotFoundException'{0x0000000086fd9618}: com/android/build/gradle/internal/CompileOptions$AgpDecorated_DecoratedBeanInfo> (0x0000000086fd9618) 
thrown [s\src\hotspot\share\classfile\systemDictionary.cpp, line 256]
Event: 12.769 Thread 0x000001bfb2d87e10 Exception <a 'java/lang/ClassNotFoundException'{0x0000000086fe6c78}: com/android/build/gradle/internal/CompileOptions$AgpDecoratedBeanInfo> (0x0000000086fe6c78) 
thrown [s\src\hotspot\share\classfile\systemDictionary.cpp, line 256]
Event: 12.770 Thread 0x000001bfb2d87e10 Exception <a 'java/lang/ClassNotFoundException'{0x0000000086ff40e0}: com/android/build/gradle/internal/CompileOptionsBeanInfo> (0x0000000086ff40e0) 
thrown [s\src\hotspot\share\classfile\systemDictionary.cpp, line 256]
Event: 12.770 Thread 0x000001bfb2d87e10 Exception <a 'java/lang/ClassNotFoundException'{0x0000000086e01a88}: com/android/build/gradle/internal/CompileOptionsCustomizer> (0x0000000086e01a88) 
thrown [s\src\hotspot\share\classfile\systemDictionary.cpp, line 256]
Event: 12.771 Thread 0x000001bfb2d87e10 Exception <a 'java/lang/ClassNotFoundException'{0x0000000086e1b740}: com/android/build/gradle/internal/CompileOptions$AgpDecoratedCustomizer> (0x0000000086e1b740) 
thrown [s\src\hotspot\share\classfile\systemDictionary.cpp, line 256]
Event: 12.771 Thread 0x000001bfb2d87e10 Exception <a 'java/lang/ClassNotFoundException'{0x0000000086e381b8}: com/android/build/gradle/internal/CompileOptions$AgpDecorated_DecoratedCustomizer> (0x0000000086e381b8) 
thrown [s\src\hotspot\share\classfile\systemDictionary.cpp, line 256]
Event: 12.775 Thread 0x000001bfb2d87e10 Exception <a 'java/lang/ClassNotFoundException'{0x0000000086d1c358}: groovy/lang/GString$1BeanInfo> (0x0000000086d1c358) 
thrown [s\src\hotspot\share\classfile\systemDictionary.cpp, line 256]
Event: 12.775 Thread 0x000001bfb2d87e10 Exception <a 'java/lang/ClassNotFoundException'{0x0000000086d45560}: groovy/lang/GStringBeanInfo> (0x0000000086d45560) 
thrown [s\src\hotspot\share\classfile\systemDictionary.cpp, line 256]
Event: 12.776 Thread 0x000001bfb2d87e10 Exception <a 'java/lang/ClassNotFoundException'{0x0000000086d6e9d8}: groovy/lang/GStringCustomizer> (0x0000000086d6e9d8) 
thrown [s\src\hotspot\share\classfile\systemDictionary.cpp, line 256]
Event: 12.776 Thread 0x000001bfb2d87e10 Exception <a 'java/lang/ClassNotFoundException'{0x0000000086da2368}: groovy/lang/GString$1Customizer> (0x0000000086da2368) 
thrown [s\src\hotspot\share\classfile\systemDictionary.cpp, line 256]
Event: 12.783 Thread 0x000001bfb2d87e10 Exception <a 'java/lang/ClassNotFoundException'{0x000000008693a0a8}: org/codehaus/groovy/runtime/GStringImplBeanInfo> (0x000000008693a0a8) 
thrown [s\src\hotspot\share\classfile\systemDictionary.cpp, line 256]

VM Operations (20 events):
Event: 11.233 Executing VM operation: G1TryInitiateConcMark done
Event: 11.296 Executing VM operation: G1Concurrent
Event: 11.299 Executing VM operation: G1Concurrent done
Event: 11.325 Executing VM operation: G1Concurrent
Event: 11.326 Executing VM operation: G1Concurrent done
Event: 11.725 Executing VM operation: G1CollectForAllocation
Event: 11.736 Executing VM operation: G1CollectForAllocation done
Event: 11.754 Executing VM operation: G1CollectForAllocation
Event: 11.759 Executing VM operation: G1CollectForAllocation done
Event: 12.603 Executing VM operation: ICBufferFull
Event: 12.603 Executing VM operation: ICBufferFull done
Event: 12.635 Executing VM operation: G1CollectForAllocation
Event: 12.639 Executing VM operation: G1CollectForAllocation done
Event: 12.712 Executing VM operation: G1Concurrent
Event: 12.716 Executing VM operation: G1Concurrent done
Event: 12.748 Executing VM operation: G1Concurrent
Event: 12.748 Executing VM operation: G1Concurrent done
Event: 12.783 Executing VM operation: G1CollectForAllocation
Event: 12.789 Executing VM operation: G1CollectForAllocation done
Event: 12.790 Executing VM operation: G1CollectForAllocation

Events (20 events):
Event: 11.781 loading class java/security/KeyStore$1
Event: 11.781 loading class java/security/KeyStore$1 done
Event: 12.157 loading class javax/management/InstanceAlreadyExistsException
Event: 12.157 loading class javax/management/InstanceAlreadyExistsException done
Event: 12.158 loading class javax/management/MBeanRegistrationException
Event: 12.158 loading class javax/management/MBeanRegistrationException done
Event: 12.158 loading class javax/management/NotCompliantMBeanException
Event: 12.158 loading class javax/management/NotCompliantMBeanException done
Event: 12.163 loading class com/sun/jmx/mbeanserver/StandardMBeanSupport
Event: 12.163 loading class com/sun/jmx/mbeanserver/StandardMBeanSupport done
Event: 12.163 loading class com/sun/jmx/mbeanserver/StandardMBeanIntrospector
Event: 12.164 loading class com/sun/jmx/mbeanserver/StandardMBeanIntrospector done
Event: 12.386 loading class javax/xml/stream/XMLStreamException
Event: 12.387 loading class javax/xml/stream/XMLStreamException done
Event: 12.423 loading class sun/reflect/annotation/AnnotationInvocationHandler$1
Event: 12.424 loading class sun/reflect/annotation/AnnotationInvocationHandler$1 done
Event: 12.545 loading class java/util/regex/Pattern$Caret
Event: 12.546 loading class java/util/regex/Pattern$Caret done
Event: 12.698 loading class java/beans/IntrospectionException
Event: 12.698 loading class java/beans/IntrospectionException done


Dynamic libraries:
0x00007ff624700000 - 0x00007ff62470a000 	C:\Program Files\Android\Android Studio\jbr\bin\java.exe
0x00007ffa6f0f0000 - 0x00007ffa6f304000 	C:\WINDOWS\SYSTEM32\ntdll.dll
0x00007ffa6d6e0000 - 0x00007ffa6d7a2000 	C:\WINDOWS\System32\KERNEL32.DLL
0x00007ffa6c610000 - 0x00007ffa6c9b3000 	C:\WINDOWS\System32\KERNELBASE.dll
0x00007ffa6cc70000 - 0x00007ffa6cd81000 	C:\WINDOWS\System32\ucrtbase.dll
0x00007ffa43560000 - 0x00007ffa4357b000 	C:\Program Files\Android\Android Studio\jbr\bin\VCRUNTIME140.dll
0x00007ffa42df0000 - 0x00007ffa42e07000 	C:\Program Files\Android\Android Studio\jbr\bin\jli.dll
0x00007ffa6ef00000 - 0x00007ffa6f0aa000 	C:\WINDOWS\System32\USER32.dll
0x00007ffa6cd90000 - 0x00007ffa6cdb6000 	C:\WINDOWS\System32\win32u.dll
0x00007ffa4ec90000 - 0x00007ffa4ef1e000 	C:\WINDOWS\WinSxS\amd64_microsoft.windows.common-controls_6595b64144ccf1df_6.0.22621.1635_none_270f70857386168e\COMCTL32.dll
0x00007ffa6d4e0000 - 0x00007ffa6d509000 	C:\WINDOWS\System32\GDI32.dll
0x00007ffa6e5b0000 - 0x00007ffa6e657000 	C:\WINDOWS\System32\msvcrt.dll
0x00007ffa6c4f0000 - 0x00007ffa6c609000 	C:\WINDOWS\System32\gdi32full.dll
0x00007ffa6cdc0000 - 0x00007ffa6ce5a000 	C:\WINDOWS\System32\msvcp_win.dll
0x00007ffa6dee0000 - 0x00007ffa6df11000 	C:\WINDOWS\System32\IMM32.DLL
0x00007ffa62df0000 - 0x00007ffa62dfc000 	C:\Program Files\Android\Android Studio\jbr\bin\vcruntime140_1.dll
0x00007ffa21b70000 - 0x00007ffa21bfd000 	C:\Program Files\Android\Android Studio\jbr\bin\msvcp140.dll
0x00007ffa16ca0000 - 0x00007ffa1790d000 	C:\Program Files\Android\Android Studio\jbr\bin\server\jvm.dll
0x00007ffa6e500000 - 0x00007ffa6e5ae000 	C:\WINDOWS\System32\ADVAPI32.dll
0x00007ffa6d090000 - 0x00007ffa6d134000 	C:\WINDOWS\System32\sechost.dll
0x00007ffa6d520000 - 0x00007ffa6d637000 	C:\WINDOWS\System32\RPCRT4.dll
0x00007ffa62800000 - 0x00007ffa6280a000 	C:\WINDOWS\SYSTEM32\VERSION.dll
0x00007ffa61100000 - 0x00007ffa61109000 	C:\WINDOWS\SYSTEM32\WSOCK32.dll
0x00007ffa6e660000 - 0x00007ffa6e6d1000 	C:\WINDOWS\System32\WS2_32.dll
0x00007ffa62d70000 - 0x00007ffa62da4000 	C:\WINDOWS\SYSTEM32\WINMM.dll
0x00007ffa6b500000 - 0x00007ffa6b518000 	C:\WINDOWS\SYSTEM32\kernel.appcore.dll
0x00007ffa61190000 - 0x00007ffa6119a000 	C:\Program Files\Android\Android Studio\jbr\bin\jimage.dll
0x00007ffa69f60000 - 0x00007ffa6a18e000 	C:\WINDOWS\SYSTEM32\DBGHELP.DLL
0x00007ffa6e170000 - 0x00007ffa6e4f9000 	C:\WINDOWS\System32\combase.dll
0x00007ffa6df20000 - 0x00007ffa6dff7000 	C:\WINDOWS\System32\OLEAUT32.dll
0x00007ffa61eb0000 - 0x00007ffa61ee2000 	C:\WINDOWS\SYSTEM32\dbgcore.DLL
0x00007ffa6c9c0000 - 0x00007ffa6ca3a000 	C:\WINDOWS\System32\bcryptPrimitives.dll
0x00007ffa4da90000 - 0x00007ffa4dab5000 	C:\Program Files\Android\Android Studio\jbr\bin\java.dll
0x00007ffa44520000 - 0x00007ffa44538000 	C:\Program Files\Android\Android Studio\jbr\bin\zip.dll
0x00007ffa6e700000 - 0x00007ffa6eef9000 	C:\WINDOWS\System32\SHELL32.dll
0x00007ffa6a490000 - 0x00007ffa6ad5e000 	C:\WINDOWS\SYSTEM32\windows.storage.dll
0x00007ffa6a350000 - 0x00007ffa6a48e000 	C:\WINDOWS\SYSTEM32\wintypes.dll
0x00007ffa6d3e0000 - 0x00007ffa6d4d1000 	C:\WINDOWS\System32\SHCORE.dll
0x00007ffa6d360000 - 0x00007ffa6d3be000 	C:\WINDOWS\System32\shlwapi.dll
0x00007ffa6c420000 - 0x00007ffa6c446000 	C:\WINDOWS\SYSTEM32\profapi.dll
0x00007ffa44430000 - 0x00007ffa44449000 	C:\Program Files\Android\Android Studio\jbr\bin\net.dll
0x00007ffa65c10000 - 0x00007ffa65d47000 	C:\WINDOWS\SYSTEM32\WINHTTP.dll
0x00007ffa6ba00000 - 0x00007ffa6ba69000 	C:\WINDOWS\system32\mswsock.dll
0x00007ffa44360000 - 0x00007ffa44376000 	C:\Program Files\Android\Android Studio\jbr\bin\nio.dll
0x00007ffa59860000 - 0x00007ffa59870000 	C:\Program Files\Android\Android Studio\jbr\bin\verify.dll
0x00007ffa444f0000 - 0x00007ffa44517000 	C:\Users\fdeba\.gradle\native\68d5fa5c4cc2d200863cafc0d521ce42e7d3e7ee720ec0a83991735586a16f82\windows-amd64\native-platform.dll
0x00007ffa21950000 - 0x00007ffa21a94000 	C:\Users\fdeba\.gradle\native\e376f236ea51e6404a007f0833ffe2c6e607c4080706a723a18a27aeea778392\windows-amd64\native-platform-file-events.dll
0x00007ffa60a50000 - 0x00007ffa60a59000 	C:\Program Files\Android\Android Studio\jbr\bin\management.dll
0x00007ffa5a9d0000 - 0x00007ffa5a9db000 	C:\Program Files\Android\Android Studio\jbr\bin\management_ext.dll
0x00007ffa6d640000 - 0x00007ffa6d648000 	C:\WINDOWS\System32\PSAPI.DLL
0x00007ffa6bd00000 - 0x00007ffa6bd1b000 	C:\WINDOWS\SYSTEM32\CRYPTSP.dll
0x00007ffa6b470000 - 0x00007ffa6b4a5000 	C:\WINDOWS\system32\rsaenh.dll
0x00007ffa6bba0000 - 0x00007ffa6bbcc000 	C:\WINDOWS\SYSTEM32\USERENV.dll
0x00007ffa6bec0000 - 0x00007ffa6bee8000 	C:\WINDOWS\SYSTEM32\bcrypt.dll
0x00007ffa6bd20000 - 0x00007ffa6bd2c000 	C:\WINDOWS\SYSTEM32\CRYPTBASE.dll
0x00007ffa6afc0000 - 0x00007ffa6afed000 	C:\WINDOWS\SYSTEM32\IPHLPAPI.DLL
0x00007ffa6d910000 - 0x00007ffa6d919000 	C:\WINDOWS\System32\NSI.dll
0x00007ffa62bf0000 - 0x00007ffa62c09000 	C:\WINDOWS\SYSTEM32\dhcpcsvc6.DLL
0x00007ffa627e0000 - 0x00007ffa627ff000 	C:\WINDOWS\SYSTEM32\dhcpcsvc.DLL
0x00007ffa6b030000 - 0x00007ffa6b123000 	C:\WINDOWS\SYSTEM32\DNSAPI.dll
0x00007ffa518e0000 - 0x00007ffa518e8000 	C:\WINDOWS\system32\wshunix.dll

dbghelp: loaded successfully - version: 4.0.5 - missing functions: none
symbol engine: initialized successfully - sym options: 0x614 - pdb path: .;C:\Program Files\Android\Android Studio\jbr\bin;C:\WINDOWS\SYSTEM32;C:\WINDOWS\WinSxS\amd64_microsoft.windows.common-controls_6595b64144ccf1df_6.0.22621.1635_none_270f70857386168e;C:\Program Files\Android\Android Studio\jbr\bin\server;C:\Users\fdeba\.gradle\native\68d5fa5c4cc2d200863cafc0d521ce42e7d3e7ee720ec0a83991735586a16f82\windows-amd64;C:\Users\fdeba\.gradle\native\e376f236ea51e6404a007f0833ffe2c6e607c4080706a723a18a27aeea778392\windows-amd64

VM Arguments:
jvm_args: --add-opens=java.base/java.util=ALL-UNNAMED --add-opens=java.base/java.lang=ALL-UNNAMED --add-opens=java.base/java.lang.invoke=ALL-UNNAMED --add-opens=java.prefs/java.util.prefs=ALL-UNNAMED --add-opens=java.base/java.nio.charset=ALL-UNNAMED --add-opens=java.base/java.net=ALL-UNNAMED --add-opens=java.base/java.util.concurrent.atomic=ALL-UNNAMED -Xmx2048m -Dfile.encoding=UTF-8 -Duser.country=BR -Duser.language=pt -Duser.variant 
java_command: org.gradle.launcher.daemon.bootstrap.GradleDaemon 8.0
java_class_path (initial): C:\Users\fdeba\.gradle\wrapper\dists\gradle-8.0-bin\ca5e32bp14vu59qr306oxotwh\gradle-8.0\lib\gradle-launcher-8.0.jar
Launcher Type: SUN_STANDARD

[Global flags]
     intx CICompilerCount                          = 3                                         {product} {ergonomic}
     uint ConcGCThreads                            = 1                                         {product} {ergonomic}
     uint G1ConcRefinementThreads                  = 4                                         {product} {ergonomic}
   size_t G1HeapRegionSize                         = 1048576                                   {product} {ergonomic}
    uintx GCDrainStackTargetSize                   = 64                                        {product} {ergonomic}
   size_t InitialHeapSize                          = 65011712                                  {product} {ergonomic}
   size_t MarkStackSize                            = 4194304                                   {product} {ergonomic}
   size_t MaxHeapSize                              = 2147483648                                {product} {command line}
   size_t MaxNewSize                               = 1287651328                                {product} {ergonomic}
   size_t MinHeapDeltaBytes                        = 1048576                                   {product} {ergonomic}
   size_t MinHeapSize                              = 8388608                                   {product} {ergonomic}
    uintx NonNMethodCodeHeapSize                   = 5832780                                {pd product} {ergonomic}
    uintx NonProfiledCodeHeapSize                  = 122912730                              {pd product} {ergonomic}
    uintx ProfiledCodeHeapSize                     = 122912730                              {pd product} {ergonomic}
    uintx ReservedCodeCacheSize                    = 251658240                              {pd product} {ergonomic}
     bool SegmentedCodeCache                       = true                                      {product} {ergonomic}
   size_t SoftMaxHeapSize                          = 2147483648                             {manageable} {ergonomic}
     bool UseCompressedClassPointers               = true                           {product lp64_product} {ergonomic}
     bool UseCompressedOops                        = true                           {product lp64_product} {ergonomic}
     bool UseG1GC                                  = true                                      {product} {ergonomic}
     bool UseLargePagesIndividualAllocation        = false                                  {pd product} {ergonomic}

Logging:
Log output configuration:
 #0: stdout all=warning uptime,level,tags
 #1: stderr all=off uptime,level,tags

Environment Variables:
JAVA_HOME=C:\Program Files\Java\jdk-18.0.2.1
PATH=C:\Program Files\Common Files\Oracle\Java\javapath;C:\Program Files (x86)\Common Files\Oracle\Java\javapath;C:\WINDOWS\system32;C:\WINDOWS;C:\WINDOWS\System32\Wbem;C:\WINDOWS\System32\WindowsPowerShell\v1.0\;C:\WINDOWS\System32\OpenSSH\;C:\Program Files\nodejs\;C:\ProgramData\chocolatey\bin;C:\Program Files\Git\cmd;C:\Program Files\GitHub CLI\;C:\Program Files\Docker\Docker\resources\bin;C:\Program Files\kotlinc\bin;"C:\Program Files\Java\jdk-18.0.2.1\bin;";C:\Users\fdeba\AppData\Local\Programs\Python\Python311;C:\Users\fdeba\AppData\Local\Programs\Python\Python311\Scripts;C:\Users\fdeba\scoop\apps\pscale\0.144.0;C:\Gradle\bin;C:\Program Files (x86)\Yarn\bin\;C:\Program Files\dotnet\;C:\platform-tools\adb.exe;C:\Users\fdeba\scoop\shims;C:\Users\fdeba\AppData\Local\Microsoft\WindowsApps;C:\Users\fdeba\AppData\Roaming\npm;C:\Users\fdeba\AppData\Local\Programs\Microsoft VS Code\bin;C:\tools\dart-sdk\bin;C:\Users\fdeba\AppData\Roaming\Pub\Cache\bin;C:\Users\fdeba\AppData\Local\JetBrains\Toolbox\scripts;C:\Program Files\PostgreSQL\15\bin;C:\Program Files\kotlinc\bin;"C:\Program Files\Java\jdk-18.0.2.1\bin;";C:\Users\fdeba\AppData\Local\Programs\Python\Python311\Scripts;C:\Users\fdeba\AppData\Local\Programs\Python\Python311;C:\Users\fdeba\scoop\apps\pscale\0.144.0;C:\Users\fdeba\AppData\Local\Yarn\bin;C:\Users\fdeba\.dotnet\tools;C:\platform-tools\adb.exe;
USERNAME=fdeba
OS=Windows_NT
PROCESSOR_IDENTIFIER=Intel64 Family 6 Model 140 Stepping 2, GenuineIntel
TMP=C:\Users\fdeba\AppData\Local\Temp
TEMP=C:\Users\fdeba\AppData\Local\Temp



---------------  S Y S T E M  ---------------

OS:
 Windows 11 , 64 bit Build 22621 (10.0.22621.1928)
OS uptime: 0 days 18:53 hours
Hyper-V role detected

CPU: total 4 (initial active 4) (2 cores per cpu, 2 threads per core) family 6 model 140 stepping 2 microcode 0x26, cx8, cmov, fxsr, ht, mmx, 3dnowpref, sse, sse2, sse3, ssse3, sse4.1, sse4.2, popcnt, lzcnt, tsc, tscinvbit, avx, avx2, aes, erms, clmul, bmi1, bmi2, adx, avx512f, avx512dq, avx512cd, avx512bw, avx512vl, sha, fma, vzeroupper, avx512_vpopcntdq, avx512_vpclmulqdq, avx512_vaes, avx512_vnni, clflush, clflushopt, clwb, avx512_vbmi2, avx512_vbmi, hv

Memory: 4k page, system-wide physical 3879M (246M free)
TotalPageFile size 15655M (AvailPageFile size 124M)
current process WorkingSet (physical memory assigned to process): 265M, peak: 298M
current process commit charge ("private bytes"): 367M, peak: 506M

vm_info: OpenJDK 64-Bit Server VM (17.0.6+0-b2043.56-9586694) for windows-amd64 JRE (17.0.6+0-b2043.56-9586694), built on Feb  9 2023 20:06:20 by "androidbuild" with MS VC++ 16.10 / 16.11 (VS2019)

END.
