#
# There is insufficient memory for the Java Runtime Environment to continue.
# Native memory allocation (malloc) failed to allocate 2005360 bytes for Chunk::new
# Possible reasons:
#   The system is out of physical RAM or swap space
#   The process is running with CompressedOops enabled, and the Java Heap may be blocking the growth of the native heap
# Possible solutions:
#   Reduce memory load on the system
#   Increase physical memory or swap space
#   Check if swap backing store is full
#   Decrease Java heap size (-Xmx/-Xms)
#   Decrease number of Java threads
#   Decrease Java thread stack sizes (-Xss)
#   Set larger code cache with -XX:ReservedCodeCacheSize=
#   JVM is running with Unscaled Compressed Oops mode in which the Java heap is
#     placed in the first 4GB address space. The Java Heap base address is the
#     maximum limit for the native heap growth. Please use -XX:HeapBaseMinAddress
#     to set the Java Heap base and to place the Java Heap above 4GB virtual address.
# This output file may be truncated or incomplete.
#
#  Out of Memory Error (arena.cpp:189), pid=14000, tid=1812
#
# JRE version: OpenJDK Runtime Environment (17.0.6) (build 17.0.6+0-b2043.56-9586694)
# Java VM: OpenJDK 64-Bit Server VM (17.0.6+0-b2043.56-9586694, mixed mode, tiered, compressed oops, compressed class ptrs, g1 gc, windows-amd64)
# No core dump will be written. Minidumps are not enabled by default on client versions of Windows
#

---------------  S U M M A R Y ------------

Command Line: --add-opens=java.base/java.util=ALL-UNNAMED --add-opens=java.base/java.lang=ALL-UNNAMED --add-opens=java.base/java.lang.invoke=ALL-UNNAMED --add-opens=java.prefs/java.util.prefs=ALL-UNNAMED --add-opens=java.base/java.nio.charset=ALL-UNNAMED --add-opens=java.base/java.net=ALL-UNNAMED --add-opens=java.base/java.util.concurrent.atomic=ALL-UNNAMED -Xmx2048m -Dfile.encoding=UTF-8 -Duser.country=BR -Duser.language=pt -Duser.variant org.gradle.launcher.daemon.bootstrap.GradleDaemon 8.0

Host: 11th Gen Intel(R) Core(TM) i3-1115G4 @ 3.00GHz, 4 cores, 3G,  Windows 11 , 64 bit Build 22621 (10.0.22621.1928)
Time: Wed Jul 12 17:26:30 2023 Hora oficial do Brasil elapsed time: 22.618619 seconds (0d 0h 0m 22s)

---------------  T H R E A D  ---------------

Current thread (0x000002bce30010f0):  JavaThread "C2 CompilerThread0" daemon [_thread_in_native, id=1812, stack(0x000000e268900000,0x000000e268a00000)]


Current CompileTask:
C2:  22618 9384       4       java.beans.Introspector::addMethod (196 bytes)

Stack: [0x000000e268900000,0x000000e268a00000]
Native frames: (J=compiled Java code, j=interpreted, Vv=VM code, C=native code)
V  [jvm.dll+0x683b4a]
V  [jvm.dll+0x842654]
V  [jvm.dll+0x843dfe]
V  [jvm.dll+0x844463]
V  [jvm.dll+0x249b75]
V  [jvm.dll+0xabcac]
V  [jvm.dll+0xac27c]
V  [jvm.dll+0x368857]
V  [jvm.dll+0x1bced2]
V  [jvm.dll+0x21c359]
V  [jvm.dll+0x21b621]
V  [jvm.dll+0x1a4fdd]
V  [jvm.dll+0x22b098]
V  [jvm.dll+0x229159]
V  [jvm.dll+0x7f809c]
V  [jvm.dll+0x7f25fa]
V  [jvm.dll+0x682985]
C  [ucrtbase.dll+0x29363]
C  [KERNEL32.DLL+0x126ad]
C  [ntdll.dll+0x5aa68]


---------------  P R O C E S S  ---------------

Threads class SMR info:
_java_thread_list=0x000002bce789b860, length=86, elements={
0x000002bcc70a9c70, 0x000002bce2587180, 0x000002bce2588820, 0x000002bce25e3130,
0x000002bce25a36d0, 0x000002bce25a5fa0, 0x000002bce25a6860, 0x000002bce30010f0,
0x000002bce3004a10, 0x000002bce301fbc0, 0x000002bce319b020, 0x000002bce319b4f0,
0x000002bce3c93970, 0x000002bce43a3b80, 0x000002bce4584630, 0x000002bce474cd80,
0x000002bce474d250, 0x000002bce54aeef0, 0x000002bce49729c0, 0x000002bce496e970,
0x000002bce496f310, 0x000002bce496f7e0, 0x000002bce496fcb0, 0x000002bce4970b20,
0x000002bce4970ff0, 0x000002bce4971e60, 0x000002bce496e4a0, 0x000002bce4970180,
0x000002bce4970650, 0x000002bce49714c0, 0x000002bce496ee40, 0x000002bce79ed620,
0x000002bce79ecc80, 0x000002bce79e8920, 0x000002bce79edaf0, 0x000002bce79edfc0,
0x000002bce79e8df0, 0x000002bce79ec2e0, 0x000002bce79e6c40, 0x000002bce79e7110,
0x000002bce79e75e0, 0x000002bce79e8450, 0x000002bce79e7ab0, 0x000002bce79e92c0,
0x000002bce79e9790, 0x000002bce79e9c60, 0x000002bce79ea130, 0x000002bce79ea600,
0x000002bce79eaad0, 0x000002bce79eafa0, 0x000002bce79ebe10, 0x000002bce79eb470,
0x000002bce79eb940, 0x000002bce79ec7b0, 0x000002bce7fac880, 0x000002bce7facd50,
0x000002bce7fad6f0, 0x000002bce7fa8520, 0x000002bce7fabee0, 0x000002bce7fad220,
0x000002bce7fa89f0, 0x000002bce7fa8ec0, 0x000002bce7fae560, 0x000002bce7fa8050,
0x000002bce7fadbc0, 0x000002bce7fae090, 0x000002bce7fa9390, 0x000002bce7fab540,
0x000002bce7faba10, 0x000002bce7fab070, 0x000002bce7fac3b0, 0x000002bce7fa9860,
0x000002bce7faea30, 0x000002bce7faf3d0, 0x000002bce7fa9d30, 0x000002bce7faa200,
0x000002bce7faa6d0, 0x000002bce7faef00, 0x000002bce7fa7b80, 0x000002bce7eaaa20,
0x000002bce7ea8870, 0x000002bce7ea49e0, 0x000002bce7ea6b90, 0x000002bce7ea5850,
0x000002bce7ea96e0, 0x000002bce7eaaef0
}

Java Threads: ( => current thread )
  0x000002bcc70a9c70 JavaThread "main" [_thread_blocked, id=2624, stack(0x000000e267c00000,0x000000e267d00000)]
  0x000002bce2587180 JavaThread "Reference Handler" daemon [_thread_blocked, id=15080, stack(0x000000e268300000,0x000000e268400000)]
  0x000002bce2588820 JavaThread "Finalizer" daemon [_thread_blocked, id=4692, stack(0x000000e268400000,0x000000e268500000)]
  0x000002bce25e3130 JavaThread "Signal Dispatcher" daemon [_thread_blocked, id=11812, stack(0x000000e268500000,0x000000e268600000)]
  0x000002bce25a36d0 JavaThread "Attach Listener" daemon [_thread_blocked, id=13780, stack(0x000000e268600000,0x000000e268700000)]
  0x000002bce25a5fa0 JavaThread "Service Thread" daemon [_thread_blocked, id=5524, stack(0x000000e268700000,0x000000e268800000)]
  0x000002bce25a6860 JavaThread "Monitor Deflation Thread" daemon [_thread_blocked, id=9472, stack(0x000000e268800000,0x000000e268900000)]
=>0x000002bce30010f0 JavaThread "C2 CompilerThread0" daemon [_thread_in_native, id=1812, stack(0x000000e268900000,0x000000e268a00000)]
  0x000002bce3004a10 JavaThread "C1 CompilerThread0" daemon [_thread_blocked, id=17936, stack(0x000000e268a00000,0x000000e268b00000)]
  0x000002bce301fbc0 JavaThread "Sweeper thread" daemon [_thread_blocked, id=7436, stack(0x000000e268b00000,0x000000e268c00000)]
  0x000002bce319b020 JavaThread "Common-Cleaner" daemon [_thread_blocked, id=10644, stack(0x000000e268c00000,0x000000e268d00000)]
  0x000002bce319b4f0 JavaThread "Notification Thread" daemon [_thread_blocked, id=9112, stack(0x000000e268d00000,0x000000e268e00000)]
  0x000002bce3c93970 JavaThread "Daemon health stats" [_thread_blocked, id=15408, stack(0x000000e269200000,0x000000e269300000)]
  0x000002bce43a3b80 JavaThread "Incoming local TCP Connector on port 55661" [_thread_in_native, id=8084, stack(0x000000e269300000,0x000000e269400000)]
  0x000002bce4584630 JavaThread "Daemon periodic checks" [_thread_blocked, id=13316, stack(0x000000e269400000,0x000000e269500000)]
  0x000002bce474cd80 JavaThread "Daemon" [_thread_blocked, id=17256, stack(0x000000e269500000,0x000000e269600000)]
  0x000002bce474d250 JavaThread "Handler for socket connection from /127.0.0.1:55661 to /127.0.0.1:55662" [_thread_in_native, id=13144, stack(0x000000e269600000,0x000000e269700000)]
  0x000002bce54aeef0 JavaThread "Cancel handler" [_thread_blocked, id=10808, stack(0x000000e269700000,0x000000e269800000)]
  0x000002bce49729c0 JavaThread "Daemon worker" [_thread_in_vm, id=17516, stack(0x000000e269800000,0x000000e269900000)]
  0x000002bce496e970 JavaThread "Asynchronous log dispatcher for DefaultDaemonConnection: socket connection from /127.0.0.1:55661 to /127.0.0.1:55662" [_thread_blocked, id=7964, stack(0x000000e269900000,0x000000e269a00000)]
  0x000002bce496f310 JavaThread "Stdin handler" [_thread_blocked, id=18384, stack(0x000000e269a00000,0x000000e269b00000)]
  0x000002bce496f7e0 JavaThread "Daemon client event forwarder" [_thread_blocked, id=10244, stack(0x000000e269b00000,0x000000e269c00000)]
  0x000002bce496fcb0 JavaThread "Cache worker for journal cache (C:\Users\fdeba\.gradle\caches\journal-1)" [_thread_blocked, id=4104, stack(0x000000e269c00000,0x000000e269d00000)]
  0x000002bce4970b20 JavaThread "File lock request listener" [_thread_in_native, id=16868, stack(0x000000e269d00000,0x000000e269e00000)]
  0x000002bce4970ff0 JavaThread "Cache worker for file hash cache (C:\Users\fdeba\.gradle\caches\8.0\fileHashes)" [_thread_blocked, id=14600, stack(0x000000e269e00000,0x000000e269f00000)]
  0x000002bce4971e60 JavaThread "File watcher server" daemon [_thread_in_native, id=5600, stack(0x000000e269f00000,0x000000e26a000000)]
  0x000002bce496e4a0 JavaThread "File watcher consumer" daemon [_thread_blocked, id=15316, stack(0x000000e26a000000,0x000000e26a100000)]
  0x000002bce4970180 JavaThread "jar transforms" [_thread_blocked, id=13912, stack(0x000000e26a100000,0x000000e26a200000)]
  0x000002bce4970650 JavaThread "jar transforms Thread 2" [_thread_blocked, id=18348, stack(0x000000e26a200000,0x000000e26a300000)]
  0x000002bce49714c0 JavaThread "jar transforms Thread 3" [_thread_blocked, id=11168, stack(0x000000e26a300000,0x000000e26a400000)]
  0x000002bce496ee40 JavaThread "jar transforms Thread 4" [_thread_blocked, id=10740, stack(0x000000e26a400000,0x000000e26a500000)]
  0x000002bce79ed620 JavaThread "Cache worker for checksums cache (C:\Users\fdeba\OneDrive\Documentos\ifsul\4i\tcc\ObjectFinderIFSul\.gradle\8.0\checksums)" [_thread_blocked, id=11508, stack(0x000000e26a500000,0x000000e26a600000)]
  0x000002bce79ecc80 JavaThread "Cache worker for cache directory md-rule (C:\Users\fdeba\.gradle\caches\8.0\md-rule)" [_thread_blocked, id=12496, stack(0x000000e26a600000,0x000000e26a700000)]
  0x000002bce79e8920 JavaThread "Cache worker for file content cache (C:\Users\fdeba\.gradle\caches\8.0\fileContent)" [_thread_blocked, id=8824, stack(0x000000e26a700000,0x000000e26a800000)]
  0x000002bce79edaf0 JavaThread "Cache worker for file hash cache (C:\Users\fdeba\OneDrive\Documentos\ifsul\4i\tcc\ObjectFinderIFSul\.gradle\8.0\fileHashes)" [_thread_blocked, id=5704, stack(0x000000e26a800000,0x000000e26a900000)]
  0x000002bce79edfc0 JavaThread "Cache worker for cache directory md-supplier (C:\Users\fdeba\.gradle\caches\8.0\md-supplier)" [_thread_blocked, id=18068, stack(0x000000e26a900000,0x000000e26aa00000)]
  0x000002bce79e8df0 JavaThread "Cache worker for execution history cache (C:\Users\fdeba\.gradle\caches\8.0\executionHistory)" [_thread_blocked, id=12852, stack(0x000000e26aa00000,0x000000e26ab00000)]
  0x000002bce79ec2e0 JavaThread "Cache worker for dependencies-accessors (C:\Users\fdeba\OneDrive\Documentos\ifsul\4i\tcc\ObjectFinderIFSul\.gradle\8.0\dependencies-accessors)" [_thread_blocked, id=2264, stack(0x000000e26ab00000,0x000000e26ac00000)]
  0x000002bce79e6c40 JavaThread "Cache worker for Build Output Cleanup Cache (C:\Users\fdeba\OneDrive\Documentos\ifsul\4i\tcc\ObjectFinderIFSul\.gradle\buildOutputCleanup)" [_thread_blocked, id=9836, stack(0x000000e26ac00000,0x000000e26ad00000)]
  0x000002bce79e7110 JavaThread "Unconstrained build operations" [_thread_blocked, id=7628, stack(0x000000e26ad00000,0x000000e26ae00000)]
  0x000002bce79e75e0 JavaThread "Unconstrained build operations Thread 2" [_thread_blocked, id=12916, stack(0x000000e26ae00000,0x000000e26af00000)]
  0x000002bce79e8450 JavaThread "Unconstrained build operations Thread 3" [_thread_blocked, id=4328, stack(0x000000e26af00000,0x000000e26b000000)]
  0x000002bce79e7ab0 JavaThread "Unconstrained build operations Thread 4" [_thread_blocked, id=14920, stack(0x000000e26b000000,0x000000e26b100000)]
  0x000002bce79e92c0 JavaThread "Unconstrained build operations Thread 5" [_thread_blocked, id=9956, stack(0x000000e26b100000,0x000000e26b200000)]
  0x000002bce79e9790 JavaThread "Unconstrained build operations Thread 6" [_thread_blocked, id=17704, stack(0x000000e26b200000,0x000000e26b300000)]
  0x000002bce79e9c60 JavaThread "Unconstrained build operations Thread 7" [_thread_blocked, id=17932, stack(0x000000e26b300000,0x000000e26b400000)]
  0x000002bce79ea130 JavaThread "Unconstrained build operations Thread 8" [_thread_blocked, id=12228, stack(0x000000e26b400000,0x000000e26b500000)]
  0x000002bce79ea600 JavaThread "Unconstrained build operations Thread 9" [_thread_blocked, id=10868, stack(0x000000e26b500000,0x000000e26b600000)]
  0x000002bce79eaad0 JavaThread "Unconstrained build operations Thread 10" [_thread_blocked, id=13796, stack(0x000000e26b600000,0x000000e26b700000)]
  0x000002bce79eafa0 JavaThread "Unconstrained build operations Thread 11" [_thread_blocked, id=18040, stack(0x000000e26b700000,0x000000e26b800000)]
  0x000002bce79ebe10 JavaThread "Unconstrained build operations Thread 12" [_thread_blocked, id=16992, stack(0x000000e26b800000,0x000000e26b900000)]
  0x000002bce79eb470 JavaThread "Unconstrained build operations Thread 13" [_thread_blocked, id=16516, stack(0x000000e26b900000,0x000000e26ba00000)]
  0x000002bce79eb940 JavaThread "Unconstrained build operations Thread 14" [_thread_blocked, id=7984, stack(0x000000e26ba00000,0x000000e26bb00000)]
  0x000002bce79ec7b0 JavaThread "Unconstrained build operations Thread 15" [_thread_blocked, id=1568, stack(0x000000e26bb00000,0x000000e26bc00000)]
  0x000002bce7fac880 JavaThread "Unconstrained build operations Thread 16" [_thread_blocked, id=9420, stack(0x000000e26bc00000,0x000000e26bd00000)]
  0x000002bce7facd50 JavaThread "Unconstrained build operations Thread 17" [_thread_blocked, id=4468, stack(0x000000e26bd00000,0x000000e26be00000)]
  0x000002bce7fad6f0 JavaThread "Unconstrained build operations Thread 18" [_thread_blocked, id=11024, stack(0x000000e26be00000,0x000000e26bf00000)]
  0x000002bce7fa8520 JavaThread "Unconstrained build operations Thread 19" [_thread_blocked, id=13436, stack(0x000000e26bf00000,0x000000e26c000000)]
  0x000002bce7fabee0 JavaThread "Unconstrained build operations Thread 20" [_thread_blocked, id=10520, stack(0x000000e26c000000,0x000000e26c100000)]
  0x000002bce7fad220 JavaThread "Unconstrained build operations Thread 21" [_thread_blocked, id=1256, stack(0x000000e26c100000,0x000000e26c200000)]
  0x000002bce7fa89f0 JavaThread "Unconstrained build operations Thread 22" [_thread_blocked, id=12840, stack(0x000000e26c200000,0x000000e26c300000)]
  0x000002bce7fa8ec0 JavaThread "Unconstrained build operations Thread 23" [_thread_blocked, id=2072, stack(0x000000e26c300000,0x000000e26c400000)]
  0x000002bce7fae560 JavaThread "Unconstrained build operations Thread 24" [_thread_blocked, id=1640, stack(0x000000e26c400000,0x000000e26c500000)]
  0x000002bce7fa8050 JavaThread "Unconstrained build operations Thread 25" [_thread_blocked, id=13868, stack(0x000000e26c500000,0x000000e26c600000)]
  0x000002bce7fadbc0 JavaThread "Unconstrained build operations Thread 26" [_thread_blocked, id=14588, stack(0x000000e26c600000,0x000000e26c700000)]
  0x000002bce7fae090 JavaThread "Unconstrained build operations Thread 27" [_thread_blocked, id=11888, stack(0x000000e26c700000,0x000000e26c800000)]
  0x000002bce7fa9390 JavaThread "Unconstrained build operations Thread 28" [_thread_blocked, id=12064, stack(0x000000e26c800000,0x000000e26c900000)]
  0x000002bce7fab540 JavaThread "Unconstrained build operations Thread 29" [_thread_blocked, id=2552, stack(0x000000e26c900000,0x000000e26ca00000)]
  0x000002bce7faba10 JavaThread "Unconstrained build operations Thread 30" [_thread_blocked, id=4620, stack(0x000000e26ca00000,0x000000e26cb00000)]
  0x000002bce7fab070 JavaThread "Unconstrained build operations Thread 31" [_thread_blocked, id=9320, stack(0x000000e26cb00000,0x000000e26cc00000)]
  0x000002bce7fac3b0 JavaThread "Unconstrained build operations Thread 32" [_thread_blocked, id=3428, stack(0x000000e26cc00000,0x000000e26cd00000)]
  0x000002bce7fa9860 JavaThread "Unconstrained build operations Thread 33" [_thread_blocked, id=8668, stack(0x000000e26cd00000,0x000000e26ce00000)]
  0x000002bce7faea30 JavaThread "Unconstrained build operations Thread 34" [_thread_blocked, id=768, stack(0x000000e26ce00000,0x000000e26cf00000)]
  0x000002bce7faf3d0 JavaThread "Unconstrained build operations Thread 35" [_thread_blocked, id=6020, stack(0x000000e26cf00000,0x000000e26d000000)]
  0x000002bce7fa9d30 JavaThread "Unconstrained build operations Thread 36" [_thread_blocked, id=10536, stack(0x000000e26d000000,0x000000e26d100000)]
  0x000002bce7faa200 JavaThread "Unconstrained build operations Thread 37" [_thread_blocked, id=6268, stack(0x000000e26d100000,0x000000e26d200000)]
  0x000002bce7faa6d0 JavaThread "Unconstrained build operations Thread 38" [_thread_blocked, id=8692, stack(0x000000e26d200000,0x000000e26d300000)]
  0x000002bce7faef00 JavaThread "Unconstrained build operations Thread 39" [_thread_blocked, id=13560, stack(0x000000e26d300000,0x000000e26d400000)]
  0x000002bce7fa7b80 JavaThread "Unconstrained build operations Thread 40" [_thread_blocked, id=11276, stack(0x000000e26d400000,0x000000e26d500000)]
  0x000002bce7eaaa20 JavaThread "Memory manager" [_thread_blocked, id=5356, stack(0x000000e26d500000,0x000000e26d600000)]
  0x000002bce7ea8870 JavaThread "included builds" [_thread_blocked, id=14548, stack(0x000000e26d600000,0x000000e26d700000)]
  0x000002bce7ea49e0 JavaThread "Execution worker" [_thread_blocked, id=13232, stack(0x000000e26d700000,0x000000e26d800000)]
  0x000002bce7ea6b90 JavaThread "Execution worker Thread 2" [_thread_blocked, id=13056, stack(0x000000e26d800000,0x000000e26d900000)]
  0x000002bce7ea5850 JavaThread "Execution worker Thread 3" [_thread_blocked, id=4356, stack(0x000000e26d900000,0x000000e26da00000)]
  0x000002bce7ea96e0 JavaThread "Cache worker for execution history cache (C:\Users\fdeba\OneDrive\Documentos\ifsul\4i\tcc\ObjectFinderIFSul\.gradle\8.0\executionHistory)" [_thread_blocked, id=8368, stack(0x000000e26da00000,0x000000e26db00000)]
  0x000002bce7eaaef0 JavaThread "idea-tooling-model-converter" [_thread_blocked, id=2604, stack(0x000000e26db00000,0x000000e26dc00000)]

Other Threads:
  0x000002bce257e5b0 VMThread "VM Thread" [stack: 0x000000e268200000,0x000000e268300000] [id=364]
  0x000002bce319b9c0 WatcherThread [stack: 0x000000e268e00000,0x000000e268f00000] [id=2304]
  0x000002bcc71032a0 GCTaskThread "GC Thread#0" [stack: 0x000000e267d00000,0x000000e267e00000] [id=15700]
  0x000002bce35d19e0 GCTaskThread "GC Thread#1" [stack: 0x000000e268f00000,0x000000e269000000] [id=15320]
  0x000002bce34b6d50 GCTaskThread "GC Thread#2" [stack: 0x000000e269000000,0x000000e269100000] [id=6652]
  0x000002bce3cb46e0 GCTaskThread "GC Thread#3" [stack: 0x000000e269100000,0x000000e269200000] [id=16568]
  0x000002bcc7114ae0 ConcurrentGCThread "G1 Main Marker" [stack: 0x000000e267e00000,0x000000e267f00000] [id=12604]
  0x000002bcc7116660 ConcurrentGCThread "G1 Conc#0" [stack: 0x000000e267f00000,0x000000e268000000] [id=14996]
  0x000002bcc71641a0 ConcurrentGCThread "G1 Refine#0" [stack: 0x000000e268000000,0x000000e268100000] [id=13252]
  0x000002bcc7165a70 ConcurrentGCThread "G1 Service" [stack: 0x000000e268100000,0x000000e268200000] [id=11032]

Threads with active compile tasks:
C2 CompilerThread0    22706 9384       4       java.beans.Introspector::addMethod (196 bytes)

VM state: not at safepoint (normal execution)

VM Mutex/Monitor currently owned by a thread: None

Heap address: 0x0000000080000000, size: 2048 MB, Compressed Oops mode: 32-bit

CDS archive(s) not mapped
Compressed class space mapped at: 0x0000000100000000-0x0000000140000000, reserved size: 1073741824
Narrow klass base: 0x0000000000000000, Narrow klass shift: 3, Narrow klass range: 0x140000000

GC Precious Log:
 CPUs: 4 total, 4 available
 Memory: 3879M
 Large Page Support: Disabled
 NUMA Support: Disabled
 Compressed Oops: Enabled (32-bit)
 Heap Region Size: 1M
 Heap Min Capacity: 8M
 Heap Initial Capacity: 62M
 Heap Max Capacity: 2G
 Pre-touch: Disabled
 Parallel Workers: 4
 Concurrent Workers: 1
 Concurrent Refinement Workers: 4
 Periodic GC: Disabled

Heap:
 garbage-first heap   total 289792K, used 241139K [0x0000000080000000, 0x0000000100000000)
  region size 1024K, 81 young (82944K), 1 survivors (1024K)
 Metaspace       used 87117K, committed 87808K, reserved 1130496K
  class space    used 11908K, committed 12224K, reserved 1048576K

Heap Regions: E=young(eden), S=young(survivor), O=old, HS=humongous(starts), HC=humongous(continues), CS=collection set, F=free, OA=open archive, CA=closed archive, TAMS=top-at-mark-start (previous, next)
|   0|0x0000000080000000, 0x0000000080100000, 0x0000000080100000|100%| O|  |TAMS 0x0000000080100000, 0x0000000080000000| Untracked 
|   1|0x0000000080100000, 0x0000000080200000, 0x0000000080200000|100%| O|  |TAMS 0x0000000080200000, 0x0000000080100000| Untracked 
|   2|0x0000000080200000, 0x0000000080300000, 0x0000000080300000|100%|HS|  |TAMS 0x0000000080300000, 0x0000000080200000| Complete 
|   3|0x0000000080300000, 0x0000000080400000, 0x0000000080400000|100%|HC|  |TAMS 0x0000000080400000, 0x0000000080300000| Complete 
|   4|0x0000000080400000, 0x0000000080500000, 0x0000000080500000|100%|HC|  |TAMS 0x0000000080500000, 0x0000000080400000| Complete 
|   5|0x0000000080500000, 0x0000000080600000, 0x0000000080600000|100%|HC|  |TAMS 0x0000000080600000, 0x0000000080500000| Complete 
|   6|0x0000000080600000, 0x0000000080700000, 0x0000000080700000|100%| O|  |TAMS 0x0000000080700000, 0x0000000080600000| Untracked 
|   7|0x0000000080700000, 0x0000000080800000, 0x0000000080800000|100%| O|  |TAMS 0x0000000080800000, 0x0000000080700000| Untracked 
|   8|0x0000000080800000, 0x0000000080900000, 0x0000000080900000|100%| O|  |TAMS 0x0000000080900000, 0x0000000080800000| Untracked 
|   9|0x0000000080900000, 0x0000000080a00000, 0x0000000080a00000|100%| O|  |TAMS 0x0000000080a00000, 0x0000000080900000| Untracked 
|  10|0x0000000080a00000, 0x0000000080b00000, 0x0000000080b00000|100%| O|  |TAMS 0x0000000080b00000, 0x0000000080a00000| Untracked 
|  11|0x0000000080b00000, 0x0000000080c00000, 0x0000000080c00000|100%| O|  |TAMS 0x0000000080c00000, 0x0000000080b00000| Untracked 
|  12|0x0000000080c00000, 0x0000000080d00000, 0x0000000080d00000|100%| O|  |TAMS 0x0000000080d00000, 0x0000000080c00000| Untracked 
|  13|0x0000000080d00000, 0x0000000080e00000, 0x0000000080e00000|100%| O|  |TAMS 0x0000000080e00000, 0x0000000080d00000| Untracked 
|  14|0x0000000080e00000, 0x0000000080f00000, 0x0000000080f00000|100%| O|  |TAMS 0x0000000080f00000, 0x0000000080e00000| Untracked 
|  15|0x0000000080f00000, 0x0000000081000000, 0x0000000081000000|100%| O|  |TAMS 0x0000000081000000, 0x0000000080f00000| Untracked 
|  16|0x0000000081000000, 0x0000000081100000, 0x0000000081100000|100%| O|  |TAMS 0x0000000081100000, 0x0000000081000000| Untracked 
|  17|0x0000000081100000, 0x0000000081200000, 0x0000000081200000|100%| O|  |TAMS 0x0000000081200000, 0x0000000081100000| Untracked 
|  18|0x0000000081200000, 0x0000000081300000, 0x0000000081300000|100%|HS|  |TAMS 0x0000000081300000, 0x0000000081200000| Complete 
|  19|0x0000000081300000, 0x0000000081400000, 0x0000000081400000|100%|HC|  |TAMS 0x0000000081400000, 0x0000000081300000| Complete 
|  20|0x0000000081400000, 0x0000000081500000, 0x0000000081500000|100%|HS|  |TAMS 0x0000000081500000, 0x0000000081400000| Complete 
|  21|0x0000000081500000, 0x0000000081600000, 0x0000000081600000|100%|HC|  |TAMS 0x0000000081600000, 0x0000000081500000| Complete 
|  22|0x0000000081600000, 0x0000000081700000, 0x0000000081700000|100%|HC|  |TAMS 0x0000000081700000, 0x0000000081600000| Complete 
|  23|0x0000000081700000, 0x0000000081800000, 0x0000000081800000|100%|HS|  |TAMS 0x0000000081800000, 0x0000000081700000| Complete 
|  24|0x0000000081800000, 0x0000000081900000, 0x0000000081900000|100%|HC|  |TAMS 0x0000000081900000, 0x0000000081800000| Complete 
|  25|0x0000000081900000, 0x0000000081a00000, 0x0000000081a00000|100%|HC|  |TAMS 0x0000000081a00000, 0x0000000081900000| Complete 
|  26|0x0000000081a00000, 0x0000000081b00000, 0x0000000081b00000|100%|HS|  |TAMS 0x0000000081b00000, 0x0000000081a00000| Complete 
|  27|0x0000000081b00000, 0x0000000081c00000, 0x0000000081c00000|100%|HC|  |TAMS 0x0000000081c00000, 0x0000000081b00000| Complete 
|  28|0x0000000081c00000, 0x0000000081d00000, 0x0000000081d00000|100%| O|  |TAMS 0x0000000081d00000, 0x0000000081c00000| Untracked 
|  29|0x0000000081d00000, 0x0000000081e00000, 0x0000000081e00000|100%| O|  |TAMS 0x0000000081e00000, 0x0000000081d00000| Untracked 
|  30|0x0000000081e00000, 0x0000000081f00000, 0x0000000081f00000|100%| O|  |TAMS 0x0000000081f00000, 0x0000000081e00000| Untracked 
|  31|0x0000000081f00000, 0x0000000082000000, 0x0000000082000000|100%|HS|  |TAMS 0x0000000081f00000, 0x0000000081f00000| Complete 
|  32|0x0000000082000000, 0x0000000082100000, 0x0000000082100000|100%| O|  |TAMS 0x0000000082100000, 0x0000000082000000| Untracked 
|  33|0x0000000082100000, 0x0000000082200000, 0x0000000082200000|100%|HS|  |TAMS 0x0000000082200000, 0x0000000082100000| Complete 
|  34|0x0000000082200000, 0x0000000082300000, 0x0000000082300000|100%| O|  |TAMS 0x0000000082300000, 0x0000000082200000| Untracked 
|  35|0x0000000082300000, 0x0000000082400000, 0x0000000082400000|100%| O|  |TAMS 0x0000000082400000, 0x0000000082300000| Untracked 
|  36|0x0000000082400000, 0x0000000082500000, 0x0000000082500000|100%|HS|  |TAMS 0x0000000082500000, 0x0000000082400000| Complete 
|  37|0x0000000082500000, 0x0000000082600000, 0x0000000082600000|100%|HC|  |TAMS 0x0000000082600000, 0x0000000082500000| Complete 
|  38|0x0000000082600000, 0x0000000082700000, 0x0000000082700000|100%|HC|  |TAMS 0x0000000082700000, 0x0000000082600000| Complete 
|  39|0x0000000082700000, 0x0000000082800000, 0x0000000082800000|100%|HC|  |TAMS 0x0000000082800000, 0x0000000082700000| Complete 
|  40|0x0000000082800000, 0x0000000082900000, 0x0000000082900000|100%|HC|  |TAMS 0x0000000082900000, 0x0000000082800000| Complete 
|  41|0x0000000082900000, 0x0000000082a00000, 0x0000000082a00000|100%|HC|  |TAMS 0x0000000082a00000, 0x0000000082900000| Complete 
|  42|0x0000000082a00000, 0x0000000082b00000, 0x0000000082b00000|100%|HS|  |TAMS 0x0000000082b00000, 0x0000000082a00000| Complete 
|  43|0x0000000082b00000, 0x0000000082c00000, 0x0000000082c00000|100%|HC|  |TAMS 0x0000000082c00000, 0x0000000082b00000| Complete 
|  44|0x0000000082c00000, 0x0000000082d00000, 0x0000000082d00000|100%|HC|  |TAMS 0x0000000082d00000, 0x0000000082c00000| Complete 
|  45|0x0000000082d00000, 0x0000000082e00000, 0x0000000082e00000|100%|HC|  |TAMS 0x0000000082e00000, 0x0000000082d00000| Complete 
|  46|0x0000000082e00000, 0x0000000082f00000, 0x0000000082f00000|100%|HC|  |TAMS 0x0000000082f00000, 0x0000000082e00000| Complete 
|  47|0x0000000082f00000, 0x0000000083000000, 0x0000000083000000|100%|HC|  |TAMS 0x0000000083000000, 0x0000000082f00000| Complete 
|  48|0x0000000083000000, 0x0000000083100000, 0x0000000083100000|100%|HC|  |TAMS 0x0000000083100000, 0x0000000083000000| Complete 
|  49|0x0000000083100000, 0x0000000083200000, 0x0000000083200000|100%|HC|  |TAMS 0x0000000083200000, 0x0000000083100000| Complete 
|  50|0x0000000083200000, 0x0000000083300000, 0x0000000083300000|100%|HC|  |TAMS 0x0000000083300000, 0x0000000083200000| Complete 
|  51|0x0000000083300000, 0x0000000083400000, 0x0000000083400000|100%|HC|  |TAMS 0x0000000083400000, 0x0000000083300000| Complete 
|  52|0x0000000083400000, 0x0000000083500000, 0x0000000083500000|100%|HS|  |TAMS 0x0000000083500000, 0x0000000083400000| Complete 
|  53|0x0000000083500000, 0x0000000083600000, 0x0000000083600000|100%|HC|  |TAMS 0x0000000083600000, 0x0000000083500000| Complete 
|  54|0x0000000083600000, 0x0000000083700000, 0x0000000083700000|100%| O|  |TAMS 0x0000000083700000, 0x0000000083600000| Untracked 
|  55|0x0000000083700000, 0x0000000083800000, 0x0000000083800000|100%| O|  |TAMS 0x0000000083800000, 0x0000000083700000| Untracked 
|  56|0x0000000083800000, 0x0000000083900000, 0x0000000083900000|100%| O|  |TAMS 0x0000000083900000, 0x0000000083800000| Untracked 
|  57|0x0000000083900000, 0x0000000083a00000, 0x0000000083a00000|100%| O|  |TAMS 0x0000000083a00000, 0x0000000083900000| Untracked 
|  58|0x0000000083a00000, 0x0000000083b00000, 0x0000000083b00000|100%| O|  |TAMS 0x0000000083b00000, 0x0000000083a00000| Untracked 
|  59|0x0000000083b00000, 0x0000000083c00000, 0x0000000083c00000|100%| O|  |TAMS 0x0000000083c00000, 0x0000000083b00000| Untracked 
|  60|0x0000000083c00000, 0x0000000083d00000, 0x0000000083d00000|100%| O|  |TAMS 0x0000000083d00000, 0x0000000083c00000| Untracked 
|  61|0x0000000083d00000, 0x0000000083e00000, 0x0000000083e00000|100%| O|  |TAMS 0x0000000083e00000, 0x0000000083d00000| Untracked 
|  62|0x0000000083e00000, 0x0000000083f00000, 0x0000000083f00000|100%| O|  |TAMS 0x0000000083f00000, 0x0000000083e00000| Untracked 
|  63|0x0000000083f00000, 0x0000000084000000, 0x0000000084000000|100%| O|  |TAMS 0x0000000084000000, 0x0000000083f00000| Untracked 
|  64|0x0000000084000000, 0x0000000084100000, 0x0000000084100000|100%| O|  |TAMS 0x0000000084100000, 0x0000000084000000| Untracked 
|  65|0x0000000084100000, 0x0000000084200000, 0x0000000084200000|100%|HS|  |TAMS 0x0000000084200000, 0x0000000084100000| Complete 
|  66|0x0000000084200000, 0x0000000084300000, 0x0000000084300000|100%|HC|  |TAMS 0x0000000084300000, 0x0000000084200000| Complete 
|  67|0x0000000084300000, 0x0000000084400000, 0x0000000084400000|100%|HC|  |TAMS 0x0000000084400000, 0x0000000084300000| Complete 
|  68|0x0000000084400000, 0x0000000084500000, 0x0000000084500000|100%|HC|  |TAMS 0x0000000084500000, 0x0000000084400000| Complete 
|  69|0x0000000084500000, 0x0000000084600000, 0x0000000084600000|100%|HC|  |TAMS 0x0000000084600000, 0x0000000084500000| Complete 
|  70|0x0000000084600000, 0x0000000084700000, 0x0000000084700000|100%|HC|  |TAMS 0x0000000084700000, 0x0000000084600000| Complete 
|  71|0x0000000084700000, 0x0000000084800000, 0x0000000084800000|100%|HC|  |TAMS 0x0000000084800000, 0x0000000084700000| Complete 
|  72|0x0000000084800000, 0x0000000084900000, 0x0000000084900000|100%|HC|  |TAMS 0x0000000084900000, 0x0000000084800000| Complete 
|  73|0x0000000084900000, 0x0000000084a00000, 0x0000000084a00000|100%|HC|  |TAMS 0x0000000084a00000, 0x0000000084900000| Complete 
|  74|0x0000000084a00000, 0x0000000084b00000, 0x0000000084b00000|100%|HC|  |TAMS 0x0000000084b00000, 0x0000000084a00000| Complete 
|  75|0x0000000084b00000, 0x0000000084c00000, 0x0000000084c00000|100%|HC|  |TAMS 0x0000000084c00000, 0x0000000084b00000| Complete 
|  76|0x0000000084c00000, 0x0000000084d00000, 0x0000000084d00000|100%|HS|  |TAMS 0x0000000084d00000, 0x0000000084c00000| Complete 
|  77|0x0000000084d00000, 0x0000000084e00000, 0x0000000084e00000|100%|HC|  |TAMS 0x0000000084e00000, 0x0000000084d00000| Complete 
|  78|0x0000000084e00000, 0x0000000084f00000, 0x0000000084f00000|100%|HS|  |TAMS 0x0000000084f00000, 0x0000000084e00000| Complete 
|  79|0x0000000084f00000, 0x0000000085000000, 0x0000000085000000|100%|HC|  |TAMS 0x0000000085000000, 0x0000000084f00000| Complete 
|  80|0x0000000085000000, 0x0000000085100000, 0x0000000085100000|100%|HC|  |TAMS 0x0000000085100000, 0x0000000085000000| Complete 
|  81|0x0000000085100000, 0x0000000085200000, 0x0000000085200000|100%|HS|  |TAMS 0x0000000085200000, 0x0000000085100000| Complete 
|  82|0x0000000085200000, 0x0000000085300000, 0x0000000085300000|100%|HC|  |TAMS 0x0000000085300000, 0x0000000085200000| Complete 
|  83|0x0000000085300000, 0x0000000085400000, 0x0000000085400000|100%|HS|  |TAMS 0x0000000085400000, 0x0000000085300000| Complete 
|  84|0x0000000085400000, 0x0000000085500000, 0x0000000085500000|100%|HC|  |TAMS 0x0000000085500000, 0x0000000085400000| Complete 
|  85|0x0000000085500000, 0x0000000085600000, 0x0000000085600000|100%|HC|  |TAMS 0x0000000085600000, 0x0000000085500000| Complete 
|  86|0x0000000085600000, 0x0000000085700000, 0x0000000085700000|100%| O|  |TAMS 0x0000000085700000, 0x0000000085600000| Untracked 
|  87|0x0000000085700000, 0x0000000085800000, 0x0000000085800000|100%| O|  |TAMS 0x0000000085800000, 0x0000000085700000| Untracked 
|  88|0x0000000085800000, 0x0000000085900000, 0x0000000085900000|100%| O|  |TAMS 0x0000000085900000, 0x0000000085800000| Untracked 
|  89|0x0000000085900000, 0x0000000085a00000, 0x0000000085a00000|100%| O|  |TAMS 0x0000000085a00000, 0x0000000085900000| Untracked 
|  90|0x0000000085a00000, 0x0000000085b00000, 0x0000000085b00000|100%| O|  |TAMS 0x0000000085b00000, 0x0000000085a00000| Untracked 
|  91|0x0000000085b00000, 0x0000000085c00000, 0x0000000085c00000|100%| O|  |TAMS 0x0000000085c00000, 0x0000000085b00000| Untracked 
|  92|0x0000000085c00000, 0x0000000085d00000, 0x0000000085d00000|100%|HS|  |TAMS 0x0000000085d00000, 0x0000000085c00000| Complete 
|  93|0x0000000085d00000, 0x0000000085e00000, 0x0000000085e00000|100%|HC|  |TAMS 0x0000000085e00000, 0x0000000085d00000| Complete 
|  94|0x0000000085e00000, 0x0000000085f00000, 0x0000000085f00000|100%|HC|  |TAMS 0x0000000085f00000, 0x0000000085e00000| Complete 
|  95|0x0000000085f00000, 0x0000000086000000, 0x0000000086000000|100%|HC|  |TAMS 0x0000000086000000, 0x0000000085f00000| Complete 
|  96|0x0000000086000000, 0x0000000086100000, 0x0000000086100000|100%|HC|  |TAMS 0x0000000086100000, 0x0000000086000000| Complete 
|  97|0x0000000086100000, 0x0000000086200000, 0x0000000086200000|100%|HC|  |TAMS 0x0000000086200000, 0x0000000086100000| Complete 
|  98|0x0000000086200000, 0x0000000086300000, 0x0000000086300000|100%|HS|  |TAMS 0x0000000086300000, 0x0000000086200000| Complete 
|  99|0x0000000086300000, 0x0000000086400000, 0x0000000086400000|100%| O|  |TAMS 0x0000000086400000, 0x0000000086300000| Untracked 
| 100|0x0000000086400000, 0x0000000086500000, 0x0000000086500000|100%| O|  |TAMS 0x0000000086500000, 0x0000000086400000| Untracked 
| 101|0x0000000086500000, 0x0000000086600000, 0x0000000086600000|100%| O|  |TAMS 0x0000000086600000, 0x0000000086500000| Untracked 
| 102|0x0000000086600000, 0x0000000086700000, 0x0000000086700000|100%| O|  |TAMS 0x0000000086700000, 0x0000000086600000| Untracked 
| 103|0x0000000086700000, 0x0000000086800000, 0x0000000086800000|100%|HS|  |TAMS 0x0000000086800000, 0x0000000086700000| Complete 
| 104|0x0000000086800000, 0x0000000086900000, 0x0000000086900000|100%| O|  |TAMS 0x0000000086900000, 0x0000000086800000| Untracked 
| 105|0x0000000086900000, 0x0000000086a00000, 0x0000000086a00000|100%| O|  |TAMS 0x0000000086a00000, 0x0000000086900000| Untracked 
| 106|0x0000000086a00000, 0x0000000086b00000, 0x0000000086b00000|100%| O|  |TAMS 0x0000000086b00000, 0x0000000086a00000| Untracked 
| 107|0x0000000086b00000, 0x0000000086c00000, 0x0000000086c00000|100%|HS|  |TAMS 0x0000000086c00000, 0x0000000086b00000| Complete 
| 108|0x0000000086c00000, 0x0000000086d00000, 0x0000000086d00000|100%| O|  |TAMS 0x0000000086d00000, 0x0000000086c00000| Untracked 
| 109|0x0000000086d00000, 0x0000000086e00000, 0x0000000086e00000|100%| O|  |TAMS 0x0000000086e00000, 0x0000000086d00000| Untracked 
| 110|0x0000000086e00000, 0x0000000086f00000, 0x0000000086f00000|100%| O|  |TAMS 0x0000000086f00000, 0x0000000086e00000| Untracked 
| 111|0x0000000086f00000, 0x0000000087000000, 0x0000000087000000|100%| O|  |TAMS 0x0000000086f00000, 0x0000000086f00000| Untracked 
| 112|0x0000000087000000, 0x0000000087100000, 0x0000000087100000|100%| O|  |TAMS 0x0000000087100000, 0x0000000087000000| Untracked 
| 113|0x0000000087100000, 0x0000000087200000, 0x0000000087200000|100%| O|  |TAMS 0x0000000087200000, 0x0000000087100000| Untracked 
| 114|0x0000000087200000, 0x0000000087300000, 0x0000000087300000|100%| O|  |TAMS 0x0000000087300000, 0x0000000087200000| Untracked 
| 115|0x0000000087300000, 0x0000000087400000, 0x0000000087400000|100%| O|  |TAMS 0x0000000087400000, 0x0000000087300000| Untracked 
| 116|0x0000000087400000, 0x0000000087500000, 0x0000000087500000|100%| O|  |TAMS 0x0000000087500000, 0x0000000087400000| Untracked 
| 117|0x0000000087500000, 0x0000000087600000, 0x0000000087600000|100%| O|  |TAMS 0x0000000087600000, 0x0000000087500000| Untracked 
| 118|0x0000000087600000, 0x0000000087700000, 0x0000000087700000|100%| O|  |TAMS 0x0000000087700000, 0x0000000087600000| Untracked 
| 119|0x0000000087700000, 0x0000000087800000, 0x0000000087800000|100%| O|  |TAMS 0x0000000087800000, 0x0000000087700000| Untracked 
| 120|0x0000000087800000, 0x0000000087900000, 0x0000000087900000|100%| O|  |TAMS 0x0000000087827800, 0x0000000087800000| Untracked 
| 121|0x0000000087900000, 0x0000000087a00000, 0x0000000087a00000|100%| O|  |TAMS 0x0000000087900000, 0x0000000087900000| Untracked 
| 122|0x0000000087a00000, 0x0000000087b00000, 0x0000000087b00000|100%| O|  |TAMS 0x0000000087b00000, 0x0000000087a00000| Untracked 
| 123|0x0000000087b00000, 0x0000000087c00000, 0x0000000087c00000|100%| O|  |TAMS 0x0000000087b00000, 0x0000000087b00000| Untracked 
| 124|0x0000000087c00000, 0x0000000087d00000, 0x0000000087d00000|100%| O|  |TAMS 0x0000000087c00000, 0x0000000087c00000| Untracked 
| 125|0x0000000087d00000, 0x0000000087e00000, 0x0000000087e00000|100%| O|  |TAMS 0x0000000087d00000, 0x0000000087d00000| Untracked 
| 126|0x0000000087e00000, 0x0000000087f00000, 0x0000000087f00000|100%| O|  |TAMS 0x0000000087e00000, 0x0000000087e00000| Untracked 
| 127|0x0000000087f00000, 0x0000000088000000, 0x0000000088000000|100%| O|  |TAMS 0x0000000087f00000, 0x0000000087f00000| Untracked 
| 128|0x0000000088000000, 0x000000008807ce00, 0x0000000088100000| 48%| O|  |TAMS 0x0000000088000000, 0x0000000088000000| Untracked 
| 129|0x0000000088100000, 0x0000000088200000, 0x0000000088200000|100%|HS|  |TAMS 0x0000000088100000, 0x0000000088100000| Complete 
| 130|0x0000000088200000, 0x0000000088300000, 0x0000000088300000|100%|HC|  |TAMS 0x0000000088200000, 0x0000000088200000| Complete 
| 131|0x0000000088300000, 0x0000000088400000, 0x0000000088400000|100%|HS|  |TAMS 0x0000000088300000, 0x0000000088300000| Complete 
| 132|0x0000000088400000, 0x0000000088500000, 0x0000000088500000|100%|HC|  |TAMS 0x0000000088400000, 0x0000000088400000| Complete 
| 133|0x0000000088500000, 0x0000000088600000, 0x0000000088600000|100%|HC|  |TAMS 0x0000000088500000, 0x0000000088500000| Complete 
| 134|0x0000000088600000, 0x0000000088700000, 0x0000000088700000|100%|HS|  |TAMS 0x0000000088600000, 0x0000000088600000| Complete 
| 135|0x0000000088700000, 0x0000000088800000, 0x0000000088800000|100%|HC|  |TAMS 0x0000000088700000, 0x0000000088700000| Complete 
| 136|0x0000000088800000, 0x0000000088900000, 0x0000000088900000|100%|HC|  |TAMS 0x0000000088800000, 0x0000000088800000| Complete 
| 137|0x0000000088900000, 0x0000000088a00000, 0x0000000088a00000|100%|HS|  |TAMS 0x0000000088900000, 0x0000000088900000| Complete 
| 138|0x0000000088a00000, 0x0000000088b00000, 0x0000000088b00000|100%|HC|  |TAMS 0x0000000088a00000, 0x0000000088a00000| Complete 
| 139|0x0000000088b00000, 0x0000000088c00000, 0x0000000088c00000|100%|HS|  |TAMS 0x0000000088b00000, 0x0000000088b00000| Complete 
| 140|0x0000000088c00000, 0x0000000088d00000, 0x0000000088d00000|100%|HC|  |TAMS 0x0000000088c00000, 0x0000000088c00000| Complete 
| 141|0x0000000088d00000, 0x0000000088e00000, 0x0000000088e00000|100%|HC|  |TAMS 0x0000000088d00000, 0x0000000088d00000| Complete 
| 142|0x0000000088e00000, 0x0000000088f00000, 0x0000000088f00000|100%|HC|  |TAMS 0x0000000088e00000, 0x0000000088e00000| Complete 
| 143|0x0000000088f00000, 0x0000000089000000, 0x0000000089000000|100%|HC|  |TAMS 0x0000000088f00000, 0x0000000088f00000| Complete 
| 144|0x0000000089000000, 0x0000000089100000, 0x0000000089100000|100%|HC|  |TAMS 0x0000000089000000, 0x0000000089000000| Complete 
| 145|0x0000000089100000, 0x0000000089200000, 0x0000000089200000|100%|HS|  |TAMS 0x0000000089100000, 0x0000000089100000| Complete 
| 146|0x0000000089200000, 0x0000000089300000, 0x0000000089300000|100%|HC|  |TAMS 0x0000000089200000, 0x0000000089200000| Complete 
| 147|0x0000000089300000, 0x0000000089400000, 0x0000000089400000|100%|HC|  |TAMS 0x0000000089300000, 0x0000000089300000| Complete 
| 148|0x0000000089400000, 0x0000000089500000, 0x0000000089500000|100%|HC|  |TAMS 0x0000000089400000, 0x0000000089400000| Complete 
| 149|0x0000000089500000, 0x0000000089600000, 0x0000000089600000|100%|HC|  |TAMS 0x0000000089500000, 0x0000000089500000| Complete 
| 150|0x0000000089600000, 0x0000000089700000, 0x0000000089700000|100%|HC|  |TAMS 0x0000000089600000, 0x0000000089600000| Complete 
| 151|0x0000000089700000, 0x0000000089800000, 0x0000000089800000|100%|HC|  |TAMS 0x0000000089700000, 0x0000000089700000| Complete 
| 152|0x0000000089800000, 0x0000000089900000, 0x0000000089900000|100%|HC|  |TAMS 0x0000000089800000, 0x0000000089800000| Complete 
| 153|0x0000000089900000, 0x0000000089a00000, 0x0000000089a00000|100%|HC|  |TAMS 0x0000000089900000, 0x0000000089900000| Complete 
| 154|0x0000000089a00000, 0x0000000089b00000, 0x0000000089b00000|100%|HC|  |TAMS 0x0000000089a00000, 0x0000000089a00000| Complete 
| 155|0x0000000089b00000, 0x0000000089c00000, 0x0000000089c00000|100%|HS|  |TAMS 0x0000000089b00000, 0x0000000089b00000| Complete 
| 156|0x0000000089c00000, 0x0000000089d00000, 0x0000000089d00000|100%|HC|  |TAMS 0x0000000089c00000, 0x0000000089c00000| Complete 
| 157|0x0000000089d00000, 0x0000000089d00000, 0x0000000089e00000|  0%| F|  |TAMS 0x0000000089d00000, 0x0000000089d00000| Untracked 
| 158|0x0000000089e00000, 0x0000000089e00000, 0x0000000089f00000|  0%| F|  |TAMS 0x0000000089e00000, 0x0000000089e00000| Untracked 
| 159|0x0000000089f00000, 0x0000000089f00000, 0x000000008a000000|  0%| F|  |TAMS 0x0000000089f00000, 0x0000000089f00000| Untracked 
| 160|0x000000008a000000, 0x000000008a000000, 0x000000008a100000|  0%| F|  |TAMS 0x000000008a000000, 0x000000008a000000| Untracked 
| 161|0x000000008a100000, 0x000000008a100000, 0x000000008a200000|  0%| F|  |TAMS 0x000000008a100000, 0x000000008a100000| Untracked 
| 162|0x000000008a200000, 0x000000008a200000, 0x000000008a300000|  0%| F|  |TAMS 0x000000008a200000, 0x000000008a200000| Untracked 
| 163|0x000000008a300000, 0x000000008a300000, 0x000000008a400000|  0%| F|  |TAMS 0x000000008a300000, 0x000000008a300000| Untracked 
| 164|0x000000008a400000, 0x000000008a400000, 0x000000008a500000|  0%| F|  |TAMS 0x000000008a400000, 0x000000008a400000| Untracked 
| 165|0x000000008a500000, 0x000000008a500000, 0x000000008a600000|  0%| F|  |TAMS 0x000000008a500000, 0x000000008a500000| Untracked 
| 166|0x000000008a600000, 0x000000008a600000, 0x000000008a700000|  0%| F|  |TAMS 0x000000008a600000, 0x000000008a600000| Untracked 
| 167|0x000000008a700000, 0x000000008a700000, 0x000000008a800000|  0%| F|  |TAMS 0x000000008a700000, 0x000000008a700000| Untracked 
| 168|0x000000008a800000, 0x000000008a800000, 0x000000008a900000|  0%| F|  |TAMS 0x000000008a800000, 0x000000008a800000| Untracked 
| 169|0x000000008a900000, 0x000000008a900000, 0x000000008aa00000|  0%| F|  |TAMS 0x000000008a900000, 0x000000008a900000| Untracked 
| 170|0x000000008aa00000, 0x000000008aa00000, 0x000000008ab00000|  0%| F|  |TAMS 0x000000008aa00000, 0x000000008aa00000| Untracked 
| 171|0x000000008ab00000, 0x000000008ab00000, 0x000000008ac00000|  0%| F|  |TAMS 0x000000008ab00000, 0x000000008ab00000| Untracked 
| 172|0x000000008ac00000, 0x000000008ac00000, 0x000000008ad00000|  0%| F|  |TAMS 0x000000008ac00000, 0x000000008ac00000| Untracked 
| 173|0x000000008ad00000, 0x000000008ad00000, 0x000000008ae00000|  0%| F|  |TAMS 0x000000008ad00000, 0x000000008ad00000| Untracked 
| 174|0x000000008ae00000, 0x000000008ae00000, 0x000000008af00000|  0%| F|  |TAMS 0x000000008ae00000, 0x000000008ae00000| Untracked 
| 175|0x000000008af00000, 0x000000008af00000, 0x000000008b000000|  0%| F|  |TAMS 0x000000008af00000, 0x000000008af00000| Untracked 
| 176|0x000000008b000000, 0x000000008b000000, 0x000000008b100000|  0%| F|  |TAMS 0x000000008b000000, 0x000000008b000000| Untracked 
| 177|0x000000008b100000, 0x000000008b100000, 0x000000008b200000|  0%| F|  |TAMS 0x000000008b100000, 0x000000008b100000| Untracked 
| 178|0x000000008b200000, 0x000000008b200000, 0x000000008b300000|  0%| F|  |TAMS 0x000000008b200000, 0x000000008b200000| Untracked 
| 179|0x000000008b300000, 0x000000008b300000, 0x000000008b400000|  0%| F|  |TAMS 0x000000008b300000, 0x000000008b300000| Untracked 
| 180|0x000000008b400000, 0x000000008b400000, 0x000000008b500000|  0%| F|  |TAMS 0x000000008b400000, 0x000000008b400000| Untracked 
| 181|0x000000008b500000, 0x000000008b500000, 0x000000008b600000|  0%| F|  |TAMS 0x000000008b500000, 0x000000008b500000| Untracked 
| 182|0x000000008b600000, 0x000000008b600000, 0x000000008b700000|  0%| F|  |TAMS 0x000000008b600000, 0x000000008b600000| Untracked 
| 183|0x000000008b700000, 0x000000008b700000, 0x000000008b800000|  0%| F|  |TAMS 0x000000008b700000, 0x000000008b700000| Untracked 
| 184|0x000000008b800000, 0x000000008b800000, 0x000000008b900000|  0%| F|  |TAMS 0x000000008b800000, 0x000000008b800000| Untracked 
| 185|0x000000008b900000, 0x000000008b900000, 0x000000008ba00000|  0%| F|  |TAMS 0x000000008b900000, 0x000000008b900000| Untracked 
| 186|0x000000008ba00000, 0x000000008ba00000, 0x000000008bb00000|  0%| F|  |TAMS 0x000000008ba00000, 0x000000008ba00000| Untracked 
| 187|0x000000008bb00000, 0x000000008bb00000, 0x000000008bc00000|  0%| F|  |TAMS 0x000000008bb00000, 0x000000008bb00000| Untracked 
| 188|0x000000008bc00000, 0x000000008bc00000, 0x000000008bd00000|  0%| F|  |TAMS 0x000000008bc00000, 0x000000008bc00000| Untracked 
| 189|0x000000008bd00000, 0x000000008bd00000, 0x000000008be00000|  0%| F|  |TAMS 0x000000008bd00000, 0x000000008bd00000| Untracked 
| 190|0x000000008be00000, 0x000000008be00000, 0x000000008bf00000|  0%| F|  |TAMS 0x000000008be00000, 0x000000008be00000| Untracked 
| 191|0x000000008bf00000, 0x000000008bf00000, 0x000000008c000000|  0%| F|  |TAMS 0x000000008bf00000, 0x000000008bf00000| Untracked 
| 192|0x000000008c000000, 0x000000008c000000, 0x000000008c100000|  0%| F|  |TAMS 0x000000008c000000, 0x000000008c000000| Untracked 
| 193|0x000000008c100000, 0x000000008c100000, 0x000000008c200000|  0%| F|  |TAMS 0x000000008c100000, 0x000000008c100000| Untracked 
| 194|0x000000008c200000, 0x000000008c200000, 0x000000008c300000|  0%| F|  |TAMS 0x000000008c200000, 0x000000008c200000| Untracked 
| 195|0x000000008c300000, 0x000000008c300000, 0x000000008c400000|  0%| F|  |TAMS 0x000000008c300000, 0x000000008c300000| Untracked 
| 196|0x000000008c400000, 0x000000008c400000, 0x000000008c500000|  0%| F|  |TAMS 0x000000008c400000, 0x000000008c400000| Untracked 
| 197|0x000000008c500000, 0x000000008c500000, 0x000000008c600000|  0%| F|  |TAMS 0x000000008c500000, 0x000000008c500000| Untracked 
| 198|0x000000008c600000, 0x000000008c600000, 0x000000008c700000|  0%| F|  |TAMS 0x000000008c600000, 0x000000008c600000| Untracked 
| 199|0x000000008c700000, 0x000000008c700000, 0x000000008c800000|  0%| F|  |TAMS 0x000000008c700000, 0x000000008c700000| Untracked 
| 200|0x000000008c800000, 0x000000008c800000, 0x000000008c900000|  0%| F|  |TAMS 0x000000008c800000, 0x000000008c800000| Untracked 
| 201|0x000000008c900000, 0x000000008c980c10, 0x000000008ca00000| 50%| E|  |TAMS 0x000000008c900000, 0x000000008c900000| Complete 
| 202|0x000000008ca00000, 0x000000008cb00000, 0x000000008cb00000|100%| E|CS|TAMS 0x000000008ca00000, 0x000000008ca00000| Complete 
| 203|0x000000008cb00000, 0x000000008cc00000, 0x000000008cc00000|100%| E|CS|TAMS 0x000000008cb00000, 0x000000008cb00000| Complete 
| 204|0x000000008cc00000, 0x000000008cd00000, 0x000000008cd00000|100%| E|CS|TAMS 0x000000008cc00000, 0x000000008cc00000| Complete 
| 205|0x000000008cd00000, 0x000000008ce00000, 0x000000008ce00000|100%| E|CS|TAMS 0x000000008cd00000, 0x000000008cd00000| Complete 
| 206|0x000000008ce00000, 0x000000008cf00000, 0x000000008cf00000|100%| E|CS|TAMS 0x000000008ce00000, 0x000000008ce00000| Complete 
| 207|0x000000008cf00000, 0x000000008d000000, 0x000000008d000000|100%| E|CS|TAMS 0x000000008cf00000, 0x000000008cf00000| Complete 
| 208|0x000000008d000000, 0x000000008d100000, 0x000000008d100000|100%| E|CS|TAMS 0x000000008d000000, 0x000000008d000000| Complete 
| 209|0x000000008d100000, 0x000000008d200000, 0x000000008d200000|100%| E|CS|TAMS 0x000000008d100000, 0x000000008d100000| Complete 
| 210|0x000000008d200000, 0x000000008d300000, 0x000000008d300000|100%| E|CS|TAMS 0x000000008d200000, 0x000000008d200000| Complete 
| 211|0x000000008d300000, 0x000000008d400000, 0x000000008d400000|100%| E|CS|TAMS 0x000000008d300000, 0x000000008d300000| Complete 
| 212|0x000000008d400000, 0x000000008d500000, 0x000000008d500000|100%| E|CS|TAMS 0x000000008d400000, 0x000000008d400000| Complete 
| 213|0x000000008d500000, 0x000000008d600000, 0x000000008d600000|100%| E|CS|TAMS 0x000000008d500000, 0x000000008d500000| Complete 
| 214|0x000000008d600000, 0x000000008d700000, 0x000000008d700000|100%| E|CS|TAMS 0x000000008d600000, 0x000000008d600000| Complete 
| 215|0x000000008d700000, 0x000000008d800000, 0x000000008d800000|100%| E|CS|TAMS 0x000000008d700000, 0x000000008d700000| Complete 
| 216|0x000000008d800000, 0x000000008d900000, 0x000000008d900000|100%| E|CS|TAMS 0x000000008d800000, 0x000000008d800000| Complete 
| 217|0x000000008d900000, 0x000000008da00000, 0x000000008da00000|100%| E|CS|TAMS 0x000000008d900000, 0x000000008d900000| Complete 
| 218|0x000000008da00000, 0x000000008db00000, 0x000000008db00000|100%| E|CS|TAMS 0x000000008da00000, 0x000000008da00000| Complete 
| 219|0x000000008db00000, 0x000000008dc00000, 0x000000008dc00000|100%| E|CS|TAMS 0x000000008db00000, 0x000000008db00000| Complete 
| 220|0x000000008dc00000, 0x000000008dd00000, 0x000000008dd00000|100%| E|CS|TAMS 0x000000008dc00000, 0x000000008dc00000| Complete 
| 221|0x000000008dd00000, 0x000000008de00000, 0x000000008de00000|100%| E|CS|TAMS 0x000000008dd00000, 0x000000008dd00000| Complete 
| 222|0x000000008de00000, 0x000000008df00000, 0x000000008df00000|100%| E|CS|TAMS 0x000000008de00000, 0x000000008de00000| Complete 
| 223|0x000000008df00000, 0x000000008e000000, 0x000000008e000000|100%| E|CS|TAMS 0x000000008df00000, 0x000000008df00000| Complete 
| 224|0x000000008e000000, 0x000000008e100000, 0x000000008e100000|100%| E|CS|TAMS 0x000000008e000000, 0x000000008e000000| Complete 
| 225|0x000000008e100000, 0x000000008e200000, 0x000000008e200000|100%| E|CS|TAMS 0x000000008e100000, 0x000000008e100000| Complete 
| 226|0x000000008e200000, 0x000000008e300000, 0x000000008e300000|100%| E|CS|TAMS 0x000000008e200000, 0x000000008e200000| Complete 
| 227|0x000000008e300000, 0x000000008e400000, 0x000000008e400000|100%| E|CS|TAMS 0x000000008e300000, 0x000000008e300000| Complete 
| 228|0x000000008e400000, 0x000000008e500000, 0x000000008e500000|100%| E|CS|TAMS 0x000000008e400000, 0x000000008e400000| Complete 
| 229|0x000000008e500000, 0x000000008e600000, 0x000000008e600000|100%| E|CS|TAMS 0x000000008e500000, 0x000000008e500000| Complete 
| 230|0x000000008e600000, 0x000000008e700000, 0x000000008e700000|100%| E|CS|TAMS 0x000000008e600000, 0x000000008e600000| Complete 
| 231|0x000000008e700000, 0x000000008e800000, 0x000000008e800000|100%| E|CS|TAMS 0x000000008e700000, 0x000000008e700000| Complete 
| 232|0x000000008e800000, 0x000000008e900000, 0x000000008e900000|100%| E|CS|TAMS 0x000000008e800000, 0x000000008e800000| Complete 
| 233|0x000000008e900000, 0x000000008ea00000, 0x000000008ea00000|100%| E|CS|TAMS 0x000000008e900000, 0x000000008e900000| Complete 
| 234|0x000000008ea00000, 0x000000008eb00000, 0x000000008eb00000|100%| E|CS|TAMS 0x000000008ea00000, 0x000000008ea00000| Complete 
| 235|0x000000008eb00000, 0x000000008ec00000, 0x000000008ec00000|100%| E|CS|TAMS 0x000000008eb00000, 0x000000008eb00000| Complete 
| 236|0x000000008ec00000, 0x000000008ed00000, 0x000000008ed00000|100%| E|CS|TAMS 0x000000008ec00000, 0x000000008ec00000| Complete 
| 237|0x000000008ed00000, 0x000000008ee00000, 0x000000008ee00000|100%| E|CS|TAMS 0x000000008ed00000, 0x000000008ed00000| Complete 
| 238|0x000000008ee00000, 0x000000008ef00000, 0x000000008ef00000|100%| E|CS|TAMS 0x000000008ee00000, 0x000000008ee00000| Complete 
| 239|0x000000008ef00000, 0x000000008f000000, 0x000000008f000000|100%| E|CS|TAMS 0x000000008ef00000, 0x000000008ef00000| Complete 
| 240|0x000000008f000000, 0x000000008f100000, 0x000000008f100000|100%| E|CS|TAMS 0x000000008f000000, 0x000000008f000000| Complete 
| 241|0x000000008f100000, 0x000000008f200000, 0x000000008f200000|100%| E|CS|TAMS 0x000000008f100000, 0x000000008f100000| Complete 
| 242|0x000000008f200000, 0x000000008f300000, 0x000000008f300000|100%| E|CS|TAMS 0x000000008f200000, 0x000000008f200000| Complete 
| 243|0x000000008f300000, 0x000000008f400000, 0x000000008f400000|100%| E|CS|TAMS 0x000000008f300000, 0x000000008f300000| Complete 
| 244|0x000000008f400000, 0x000000008f500000, 0x000000008f500000|100%| E|CS|TAMS 0x000000008f400000, 0x000000008f400000| Complete 
| 245|0x000000008f500000, 0x000000008f600000, 0x000000008f600000|100%| E|CS|TAMS 0x000000008f500000, 0x000000008f500000| Complete 
| 246|0x000000008f600000, 0x000000008f700000, 0x000000008f700000|100%| E|CS|TAMS 0x000000008f600000, 0x000000008f600000| Complete 
| 247|0x000000008f700000, 0x000000008f800000, 0x000000008f800000|100%| E|CS|TAMS 0x000000008f700000, 0x000000008f700000| Complete 
| 248|0x000000008f800000, 0x000000008f900000, 0x000000008f900000|100%| E|CS|TAMS 0x000000008f800000, 0x000000008f800000| Complete 
| 249|0x000000008f900000, 0x000000008fa00000, 0x000000008fa00000|100%| E|CS|TAMS 0x000000008f900000, 0x000000008f900000| Complete 
| 250|0x000000008fa00000, 0x000000008fb00000, 0x000000008fb00000|100%| E|CS|TAMS 0x000000008fa00000, 0x000000008fa00000| Complete 
| 251|0x000000008fb00000, 0x000000008fc00000, 0x000000008fc00000|100%| E|CS|TAMS 0x000000008fb00000, 0x000000008fb00000| Complete 
| 252|0x000000008fc00000, 0x000000008fd00000, 0x000000008fd00000|100%| E|CS|TAMS 0x000000008fc00000, 0x000000008fc00000| Complete 
| 253|0x000000008fd00000, 0x000000008fe00000, 0x000000008fe00000|100%| E|CS|TAMS 0x000000008fd00000, 0x000000008fd00000| Complete 
| 254|0x000000008fe00000, 0x000000008ff00000, 0x000000008ff00000|100%| E|CS|TAMS 0x000000008fe00000, 0x000000008fe00000| Complete 
| 255|0x000000008ff00000, 0x0000000090000000, 0x0000000090000000|100%| E|  |TAMS 0x000000008ff00000, 0x000000008ff00000| Complete 
| 256|0x0000000090000000, 0x0000000090100000, 0x0000000090100000|100%| E|CS|TAMS 0x0000000090000000, 0x0000000090000000| Complete 
| 257|0x0000000090100000, 0x0000000090200000, 0x0000000090200000|100%| E|CS|TAMS 0x0000000090100000, 0x0000000090100000| Complete 
| 258|0x0000000090200000, 0x0000000090300000, 0x0000000090300000|100%| E|CS|TAMS 0x0000000090200000, 0x0000000090200000| Complete 
| 259|0x0000000090300000, 0x0000000090400000, 0x0000000090400000|100%| E|CS|TAMS 0x0000000090300000, 0x0000000090300000| Complete 
| 260|0x0000000090400000, 0x0000000090500000, 0x0000000090500000|100%| E|CS|TAMS 0x0000000090400000, 0x0000000090400000| Complete 
| 261|0x0000000090500000, 0x0000000090600000, 0x0000000090600000|100%| E|CS|TAMS 0x0000000090500000, 0x0000000090500000| Complete 
| 262|0x0000000090600000, 0x0000000090700000, 0x0000000090700000|100%| E|CS|TAMS 0x0000000090600000, 0x0000000090600000| Complete 
| 263|0x0000000090700000, 0x0000000090800000, 0x0000000090800000|100%| E|CS|TAMS 0x0000000090700000, 0x0000000090700000| Complete 
| 264|0x0000000090800000, 0x0000000090900000, 0x0000000090900000|100%| E|CS|TAMS 0x0000000090800000, 0x0000000090800000| Complete 
| 265|0x0000000090900000, 0x0000000090a00000, 0x0000000090a00000|100%| E|CS|TAMS 0x0000000090900000, 0x0000000090900000| Complete 
| 266|0x0000000090a00000, 0x0000000090b00000, 0x0000000090b00000|100%| E|CS|TAMS 0x0000000090a00000, 0x0000000090a00000| Complete 
| 267|0x0000000090b00000, 0x0000000090c00000, 0x0000000090c00000|100%| E|CS|TAMS 0x0000000090b00000, 0x0000000090b00000| Complete 
| 268|0x0000000090c00000, 0x0000000090d00000, 0x0000000090d00000|100%| E|CS|TAMS 0x0000000090c00000, 0x0000000090c00000| Complete 
| 269|0x0000000090d00000, 0x0000000090e00000, 0x0000000090e00000|100%| E|CS|TAMS 0x0000000090d00000, 0x0000000090d00000| Complete 
| 270|0x0000000090e00000, 0x0000000090f00000, 0x0000000090f00000|100%| E|CS|TAMS 0x0000000090e00000, 0x0000000090e00000| Complete 
| 271|0x0000000090f00000, 0x0000000091000000, 0x0000000091000000|100%| E|CS|TAMS 0x0000000090f00000, 0x0000000090f00000| Complete 
| 272|0x0000000091000000, 0x0000000091100000, 0x0000000091100000|100%| E|CS|TAMS 0x0000000091000000, 0x0000000091000000| Complete 
| 273|0x0000000091100000, 0x0000000091200000, 0x0000000091200000|100%| E|CS|TAMS 0x0000000091100000, 0x0000000091100000| Complete 
| 274|0x0000000091200000, 0x0000000091300000, 0x0000000091300000|100%| E|CS|TAMS 0x0000000091200000, 0x0000000091200000| Complete 
| 275|0x0000000091300000, 0x0000000091400000, 0x0000000091400000|100%| E|CS|TAMS 0x0000000091300000, 0x0000000091300000| Complete 
| 276|0x0000000091400000, 0x0000000091500000, 0x0000000091500000|100%| S|CS|TAMS 0x0000000091400000, 0x0000000091400000| Complete 
| 277|0x0000000091500000, 0x0000000091600000, 0x0000000091600000|100%| E|CS|TAMS 0x0000000091500000, 0x0000000091500000| Complete 
| 278|0x0000000091600000, 0x0000000091700000, 0x0000000091700000|100%| E|CS|TAMS 0x0000000091600000, 0x0000000091600000| Complete 
| 279|0x0000000091700000, 0x0000000091800000, 0x0000000091800000|100%| E|CS|TAMS 0x0000000091700000, 0x0000000091700000| Complete 
| 280|0x0000000091800000, 0x0000000091900000, 0x0000000091900000|100%| E|CS|TAMS 0x0000000091800000, 0x0000000091800000| Complete 
| 281|0x0000000091900000, 0x0000000091a00000, 0x0000000091a00000|100%| E|CS|TAMS 0x0000000091900000, 0x0000000091900000| Complete 
| 282|0x0000000091a00000, 0x0000000091b00000, 0x0000000091b00000|100%| E|CS|TAMS 0x0000000091a00000, 0x0000000091a00000| Complete 

Card table byte_map: [0x000002bcdb760000,0x000002bcdbb60000] _byte_map_base: 0x000002bcdb360000

Marking Bits (Prev, Next): (CMBitMap*) 0x000002bcc71038b0, (CMBitMap*) 0x000002bcc71038f0
 Prev Bits: [0x000002bcdbf60000, 0x000002bcddf60000)
 Next Bits: [0x000002bcddf60000, 0x000002bcdff60000)

Polling page: 0x000002bcc6f40000

Metaspace:

Usage:
  Non-class:     73.51 MB used.
      Class:     11.64 MB used.
       Both:     85.15 MB used.

Virtual space:
  Non-class space:       80.00 MB reserved,      73.88 MB ( 92%) committed,  10 nodes.
      Class space:        1.00 GB reserved,      12.00 MB (  1%) committed,  1 nodes.
             Both:        1.08 GB reserved,      85.88 MB (  8%) committed. 

Chunk freelists:
   Non-Class:  1.78 MB
       Class:  48.00 KB
        Both:  1.83 MB

MaxMetaspaceSize: unlimited
CompressedClassSpaceSize: 1.00 GB
Initial GC threshold: 21.00 MB
Current GC threshold: 123.56 MB
CDS: off
MetaspaceReclaimPolicy: balanced
 - commit_granule_bytes: 65536.
 - commit_granule_words: 8192.
 - virtual_space_node_default_size: 1048576.
 - enlarge_chunks_in_place: 1.
 - new_chunks_are_fully_committed: 0.
 - uncommit_free_chunks: 1.
 - use_allocation_guard: 0.
 - handle_deallocations: 1.


Internal statistics:

num_allocs_failed_limit: 3.
num_arena_births: 852.
num_arena_deaths: 2.
num_vsnodes_births: 11.
num_vsnodes_deaths: 0.
num_space_committed: 1374.
num_space_uncommitted: 0.
num_chunks_returned_to_freelist: 6.
num_chunks_taken_from_freelist: 4034.
num_chunk_merges: 3.
num_chunk_splits: 2662.
num_chunks_enlarged: 1799.
num_purges: 2.
num_inconsistent_stats: 0.

CodeHeap 'non-profiled nmethods': size=120000Kb used=4516Kb max_used=4516Kb free=115483Kb
 bounds [0x000002bcd3810000, 0x000002bcd3c80000, 0x000002bcdad40000]
CodeHeap 'profiled nmethods': size=120000Kb used=16628Kb max_used=16628Kb free=103371Kb
 bounds [0x000002bccbd40000, 0x000002bcccd80000, 0x000002bcd3270000]
CodeHeap 'non-nmethods': size=5760Kb used=2392Kb max_used=2429Kb free=3367Kb
 bounds [0x000002bcd3270000, 0x000002bcd34e0000, 0x000002bcd3810000]
 total_blobs=9584 nmethods=8666 adapters=830
 compilation: enabled
              stopped_count=0, restarted_count=0
 full_count=0

Compilation events (20 events):
Event: 22.549 Thread 0x000002bce3004a10 9505       2       org.gradle.tooling.internal.provider.runner.ClientBuildEventGenerator::finished (128 bytes)
Event: 22.550 Thread 0x000002bce3004a10 nmethod 9505 0x000002bcccd65d10 code [0x000002bcccd65f60, 0x000002bcccd66408]
Event: 22.550 Thread 0x000002bce3004a10 9503       2       groovy.lang.MetaClassImpl::getNormalMethodWithCaching (93 bytes)
Event: 22.550 Thread 0x000002bce3004a10 nmethod 9503 0x000002bcccd66690 code [0x000002bcccd66860, 0x000002bcccd66ca8]
Event: 22.550 Thread 0x000002bce3004a10 9504       2       org.codehaus.groovy.runtime.InvokerHelper::asArray (29 bytes)
Event: 22.550 Thread 0x000002bce3004a10 nmethod 9504 0x000002bcccd66e90 code [0x000002bcccd67040, 0x000002bcccd67358]
Event: 22.550 Thread 0x000002bce3004a10 9506       2       org.gradle.internal.classloader.CachingClassLoader::equals (33 bytes)
Event: 22.551 Thread 0x000002bce3004a10 nmethod 9506 0x000002bcccd67490 code [0x000002bcccd67640, 0x000002bcccd67848]
Event: 22.551 Thread 0x000002bce3004a10 9507       2       groovy.lang.MetaClassImpl::getMetaMethod (74 bytes)
Event: 22.552 Thread 0x000002bce3004a10 nmethod 9507 0x000002bcccd67910 code [0x000002bcccd67ae0, 0x000002bcccd67da8]
Event: 22.552 Thread 0x000002bce3004a10 9508       2       org.codehaus.groovy.runtime.InvokerHelper::invokePojoMethod (18 bytes)
Event: 22.552 Thread 0x000002bce3004a10 nmethod 9508 0x000002bcccd67f10 code [0x000002bcccd68140, 0x000002bcccd68768]
Event: 22.552 Thread 0x000002bce3004a10 9509       2       java.util.ArrayList::remove (76 bytes)
Event: 22.553 Thread 0x000002bce3004a10 nmethod 9509 0x000002bcccd68b10 code [0x000002bcccd68ce0, 0x000002bcccd68fd8]
Event: 22.553 Thread 0x000002bce3004a10 9510       2       org.gradle.tooling.internal.adapter.MethodInvocation::setResult (11 bytes)
Event: 22.553 Thread 0x000002bce3004a10 nmethod 9510 0x000002bcccd69190 code [0x000002bcccd69320, 0x000002bcccd69478]
Event: 22.554 Thread 0x000002bce3004a10 9511       1       java.nio.DirectByteBuffer::isReadOnly (2 bytes)
Event: 22.554 Thread 0x000002bce3004a10 nmethod 9511 0x000002bcd3c77190 code [0x000002bcd3c77320, 0x000002bcd3c773f8]
Event: 22.555 Thread 0x000002bce3004a10 9512       1       org.gradle.internal.serialize.Serializers$StatefulSerializerAdapter::access$000 (5 bytes)
Event: 22.555 Thread 0x000002bce3004a10 nmethod 9512 0x000002bcd3c77490 code [0x000002bcd3c77620, 0x000002bcd3c776d8]

GC Heap History (20 events):
Event: 15.118 GC heap before
{Heap before GC invocations=42 (full 0):
 garbage-first heap   total 193536K, used 118402K [0x0000000080000000, 0x0000000100000000)
  region size 1024K, 9 young (9216K), 4 survivors (4096K)
 Metaspace       used 60127K, committed 60736K, reserved 1105920K
  class space    used 8064K, committed 8320K, reserved 1048576K
}
Event: 15.124 GC heap after
{Heap after GC invocations=43 (full 0):
 garbage-first heap   total 193536K, used 115617K [0x0000000080000000, 0x0000000100000000)
  region size 1024K, 2 young (2048K), 2 survivors (2048K)
 Metaspace       used 60127K, committed 60736K, reserved 1105920K
  class space    used 8064K, committed 8320K, reserved 1048576K
}
Event: 15.131 GC heap before
{Heap before GC invocations=43 (full 0):
 garbage-first heap   total 193536K, used 116641K [0x0000000080000000, 0x0000000100000000)
  region size 1024K, 4 young (4096K), 2 survivors (2048K)
 Metaspace       used 60127K, committed 60736K, reserved 1105920K
  class space    used 8064K, committed 8320K, reserved 1048576K
}
Event: 15.133 GC heap after
{Heap after GC invocations=44 (full 0):
 garbage-first heap   total 193536K, used 116865K [0x0000000080000000, 0x0000000100000000)
  region size 1024K, 4 young (4096K), 4 survivors (4096K)
 Metaspace       used 60127K, committed 60736K, reserved 1105920K
  class space    used 8064K, committed 8320K, reserved 1048576K
}
Event: 15.724 GC heap before
{Heap before GC invocations=45 (full 0):
 garbage-first heap   total 201728K, used 140417K [0x0000000080000000, 0x0000000100000000)
  region size 1024K, 27 young (27648K), 4 survivors (4096K)
 Metaspace       used 62906K, committed 63488K, reserved 1105920K
  class space    used 8449K, committed 8704K, reserved 1048576K
}
Event: 15.727 GC heap after
{Heap after GC invocations=46 (full 0):
 garbage-first heap   total 201728K, used 118635K [0x0000000080000000, 0x0000000100000000)
  region size 1024K, 3 young (3072K), 3 survivors (3072K)
 Metaspace       used 62906K, committed 63488K, reserved 1105920K
  class space    used 8449K, committed 8704K, reserved 1048576K
}
Event: 15.824 GC heap before
{Heap before GC invocations=46 (full 0):
 garbage-first heap   total 201728K, used 124779K [0x0000000080000000, 0x0000000100000000)
  region size 1024K, 9 young (9216K), 3 survivors (3072K)
 Metaspace       used 63901K, committed 64512K, reserved 1105920K
  class space    used 8554K, committed 8832K, reserved 1048576K
}
Event: 15.829 GC heap after
{Heap after GC invocations=47 (full 0):
 garbage-first heap   total 201728K, used 118596K [0x0000000080000000, 0x0000000100000000)
  region size 1024K, 1 young (1024K), 1 survivors (1024K)
 Metaspace       used 63901K, committed 64512K, reserved 1105920K
  class space    used 8554K, committed 8832K, reserved 1048576K
}
Event: 16.360 GC heap before
{Heap before GC invocations=47 (full 0):
 garbage-first heap   total 201728K, used 146244K [0x0000000080000000, 0x0000000100000000)
  region size 1024K, 28 young (28672K), 1 survivors (1024K)
 Metaspace       used 68532K, committed 69120K, reserved 1114112K
  class space    used 9195K, committed 9472K, reserved 1048576K
}
Event: 16.363 GC heap after
{Heap after GC invocations=48 (full 0):
 garbage-first heap   total 201728K, used 119848K [0x0000000080000000, 0x0000000100000000)
  region size 1024K, 2 young (2048K), 2 survivors (2048K)
 Metaspace       used 68532K, committed 69120K, reserved 1114112K
  class space    used 9195K, committed 9472K, reserved 1048576K
}
Event: 16.725 GC heap before
{Heap before GC invocations=49 (full 0):
 garbage-first heap   total 206848K, used 155688K [0x0000000080000000, 0x0000000100000000)
  region size 1024K, 31 young (31744K), 2 survivors (2048K)
 Metaspace       used 71568K, committed 72192K, reserved 1114112K
  class space    used 9565K, committed 9856K, reserved 1048576K
}
Event: 16.731 GC heap after
{Heap after GC invocations=50 (full 0):
 garbage-first heap   total 206848K, used 123358K [0x0000000080000000, 0x0000000100000000)
  region size 1024K, 4 young (4096K), 4 survivors (4096K)
 Metaspace       used 71568K, committed 72192K, reserved 1114112K
  class space    used 9565K, committed 9856K, reserved 1048576K
}
Event: 16.804 GC heap before
{Heap before GC invocations=50 (full 0):
 garbage-first heap   total 206848K, used 129502K [0x0000000080000000, 0x0000000100000000)
  region size 1024K, 10 young (10240K), 4 survivors (4096K)
 Metaspace       used 72101K, committed 72704K, reserved 1114112K
  class space    used 9639K, committed 9920K, reserved 1048576K
}
Event: 16.810 GC heap after
{Heap after GC invocations=51 (full 0):
 garbage-first heap   total 206848K, used 123850K [0x0000000080000000, 0x0000000100000000)
  region size 1024K, 1 young (1024K), 1 survivors (1024K)
 Metaspace       used 72101K, committed 72704K, reserved 1114112K
  class space    used 9639K, committed 9920K, reserved 1048576K
}
Event: 17.363 GC heap before
{Heap before GC invocations=51 (full 0):
 garbage-first heap   total 206848K, used 157642K [0x0000000080000000, 0x0000000100000000)
  region size 1024K, 33 young (33792K), 1 survivors (1024K)
 Metaspace       used 75000K, committed 75712K, reserved 1114112K
  class space    used 10004K, committed 10304K, reserved 1048576K
}
Event: 17.370 GC heap after
{Heap after GC invocations=52 (full 0):
 garbage-first heap   total 289792K, used 125498K [0x0000000080000000, 0x0000000100000000)
  region size 1024K, 3 young (3072K), 3 survivors (3072K)
 Metaspace       used 75000K, committed 75712K, reserved 1114112K
  class space    used 10004K, committed 10304K, reserved 1048576K
}
Event: 19.700 GC heap before
{Heap before GC invocations=53 (full 0):
 garbage-first heap   total 289792K, used 202298K [0x0000000080000000, 0x0000000100000000)
  region size 1024K, 78 young (79872K), 3 survivors (3072K)
 Metaspace       used 79368K, committed 80000K, reserved 1122304K
  class space    used 10789K, committed 11072K, reserved 1048576K
}
Event: 19.714 GC heap after
{Heap after GC invocations=54 (full 0):
 garbage-first heap   total 289792K, used 130614K [0x0000000080000000, 0x0000000100000000)
  region size 1024K, 8 young (8192K), 8 survivors (8192K)
 Metaspace       used 79368K, committed 80000K, reserved 1122304K
  class space    used 10789K, committed 11072K, reserved 1048576K
}
Event: 19.838 GC heap before
{Heap before GC invocations=54 (full 0):
 garbage-first heap   total 289792K, used 136758K [0x0000000080000000, 0x0000000100000000)
  region size 1024K, 14 young (14336K), 8 survivors (8192K)
 Metaspace       used 80211K, committed 80896K, reserved 1122304K
  class space    used 10926K, committed 11200K, reserved 1048576K
}
Event: 19.864 GC heap after
{Heap after GC invocations=55 (full 0):
 garbage-first heap   total 289792K, used 131571K [0x0000000080000000, 0x0000000100000000)
  region size 1024K, 1 young (1024K), 1 survivors (1024K)
 Metaspace       used 80211K, committed 80896K, reserved 1122304K
  class space    used 10926K, committed 11200K, reserved 1048576K
}

Dll operation events (2 events):
Event: 0.059 Loaded shared library C:\Program Files\Android\Android Studio\jbr\bin\java.dll
Event: 1.231 Loaded shared library C:\Program Files\Android\Android Studio\jbr\bin\verify.dll

Deoptimization events (20 events):
Event: 22.328 Thread 0x000002bce49729c0 Uncommon trap: trap_request=0xffffffde fr.pc=0x000002bcd3c4f7dc relative=0x000000000000005c
Event: 22.328 Thread 0x000002bce49729c0 Uncommon trap: reason=class_check action=maybe_recompile pc=0x000002bcd3c4f7dc method=groovy.lang.MetaMethod.isStatic()Z @ 1 c2
Event: 22.328 Thread 0x000002bce49729c0 DEOPT PACKING pc=0x000002bcd3c4f7dc sp=0x000000e2698f9d90
Event: 22.328 Thread 0x000002bce49729c0 DEOPT UNPACKING pc=0x000002bcd32ca1a3 sp=0x000000e2698f9d18 mode 2
Event: 22.329 Thread 0x000002bce49729c0 Uncommon trap: trap_request=0xffffffde fr.pc=0x000002bcd3c4f7dc relative=0x000000000000005c
Event: 22.329 Thread 0x000002bce49729c0 Uncommon trap: reason=class_check action=maybe_recompile pc=0x000002bcd3c4f7dc method=groovy.lang.MetaMethod.isStatic()Z @ 1 c2
Event: 22.329 Thread 0x000002bce49729c0 DEOPT PACKING pc=0x000002bcd3c4f7dc sp=0x000000e2698f9d90
Event: 22.329 Thread 0x000002bce49729c0 DEOPT UNPACKING pc=0x000002bcd32ca1a3 sp=0x000000e2698f9d18 mode 2
Event: 22.329 Thread 0x000002bce49729c0 Uncommon trap: trap_request=0xffffffde fr.pc=0x000002bcd3c4f7dc relative=0x000000000000005c
Event: 22.329 Thread 0x000002bce49729c0 Uncommon trap: reason=class_check action=maybe_recompile pc=0x000002bcd3c4f7dc method=groovy.lang.MetaMethod.isStatic()Z @ 1 c2
Event: 22.329 Thread 0x000002bce49729c0 DEOPT PACKING pc=0x000002bcd3c4f7dc sp=0x000000e2698f9d90
Event: 22.329 Thread 0x000002bce49729c0 DEOPT UNPACKING pc=0x000002bcd32ca1a3 sp=0x000000e2698f9d18 mode 2
Event: 22.410 Thread 0x000002bce49729c0 DEOPT PACKING pc=0x000002bcccb12a5e sp=0x000000e2698fac20
Event: 22.410 Thread 0x000002bce49729c0 DEOPT UNPACKING pc=0x000002bcd32cace3 sp=0x000000e2698fa0d0 mode 0
Event: 22.424 Thread 0x000002bce49729c0 Uncommon trap: trap_request=0xffffffde fr.pc=0x000002bcd3c4ec80 relative=0x0000000000000c00
Event: 22.424 Thread 0x000002bce49729c0 Uncommon trap: reason=class_check action=maybe_recompile pc=0x000002bcd3c4ec80 method=org.codehaus.groovy.reflection.ParameterTypes.getParametersTypes0()V @ 16 c2
Event: 22.424 Thread 0x000002bce49729c0 DEOPT PACKING pc=0x000002bcd3c4ec80 sp=0x000000e2698fac60
Event: 22.424 Thread 0x000002bce49729c0 DEOPT UNPACKING pc=0x000002bcd32ca1a3 sp=0x000000e2698fabf8 mode 2
Event: 22.557 Thread 0x000002bce49729c0 DEOPT PACKING pc=0x000002bcccb12a5e sp=0x000000e2698fad10
Event: 22.557 Thread 0x000002bce49729c0 DEOPT UNPACKING pc=0x000002bcd32cace3 sp=0x000000e2698fa1c0 mode 0

Classes unloaded (2 events):
Event: 15.193 Thread 0x000002bce257e5b0 Unloading class 0x000000010082c000 '_BuildScript_$_run_closure1'
Event: 15.193 Thread 0x000002bce257e5b0 Unloading class 0x0000000100820800 '_BuildScript_'

Classes redefined (0 events):
No events

Internal exceptions (20 events):
Event: 22.355 Thread 0x000002bce49729c0 Exception <a 'java/lang/ClassNotFoundException'{0x000000008d925bb0}: org/gradle/internal/extensibility/ExtensionsStorage$ExtensionHolderBeanInfo> (0x000000008d925bb0) 
thrown [s\src\hotspot\share\classfile\systemDictionary.cpp, line 256]
Event: 22.355 Thread 0x000002bce49729c0 Exception <a 'java/lang/ClassNotFoundException'{0x000000008d92e008}: org/gradle/internal/extensibility/ExtensionsStorage$ExtensionHolderCustomizer> (0x000000008d92e008) 
thrown [s\src\hotspot\share\classfile\systemDictionary.cpp, line 256]
Event: 22.375 Thread 0x000002bce49729c0 Exception <a 'java/lang/ClassNotFoundException'{0x000000008d7aa030}: org/codehaus/groovy/runtime/NullObjectBeanInfo> (0x000000008d7aa030) 
thrown [s\src\hotspot\share\classfile\systemDictionary.cpp, line 256]
Event: 22.378 Thread 0x000002bce49729c0 Exception <a 'java/lang/ClassNotFoundException'{0x000000008d5721c8}: org/codehaus/groovy/runtime/NullObjectCustomizer> (0x000000008d5721c8) 
thrown [s\src\hotspot\share\classfile\systemDictionary.cpp, line 256]
Event: 22.387 Thread 0x000002bce49729c0 Exception <a 'java/lang/ClassNotFoundException'{0x000000008d595ed0}: org/gradle/internal/service/scopes/ProjectScopeServicesBeanInfo> (0x000000008d595ed0) 
thrown [s\src\hotspot\share\classfile\systemDictionary.cpp, line 256]
Event: 22.387 Thread 0x000002bce49729c0 Exception <a 'java/lang/ClassNotFoundException'{0x000000008d59e248}: org/gradle/internal/service/scopes/ProjectScopeServicesCustomizer> (0x000000008d59e248) 
thrown [s\src\hotspot\share\classfile\systemDictionary.cpp, line 256]
Event: 22.397 Thread 0x000002bce49729c0 Exception <a 'java/lang/ClassNotFoundException'{0x000000008d5b9270}: org/gradle/api/internal/catalog/DefaultDependenciesAccessorsBeanInfo> (0x000000008d5b9270) 
thrown [s\src\hotspot\share\classfile\systemDictionary.cpp, line 256]
Event: 22.399 Thread 0x000002bce49729c0 Exception <a 'java/lang/ClassNotFoundException'{0x000000008d5c3230}: org/gradle/api/internal/catalog/DefaultDependenciesAccessorsCustomizer> (0x000000008d5c3230) 
thrown [s\src\hotspot\share\classfile\systemDictionary.cpp, line 256]
Event: 22.403 Thread 0x000002bce49729c0 Exception <a 'java/lang/ClassNotFoundException'{0x000000008d5e4ed0}: org/gradle/internal/classpath/DefaultClassPathBeanInfo> (0x000000008d5e4ed0) 
thrown [s\src\hotspot\share\classfile\systemDictionary.cpp, line 256]
Event: 22.404 Thread 0x000002bce49729c0 Exception <a 'java/lang/ClassNotFoundException'{0x000000008d5ecfd0}: org/gradle/internal/classpath/DefaultClassPathCustomizer> (0x000000008d5ecfd0) 
thrown [s\src\hotspot\share\classfile\systemDictionary.cpp, line 256]
Event: 22.411 Thread 0x000002bce49729c0 Exception <a 'java/lang/ClassNotFoundException'{0x000000008d303710}: org/gradle/internal/classpath/DefaultClassPath$ImmutableUniqueListBeanInfo> (0x000000008d303710) 
thrown [s\src\hotspot\share\classfile\systemDictionary.cpp, line 256]
Event: 22.412 Thread 0x000002bce49729c0 Exception <a 'java/lang/ClassNotFoundException'{0x000000008d307cb0}: java/util/AbstractListBeanInfo> (0x000000008d307cb0) 
thrown [s\src\hotspot\share\classfile\systemDictionary.cpp, line 256]
Event: 22.413 Thread 0x000002bce49729c0 Exception <a 'java/lang/ClassNotFoundException'{0x000000008d30c228}: java/util/AbstractListCustomizer> (0x000000008d30c228) 
thrown [s\src\hotspot\share\classfile\systemDictionary.cpp, line 256]
Event: 22.414 Thread 0x000002bce49729c0 Exception <a 'java/lang/ClassNotFoundException'{0x000000008d31f4a0}: org/gradle/internal/classpath/DefaultClassPath$ImmutableUniqueListCustomizer> (0x000000008d31f4a0) 
thrown [s\src\hotspot\share\classfile\systemDictionary.cpp, line 256]
Event: 22.423 Thread 0x000002bce49729c0 Exception <a 'java/lang/ClassNotFoundException'{0x000000008d3624f0}: org/jetbrains/plugins/gradle/model/DefaultDependencyAccessorsModelBeanInfo> (0x000000008d3624f0) 
thrown [s\src\hotspot\share\classfile\systemDictionary.cpp, line 256]
Event: 22.423 Thread 0x000002bce49729c0 Exception <a 'java/lang/ClassNotFoundException'{0x000000008d36a948}: org/jetbrains/plugins/gradle/model/DefaultDependencyAccessorsModelCustomizer> (0x000000008d36a948) 
thrown [s\src\hotspot\share\classfile\systemDictionary.cpp, line 256]
Event: 22.437 Thread 0x000002bce7eaaef0 Exception <a 'java/lang/NoSuchMethodError'{0x000000008d20b8b8}: static Lorg/jetbrains/kotlin/idea/gradleTooling/model/parcelize/ParcelizeGradleModelImpl;.<clinit>()V> (0x000000008d20b8b8) 
thrown [s\src\hotspot\share\prims\jni.cpp, line 1108]
Event: 22.493 Thread 0x000002bce7eaaef0 Exception <a 'java/lang/NoSuchMethodError'{0x000000008d215570}: static Lorg/jetbrains/kotlin/idea/gradleTooling/model/samWithReceiver/SamWithReceiverModelImpl;.<clinit>()V> (0x000000008d215570) 
thrown [s\src\hotspot\share\prims\jni.cpp, line 1108]
Event: 22.514 Thread 0x000002bce7eaaef0 Exception <a 'java/lang/NoSuchMethodError'{0x000000008d2244f8}: static Lorg/jetbrains/kotlin/idea/gradleTooling/model/noarg/NoArgModelImpl;.<clinit>()V> (0x000000008d2244f8) 
thrown [s\src\hotspot\share\prims\jni.cpp, line 1108]
Event: 22.518 Thread 0x000002bce7eaaef0 Exception <a 'java/lang/NoSuchMethodError'{0x000000008d22cff8}: static Lorg/jetbrains/kotlin/idea/gradleTooling/model/allopen/AllOpenModelImpl;.<clinit>()V> (0x000000008d22cff8) 
thrown [s\src\hotspot\share\prims\jni.cpp, line 1108]

VM Operations (20 events):
Event: 19.838 Executing VM operation: G1CollectForAllocation
Event: 19.864 Executing VM operation: G1CollectForAllocation done
Event: 20.154 Executing VM operation: ICBufferFull
Event: 20.154 Executing VM operation: ICBufferFull done
Event: 21.160 Executing VM operation: Cleanup
Event: 21.161 Executing VM operation: Cleanup done
Event: 21.776 Executing VM operation: HandshakeAllThreads
Event: 21.776 Executing VM operation: HandshakeAllThreads done
Event: 21.778 Executing VM operation: HandshakeAllThreads
Event: 21.778 Executing VM operation: HandshakeAllThreads done
Event: 21.791 Executing VM operation: HandshakeAllThreads
Event: 21.792 Executing VM operation: HandshakeAllThreads done
Event: 21.803 Executing VM operation: HandshakeAllThreads
Event: 21.803 Executing VM operation: HandshakeAllThreads done
Event: 21.896 Executing VM operation: ICBufferFull
Event: 21.898 Executing VM operation: ICBufferFull done
Event: 21.918 Executing VM operation: HandshakeAllThreads
Event: 21.918 Executing VM operation: HandshakeAllThreads done
Event: 21.920 Executing VM operation: HandshakeAllThreads
Event: 21.920 Executing VM operation: HandshakeAllThreads done

Events (20 events):
Event: 22.332 loading class java/lang/NumberBeanInfo
Event: 22.332 loading class java/lang/NumberBeanInfo done
Event: 22.332 loading class java/lang/NumberCustomizer
Event: 22.332 loading class java/lang/NumberCustomizer done
Event: 22.332 loading class java/lang/NumberCustomizer
Event: 22.332 loading class java/lang/NumberCustomizer done
Event: 22.332 loading class java/lang/IntegerCustomizer
Event: 22.332 loading class java/lang/IntegerCustomizer done
Event: 22.332 loading class java/lang/IntegerCustomizer
Event: 22.332 loading class java/lang/IntegerCustomizer done
Event: 22.332 loading class jdk/internal/ValueBased
Event: 22.333 loading class jdk/internal/ValueBased done
Event: 22.412 loading class java/util/AbstractListBeanInfo
Event: 22.412 loading class java/util/AbstractListBeanInfo done
Event: 22.412 loading class java/util/AbstractListBeanInfo
Event: 22.412 loading class java/util/AbstractListBeanInfo done
Event: 22.413 loading class java/util/AbstractListCustomizer
Event: 22.413 loading class java/util/AbstractListCustomizer done
Event: 22.413 loading class java/util/AbstractListCustomizer
Event: 22.413 loading class java/util/AbstractListCustomizer done


Dynamic libraries:
0x00007ff621e20000 - 0x00007ff621e2a000 	C:\Program Files\Android\Android Studio\jbr\bin\java.exe
0x00007ffa6f0f0000 - 0x00007ffa6f304000 	C:\WINDOWS\SYSTEM32\ntdll.dll
0x00007ffa6d6e0000 - 0x00007ffa6d7a2000 	C:\WINDOWS\System32\KERNEL32.DLL
0x00007ffa6c610000 - 0x00007ffa6c9b3000 	C:\WINDOWS\System32\KERNELBASE.dll
0x00007ffa6cc70000 - 0x00007ffa6cd81000 	C:\WINDOWS\System32\ucrtbase.dll
0x00007ffa41820000 - 0x00007ffa41837000 	C:\Program Files\Android\Android Studio\jbr\bin\jli.dll
0x00007ffa43560000 - 0x00007ffa4357b000 	C:\Program Files\Android\Android Studio\jbr\bin\VCRUNTIME140.dll
0x00007ffa6ef00000 - 0x00007ffa6f0aa000 	C:\WINDOWS\System32\USER32.dll
0x00007ffa6cd90000 - 0x00007ffa6cdb6000 	C:\WINDOWS\System32\win32u.dll
0x00007ffa6d4e0000 - 0x00007ffa6d509000 	C:\WINDOWS\System32\GDI32.dll
0x00007ffa6c4f0000 - 0x00007ffa6c609000 	C:\WINDOWS\System32\gdi32full.dll
0x00007ffa6cdc0000 - 0x00007ffa6ce5a000 	C:\WINDOWS\System32\msvcp_win.dll
0x00007ffa4ec90000 - 0x00007ffa4ef1e000 	C:\WINDOWS\WinSxS\amd64_microsoft.windows.common-controls_6595b64144ccf1df_6.0.22621.1635_none_270f70857386168e\COMCTL32.dll
0x00007ffa6e5b0000 - 0x00007ffa6e657000 	C:\WINDOWS\System32\msvcrt.dll
0x00007ffa6dee0000 - 0x00007ffa6df11000 	C:\WINDOWS\System32\IMM32.DLL
0x00007ffa51250000 - 0x00007ffa5125c000 	C:\Program Files\Android\Android Studio\jbr\bin\vcruntime140_1.dll
0x00007ffa21cd0000 - 0x00007ffa21d5d000 	C:\Program Files\Android\Android Studio\jbr\bin\msvcp140.dll
0x00007ffa16ca0000 - 0x00007ffa1790d000 	C:\Program Files\Android\Android Studio\jbr\bin\server\jvm.dll
0x00007ffa6e500000 - 0x00007ffa6e5ae000 	C:\WINDOWS\System32\ADVAPI32.dll
0x00007ffa6d090000 - 0x00007ffa6d134000 	C:\WINDOWS\System32\sechost.dll
0x00007ffa6d520000 - 0x00007ffa6d637000 	C:\WINDOWS\System32\RPCRT4.dll
0x00007ffa61100000 - 0x00007ffa61109000 	C:\WINDOWS\SYSTEM32\WSOCK32.dll
0x00007ffa6e660000 - 0x00007ffa6e6d1000 	C:\WINDOWS\System32\WS2_32.dll
0x00007ffa62800000 - 0x00007ffa6280a000 	C:\WINDOWS\SYSTEM32\VERSION.dll
0x00007ffa62d70000 - 0x00007ffa62da4000 	C:\WINDOWS\SYSTEM32\WINMM.dll
0x00007ffa6b500000 - 0x00007ffa6b518000 	C:\WINDOWS\SYSTEM32\kernel.appcore.dll
0x00007ffa61190000 - 0x00007ffa6119a000 	C:\Program Files\Android\Android Studio\jbr\bin\jimage.dll
0x00007ffa69f60000 - 0x00007ffa6a18e000 	C:\WINDOWS\SYSTEM32\DBGHELP.DLL
0x00007ffa6e170000 - 0x00007ffa6e4f9000 	C:\WINDOWS\System32\combase.dll
0x00007ffa6df20000 - 0x00007ffa6dff7000 	C:\WINDOWS\System32\OLEAUT32.dll
0x00007ffa61eb0000 - 0x00007ffa61ee2000 	C:\WINDOWS\SYSTEM32\dbgcore.DLL
0x00007ffa6c9c0000 - 0x00007ffa6ca3a000 	C:\WINDOWS\System32\bcryptPrimitives.dll
0x00007ffa4da90000 - 0x00007ffa4dab5000 	C:\Program Files\Android\Android Studio\jbr\bin\java.dll
0x00007ffa44520000 - 0x00007ffa44538000 	C:\Program Files\Android\Android Studio\jbr\bin\zip.dll
0x00007ffa6e700000 - 0x00007ffa6eef9000 	C:\WINDOWS\System32\SHELL32.dll
0x00007ffa6a490000 - 0x00007ffa6ad5e000 	C:\WINDOWS\SYSTEM32\windows.storage.dll
0x00007ffa6a350000 - 0x00007ffa6a48e000 	C:\WINDOWS\SYSTEM32\wintypes.dll
0x00007ffa6d3e0000 - 0x00007ffa6d4d1000 	C:\WINDOWS\System32\SHCORE.dll
0x00007ffa6d360000 - 0x00007ffa6d3be000 	C:\WINDOWS\System32\shlwapi.dll
0x00007ffa6c420000 - 0x00007ffa6c446000 	C:\WINDOWS\SYSTEM32\profapi.dll
0x00007ffa44430000 - 0x00007ffa44449000 	C:\Program Files\Android\Android Studio\jbr\bin\net.dll
0x00007ffa65c10000 - 0x00007ffa65d47000 	C:\WINDOWS\SYSTEM32\WINHTTP.dll
0x00007ffa6ba00000 - 0x00007ffa6ba69000 	C:\WINDOWS\system32\mswsock.dll
0x00007ffa44360000 - 0x00007ffa44376000 	C:\Program Files\Android\Android Studio\jbr\bin\nio.dll
0x00007ffa59860000 - 0x00007ffa59870000 	C:\Program Files\Android\Android Studio\jbr\bin\verify.dll
0x00007ffa444f0000 - 0x00007ffa44517000 	C:\Users\fdeba\.gradle\native\68d5fa5c4cc2d200863cafc0d521ce42e7d3e7ee720ec0a83991735586a16f82\windows-amd64\native-platform.dll
0x00007ffa21b80000 - 0x00007ffa21cc4000 	C:\Users\fdeba\.gradle\native\e376f236ea51e6404a007f0833ffe2c6e607c4080706a723a18a27aeea778392\windows-amd64\native-platform-file-events.dll
0x00007ffa60a50000 - 0x00007ffa60a59000 	C:\Program Files\Android\Android Studio\jbr\bin\management.dll
0x00007ffa5a9d0000 - 0x00007ffa5a9db000 	C:\Program Files\Android\Android Studio\jbr\bin\management_ext.dll
0x00007ffa6d640000 - 0x00007ffa6d648000 	C:\WINDOWS\System32\PSAPI.DLL
0x00007ffa6bd00000 - 0x00007ffa6bd1b000 	C:\WINDOWS\SYSTEM32\CRYPTSP.dll
0x00007ffa6b470000 - 0x00007ffa6b4a5000 	C:\WINDOWS\system32\rsaenh.dll
0x00007ffa6bba0000 - 0x00007ffa6bbcc000 	C:\WINDOWS\SYSTEM32\USERENV.dll
0x00007ffa6bec0000 - 0x00007ffa6bee8000 	C:\WINDOWS\SYSTEM32\bcrypt.dll
0x00007ffa6bd20000 - 0x00007ffa6bd2c000 	C:\WINDOWS\SYSTEM32\CRYPTBASE.dll
0x00007ffa6afc0000 - 0x00007ffa6afed000 	C:\WINDOWS\SYSTEM32\IPHLPAPI.DLL
0x00007ffa6d910000 - 0x00007ffa6d919000 	C:\WINDOWS\System32\NSI.dll
0x00007ffa62bf0000 - 0x00007ffa62c09000 	C:\WINDOWS\SYSTEM32\dhcpcsvc6.DLL
0x00007ffa627e0000 - 0x00007ffa627ff000 	C:\WINDOWS\SYSTEM32\dhcpcsvc.DLL
0x00007ffa6b030000 - 0x00007ffa6b123000 	C:\WINDOWS\SYSTEM32\DNSAPI.dll
0x00007ffa518e0000 - 0x00007ffa518e8000 	C:\WINDOWS\system32\wshunix.dll

dbghelp: loaded successfully - version: 4.0.5 - missing functions: none
symbol engine: initialized successfully - sym options: 0x614 - pdb path: .;C:\Program Files\Android\Android Studio\jbr\bin;C:\WINDOWS\SYSTEM32;C:\WINDOWS\WinSxS\amd64_microsoft.windows.common-controls_6595b64144ccf1df_6.0.22621.1635_none_270f70857386168e;C:\Program Files\Android\Android Studio\jbr\bin\server;C:\Users\fdeba\.gradle\native\68d5fa5c4cc2d200863cafc0d521ce42e7d3e7ee720ec0a83991735586a16f82\windows-amd64;C:\Users\fdeba\.gradle\native\e376f236ea51e6404a007f0833ffe2c6e607c4080706a723a18a27aeea778392\windows-amd64

VM Arguments:
jvm_args: --add-opens=java.base/java.util=ALL-UNNAMED --add-opens=java.base/java.lang=ALL-UNNAMED --add-opens=java.base/java.lang.invoke=ALL-UNNAMED --add-opens=java.prefs/java.util.prefs=ALL-UNNAMED --add-opens=java.base/java.nio.charset=ALL-UNNAMED --add-opens=java.base/java.net=ALL-UNNAMED --add-opens=java.base/java.util.concurrent.atomic=ALL-UNNAMED -Xmx2048m -Dfile.encoding=UTF-8 -Duser.country=BR -Duser.language=pt -Duser.variant 
java_command: org.gradle.launcher.daemon.bootstrap.GradleDaemon 8.0
java_class_path (initial): C:\Users\fdeba\.gradle\wrapper\dists\gradle-8.0-bin\ca5e32bp14vu59qr306oxotwh\gradle-8.0\lib\gradle-launcher-8.0.jar
Launcher Type: SUN_STANDARD

[Global flags]
     intx CICompilerCount                          = 3                                         {product} {ergonomic}
     uint ConcGCThreads                            = 1                                         {product} {ergonomic}
     uint G1ConcRefinementThreads                  = 4                                         {product} {ergonomic}
   size_t G1HeapRegionSize                         = 1048576                                   {product} {ergonomic}
    uintx GCDrainStackTargetSize                   = 64                                        {product} {ergonomic}
   size_t InitialHeapSize                          = 65011712                                  {product} {ergonomic}
   size_t MarkStackSize                            = 4194304                                   {product} {ergonomic}
   size_t MaxHeapSize                              = 2147483648                                {product} {command line}
   size_t MaxNewSize                               = 1287651328                                {product} {ergonomic}
   size_t MinHeapDeltaBytes                        = 1048576                                   {product} {ergonomic}
   size_t MinHeapSize                              = 8388608                                   {product} {ergonomic}
    uintx NonNMethodCodeHeapSize                   = 5832780                                {pd product} {ergonomic}
    uintx NonProfiledCodeHeapSize                  = 122912730                              {pd product} {ergonomic}
    uintx ProfiledCodeHeapSize                     = 122912730                              {pd product} {ergonomic}
    uintx ReservedCodeCacheSize                    = 251658240                              {pd product} {ergonomic}
     bool SegmentedCodeCache                       = true                                      {product} {ergonomic}
   size_t SoftMaxHeapSize                          = 2147483648                             {manageable} {ergonomic}
     bool UseCompressedClassPointers               = true                           {product lp64_product} {ergonomic}
     bool UseCompressedOops                        = true                           {product lp64_product} {ergonomic}
     bool UseG1GC                                  = true                                      {product} {ergonomic}
     bool UseLargePagesIndividualAllocation        = false                                  {pd product} {ergonomic}

Logging:
Log output configuration:
 #0: stdout all=warning uptime,level,tags
 #1: stderr all=off uptime,level,tags

Environment Variables:
JAVA_HOME=C:\Program Files\Java\jdk-18.0.2.1
PATH=C:\Program Files\Common Files\Oracle\Java\javapath;C:\Program Files (x86)\Common Files\Oracle\Java\javapath;C:\WINDOWS\system32;C:\WINDOWS;C:\WINDOWS\System32\Wbem;C:\WINDOWS\System32\WindowsPowerShell\v1.0\;C:\WINDOWS\System32\OpenSSH\;C:\Program Files\nodejs\;C:\ProgramData\chocolatey\bin;C:\Program Files\Git\cmd;C:\Program Files\GitHub CLI\;C:\Program Files\Docker\Docker\resources\bin;C:\Program Files\kotlinc\bin;"C:\Program Files\Java\jdk-18.0.2.1\bin;";C:\Users\fdeba\AppData\Local\Programs\Python\Python311;C:\Users\fdeba\AppData\Local\Programs\Python\Python311\Scripts;C:\Users\fdeba\scoop\apps\pscale\0.144.0;C:\Gradle\bin;C:\Program Files (x86)\Yarn\bin\;C:\Program Files\dotnet\;C:\platform-tools\adb.exe;C:\Users\fdeba\scoop\shims;C:\Users\fdeba\AppData\Local\Microsoft\WindowsApps;C:\Users\fdeba\AppData\Roaming\npm;C:\Users\fdeba\AppData\Local\Programs\Microsoft VS Code\bin;C:\tools\dart-sdk\bin;C:\Users\fdeba\AppData\Roaming\Pub\Cache\bin;C:\Users\fdeba\AppData\Local\JetBrains\Toolbox\scripts;C:\Program Files\PostgreSQL\15\bin;C:\Program Files\kotlinc\bin;"C:\Program Files\Java\jdk-18.0.2.1\bin;";C:\Users\fdeba\AppData\Local\Programs\Python\Python311\Scripts;C:\Users\fdeba\AppData\Local\Programs\Python\Python311;C:\Users\fdeba\scoop\apps\pscale\0.144.0;C:\Users\fdeba\AppData\Local\Yarn\bin;C:\Users\fdeba\.dotnet\tools;C:\platform-tools\adb.exe;
USERNAME=fdeba
OS=Windows_NT
PROCESSOR_IDENTIFIER=Intel64 Family 6 Model 140 Stepping 2, GenuineIntel
TMP=C:\Users\fdeba\AppData\Local\Temp
TEMP=C:\Users\fdeba\AppData\Local\Temp



---------------  S Y S T E M  ---------------

OS:
 Windows 11 , 64 bit Build 22621 (10.0.22621.1928)
OS uptime: 0 days 18:51 hours
Hyper-V role detected

CPU: total 4 (initial active 4) (2 cores per cpu, 2 threads per core) family 6 model 140 stepping 2 microcode 0x26, cx8, cmov, fxsr, ht, mmx, 3dnowpref, sse, sse2, sse3, ssse3, sse4.1, sse4.2, popcnt, lzcnt, tsc, tscinvbit, avx, avx2, aes, erms, clmul, bmi1, bmi2, adx, avx512f, avx512dq, avx512cd, avx512bw, avx512vl, sha, fma, vzeroupper, avx512_vpopcntdq, avx512_vpclmulqdq, avx512_vaes, avx512_vnni, clflush, clflushopt, clwb, avx512_vbmi2, avx512_vbmi, hv

Memory: 4k page, system-wide physical 3879M (97M free)
TotalPageFile size 15655M (AvailPageFile size 6M)
current process WorkingSet (physical memory assigned to process): 303M, peak: 303M
current process commit charge ("private bytes"): 544M, peak: 545M

vm_info: OpenJDK 64-Bit Server VM (17.0.6+0-b2043.56-9586694) for windows-amd64 JRE (17.0.6+0-b2043.56-9586694), built on Feb  9 2023 20:06:20 by "androidbuild" with MS VC++ 16.10 / 16.11 (VS2019)

END.
