#
# There is insufficient memory for the Java Runtime Environment to continue.
# Native memory allocation (mmap) failed to map 246415360 bytes for G1 virtual space
# Possible reasons:
#   The system is out of physical RAM or swap space
#   The process is running with CompressedOops enabled, and the Java Heap may be blocking the growth of the native heap
# Possible solutions:
#   Reduce memory load on the system
#   Increase physical memory or swap space
#   Check if swap backing store is full
#   Decrease Java heap size (-Xmx/-Xms)
#   Decrease number of Java threads
#   Decrease Java thread stack sizes (-Xss)
#   Set larger code cache with -XX:ReservedCodeCacheSize=
#   JVM is running with Unscaled Compressed Oops mode in which the Java heap is
#     placed in the first 4GB address space. The Java Heap base address is the
#     maximum limit for the native heap growth. Please use -XX:HeapBaseMinAddress
#     to set the Java Heap base and to place the Java Heap above 4GB virtual address.
# This output file may be truncated or incomplete.
#
#  Out of Memory Error (os_windows.cpp:3769), pid=4600, tid=9516
#
# JRE version: OpenJDK Runtime Environment (17.0.6) (build 17.0.6+0-b2043.56-9586694)
# Java VM: OpenJDK 64-Bit Server VM (17.0.6+0-b2043.56-9586694, mixed mode, tiered, compressed oops, compressed class ptrs, g1 gc, windows-amd64)
# No core dump will be written. Minidumps are not enabled by default on client versions of Windows
#

---------------  S U M M A R Y ------------

Command Line: --add-opens=java.base/java.util=ALL-UNNAMED --add-opens=java.base/java.lang=ALL-UNNAMED --add-opens=java.base/java.lang.invoke=ALL-UNNAMED --add-opens=java.prefs/java.util.prefs=ALL-UNNAMED --add-opens=java.base/java.nio.charset=ALL-UNNAMED --add-opens=java.base/java.net=ALL-UNNAMED --add-opens=java.base/java.util.concurrent.atomic=ALL-UNNAMED -Xmx2048m -Dfile.encoding=UTF-8 -Duser.country=BR -Duser.language=pt -Duser.variant org.gradle.launcher.daemon.bootstrap.GradleDaemon 8.0

Host: 11th Gen Intel(R) Core(TM) i3-1115G4 @ 3.00GHz, 4 cores, 3G,  Windows 11 , 64 bit Build 22621 (10.0.22621.1928)
Time: Wed Jul 12 17:22:53 2023 Hora oficial do Brasil elapsed time: 19.526064 seconds (0d 0h 0m 19s)

---------------  T H R E A D  ---------------

Current thread (0x0000025fc5d4ead0):  VMThread "VM Thread" [stack: 0x0000007b03700000,0x0000007b03800000] [id=9516]

Stack: [0x0000007b03700000,0x0000007b03800000]
Native frames: (J=compiled Java code, j=interpreted, Vv=VM code, C=native code)
V  [jvm.dll+0x683b4a]
V  [jvm.dll+0x842654]
V  [jvm.dll+0x843dfe]
V  [jvm.dll+0x844463]
V  [jvm.dll+0x249b75]
V  [jvm.dll+0x680a19]
V  [jvm.dll+0x674f0a]
V  [jvm.dll+0x309acb]
V  [jvm.dll+0x310f86]
V  [jvm.dll+0x3608ee]
V  [jvm.dll+0x360b1f]
V  [jvm.dll+0x2dfbf8]
V  [jvm.dll+0x2ddec4]
V  [jvm.dll+0x2dd4cc]
V  [jvm.dll+0x321f3b]
V  [jvm.dll+0x84893b]
V  [jvm.dll+0x849674]
V  [jvm.dll+0x849b8d]
V  [jvm.dll+0x849f64]
V  [jvm.dll+0x84a030]
V  [jvm.dll+0x7f25fa]
V  [jvm.dll+0x682985]
C  [ucrtbase.dll+0x29363]
C  [KERNEL32.DLL+0x126ad]
C  [ntdll.dll+0x5aa68]

VM_Operation (0x0000007b04df8670): G1CollectForAllocation, mode: safepoint, requested by thread 0x0000025fc8dbb610


---------------  P R O C E S S  ---------------

Threads class SMR info:
_java_thread_list=0x0000025fcd8fb3c0, length=86, elements={
0x0000025fac809dc0, 0x0000025fc5dd1660, 0x0000025fc5d96e60, 0x0000025fc5def010,
0x0000025fc5d9d700, 0x0000025fc5d9dec0, 0x0000025fc6802090, 0x0000025fc6806180,
0x0000025fc6811ab0, 0x0000025fc6822c60, 0x0000025fc6990160, 0x0000025fc6990630,
0x0000025fc7963460, 0x0000025fc837f780, 0x0000025fc7d3f4b0, 0x0000025fc7be16f0,
0x0000025fc8367020, 0x0000025fc8dbb140, 0x0000025fc8dbb610, 0x0000025fc8dba7a0,
0x0000025fc8db9e00, 0x0000025fc8dba2d0, 0x0000025fc8dbac70, 0x0000025fc8dbbfb0,
0x0000025fc8db8ac0, 0x0000025fc8dbbae0, 0x0000025fc8db85f0, 0x0000025fc8db8f90,
0x0000025fc8db9460, 0x0000025fc8db9930, 0x0000025fcaf9b990, 0x0000025fcaf984a0,
0x0000025fcaf9ccd0, 0x0000025fcaf97630, 0x0000025fcaf98e40, 0x0000025fcaf9c330,
0x0000025fcaf9d1a0, 0x0000025fcaf9a180, 0x0000025fcaf9a650, 0x0000025fcaf99310,
0x0000025fcaf9ab20, 0x0000025fcaf98970, 0x0000025fcaf9e4e0, 0x0000025fcaf9b4c0,
0x0000025fcaf9be60, 0x0000025fcaf997e0, 0x0000025fcaf9c800, 0x0000025fcaf9db40,
0x0000025fcaf9e9b0, 0x0000025fcaf97160, 0x0000025fcb46b8a0, 0x0000025fcb46ed90,
0x0000025fcb46f260, 0x0000025fcb4705a0, 0x0000025fcb46aa30, 0x0000025fcb46af00,
0x0000025fcb46f730, 0x0000025fcb46bd70, 0x0000025fcb46c240, 0x0000025fcb46b3d0,
0x0000025fcb471410, 0x0000025fcb46c710, 0x0000025fcb46da50, 0x0000025fcb46fc00,
0x0000025fcb46cbe0, 0x0000025fcb470a70, 0x0000025fcb46a560, 0x0000025fcb46d580,
0x0000025fcb46df20, 0x0000025fcb470f40, 0x0000025fcb4718e0, 0x0000025fcb46d0b0,
0x0000025fcb46e3f0, 0x0000025fcb4700d0, 0x0000025fcb46e8c0, 0x0000025fcb46a090,
0x0000025fcb3eda40, 0x0000025fcb3ebd60, 0x0000025fcb3edf10, 0x0000025fcb3eaa20,
0x0000025fcb3ec700, 0x0000025fcb3ecbd0, 0x0000025fcb3ed0a0, 0x0000025fcb3ef720,
0x0000025fcb3efbf0, 0x0000025fcb3ed570
}

Java Threads: ( => current thread )
  0x0000025fac809dc0 JavaThread "main" [_thread_blocked, id=11196, stack(0x0000007b03100000,0x0000007b03200000)]
  0x0000025fc5dd1660 JavaThread "Reference Handler" daemon [_thread_blocked, id=5360, stack(0x0000007b03800000,0x0000007b03900000)]
  0x0000025fc5d96e60 JavaThread "Finalizer" daemon [_thread_blocked, id=15872, stack(0x0000007b03900000,0x0000007b03a00000)]
  0x0000025fc5def010 JavaThread "Signal Dispatcher" daemon [_thread_blocked, id=4424, stack(0x0000007b03a00000,0x0000007b03b00000)]
  0x0000025fc5d9d700 JavaThread "Attach Listener" daemon [_thread_blocked, id=11480, stack(0x0000007b03b00000,0x0000007b03c00000)]
  0x0000025fc5d9dec0 JavaThread "Service Thread" daemon [_thread_blocked, id=10744, stack(0x0000007b03c00000,0x0000007b03d00000)]
  0x0000025fc6802090 JavaThread "Monitor Deflation Thread" daemon [_thread_blocked, id=17320, stack(0x0000007b03d00000,0x0000007b03e00000)]
  0x0000025fc6806180 JavaThread "C2 CompilerThread0" daemon [_thread_blocked, id=9980, stack(0x0000007b03e00000,0x0000007b03f00000)]
  0x0000025fc6811ab0 JavaThread "C1 CompilerThread0" daemon [_thread_blocked, id=11760, stack(0x0000007b03f00000,0x0000007b04000000)]
  0x0000025fc6822c60 JavaThread "Sweeper thread" daemon [_thread_blocked, id=1748, stack(0x0000007b04000000,0x0000007b04100000)]
  0x0000025fc6990160 JavaThread "Common-Cleaner" daemon [_thread_blocked, id=15244, stack(0x0000007b04100000,0x0000007b04200000)]
  0x0000025fc6990630 JavaThread "Notification Thread" daemon [_thread_blocked, id=17808, stack(0x0000007b04200000,0x0000007b04300000)]
  0x0000025fc7963460 JavaThread "Daemon health stats" [_thread_blocked, id=12528, stack(0x0000007b04700000,0x0000007b04800000)]
  0x0000025fc837f780 JavaThread "Incoming local TCP Connector on port 55513" [_thread_in_native, id=16504, stack(0x0000007b04800000,0x0000007b04900000)]
  0x0000025fc7d3f4b0 JavaThread "Daemon periodic checks" [_thread_blocked, id=4120, stack(0x0000007b04900000,0x0000007b04a00000)]
  0x0000025fc7be16f0 JavaThread "Daemon" [_thread_blocked, id=9204, stack(0x0000007b04a00000,0x0000007b04b00000)]
  0x0000025fc8367020 JavaThread "Handler for socket connection from /127.0.0.1:55513 to /127.0.0.1:55514" [_thread_in_native, id=16192, stack(0x0000007b04b00000,0x0000007b04c00000)]
  0x0000025fc8dbb140 JavaThread "Cancel handler" [_thread_blocked, id=6772, stack(0x0000007b04c00000,0x0000007b04d00000)]
  0x0000025fc8dbb610 JavaThread "Daemon worker" [_thread_blocked, id=8396, stack(0x0000007b04d00000,0x0000007b04e00000)]
  0x0000025fc8dba7a0 JavaThread "Asynchronous log dispatcher for DefaultDaemonConnection: socket connection from /127.0.0.1:55513 to /127.0.0.1:55514" [_thread_blocked, id=6340, stack(0x0000007b04e00000,0x0000007b04f00000)]
  0x0000025fc8db9e00 JavaThread "Stdin handler" [_thread_blocked, id=8520, stack(0x0000007b04f00000,0x0000007b05000000)]
  0x0000025fc8dba2d0 JavaThread "Daemon client event forwarder" [_thread_blocked, id=1120, stack(0x0000007b05000000,0x0000007b05100000)]
  0x0000025fc8dbac70 JavaThread "Cache worker for journal cache (C:\Users\fdeba\.gradle\caches\journal-1)" [_thread_blocked, id=2208, stack(0x0000007b05200000,0x0000007b05300000)]
  0x0000025fc8dbbfb0 JavaThread "File lock request listener" [_thread_in_native, id=16108, stack(0x0000007b05300000,0x0000007b05400000)]
  0x0000025fc8db8ac0 JavaThread "Cache worker for file hash cache (C:\Users\fdeba\.gradle\caches\8.0\fileHashes)" [_thread_blocked, id=10256, stack(0x0000007b05400000,0x0000007b05500000)]
  0x0000025fc8dbbae0 JavaThread "File watcher server" daemon [_thread_in_native, id=5920, stack(0x0000007b05500000,0x0000007b05600000)]
  0x0000025fc8db85f0 JavaThread "File watcher consumer" daemon [_thread_blocked, id=12912, stack(0x0000007b05600000,0x0000007b05700000)]
  0x0000025fc8db8f90 JavaThread "jar transforms" [_thread_blocked, id=17228, stack(0x0000007b05700000,0x0000007b05800000)]
  0x0000025fc8db9460 JavaThread "jar transforms Thread 2" [_thread_blocked, id=18148, stack(0x0000007b05800000,0x0000007b05900000)]
  0x0000025fc8db9930 JavaThread "jar transforms Thread 3" [_thread_blocked, id=412, stack(0x0000007b05900000,0x0000007b05a00000)]
  0x0000025fcaf9b990 JavaThread "jar transforms Thread 4" [_thread_blocked, id=11224, stack(0x0000007b05a00000,0x0000007b05b00000)]
  0x0000025fcaf984a0 JavaThread "Cache worker for checksums cache (C:\Users\fdeba\OneDrive\Documentos\ifsul\4i\tcc\ObjectFinderIFSul\.gradle\8.0\checksums)" [_thread_blocked, id=17752, stack(0x0000007b05b00000,0x0000007b05c00000)]
  0x0000025fcaf9ccd0 JavaThread "Cache worker for cache directory md-rule (C:\Users\fdeba\.gradle\caches\8.0\md-rule)" [_thread_blocked, id=11592, stack(0x0000007b05c00000,0x0000007b05d00000)]
  0x0000025fcaf97630 JavaThread "Cache worker for file content cache (C:\Users\fdeba\.gradle\caches\8.0\fileContent)" [_thread_blocked, id=15496, stack(0x0000007b05d00000,0x0000007b05e00000)]
  0x0000025fcaf98e40 JavaThread "Cache worker for file hash cache (C:\Users\fdeba\OneDrive\Documentos\ifsul\4i\tcc\ObjectFinderIFSul\.gradle\8.0\fileHashes)" [_thread_blocked, id=13160, stack(0x0000007b05e00000,0x0000007b05f00000)]
  0x0000025fcaf9c330 JavaThread "Cache worker for cache directory md-supplier (C:\Users\fdeba\.gradle\caches\8.0\md-supplier)" [_thread_blocked, id=13704, stack(0x0000007b05f00000,0x0000007b06000000)]
  0x0000025fcaf9d1a0 JavaThread "Cache worker for execution history cache (C:\Users\fdeba\.gradle\caches\8.0\executionHistory)" [_thread_blocked, id=6120, stack(0x0000007b06000000,0x0000007b06100000)]
  0x0000025fcaf9a180 JavaThread "Cache worker for dependencies-accessors (C:\Users\fdeba\OneDrive\Documentos\ifsul\4i\tcc\ObjectFinderIFSul\.gradle\8.0\dependencies-accessors)" [_thread_blocked, id=11104, stack(0x0000007b06100000,0x0000007b06200000)]
  0x0000025fcaf9a650 JavaThread "Cache worker for Build Output Cleanup Cache (C:\Users\fdeba\OneDrive\Documentos\ifsul\4i\tcc\ObjectFinderIFSul\.gradle\buildOutputCleanup)" [_thread_blocked, id=6224, stack(0x0000007b06200000,0x0000007b06300000)]
  0x0000025fcaf99310 JavaThread "Unconstrained build operations" [_thread_blocked, id=14736, stack(0x0000007b06400000,0x0000007b06500000)]
  0x0000025fcaf9ab20 JavaThread "Unconstrained build operations Thread 2" [_thread_blocked, id=18284, stack(0x0000007b06500000,0x0000007b06600000)]
  0x0000025fcaf98970 JavaThread "Unconstrained build operations Thread 3" [_thread_blocked, id=5444, stack(0x0000007b06600000,0x0000007b06700000)]
  0x0000025fcaf9e4e0 JavaThread "Unconstrained build operations Thread 4" [_thread_blocked, id=12896, stack(0x0000007b06700000,0x0000007b06800000)]
  0x0000025fcaf9b4c0 JavaThread "Unconstrained build operations Thread 5" [_thread_blocked, id=17448, stack(0x0000007b06800000,0x0000007b06900000)]
  0x0000025fcaf9be60 JavaThread "Unconstrained build operations Thread 6" [_thread_blocked, id=8244, stack(0x0000007b06900000,0x0000007b06a00000)]
  0x0000025fcaf997e0 JavaThread "Unconstrained build operations Thread 7" [_thread_blocked, id=17340, stack(0x0000007b06a00000,0x0000007b06b00000)]
  0x0000025fcaf9c800 JavaThread "Unconstrained build operations Thread 8" [_thread_blocked, id=14240, stack(0x0000007b06b00000,0x0000007b06c00000)]
  0x0000025fcaf9db40 JavaThread "Unconstrained build operations Thread 9" [_thread_blocked, id=17960, stack(0x0000007b06c00000,0x0000007b06d00000)]
  0x0000025fcaf9e9b0 JavaThread "Unconstrained build operations Thread 10" [_thread_blocked, id=15432, stack(0x0000007b06d00000,0x0000007b06e00000)]
  0x0000025fcaf97160 JavaThread "Unconstrained build operations Thread 11" [_thread_blocked, id=10860, stack(0x0000007b06e00000,0x0000007b06f00000)]
  0x0000025fcb46b8a0 JavaThread "Unconstrained build operations Thread 12" [_thread_blocked, id=15852, stack(0x0000007b06f00000,0x0000007b07000000)]
  0x0000025fcb46ed90 JavaThread "Unconstrained build operations Thread 13" [_thread_blocked, id=9684, stack(0x0000007b07000000,0x0000007b07100000)]
  0x0000025fcb46f260 JavaThread "Unconstrained build operations Thread 14" [_thread_blocked, id=1736, stack(0x0000007b07100000,0x0000007b07200000)]
  0x0000025fcb4705a0 JavaThread "Unconstrained build operations Thread 15" [_thread_blocked, id=14284, stack(0x0000007b07200000,0x0000007b07300000)]
  0x0000025fcb46aa30 JavaThread "Unconstrained build operations Thread 16" [_thread_blocked, id=2360, stack(0x0000007b07300000,0x0000007b07400000)]
  0x0000025fcb46af00 JavaThread "Unconstrained build operations Thread 17" [_thread_blocked, id=13196, stack(0x0000007b07400000,0x0000007b07500000)]
  0x0000025fcb46f730 JavaThread "Unconstrained build operations Thread 18" [_thread_blocked, id=8336, stack(0x0000007b07500000,0x0000007b07600000)]
  0x0000025fcb46bd70 JavaThread "Unconstrained build operations Thread 19" [_thread_blocked, id=11408, stack(0x0000007b07600000,0x0000007b07700000)]
  0x0000025fcb46c240 JavaThread "Unconstrained build operations Thread 20" [_thread_blocked, id=5508, stack(0x0000007b07700000,0x0000007b07800000)]
  0x0000025fcb46b3d0 JavaThread "Unconstrained build operations Thread 21" [_thread_blocked, id=16424, stack(0x0000007b07800000,0x0000007b07900000)]
  0x0000025fcb471410 JavaThread "Unconstrained build operations Thread 22" [_thread_blocked, id=8240, stack(0x0000007b07900000,0x0000007b07a00000)]
  0x0000025fcb46c710 JavaThread "Unconstrained build operations Thread 23" [_thread_blocked, id=2404, stack(0x0000007b07a00000,0x0000007b07b00000)]
  0x0000025fcb46da50 JavaThread "Unconstrained build operations Thread 24" [_thread_blocked, id=14536, stack(0x0000007b07b00000,0x0000007b07c00000)]
  0x0000025fcb46fc00 JavaThread "Unconstrained build operations Thread 25" [_thread_blocked, id=3680, stack(0x0000007b07c00000,0x0000007b07d00000)]
  0x0000025fcb46cbe0 JavaThread "Unconstrained build operations Thread 26" [_thread_blocked, id=17680, stack(0x0000007b07d00000,0x0000007b07e00000)]
  0x0000025fcb470a70 JavaThread "Unconstrained build operations Thread 27" [_thread_blocked, id=13392, stack(0x0000007b07e00000,0x0000007b07f00000)]
  0x0000025fcb46a560 JavaThread "Unconstrained build operations Thread 28" [_thread_blocked, id=12700, stack(0x0000007b07f00000,0x0000007b08000000)]
  0x0000025fcb46d580 JavaThread "Unconstrained build operations Thread 29" [_thread_blocked, id=14904, stack(0x0000007b08000000,0x0000007b08100000)]
  0x0000025fcb46df20 JavaThread "Unconstrained build operations Thread 30" [_thread_blocked, id=16888, stack(0x0000007b08100000,0x0000007b08200000)]
  0x0000025fcb470f40 JavaThread "Unconstrained build operations Thread 31" [_thread_blocked, id=17720, stack(0x0000007b08200000,0x0000007b08300000)]
  0x0000025fcb4718e0 JavaThread "Unconstrained build operations Thread 32" [_thread_blocked, id=13908, stack(0x0000007b08300000,0x0000007b08400000)]
  0x0000025fcb46d0b0 JavaThread "Unconstrained build operations Thread 33" [_thread_blocked, id=8412, stack(0x0000007b08400000,0x0000007b08500000)]
  0x0000025fcb46e3f0 JavaThread "Unconstrained build operations Thread 34" [_thread_blocked, id=12772, stack(0x0000007b08500000,0x0000007b08600000)]
  0x0000025fcb4700d0 JavaThread "Unconstrained build operations Thread 35" [_thread_blocked, id=1868, stack(0x0000007b08600000,0x0000007b08700000)]
  0x0000025fcb46e8c0 JavaThread "Unconstrained build operations Thread 36" [_thread_blocked, id=14356, stack(0x0000007b08700000,0x0000007b08800000)]
  0x0000025fcb46a090 JavaThread "Unconstrained build operations Thread 37" [_thread_blocked, id=15504, stack(0x0000007b08800000,0x0000007b08900000)]
  0x0000025fcb3eda40 JavaThread "Unconstrained build operations Thread 38" [_thread_blocked, id=14000, stack(0x0000007b08900000,0x0000007b08a00000)]
  0x0000025fcb3ebd60 JavaThread "Unconstrained build operations Thread 39" [_thread_blocked, id=15396, stack(0x0000007b08a00000,0x0000007b08b00000)]
  0x0000025fcb3edf10 JavaThread "Unconstrained build operations Thread 40" [_thread_blocked, id=2568, stack(0x0000007b08b00000,0x0000007b08c00000)]
  0x0000025fcb3eaa20 JavaThread "Memory manager" [_thread_blocked, id=1968, stack(0x0000007b08c00000,0x0000007b08d00000)]
  0x0000025fcb3ec700 JavaThread "included builds" [_thread_blocked, id=6092, stack(0x0000007b08d00000,0x0000007b08e00000)]
  0x0000025fcb3ecbd0 JavaThread "Execution worker" [_thread_blocked, id=2596, stack(0x0000007b08e00000,0x0000007b08f00000)]
  0x0000025fcb3ed0a0 JavaThread "Execution worker Thread 2" [_thread_blocked, id=2668, stack(0x0000007b08f00000,0x0000007b09000000)]
  0x0000025fcb3ef720 JavaThread "Execution worker Thread 3" [_thread_blocked, id=6388, stack(0x0000007b09000000,0x0000007b09100000)]
  0x0000025fcb3efbf0 JavaThread "Cache worker for execution history cache (C:\Users\fdeba\OneDrive\Documentos\ifsul\4i\tcc\ObjectFinderIFSul\.gradle\8.0\executionHistory)" [_thread_blocked, id=14220, stack(0x0000007b09100000,0x0000007b09200000)]
  0x0000025fcb3ed570 JavaThread "idea-tooling-model-converter" [_thread_blocked, id=15452, stack(0x0000007b09200000,0x0000007b09300000)]

Other Threads:
=>0x0000025fc5d4ead0 VMThread "VM Thread" [stack: 0x0000007b03700000,0x0000007b03800000] [id=9516]
  0x0000025fac881cf0 WatcherThread [stack: 0x0000007b04300000,0x0000007b04400000] [id=16248]
  0x0000025fac8633f0 GCTaskThread "GC Thread#0" [stack: 0x0000007b03200000,0x0000007b03300000] [id=7204]
  0x0000025fc6b2a320 GCTaskThread "GC Thread#1" [stack: 0x0000007b04400000,0x0000007b04500000] [id=17768]
  0x0000025fc6ef5e80 GCTaskThread "GC Thread#2" [stack: 0x0000007b04500000,0x0000007b04600000] [id=8992]
  0x0000025fc6d983b0 GCTaskThread "GC Thread#3" [stack: 0x0000007b04600000,0x0000007b04700000] [id=11160]
  0x0000025fac874490 ConcurrentGCThread "G1 Main Marker" [stack: 0x0000007b03300000,0x0000007b03400000] [id=17044]
  0x0000025fac875640 ConcurrentGCThread "G1 Conc#0" [stack: 0x0000007b03400000,0x0000007b03500000] [id=4428]
  0x0000025fac8c6cf0 ConcurrentGCThread "G1 Refine#0" [stack: 0x0000007b03500000,0x0000007b03600000] [id=13212]
  0x0000025fc8146d60 ConcurrentGCThread "G1 Refine#1" [stack: 0x0000007b05100000,0x0000007b05200000] [id=14928]
  0x0000025fac8c85c0 ConcurrentGCThread "G1 Service" [stack: 0x0000007b03600000,0x0000007b03700000] [id=15628]

Threads with active compile tasks:
C2 CompilerThread0    19598 9594       4       java.beans.Introspector::addMethod (196 bytes)

VM state: at safepoint (normal execution)

VM Mutex/Monitor currently owned by a thread:  ([mutex/lock_event])
[0x0000025fac803810] Threads_lock - owner thread: 0x0000025fc5d4ead0
[0x0000025fac8050d0] Heap_lock - owner thread: 0x0000025fc8dbb610

Heap address: 0x0000000080000000, size: 2048 MB, Compressed Oops mode: 32-bit

CDS archive(s) not mapped
Compressed class space mapped at: 0x0000000100000000-0x0000000140000000, reserved size: 1073741824
Narrow klass base: 0x0000000000000000, Narrow klass shift: 3, Narrow klass range: 0x140000000

GC Precious Log:
 CPUs: 4 total, 4 available
 Memory: 3879M
 Large Page Support: Disabled
 NUMA Support: Disabled
 Compressed Oops: Enabled (32-bit)
 Heap Region Size: 1M
 Heap Min Capacity: 8M
 Heap Initial Capacity: 62M
 Heap Max Capacity: 2G
 Pre-touch: Disabled
 Parallel Workers: 4
 Concurrent Workers: 1
 Concurrent Refinement Workers: 4
 Periodic GC: Disabled

Heap:
 garbage-first heap   total 240640K, used 174278K [0x0000000080000000, 0x0000000100000000)
  region size 1024K, 8 young (8192K), 8 survivors (8192K)
 Metaspace       used 93461K, committed 94080K, reserved 1130496K
  class space    used 12647K, committed 12928K, reserved 1048576K

Heap Regions: E=young(eden), S=young(survivor), O=old, HS=humongous(starts), HC=humongous(continues), CS=collection set, F=free, OA=open archive, CA=closed archive, TAMS=top-at-mark-start (previous, next)
|   0|0x0000000080000000, 0x0000000080100000, 0x0000000080100000|100%| O|  |TAMS 0x0000000080100000, 0x0000000080000000| Untracked 
|   1|0x0000000080100000, 0x0000000080200000, 0x0000000080200000|100%| O|  |TAMS 0x0000000080200000, 0x0000000080100000| Untracked 
|   2|0x0000000080200000, 0x0000000080300000, 0x0000000080300000|100%|HS|  |TAMS 0x0000000080300000, 0x0000000080200000| Complete 
|   3|0x0000000080300000, 0x0000000080400000, 0x0000000080400000|100%|HC|  |TAMS 0x0000000080400000, 0x0000000080300000| Complete 
|   4|0x0000000080400000, 0x0000000080500000, 0x0000000080500000|100%|HC|  |TAMS 0x0000000080500000, 0x0000000080400000| Complete 
|   5|0x0000000080500000, 0x0000000080600000, 0x0000000080600000|100%|HC|  |TAMS 0x0000000080600000, 0x0000000080500000| Complete 
|   6|0x0000000080600000, 0x0000000080700000, 0x0000000080700000|100%| O|  |TAMS 0x0000000080700000, 0x0000000080600000| Untracked 
|   7|0x0000000080700000, 0x0000000080800000, 0x0000000080800000|100%| O|  |TAMS 0x0000000080800000, 0x0000000080700000| Untracked 
|   8|0x0000000080800000, 0x0000000080900000, 0x0000000080900000|100%| O|  |TAMS 0x0000000080900000, 0x0000000080800000| Untracked 
|   9|0x0000000080900000, 0x0000000080a00000, 0x0000000080a00000|100%| O|  |TAMS 0x0000000080a00000, 0x0000000080900000| Untracked 
|  10|0x0000000080a00000, 0x0000000080b00000, 0x0000000080b00000|100%| O|  |TAMS 0x0000000080b00000, 0x0000000080a00000| Untracked 
|  11|0x0000000080b00000, 0x0000000080c00000, 0x0000000080c00000|100%| O|  |TAMS 0x0000000080c00000, 0x0000000080b00000| Untracked 
|  12|0x0000000080c00000, 0x0000000080d00000, 0x0000000080d00000|100%| O|  |TAMS 0x0000000080d00000, 0x0000000080c00000| Untracked 
|  13|0x0000000080d00000, 0x0000000080e00000, 0x0000000080e00000|100%| O|  |TAMS 0x0000000080e00000, 0x0000000080d00000| Untracked 
|  14|0x0000000080e00000, 0x0000000080f00000, 0x0000000080f00000|100%| O|  |TAMS 0x0000000080f00000, 0x0000000080e00000| Untracked 
|  15|0x0000000080f00000, 0x0000000081000000, 0x0000000081000000|100%| O|  |TAMS 0x0000000081000000, 0x0000000080f00000| Untracked 
|  16|0x0000000081000000, 0x0000000081100000, 0x0000000081100000|100%| O|  |TAMS 0x0000000081100000, 0x0000000081000000| Untracked 
|  17|0x0000000081100000, 0x0000000081200000, 0x0000000081200000|100%| O|  |TAMS 0x0000000081200000, 0x0000000081100000| Untracked 
|  18|0x0000000081200000, 0x0000000081300000, 0x0000000081300000|100%|HS|  |TAMS 0x0000000081300000, 0x0000000081200000| Complete 
|  19|0x0000000081300000, 0x0000000081400000, 0x0000000081400000|100%|HC|  |TAMS 0x0000000081400000, 0x0000000081300000| Complete 
|  20|0x0000000081400000, 0x0000000081500000, 0x0000000081500000|100%|HS|  |TAMS 0x0000000081500000, 0x0000000081400000| Complete 
|  21|0x0000000081500000, 0x0000000081600000, 0x0000000081600000|100%|HC|  |TAMS 0x0000000081600000, 0x0000000081500000| Complete 
|  22|0x0000000081600000, 0x0000000081700000, 0x0000000081700000|100%|HC|  |TAMS 0x0000000081700000, 0x0000000081600000| Complete 
|  23|0x0000000081700000, 0x0000000081800000, 0x0000000081800000|100%| O|  |TAMS 0x0000000081800000, 0x0000000081700000| Untracked 
|  24|0x0000000081800000, 0x0000000081900000, 0x0000000081900000|100%| O|  |TAMS 0x0000000081900000, 0x0000000081800000| Untracked 
|  25|0x0000000081900000, 0x0000000081a00000, 0x0000000081a00000|100%| O|  |TAMS 0x0000000081a00000, 0x0000000081900000| Untracked 
|  26|0x0000000081a00000, 0x0000000081b00000, 0x0000000081b00000|100%| O|  |TAMS 0x0000000081b00000, 0x0000000081a00000| Untracked 
|  27|0x0000000081b00000, 0x0000000081c00000, 0x0000000081c00000|100%|HS|  |TAMS 0x0000000081c00000, 0x0000000081b00000| Complete 
|  28|0x0000000081c00000, 0x0000000081d00000, 0x0000000081d00000|100%|HC|  |TAMS 0x0000000081d00000, 0x0000000081c00000| Complete 
|  29|0x0000000081d00000, 0x0000000081e00000, 0x0000000081e00000|100%|HC|  |TAMS 0x0000000081e00000, 0x0000000081d00000| Complete 
|  30|0x0000000081e00000, 0x0000000081f00000, 0x0000000081f00000|100%|HC|  |TAMS 0x0000000081f00000, 0x0000000081e00000| Complete 
|  31|0x0000000081f00000, 0x0000000082000000, 0x0000000082000000|100%|HC|  |TAMS 0x0000000082000000, 0x0000000081f00000| Complete 
|  32|0x0000000082000000, 0x0000000082100000, 0x0000000082100000|100%|HC|  |TAMS 0x0000000082100000, 0x0000000082000000| Complete 
|  33|0x0000000082100000, 0x0000000082200000, 0x0000000082200000|100%|HS|  |TAMS 0x0000000082200000, 0x0000000082100000| Complete 
|  34|0x0000000082200000, 0x0000000082300000, 0x0000000082300000|100%|HS|  |TAMS 0x0000000082300000, 0x0000000082200000| Complete 
|  35|0x0000000082300000, 0x0000000082400000, 0x0000000082400000|100%|HC|  |TAMS 0x0000000082400000, 0x0000000082300000| Complete 
|  36|0x0000000082400000, 0x0000000082500000, 0x0000000082500000|100%|HS|  |TAMS 0x0000000082500000, 0x0000000082400000| Complete 
|  37|0x0000000082500000, 0x0000000082600000, 0x0000000082600000|100%|HC|  |TAMS 0x0000000082600000, 0x0000000082500000| Complete 
|  38|0x0000000082600000, 0x0000000082700000, 0x0000000082700000|100%|HC|  |TAMS 0x0000000082700000, 0x0000000082600000| Complete 
|  39|0x0000000082700000, 0x0000000082800000, 0x0000000082800000|100%|HC|  |TAMS 0x0000000082800000, 0x0000000082700000| Complete 
|  40|0x0000000082800000, 0x0000000082900000, 0x0000000082900000|100%|HC|  |TAMS 0x0000000082900000, 0x0000000082800000| Complete 
|  41|0x0000000082900000, 0x0000000082a00000, 0x0000000082a00000|100%|HC|  |TAMS 0x0000000082a00000, 0x0000000082900000| Complete 
|  42|0x0000000082a00000, 0x0000000082b00000, 0x0000000082b00000|100%|HC|  |TAMS 0x0000000082b00000, 0x0000000082a00000| Complete 
|  43|0x0000000082b00000, 0x0000000082c00000, 0x0000000082c00000|100%|HC|  |TAMS 0x0000000082c00000, 0x0000000082b00000| Complete 
|  44|0x0000000082c00000, 0x0000000082d00000, 0x0000000082d00000|100%|HC|  |TAMS 0x0000000082d00000, 0x0000000082c00000| Complete 
|  45|0x0000000082d00000, 0x0000000082e00000, 0x0000000082e00000|100%|HC|  |TAMS 0x0000000082e00000, 0x0000000082d00000| Complete 
|  46|0x0000000082e00000, 0x0000000082f00000, 0x0000000082f00000|100%| O|  |TAMS 0x0000000082f00000, 0x0000000082e00000| Untracked 
|  47|0x0000000082f00000, 0x0000000083000000, 0x0000000083000000|100%|HS|  |TAMS 0x0000000083000000, 0x0000000082f00000| Complete 
|  48|0x0000000083000000, 0x0000000083100000, 0x0000000083100000|100%|HC|  |TAMS 0x0000000083100000, 0x0000000083000000| Complete 
|  49|0x0000000083100000, 0x0000000083200000, 0x0000000083200000|100%| O|  |TAMS 0x0000000083200000, 0x0000000083100000| Untracked 
|  50|0x0000000083200000, 0x0000000083300000, 0x0000000083300000|100%|HS|  |TAMS 0x0000000083300000, 0x0000000083200000| Complete 
|  51|0x0000000083300000, 0x0000000083400000, 0x0000000083400000|100%|HC|  |TAMS 0x0000000083400000, 0x0000000083300000| Complete 
|  52|0x0000000083400000, 0x0000000083500000, 0x0000000083500000|100%|HC|  |TAMS 0x0000000083500000, 0x0000000083400000| Complete 
|  53|0x0000000083500000, 0x0000000083600000, 0x0000000083600000|100%| O|  |TAMS 0x0000000083600000, 0x0000000083500000| Untracked 
|  54|0x0000000083600000, 0x0000000083700000, 0x0000000083700000|100%| O|  |TAMS 0x0000000083700000, 0x0000000083600000| Untracked 
|  55|0x0000000083700000, 0x0000000083800000, 0x0000000083800000|100%| O|  |TAMS 0x0000000083800000, 0x0000000083700000| Untracked 
|  56|0x0000000083800000, 0x0000000083900000, 0x0000000083900000|100%|HS|  |TAMS 0x0000000083800000, 0x0000000083800000| Complete 
|  57|0x0000000083900000, 0x0000000083a00000, 0x0000000083a00000|100%| O|  |TAMS 0x0000000083a00000, 0x0000000083900000| Untracked 
|  58|0x0000000083a00000, 0x0000000083b00000, 0x0000000083b00000|100%| O|  |TAMS 0x0000000083b00000, 0x0000000083a00000| Untracked 
|  59|0x0000000083b00000, 0x0000000083c00000, 0x0000000083c00000|100%| O|  |TAMS 0x0000000083c00000, 0x0000000083b00000| Untracked 
|  60|0x0000000083c00000, 0x0000000083d00000, 0x0000000083d00000|100%| O|  |TAMS 0x0000000083d00000, 0x0000000083c00000| Untracked 
|  61|0x0000000083d00000, 0x0000000083e00000, 0x0000000083e00000|100%| O|  |TAMS 0x0000000083e00000, 0x0000000083d00000| Untracked 
|  62|0x0000000083e00000, 0x0000000083f00000, 0x0000000083f00000|100%| O|  |TAMS 0x0000000083f00000, 0x0000000083e00000| Untracked 
|  63|0x0000000083f00000, 0x0000000084000000, 0x0000000084000000|100%|HS|  |TAMS 0x0000000084000000, 0x0000000083f00000| Complete 
|  64|0x0000000084000000, 0x0000000084100000, 0x0000000084100000|100%|HC|  |TAMS 0x0000000084100000, 0x0000000084000000| Complete 
|  65|0x0000000084100000, 0x0000000084200000, 0x0000000084200000|100%|HC|  |TAMS 0x0000000084200000, 0x0000000084100000| Complete 
|  66|0x0000000084200000, 0x0000000084300000, 0x0000000084300000|100%|HC|  |TAMS 0x0000000084300000, 0x0000000084200000| Complete 
|  67|0x0000000084300000, 0x0000000084400000, 0x0000000084400000|100%|HC|  |TAMS 0x0000000084400000, 0x0000000084300000| Complete 
|  68|0x0000000084400000, 0x0000000084500000, 0x0000000084500000|100%|HC|  |TAMS 0x0000000084500000, 0x0000000084400000| Complete 
|  69|0x0000000084500000, 0x0000000084600000, 0x0000000084600000|100%|HC|  |TAMS 0x0000000084600000, 0x0000000084500000| Complete 
|  70|0x0000000084600000, 0x0000000084700000, 0x0000000084700000|100%|HC|  |TAMS 0x0000000084700000, 0x0000000084600000| Complete 
|  71|0x0000000084700000, 0x0000000084800000, 0x0000000084800000|100%|HC|  |TAMS 0x0000000084800000, 0x0000000084700000| Complete 
|  72|0x0000000084800000, 0x0000000084900000, 0x0000000084900000|100%|HC|  |TAMS 0x0000000084900000, 0x0000000084800000| Complete 
|  73|0x0000000084900000, 0x0000000084a00000, 0x0000000084a00000|100%|HC|  |TAMS 0x0000000084a00000, 0x0000000084900000| Complete 
|  74|0x0000000084a00000, 0x0000000084b00000, 0x0000000084b00000|100%| O|  |TAMS 0x0000000084b00000, 0x0000000084a00000| Untracked 
|  75|0x0000000084b00000, 0x0000000084c00000, 0x0000000084c00000|100%| O|  |TAMS 0x0000000084c00000, 0x0000000084b00000| Untracked 
|  76|0x0000000084c00000, 0x0000000084d00000, 0x0000000084d00000|100%|HS|  |TAMS 0x0000000084d00000, 0x0000000084c00000| Complete 
|  77|0x0000000084d00000, 0x0000000084e00000, 0x0000000084e00000|100%|HC|  |TAMS 0x0000000084e00000, 0x0000000084d00000| Complete 
|  78|0x0000000084e00000, 0x0000000084f00000, 0x0000000084f00000|100%|HS|  |TAMS 0x0000000084f00000, 0x0000000084e00000| Complete 
|  79|0x0000000084f00000, 0x0000000085000000, 0x0000000085000000|100%|HC|  |TAMS 0x0000000085000000, 0x0000000084f00000| Complete 
|  80|0x0000000085000000, 0x0000000085100000, 0x0000000085100000|100%|HC|  |TAMS 0x0000000085100000, 0x0000000085000000| Complete 
|  81|0x0000000085100000, 0x0000000085200000, 0x0000000085200000|100%|HS|  |TAMS 0x0000000085200000, 0x0000000085100000| Complete 
|  82|0x0000000085200000, 0x0000000085300000, 0x0000000085300000|100%|HC|  |TAMS 0x0000000085300000, 0x0000000085200000| Complete 
|  83|0x0000000085300000, 0x0000000085400000, 0x0000000085400000|100%|HS|  |TAMS 0x0000000085400000, 0x0000000085300000| Complete 
|  84|0x0000000085400000, 0x0000000085500000, 0x0000000085500000|100%|HC|  |TAMS 0x0000000085500000, 0x0000000085400000| Complete 
|  85|0x0000000085500000, 0x0000000085600000, 0x0000000085600000|100%|HC|  |TAMS 0x0000000085600000, 0x0000000085500000| Complete 
|  86|0x0000000085600000, 0x0000000085700000, 0x0000000085700000|100%| O|  |TAMS 0x0000000085700000, 0x0000000085600000| Untracked 
|  87|0x0000000085700000, 0x0000000085800000, 0x0000000085800000|100%| O|  |TAMS 0x0000000085800000, 0x0000000085700000| Untracked 
|  88|0x0000000085800000, 0x0000000085900000, 0x0000000085900000|100%| O|  |TAMS 0x0000000085900000, 0x0000000085800000| Untracked 
|  89|0x0000000085900000, 0x0000000085a00000, 0x0000000085a00000|100%| O|  |TAMS 0x0000000085a00000, 0x0000000085900000| Untracked 
|  90|0x0000000085a00000, 0x0000000085b00000, 0x0000000085b00000|100%| O|  |TAMS 0x0000000085b00000, 0x0000000085a00000| Untracked 
|  91|0x0000000085b00000, 0x0000000085c00000, 0x0000000085c00000|100%| O|  |TAMS 0x0000000085c00000, 0x0000000085b00000| Untracked 
|  92|0x0000000085c00000, 0x0000000085d00000, 0x0000000085d00000|100%|HS|  |TAMS 0x0000000085d00000, 0x0000000085c00000| Complete 
|  93|0x0000000085d00000, 0x0000000085e00000, 0x0000000085e00000|100%|HC|  |TAMS 0x0000000085e00000, 0x0000000085d00000| Complete 
|  94|0x0000000085e00000, 0x0000000085f00000, 0x0000000085f00000|100%|HC|  |TAMS 0x0000000085f00000, 0x0000000085e00000| Complete 
|  95|0x0000000085f00000, 0x0000000086000000, 0x0000000086000000|100%|HC|  |TAMS 0x0000000086000000, 0x0000000085f00000| Complete 
|  96|0x0000000086000000, 0x0000000086100000, 0x0000000086100000|100%|HC|  |TAMS 0x0000000086100000, 0x0000000086000000| Complete 
|  97|0x0000000086100000, 0x0000000086200000, 0x0000000086200000|100%|HC|  |TAMS 0x0000000086200000, 0x0000000086100000| Complete 
|  98|0x0000000086200000, 0x0000000086300000, 0x0000000086300000|100%|HS|  |TAMS 0x0000000086300000, 0x0000000086200000| Complete 
|  99|0x0000000086300000, 0x0000000086400000, 0x0000000086400000|100%| O|  |TAMS 0x0000000086400000, 0x0000000086300000| Untracked 
| 100|0x0000000086400000, 0x0000000086500000, 0x0000000086500000|100%| O|  |TAMS 0x0000000086500000, 0x0000000086400000| Untracked 
| 101|0x0000000086500000, 0x0000000086600000, 0x0000000086600000|100%| O|  |TAMS 0x0000000086600000, 0x0000000086500000| Untracked 
| 102|0x0000000086600000, 0x0000000086700000, 0x0000000086700000|100%| O|  |TAMS 0x0000000086600000, 0x0000000086600000| Untracked 
| 103|0x0000000086700000, 0x0000000086800000, 0x0000000086800000|100%| O|  |TAMS 0x0000000086800000, 0x0000000086700000| Untracked 
| 104|0x0000000086800000, 0x0000000086900000, 0x0000000086900000|100%| O|  |TAMS 0x0000000086900000, 0x0000000086800000| Untracked 
| 105|0x0000000086900000, 0x0000000086a00000, 0x0000000086a00000|100%| O|  |TAMS 0x0000000086a00000, 0x0000000086900000| Untracked 
| 106|0x0000000086a00000, 0x0000000086b00000, 0x0000000086b00000|100%| O|  |TAMS 0x0000000086b00000, 0x0000000086a00000| Untracked 
| 107|0x0000000086b00000, 0x0000000086c00000, 0x0000000086c00000|100%| O|  |TAMS 0x0000000086c00000, 0x0000000086b00000| Untracked 
| 108|0x0000000086c00000, 0x0000000086d00000, 0x0000000086d00000|100%| O|  |TAMS 0x0000000086d00000, 0x0000000086c00000| Untracked 
| 109|0x0000000086d00000, 0x0000000086e00000, 0x0000000086e00000|100%| O|  |TAMS 0x0000000086e00000, 0x0000000086d00000| Untracked 
| 110|0x0000000086e00000, 0x0000000086f00000, 0x0000000086f00000|100%| O|  |TAMS 0x0000000086f00000, 0x0000000086e00000| Untracked 
| 111|0x0000000086f00000, 0x0000000087000000, 0x0000000087000000|100%|HS|  |TAMS 0x0000000087000000, 0x0000000086f00000| Complete 
| 112|0x0000000087000000, 0x0000000087100000, 0x0000000087100000|100%|HS|  |TAMS 0x0000000087100000, 0x0000000087000000| Complete 
| 113|0x0000000087100000, 0x0000000087200000, 0x0000000087200000|100%| O|  |TAMS 0x0000000087200000, 0x0000000087100000| Untracked 
| 114|0x0000000087200000, 0x0000000087300000, 0x0000000087300000|100%| O|  |TAMS 0x0000000087200000, 0x0000000087200000| Untracked 
| 115|0x0000000087300000, 0x0000000087400000, 0x0000000087400000|100%| O|  |TAMS 0x0000000087400000, 0x0000000087300000| Untracked 
| 116|0x0000000087400000, 0x0000000087500000, 0x0000000087500000|100%| O|  |TAMS 0x0000000087500000, 0x0000000087400000| Untracked 
| 117|0x0000000087500000, 0x0000000087600000, 0x0000000087600000|100%| O|  |TAMS 0x0000000087600000, 0x0000000087500000| Untracked 
| 118|0x0000000087600000, 0x0000000087700000, 0x0000000087700000|100%| O|  |TAMS 0x0000000087700000, 0x0000000087600000| Untracked 
| 119|0x0000000087700000, 0x0000000087800000, 0x0000000087800000|100%| O|  |TAMS 0x0000000087800000, 0x0000000087700000| Untracked 
| 120|0x0000000087800000, 0x0000000087900000, 0x0000000087900000|100%| O|  |TAMS 0x0000000087900000, 0x0000000087800000| Untracked 
| 121|0x0000000087900000, 0x0000000087a00000, 0x0000000087a00000|100%| O|  |TAMS 0x0000000087a00000, 0x0000000087900000| Untracked 
| 122|0x0000000087a00000, 0x0000000087b00000, 0x0000000087b00000|100%| O|  |TAMS 0x0000000087b00000, 0x0000000087a00000| Untracked 
| 123|0x0000000087b00000, 0x0000000087c00000, 0x0000000087c00000|100%| O|  |TAMS 0x0000000087c00000, 0x0000000087b00000| Untracked 
| 124|0x0000000087c00000, 0x0000000087d00000, 0x0000000087d00000|100%| O|  |TAMS 0x0000000087d00000, 0x0000000087c00000| Untracked 
| 125|0x0000000087d00000, 0x0000000087e00000, 0x0000000087e00000|100%| O|  |TAMS 0x0000000087e00000, 0x0000000087d00000| Untracked 
| 126|0x0000000087e00000, 0x0000000087f00000, 0x0000000087f00000|100%| O|  |TAMS 0x0000000087ea9200, 0x0000000087e00000| Untracked 
| 127|0x0000000087f00000, 0x0000000088000000, 0x0000000088000000|100%| O|  |TAMS 0x0000000087f00000, 0x0000000087f00000| Untracked 
| 128|0x0000000088000000, 0x0000000088100000, 0x0000000088100000|100%| O|  |TAMS 0x0000000088000000, 0x0000000088000000| Untracked 
| 129|0x0000000088100000, 0x0000000088200000, 0x0000000088200000|100%| O|  |TAMS 0x0000000088100000, 0x0000000088100000| Untracked 
| 130|0x0000000088200000, 0x0000000088300000, 0x0000000088300000|100%| O|  |TAMS 0x0000000088200000, 0x0000000088200000| Untracked 
| 131|0x0000000088300000, 0x0000000088400000, 0x0000000088400000|100%| O|  |TAMS 0x0000000088300000, 0x0000000088300000| Untracked 
| 132|0x0000000088400000, 0x0000000088500000, 0x0000000088500000|100%| O|  |TAMS 0x0000000088400000, 0x0000000088400000| Untracked 
| 133|0x0000000088500000, 0x0000000088600000, 0x0000000088600000|100%| O|  |TAMS 0x0000000088500000, 0x0000000088500000| Untracked 
| 134|0x0000000088600000, 0x0000000088700000, 0x0000000088700000|100%|HS|  |TAMS 0x0000000088600000, 0x0000000088600000| Complete 
| 135|0x0000000088700000, 0x0000000088800000, 0x0000000088800000|100%|HC|  |TAMS 0x0000000088700000, 0x0000000088700000| Complete 
| 136|0x0000000088800000, 0x0000000088900000, 0x0000000088900000|100%|HS|  |TAMS 0x0000000088800000, 0x0000000088800000| Complete 
| 137|0x0000000088900000, 0x0000000088a00000, 0x0000000088a00000|100%|HC|  |TAMS 0x0000000088900000, 0x0000000088900000| Complete 
| 138|0x0000000088a00000, 0x0000000088b00000, 0x0000000088b00000|100%|HC|  |TAMS 0x0000000088a00000, 0x0000000088a00000| Complete 
| 139|0x0000000088b00000, 0x0000000088c00000, 0x0000000088c00000|100%|HS|  |TAMS 0x0000000088b00000, 0x0000000088b00000| Complete 
| 140|0x0000000088c00000, 0x0000000088d00000, 0x0000000088d00000|100%|HC|  |TAMS 0x0000000088c00000, 0x0000000088c00000| Complete 
| 141|0x0000000088d00000, 0x0000000088e00000, 0x0000000088e00000|100%|HC|  |TAMS 0x0000000088d00000, 0x0000000088d00000| Complete 
| 142|0x0000000088e00000, 0x0000000088f00000, 0x0000000088f00000|100%|HC|  |TAMS 0x0000000088e00000, 0x0000000088e00000| Complete 
| 143|0x0000000088f00000, 0x0000000089000000, 0x0000000089000000|100%|HC|  |TAMS 0x0000000088f00000, 0x0000000088f00000| Complete 
| 144|0x0000000089000000, 0x0000000089100000, 0x0000000089100000|100%|HC|  |TAMS 0x0000000089000000, 0x0000000089000000| Complete 
| 145|0x0000000089100000, 0x0000000089200000, 0x0000000089200000|100%|HS|  |TAMS 0x0000000089100000, 0x0000000089100000| Complete 
| 146|0x0000000089200000, 0x0000000089300000, 0x0000000089300000|100%|HC|  |TAMS 0x0000000089200000, 0x0000000089200000| Complete 
| 147|0x0000000089300000, 0x0000000089400000, 0x0000000089400000|100%|HS|  |TAMS 0x0000000089300000, 0x0000000089300000| Complete 
| 148|0x0000000089400000, 0x0000000089500000, 0x0000000089500000|100%|HC|  |TAMS 0x0000000089400000, 0x0000000089400000| Complete 
| 149|0x0000000089500000, 0x0000000089600000, 0x0000000089600000|100%|HC|  |TAMS 0x0000000089500000, 0x0000000089500000| Complete 
| 150|0x0000000089600000, 0x0000000089700000, 0x0000000089700000|100%|HC|  |TAMS 0x0000000089600000, 0x0000000089600000| Complete 
| 151|0x0000000089700000, 0x0000000089800000, 0x0000000089800000|100%|HC|  |TAMS 0x0000000089700000, 0x0000000089700000| Complete 
| 152|0x0000000089800000, 0x0000000089900000, 0x0000000089900000|100%|HC|  |TAMS 0x0000000089800000, 0x0000000089800000| Complete 
| 153|0x0000000089900000, 0x0000000089a00000, 0x0000000089a00000|100%|HC|  |TAMS 0x0000000089900000, 0x0000000089900000| Complete 
| 154|0x0000000089a00000, 0x0000000089b00000, 0x0000000089b00000|100%|HC|  |TAMS 0x0000000089a00000, 0x0000000089a00000| Complete 
| 155|0x0000000089b00000, 0x0000000089c00000, 0x0000000089c00000|100%|HC|  |TAMS 0x0000000089b00000, 0x0000000089b00000| Complete 
| 156|0x0000000089c00000, 0x0000000089d00000, 0x0000000089d00000|100%|HC|  |TAMS 0x0000000089c00000, 0x0000000089c00000| Complete 
| 157|0x0000000089d00000, 0x0000000089e00000, 0x0000000089e00000|100%|HS|  |TAMS 0x0000000089d00000, 0x0000000089d00000| Complete 
| 158|0x0000000089e00000, 0x0000000089f00000, 0x0000000089f00000|100%|HC|  |TAMS 0x0000000089e00000, 0x0000000089e00000| Complete 
| 159|0x0000000089f00000, 0x000000008a000000, 0x000000008a000000|100%|HS|  |TAMS 0x0000000089f00000, 0x0000000089f00000| Complete 
| 160|0x000000008a000000, 0x000000008a100000, 0x000000008a100000|100%|HC|  |TAMS 0x000000008a000000, 0x000000008a000000| Complete 
| 161|0x000000008a100000, 0x000000008a200000, 0x000000008a200000|100%|HC|  |TAMS 0x000000008a100000, 0x000000008a100000| Complete 
| 162|0x000000008a200000, 0x000000008a200000, 0x000000008a300000|  0%| F|  |TAMS 0x000000008a200000, 0x000000008a200000| Untracked 
| 163|0x000000008a300000, 0x000000008a331a00, 0x000000008a400000| 19%| O|  |TAMS 0x000000008a300000, 0x000000008a300000| Untracked 
| 164|0x000000008a400000, 0x000000008a400000, 0x000000008a500000|  0%| F|  |TAMS 0x000000008a400000, 0x000000008a400000| Untracked 
| 165|0x000000008a500000, 0x000000008a500000, 0x000000008a600000|  0%| F|  |TAMS 0x000000008a500000, 0x000000008a500000| Untracked 
| 166|0x000000008a600000, 0x000000008a600000, 0x000000008a700000|  0%| F|  |TAMS 0x000000008a600000, 0x000000008a600000| Untracked 
| 167|0x000000008a700000, 0x000000008a800000, 0x000000008a800000|100%| S|CS|TAMS 0x000000008a700000, 0x000000008a700000| Complete 
| 168|0x000000008a800000, 0x000000008a900000, 0x000000008a900000|100%| S|CS|TAMS 0x000000008a800000, 0x000000008a800000| Complete 
| 169|0x000000008a900000, 0x000000008aa00000, 0x000000008aa00000|100%| S|CS|TAMS 0x000000008a900000, 0x000000008a900000| Complete 
| 170|0x000000008aa00000, 0x000000008ab00000, 0x000000008ab00000|100%| S|CS|TAMS 0x000000008aa00000, 0x000000008aa00000| Complete 
| 171|0x000000008ab00000, 0x000000008ac00000, 0x000000008ac00000|100%| S|CS|TAMS 0x000000008ab00000, 0x000000008ab00000| Complete 
| 172|0x000000008ac00000, 0x000000008ad00000, 0x000000008ad00000|100%| S|CS|TAMS 0x000000008ac00000, 0x000000008ac00000| Complete 
| 173|0x000000008ad00000, 0x000000008ae00000, 0x000000008ae00000|100%| S|CS|TAMS 0x000000008ad00000, 0x000000008ad00000| Complete 
| 174|0x000000008ae00000, 0x000000008af00000, 0x000000008af00000|100%| S|CS|TAMS 0x000000008ae00000, 0x000000008ae00000| Complete 
| 175|0x000000008af00000, 0x000000008af00000, 0x000000008b000000|  0%| F|  |TAMS 0x000000008af00000, 0x000000008af00000| Untracked 
| 176|0x000000008b000000, 0x000000008b000000, 0x000000008b100000|  0%| F|  |TAMS 0x000000008b000000, 0x000000008b000000| Untracked 
| 177|0x000000008b100000, 0x000000008b100000, 0x000000008b200000|  0%| F|  |TAMS 0x000000008b100000, 0x000000008b100000| Untracked 
| 178|0x000000008b200000, 0x000000008b200000, 0x000000008b300000|  0%| F|  |TAMS 0x000000008b200000, 0x000000008b200000| Untracked 
| 179|0x000000008b300000, 0x000000008b300000, 0x000000008b400000|  0%| F|  |TAMS 0x000000008b300000, 0x000000008b300000| Untracked 
| 180|0x000000008b400000, 0x000000008b400000, 0x000000008b500000|  0%| F|  |TAMS 0x000000008b400000, 0x000000008b400000| Untracked 
| 181|0x000000008b500000, 0x000000008b500000, 0x000000008b600000|  0%| F|  |TAMS 0x000000008b500000, 0x000000008b500000| Untracked 
| 182|0x000000008b600000, 0x000000008b600000, 0x000000008b700000|  0%| F|  |TAMS 0x000000008b600000, 0x000000008b600000| Untracked 
| 183|0x000000008b700000, 0x000000008b700000, 0x000000008b800000|  0%| F|  |TAMS 0x000000008b700000, 0x000000008b700000| Untracked 
| 184|0x000000008b800000, 0x000000008b800000, 0x000000008b900000|  0%| F|  |TAMS 0x000000008b800000, 0x000000008b800000| Untracked 
| 185|0x000000008b900000, 0x000000008b900000, 0x000000008ba00000|  0%| F|  |TAMS 0x000000008b900000, 0x000000008b900000| Untracked 
| 186|0x000000008ba00000, 0x000000008ba00000, 0x000000008bb00000|  0%| F|  |TAMS 0x000000008ba00000, 0x000000008ba00000| Untracked 
| 187|0x000000008bb00000, 0x000000008bb00000, 0x000000008bc00000|  0%| F|  |TAMS 0x000000008bb00000, 0x000000008bb00000| Untracked 
| 188|0x000000008bc00000, 0x000000008bc00000, 0x000000008bd00000|  0%| F|  |TAMS 0x000000008bc00000, 0x000000008bc00000| Untracked 
| 189|0x000000008bd00000, 0x000000008bd00000, 0x000000008be00000|  0%| F|  |TAMS 0x000000008bd00000, 0x000000008bd00000| Untracked 
| 190|0x000000008be00000, 0x000000008be00000, 0x000000008bf00000|  0%| F|  |TAMS 0x000000008be00000, 0x000000008be00000| Untracked 
| 191|0x000000008bf00000, 0x000000008bf00000, 0x000000008c000000|  0%| F|  |TAMS 0x000000008bf00000, 0x000000008bf00000| Untracked 
| 192|0x000000008c000000, 0x000000008c000000, 0x000000008c100000|  0%| F|  |TAMS 0x000000008c000000, 0x000000008c000000| Untracked 
| 193|0x000000008c100000, 0x000000008c100000, 0x000000008c200000|  0%| F|  |TAMS 0x000000008c100000, 0x000000008c100000| Untracked 
| 194|0x000000008c200000, 0x000000008c200000, 0x000000008c300000|  0%| F|  |TAMS 0x000000008c200000, 0x000000008c200000| Untracked 
| 195|0x000000008c300000, 0x000000008c300000, 0x000000008c400000|  0%| F|  |TAMS 0x000000008c300000, 0x000000008c300000| Untracked 
| 196|0x000000008c400000, 0x000000008c400000, 0x000000008c500000|  0%| F|  |TAMS 0x000000008c400000, 0x000000008c400000| Untracked 
| 197|0x000000008c500000, 0x000000008c500000, 0x000000008c600000|  0%| F|  |TAMS 0x000000008c500000, 0x000000008c500000| Untracked 
| 198|0x000000008c600000, 0x000000008c600000, 0x000000008c700000|  0%| F|  |TAMS 0x000000008c600000, 0x000000008c600000| Untracked 
| 199|0x000000008c700000, 0x000000008c700000, 0x000000008c800000|  0%| F|  |TAMS 0x000000008c700000, 0x000000008c700000| Untracked 
| 200|0x000000008c800000, 0x000000008c800000, 0x000000008c900000|  0%| F|  |TAMS 0x000000008c800000, 0x000000008c800000| Untracked 
| 201|0x000000008c900000, 0x000000008c900000, 0x000000008ca00000|  0%| F|  |TAMS 0x000000008c900000, 0x000000008c900000| Untracked 
| 202|0x000000008ca00000, 0x000000008ca00000, 0x000000008cb00000|  0%| F|  |TAMS 0x000000008ca00000, 0x000000008ca00000| Untracked 
| 203|0x000000008cb00000, 0x000000008cb00000, 0x000000008cc00000|  0%| F|  |TAMS 0x000000008cb00000, 0x000000008cb00000| Untracked 
| 204|0x000000008cc00000, 0x000000008cc00000, 0x000000008cd00000|  0%| F|  |TAMS 0x000000008cc00000, 0x000000008cc00000| Untracked 
| 205|0x000000008cd00000, 0x000000008cd00000, 0x000000008ce00000|  0%| F|  |TAMS 0x000000008cd00000, 0x000000008cd00000| Untracked 
| 206|0x000000008ce00000, 0x000000008ce00000, 0x000000008cf00000|  0%| F|  |TAMS 0x000000008ce00000, 0x000000008ce00000| Untracked 
| 207|0x000000008cf00000, 0x000000008cf00000, 0x000000008d000000|  0%| F|  |TAMS 0x000000008cf00000, 0x000000008cf00000| Untracked 
| 208|0x000000008d000000, 0x000000008d000000, 0x000000008d100000|  0%| F|  |TAMS 0x000000008d000000, 0x000000008d000000| Untracked 
| 209|0x000000008d100000, 0x000000008d100000, 0x000000008d200000|  0%| F|  |TAMS 0x000000008d100000, 0x000000008d100000| Untracked 
| 210|0x000000008d200000, 0x000000008d200000, 0x000000008d300000|  0%| F|  |TAMS 0x000000008d200000, 0x000000008d200000| Untracked 
| 211|0x000000008d300000, 0x000000008d300000, 0x000000008d400000|  0%| F|  |TAMS 0x000000008d300000, 0x000000008d300000| Untracked 
| 212|0x000000008d400000, 0x000000008d400000, 0x000000008d500000|  0%| F|  |TAMS 0x000000008d400000, 0x000000008d400000| Untracked 
| 213|0x000000008d500000, 0x000000008d500000, 0x000000008d600000|  0%| F|  |TAMS 0x000000008d500000, 0x000000008d500000| Untracked 
| 214|0x000000008d600000, 0x000000008d600000, 0x000000008d700000|  0%| F|  |TAMS 0x000000008d600000, 0x000000008d600000| Untracked 
| 215|0x000000008d700000, 0x000000008d700000, 0x000000008d800000|  0%| F|  |TAMS 0x000000008d700000, 0x000000008d700000| Untracked 
| 216|0x000000008d800000, 0x000000008d800000, 0x000000008d900000|  0%| F|  |TAMS 0x000000008d800000, 0x000000008d800000| Untracked 
| 217|0x000000008d900000, 0x000000008d900000, 0x000000008da00000|  0%| F|  |TAMS 0x000000008d900000, 0x000000008d900000| Untracked 
| 218|0x000000008da00000, 0x000000008da00000, 0x000000008db00000|  0%| F|  |TAMS 0x000000008da00000, 0x000000008da00000| Untracked 
| 219|0x000000008db00000, 0x000000008db00000, 0x000000008dc00000|  0%| F|  |TAMS 0x000000008db00000, 0x000000008db00000| Untracked 
| 220|0x000000008dc00000, 0x000000008dc00000, 0x000000008dd00000|  0%| F|  |TAMS 0x000000008dc00000, 0x000000008dc00000| Untracked 
| 221|0x000000008dd00000, 0x000000008dd00000, 0x000000008de00000|  0%| F|  |TAMS 0x000000008dd00000, 0x000000008dd00000| Untracked 
| 222|0x000000008de00000, 0x000000008de00000, 0x000000008df00000|  0%| F|  |TAMS 0x000000008de00000, 0x000000008de00000| Untracked 
| 223|0x000000008df00000, 0x000000008df00000, 0x000000008e000000|  0%| F|  |TAMS 0x000000008df00000, 0x000000008df00000| Untracked 
| 224|0x000000008e000000, 0x000000008e000000, 0x000000008e100000|  0%| F|  |TAMS 0x000000008e000000, 0x000000008e000000| Untracked 
| 225|0x000000008e100000, 0x000000008e100000, 0x000000008e200000|  0%| F|  |TAMS 0x000000008e100000, 0x000000008e100000| Untracked 
| 226|0x000000008e200000, 0x000000008e200000, 0x000000008e300000|  0%| F|  |TAMS 0x000000008e200000, 0x000000008e200000| Untracked 
| 227|0x000000008e300000, 0x000000008e300000, 0x000000008e400000|  0%| F|  |TAMS 0x000000008e300000, 0x000000008e300000| Untracked 
| 228|0x000000008e400000, 0x000000008e400000, 0x000000008e500000|  0%| F|  |TAMS 0x000000008e400000, 0x000000008e400000| Untracked 
| 229|0x000000008e500000, 0x000000008e500000, 0x000000008e600000|  0%| F|  |TAMS 0x000000008e500000, 0x000000008e500000| Untracked 
| 230|0x000000008e600000, 0x000000008e600000, 0x000000008e700000|  0%| F|  |TAMS 0x000000008e600000, 0x000000008e600000| Untracked 
| 231|0x000000008e700000, 0x000000008e700000, 0x000000008e800000|  0%| F|  |TAMS 0x000000008e700000, 0x000000008e700000| Untracked 
| 232|0x000000008e800000, 0x000000008e800000, 0x000000008e900000|  0%| F|  |TAMS 0x000000008e800000, 0x000000008e800000| Untracked 
| 233|0x000000008e900000, 0x000000008e900000, 0x000000008ea00000|  0%| F|  |TAMS 0x000000008e900000, 0x000000008e900000| Untracked 
| 234|0x000000008ea00000, 0x000000008ea00000, 0x000000008eb00000|  0%| F|  |TAMS 0x000000008ea00000, 0x000000008ea00000| Untracked 

Card table byte_map: [0x0000025fbf0d0000,0x0000025fbf4d0000] _byte_map_base: 0x0000025fbecd0000

Marking Bits (Prev, Next): (CMBitMap*) 0x0000025fac863a40, (CMBitMap*) 0x0000025fac863a00
 Prev Bits: [0x0000025fc18d0000, 0x0000025fc38d0000)
 Next Bits: [0x0000025fbf8d0000, 0x0000025fc18d0000)

Polling page: 0x0000025fabfd0000

Metaspace:

Usage:
  Non-class:     78.92 MB used.
      Class:     12.35 MB used.
       Both:     91.27 MB used.

Virtual space:
  Non-class space:       80.00 MB reserved,      79.25 MB (>99%) committed,  10 nodes.
      Class space:        1.00 GB reserved,      12.62 MB (  1%) committed,  1 nodes.
             Both:        1.08 GB reserved,      91.88 MB (  8%) committed. 

Chunk freelists:
   Non-Class:  704.00 KB
       Class:  3.38 MB
        Both:  4.06 MB

MaxMetaspaceSize: unlimited
CompressedClassSpaceSize: 1.00 GB
Initial GC threshold: 21.00 MB
Current GC threshold: 132.75 MB
CDS: off
MetaspaceReclaimPolicy: balanced
 - commit_granule_bytes: 65536.
 - commit_granule_words: 8192.
 - virtual_space_node_default_size: 1048576.
 - enlarge_chunks_in_place: 1.
 - new_chunks_are_fully_committed: 0.
 - uncommit_free_chunks: 1.
 - use_allocation_guard: 0.
 - handle_deallocations: 1.


Internal statistics:

num_allocs_failed_limit: 3.
num_arena_births: 858.
num_arena_deaths: 2.
num_vsnodes_births: 11.
num_vsnodes_deaths: 0.
num_space_committed: 1470.
num_space_uncommitted: 0.
num_chunks_returned_to_freelist: 5.
num_chunks_taken_from_freelist: 4154.
num_chunk_merges: 3.
num_chunk_splits: 2754.
num_chunks_enlarged: 1857.
num_purges: 2.
num_inconsistent_stats: 0.

CodeHeap 'non-profiled nmethods': size=120000Kb used=4599Kb max_used=4599Kb free=115400Kb
 bounds [0x0000025fb77a0000, 0x0000025fb7c20000, 0x0000025fbecd0000]
CodeHeap 'profiled nmethods': size=120000Kb used=17386Kb max_used=17386Kb free=102613Kb
 bounds [0x0000025fafcd0000, 0x0000025fb0dd0000, 0x0000025fb7200000]
CodeHeap 'non-nmethods': size=5760Kb used=2429Kb max_used=2466Kb free=3330Kb
 bounds [0x0000025fb7200000, 0x0000025fb7470000, 0x0000025fb77a0000]
 total_blobs=9767 nmethods=8810 adapters=869
 compilation: enabled
              stopped_count=0, restarted_count=0
 full_count=0

Compilation events (20 events):
Event: 19.419 Thread 0x0000025fc6811ab0 9724       2       org.objectweb.asm.ClassWriter::<init> (73 bytes)
Event: 19.420 Thread 0x0000025fc6811ab0 nmethod 9724 0x0000025fb0dc4d10 code [0x0000025fb0dc4ee0, 0x0000025fb0dc5208]
Event: 19.420 Thread 0x0000025fc6811ab0 9725       2       org.objectweb.asm.ClassVisitor::<init> (7 bytes)
Event: 19.420 Thread 0x0000025fc6811ab0 nmethod 9725 0x0000025fb0dc5390 code [0x0000025fb0dc5520, 0x0000025fb0dc5648]
Event: 19.420 Thread 0x0000025fc6811ab0 9726       2       org.objectweb.asm.ClassWriter::visitEnd (1 bytes)
Event: 19.420 Thread 0x0000025fc6811ab0 nmethod 9726 0x0000025fb0dc5710 code [0x0000025fb0dc58a0, 0x0000025fb0dc5998]
Event: 19.420 Thread 0x0000025fc6811ab0 9727       2       org.gradle.internal.instantiation.generator.AbstractClassGenerator$GeneratedClassImpl$GeneratedConstructorImpl::<init> (27 bytes)
Event: 19.421 Thread 0x0000025fc6811ab0 nmethod 9727 0x0000025fb0dc5a10 code [0x0000025fb0dc5bc0, 0x0000025fb0dc5ef8]
Event: 19.421 Thread 0x0000025fc6811ab0 9728       2       org.gradle.internal.instantiation.generator.AsmBackedClassGenerator::createUsingConstructor (13 bytes)
Event: 19.421 Thread 0x0000025fc6811ab0 nmethod 9728 0x0000025fb0dc6010 code [0x0000025fb0dc61a0, 0x0000025fb0dc63b8]
Event: 19.449 Thread 0x0000025fc6811ab0 9729       2       org.objectweb.asm.SymbolTable$Entry::<init> (18 bytes)
Event: 19.450 Thread 0x0000025fc6811ab0 nmethod 9729 0x0000025fb0dc6490 code [0x0000025fb0dc6620, 0x0000025fb0dc6768]
Event: 19.460 Thread 0x0000025fc6811ab0 9730       2       org.objectweb.asm.MethodWriter::canCopyMethodAttributes (163 bytes)
Event: 19.460 Thread 0x0000025fc6811ab0 nmethod 9730 0x0000025fb0dc6810 code [0x0000025fb0dc69e0, 0x0000025fb0dc6d78]
Event: 19.464 Thread 0x0000025fc6811ab0 9731       2       org.objectweb.asm.MethodWriter::visitFrame (811 bytes)
Event: 19.466 Thread 0x0000025fc6811ab0 nmethod 9731 0x0000025fb0dc6f90 code [0x0000025fb0dc73a0, 0x0000025fb0dc8768]
Event: 19.466 Thread 0x0000025fc6811ab0 9732       2       org.objectweb.asm.ClassReader::readStackMapFrame (535 bytes)
Event: 19.467 Thread 0x0000025fc6811ab0 nmethod 9732 0x0000025fb0dc9510 code [0x0000025fb0dc9740, 0x0000025fb0dca0c8]
Event: 19.471 Thread 0x0000025fc6811ab0 9733   !   2       org.gradle.cache.internal.DefaultCrossBuildInMemoryCacheFactory$AbstractCrossBuildInMemoryCache::put (38 bytes)
Event: 19.471 Thread 0x0000025fc6811ab0 nmethod 9733 0x0000025fb0dca610 code [0x0000025fb0dca7c0, 0x0000025fb0dcaa18]

GC Heap History (20 events):
Event: 10.801 GC heap after
{Heap after GC invocations=43 (full 0):
 garbage-first heap   total 207872K, used 113043K [0x0000000080000000, 0x0000000100000000)
  region size 1024K, 7 young (7168K), 7 survivors (7168K)
 Metaspace       used 63567K, committed 64128K, reserved 1105920K
  class space    used 8515K, committed 8768K, reserved 1048576K
}
Event: 11.144 GC heap before
{Heap before GC invocations=43 (full 0):
 garbage-first heap   total 207872K, used 127379K [0x0000000080000000, 0x0000000100000000)
  region size 1024K, 22 young (22528K), 7 survivors (7168K)
 Metaspace       used 65697K, committed 66304K, reserved 1105920K
  class space    used 8758K, committed 9024K, reserved 1048576K
}
Event: 11.152 GC heap after
{Heap after GC invocations=44 (full 0):
 garbage-first heap   total 207872K, used 115053K [0x0000000080000000, 0x0000000100000000)
  region size 1024K, 2 young (2048K), 2 survivors (2048K)
 Metaspace       used 65697K, committed 66304K, reserved 1105920K
  class space    used 8758K, committed 9024K, reserved 1048576K
}
Event: 12.138 GC heap before
{Heap before GC invocations=45 (full 0):
 garbage-first heap   total 207872K, used 166253K [0x0000000080000000, 0x0000000100000000)
  region size 1024K, 50 young (51200K), 2 survivors (2048K)
 Metaspace       used 71792K, committed 72384K, reserved 1114112K
  class space    used 9549K, committed 9792K, reserved 1048576K
}
Event: 12.142 GC heap after
{Heap after GC invocations=46 (full 0):
 garbage-first heap   total 207872K, used 123696K [0x0000000080000000, 0x0000000100000000)
  region size 1024K, 7 young (7168K), 7 survivors (7168K)
 Metaspace       used 71792K, committed 72384K, reserved 1114112K
  class space    used 9549K, committed 9792K, reserved 1048576K
}
Event: 12.195 GC heap before
{Heap before GC invocations=46 (full 0):
 garbage-first heap   total 207872K, used 126768K [0x0000000080000000, 0x0000000100000000)
  region size 1024K, 10 young (10240K), 7 survivors (7168K)
 Metaspace       used 72211K, committed 72896K, reserved 1114112K
  class space    used 9626K, committed 9920K, reserved 1048576K
}
Event: 12.201 GC heap after
{Heap after GC invocations=47 (full 0):
 garbage-first heap   total 207872K, used 123848K [0x0000000080000000, 0x0000000100000000)
  region size 1024K, 1 young (1024K), 1 survivors (1024K)
 Metaspace       used 72211K, committed 72896K, reserved 1114112K
  class space    used 9626K, committed 9920K, reserved 1048576K
}
Event: 12.466 GC heap before
{Heap before GC invocations=47 (full 0):
 garbage-first heap   total 207872K, used 140232K [0x0000000080000000, 0x0000000100000000)
  region size 1024K, 18 young (18432K), 1 survivors (1024K)
 Metaspace       used 74879K, committed 75584K, reserved 1122304K
  class space    used 10001K, committed 10304K, reserved 1048576K
}
Event: 12.469 GC heap after
{Heap after GC invocations=48 (full 0):
 garbage-first heap   total 207872K, used 125379K [0x0000000080000000, 0x0000000100000000)
  region size 1024K, 2 young (2048K), 2 survivors (2048K)
 Metaspace       used 74879K, committed 75584K, reserved 1122304K
  class space    used 10001K, committed 10304K, reserved 1048576K
}
Event: 13.144 GC heap before
{Heap before GC invocations=49 (full 0):
 garbage-first heap   total 240640K, used 173507K [0x0000000080000000, 0x0000000100000000)
  region size 1024K, 43 young (44032K), 2 survivors (2048K)
 Metaspace       used 77695K, committed 78336K, reserved 1122304K
  class space    used 10363K, committed 10688K, reserved 1048576K
}
Event: 13.214 GC heap after
{Heap after GC invocations=50 (full 0):
 garbage-first heap   total 240640K, used 128982K [0x0000000080000000, 0x0000000100000000)
  region size 1024K, 6 young (6144K), 6 survivors (6144K)
 Metaspace       used 77695K, committed 78336K, reserved 1122304K
  class space    used 10363K, committed 10688K, reserved 1048576K
}
Event: 13.297 GC heap before
{Heap before GC invocations=50 (full 0):
 garbage-first heap   total 240640K, used 134102K [0x0000000080000000, 0x0000000100000000)
  region size 1024K, 11 young (11264K), 6 survivors (6144K)
 Metaspace       used 78249K, committed 78912K, reserved 1122304K
  class space    used 10438K, committed 10752K, reserved 1048576K
}
Event: 13.303 GC heap after
{Heap after GC invocations=51 (full 0):
 garbage-first heap   total 240640K, used 128534K [0x0000000080000000, 0x0000000100000000)
  region size 1024K, 1 young (1024K), 1 survivors (1024K)
 Metaspace       used 78249K, committed 78912K, reserved 1122304K
  class space    used 10438K, committed 10752K, reserved 1048576K
}
Event: 13.829 GC heap before
{Heap before GC invocations=51 (full 0):
 garbage-first heap   total 240640K, used 186902K [0x0000000080000000, 0x0000000100000000)
  region size 1024K, 57 young (58368K), 1 survivors (1024K)
 Metaspace       used 80729K, committed 81408K, reserved 1122304K
  class space    used 10766K, committed 11072K, reserved 1048576K
}
Event: 13.834 GC heap after
{Heap after GC invocations=52 (full 0):
 garbage-first heap   total 240640K, used 132673K [0x0000000080000000, 0x0000000100000000)
  region size 1024K, 5 young (5120K), 5 survivors (5120K)
 Metaspace       used 80729K, committed 81408K, reserved 1122304K
  class space    used 10766K, committed 11072K, reserved 1048576K
}
Event: 15.464 GC heap before
{Heap before GC invocations=53 (full 0):
 garbage-first heap   total 240640K, used 194113K [0x0000000080000000, 0x0000000100000000)
  region size 1024K, 65 young (66560K), 5 survivors (5120K)
 Metaspace       used 87018K, committed 87680K, reserved 1130496K
  class space    used 11833K, committed 12160K, reserved 1048576K
}
Event: 15.478 GC heap after
{Heap after GC invocations=54 (full 0):
 garbage-first heap   total 240640K, used 137228K [0x0000000080000000, 0x0000000100000000)
  region size 1024K, 5 young (5120K), 5 survivors (5120K)
 Metaspace       used 87018K, committed 87680K, reserved 1130496K
  class space    used 11833K, committed 12160K, reserved 1048576K
}
Event: 15.643 GC heap before
{Heap before GC invocations=54 (full 0):
 garbage-first heap   total 240640K, used 143372K [0x0000000080000000, 0x0000000100000000)
  region size 1024K, 11 young (11264K), 5 survivors (5120K)
 Metaspace       used 87970K, committed 88704K, reserved 1130496K
  class space    used 11960K, committed 12288K, reserved 1048576K
}
Event: 15.667 GC heap after
{Heap after GC invocations=55 (full 0):
 garbage-first heap   total 240640K, used 137173K [0x0000000080000000, 0x0000000100000000)
  region size 1024K, 2 young (2048K), 2 survivors (2048K)
 Metaspace       used 87970K, committed 88704K, reserved 1130496K
  class space    used 11960K, committed 12288K, reserved 1048576K
}
Event: 19.478 GC heap before
{Heap before GC invocations=55 (full 0):
 garbage-first heap   total 240640K, used 226261K [0x0000000080000000, 0x0000000100000000)
  region size 1024K, 60 young (61440K), 2 survivors (2048K)
 Metaspace       used 93461K, committed 94080K, reserved 1130496K
  class space    used 12647K, committed 12928K, reserved 1048576K
}

Dll operation events (2 events):
Event: 0.021 Loaded shared library C:\Program Files\Android\Android Studio\jbr\bin\java.dll
Event: 0.521 Loaded shared library C:\Program Files\Android\Android Studio\jbr\bin\verify.dll

Deoptimization events (20 events):
Event: 18.560 Thread 0x0000025fcb3ed570 Uncommon trap: trap_request=0xffffff45 fr.pc=0x0000025fb77f5258 relative=0x0000000000000fb8
Event: 18.560 Thread 0x0000025fcb3ed570 Uncommon trap: reason=unstable_if action=reinterpret pc=0x0000025fb77f5258 method=java.util.concurrent.ConcurrentHashMap.addCount(JI)V @ 34 c2
Event: 18.560 Thread 0x0000025fcb3ed570 DEOPT PACKING pc=0x0000025fb77f5258 sp=0x0000007b092f9ee0
Event: 18.560 Thread 0x0000025fcb3ed570 DEOPT UNPACKING pc=0x0000025fb725a1a3 sp=0x0000007b092f9da0 mode 2
Event: 18.560 Thread 0x0000025fc8dbb610 Uncommon trap: trap_request=0xffffff45 fr.pc=0x0000025fb783f194 relative=0x0000000000000154
Event: 18.560 Thread 0x0000025fc8dbb610 Uncommon trap: reason=unstable_if action=reinterpret pc=0x0000025fb783f194 method=java.util.concurrent.ConcurrentHashMap.addCount(JI)V @ 7 c2
Event: 18.560 Thread 0x0000025fc8dbb610 DEOPT PACKING pc=0x0000025fb783f194 sp=0x0000007b04df9fc0
Event: 18.560 Thread 0x0000025fc8dbb610 DEOPT UNPACKING pc=0x0000025fb725a1a3 sp=0x0000007b04df9f20 mode 2
Event: 18.705 Thread 0x0000025fc8dbb610 DEOPT PACKING pc=0x0000025fb0213343 sp=0x0000007b04df9a00
Event: 18.705 Thread 0x0000025fc8dbb610 DEOPT UNPACKING pc=0x0000025fb725ace3 sp=0x0000007b04df8e88 mode 0
Event: 19.140 Thread 0x0000025fc8dbb610 Uncommon trap: trap_request=0xffffffde fr.pc=0x0000025fb79b3344 relative=0x0000000000000364
Event: 19.140 Thread 0x0000025fc8dbb610 Uncommon trap: reason=class_check action=maybe_recompile pc=0x0000025fb79b3344 method=java.util.stream.AbstractPipeline.copyIntoWithCancel(Ljava/util/stream/Sink;Ljava/util/Spliterator;)Z @ 32 c2
Event: 19.140 Thread 0x0000025fc8dbb610 DEOPT PACKING pc=0x0000025fb79b3344 sp=0x0000007b04dfb430
Event: 19.141 Thread 0x0000025fc8dbb610 DEOPT UNPACKING pc=0x0000025fb725a1a3 sp=0x0000007b04dfb2f0 mode 2
Event: 19.141 Thread 0x0000025fc8dbb610 Uncommon trap: trap_request=0xffffffde fr.pc=0x0000025fb79b29c4 relative=0x0000000000000264
Event: 19.141 Thread 0x0000025fc8dbb610 Uncommon trap: reason=class_check action=maybe_recompile pc=0x0000025fb79b29c4 method=java.util.stream.AbstractPipeline.copyIntoWithCancel(Ljava/util/stream/Sink;Ljava/util/Spliterator;)Z @ 32 c2
Event: 19.141 Thread 0x0000025fc8dbb610 DEOPT PACKING pc=0x0000025fb79b29c4 sp=0x0000007b04dfb3d0
Event: 19.141 Thread 0x0000025fc8dbb610 DEOPT UNPACKING pc=0x0000025fb725a1a3 sp=0x0000007b04dfb2f0 mode 2
Event: 19.473 Thread 0x0000025fc8dbb610 DEOPT PACKING pc=0x0000025fb06c56d1 sp=0x0000007b04df9970
Event: 19.473 Thread 0x0000025fc8dbb610 DEOPT UNPACKING pc=0x0000025fb725ace3 sp=0x0000007b04df8e68 mode 0

Classes unloaded (2 events):
Event: 12.530 Thread 0x0000025fc5d4ead0 Unloading class 0x00000001008bc560 '_BuildScript_$_run_closure1'
Event: 12.530 Thread 0x0000025fc5d4ead0 Unloading class 0x00000001008bc000 '_BuildScript_'

Classes redefined (0 events):
No events

Internal exceptions (20 events):
Event: 19.037 Thread 0x0000025fc8dbb610 Exception <a 'java/lang/ClassNotFoundException'{0x000000008bfdf728}: org/gradle/internal/extensibility/ExtensionsStorage$ExtensionHolderCustomizer> (0x000000008bfdf728) 
thrown [s\src\hotspot\share\classfile\systemDictionary.cpp, line 256]
Event: 19.053 Thread 0x0000025fc8dbb610 Exception <a 'java/lang/ClassNotFoundException'{0x000000008bc57d90}: org/codehaus/groovy/runtime/NullObjectBeanInfo> (0x000000008bc57d90) 
thrown [s\src\hotspot\share\classfile\systemDictionary.cpp, line 256]
Event: 19.055 Thread 0x0000025fc8dbb610 Exception <a 'java/lang/ClassNotFoundException'{0x000000008ba20190}: org/codehaus/groovy/runtime/NullObjectCustomizer> (0x000000008ba20190) 
thrown [s\src\hotspot\share\classfile\systemDictionary.cpp, line 256]
Event: 19.061 Thread 0x0000025fc8dbb610 Exception <a 'java/lang/ClassNotFoundException'{0x000000008ba43c00}: org/gradle/internal/service/scopes/ProjectScopeServicesBeanInfo> (0x000000008ba43c00) 
thrown [s\src\hotspot\share\classfile\systemDictionary.cpp, line 256]
Event: 19.061 Thread 0x0000025fc8dbb610 Exception <a 'java/lang/ClassNotFoundException'{0x000000008ba4bf78}: org/gradle/internal/service/scopes/ProjectScopeServicesCustomizer> (0x000000008ba4bf78) 
thrown [s\src\hotspot\share\classfile\systemDictionary.cpp, line 256]
Event: 19.063 Thread 0x0000025fc8dbb610 Exception <a 'java/lang/ClassNotFoundException'{0x000000008ba66ed0}: org/gradle/api/internal/catalog/DefaultDependenciesAccessorsBeanInfo> (0x000000008ba66ed0) 
thrown [s\src\hotspot\share\classfile\systemDictionary.cpp, line 256]
Event: 19.064 Thread 0x0000025fc8dbb610 Exception <a 'java/lang/ClassNotFoundException'{0x000000008ba70e90}: org/gradle/api/internal/catalog/DefaultDependenciesAccessorsCustomizer> (0x000000008ba70e90) 
thrown [s\src\hotspot\share\classfile\systemDictionary.cpp, line 256]
Event: 19.068 Thread 0x0000025fc8dbb610 Exception <a 'java/lang/ClassNotFoundException'{0x000000008ba92de8}: org/gradle/internal/classpath/DefaultClassPathBeanInfo> (0x000000008ba92de8) 
thrown [s\src\hotspot\share\classfile\systemDictionary.cpp, line 256]
Event: 19.068 Thread 0x0000025fc8dbb610 Exception <a 'java/lang/ClassNotFoundException'{0x000000008ba9aee8}: org/gradle/internal/classpath/DefaultClassPathCustomizer> (0x000000008ba9aee8) 
thrown [s\src\hotspot\share\classfile\systemDictionary.cpp, line 256]
Event: 19.072 Thread 0x0000025fc8dbb610 Exception <a 'java/lang/ClassNotFoundException'{0x000000008b9b1020}: org/gradle/internal/classpath/DefaultClassPath$ImmutableUniqueListBeanInfo> (0x000000008b9b1020) 
thrown [s\src\hotspot\share\classfile\systemDictionary.cpp, line 256]
Event: 19.072 Thread 0x0000025fc8dbb610 Exception <a 'java/lang/ClassNotFoundException'{0x000000008b9b55c0}: java/util/AbstractListBeanInfo> (0x000000008b9b55c0) 
thrown [s\src\hotspot\share\classfile\systemDictionary.cpp, line 256]
Event: 19.072 Thread 0x0000025fc8dbb610 Exception <a 'java/lang/ClassNotFoundException'{0x000000008b9b9b38}: java/util/AbstractListCustomizer> (0x000000008b9b9b38) 
thrown [s\src\hotspot\share\classfile\systemDictionary.cpp, line 256]
Event: 19.073 Thread 0x0000025fc8dbb610 Exception <a 'java/lang/ClassNotFoundException'{0x000000008b9ccd98}: org/gradle/internal/classpath/DefaultClassPath$ImmutableUniqueListCustomizer> (0x000000008b9ccd98) 
thrown [s\src\hotspot\share\classfile\systemDictionary.cpp, line 256]
Event: 19.080 Thread 0x0000025fc8dbb610 Exception <a 'java/lang/ClassNotFoundException'{0x000000008b810798}: org/jetbrains/plugins/gradle/model/DefaultDependencyAccessorsModelBeanInfo> (0x000000008b810798) 
thrown [s\src\hotspot\share\classfile\systemDictionary.cpp, line 256]
Event: 19.080 Thread 0x0000025fc8dbb610 Exception <a 'java/lang/ClassNotFoundException'{0x000000008b818bf0}: org/jetbrains/plugins/gradle/model/DefaultDependencyAccessorsModelCustomizer> (0x000000008b818bf0) 
thrown [s\src\hotspot\share\classfile\systemDictionary.cpp, line 256]
Event: 19.091 Thread 0x0000025fcb3ed570 Exception <a 'java/lang/NoSuchMethodError'{0x000000008b889cd8}: static Lorg/jetbrains/kotlin/idea/gradleTooling/model/samWithReceiver/SamWithReceiverModelImpl;.<clinit>()V> (0x000000008b889cd8) 
thrown [s\src\hotspot\share\prims\jni.cpp, line 1108]
Event: 19.104 Thread 0x0000025fc8dbb610 Exception <a 'java/lang/ClassNotFoundException'{0x000000008b6a7778}: org/gradle/api/internal/tasks/DefaultSourceSetContainer_DecoratedBeanInfo> (0x000000008b6a7778) 
thrown [s\src\hotspot\share\classfile\systemDictionary.cpp, line 256]
Event: 19.104 Thread 0x0000025fc8dbb610 Exception <a 'java/lang/ClassNotFoundException'{0x000000008b6b16e0}: org/gradle/api/internal/tasks/DefaultSourceSetContainerBeanInfo> (0x000000008b6b16e0) 
thrown [s\src\hotspot\share\classfile\systemDictionary.cpp, line 256]
Event: 19.104 Thread 0x0000025fc8dbb610 Exception <a 'java/lang/ClassNotFoundException'{0x000000008b6bb668}: org/gradle/api/internal/tasks/DefaultSourceSetContainerCustomizer> (0x000000008b6bb668) 
thrown [s\src\hotspot\share\classfile\systemDictionary.cpp, line 256]
Event: 19.105 Thread 0x0000025fc8dbb610 Exception <a 'java/lang/ClassNotFoundException'{0x000000008b6d0d20}: org/gradle/api/internal/tasks/DefaultSourceSetContainer_DecoratedCustomizer> (0x000000008b6d0d20) 
thrown [s\src\hotspot\share\classfile\systemDictionary.cpp, line 256]

VM Operations (20 events):
Event: 16.673 Executing VM operation: Cleanup done
Event: 17.681 Executing VM operation: Cleanup
Event: 17.713 Executing VM operation: Cleanup done
Event: 18.372 Executing VM operation: HandshakeAllThreads
Event: 18.372 Executing VM operation: HandshakeAllThreads done
Event: 18.373 Executing VM operation: HandshakeAllThreads
Event: 18.373 Executing VM operation: HandshakeAllThreads done
Event: 18.388 Executing VM operation: HandshakeAllThreads
Event: 18.388 Executing VM operation: HandshakeAllThreads done
Event: 18.396 Executing VM operation: HandshakeAllThreads
Event: 18.396 Executing VM operation: HandshakeAllThreads done
Event: 18.533 Executing VM operation: ICBufferFull
Event: 18.534 Executing VM operation: ICBufferFull done
Event: 18.559 Executing VM operation: HandshakeAllThreads
Event: 18.560 Executing VM operation: HandshakeAllThreads done
Event: 18.562 Executing VM operation: HandshakeAllThreads
Event: 18.562 Executing VM operation: HandshakeAllThreads done
Event: 19.437 Executing VM operation: ICBufferFull
Event: 19.437 Executing VM operation: ICBufferFull done
Event: 19.478 Executing VM operation: G1CollectForAllocation

Events (20 events):
Event: 19.019 loading class java/lang/NumberCustomizer
Event: 19.019 loading class java/lang/NumberCustomizer done
Event: 19.020 loading class java/lang/NumberCustomizer
Event: 19.020 loading class java/lang/NumberCustomizer done
Event: 19.020 loading class java/lang/IntegerCustomizer
Event: 19.020 loading class java/lang/IntegerCustomizer done
Event: 19.020 loading class java/lang/IntegerCustomizer
Event: 19.020 loading class java/lang/IntegerCustomizer done
Event: 19.020 loading class jdk/internal/ValueBased
Event: 19.020 loading class jdk/internal/ValueBased done
Event: 19.072 loading class java/util/AbstractListBeanInfo
Event: 19.072 loading class java/util/AbstractListBeanInfo done
Event: 19.072 loading class java/util/AbstractListBeanInfo
Event: 19.072 loading class java/util/AbstractListBeanInfo done
Event: 19.072 loading class java/util/AbstractListCustomizer
Event: 19.072 loading class java/util/AbstractListCustomizer done
Event: 19.072 loading class java/util/AbstractListCustomizer
Event: 19.072 loading class java/util/AbstractListCustomizer done
Event: 19.373 loading class java/util/function/LongUnaryOperator
Event: 19.373 loading class java/util/function/LongUnaryOperator done


Dynamic libraries:
0x00007ff634180000 - 0x00007ff63418a000 	C:\Program Files\Android\Android Studio\jbr\bin\java.exe
0x00007ffa6f0f0000 - 0x00007ffa6f304000 	C:\WINDOWS\SYSTEM32\ntdll.dll
0x00007ffa6d6e0000 - 0x00007ffa6d7a2000 	C:\WINDOWS\System32\KERNEL32.DLL
0x00007ffa6c610000 - 0x00007ffa6c9b3000 	C:\WINDOWS\System32\KERNELBASE.dll
0x00007ffa6cc70000 - 0x00007ffa6cd81000 	C:\WINDOWS\System32\ucrtbase.dll
0x00007ffa444d0000 - 0x00007ffa444eb000 	C:\Program Files\Android\Android Studio\jbr\bin\VCRUNTIME140.dll
0x00007ffa43840000 - 0x00007ffa43857000 	C:\Program Files\Android\Android Studio\jbr\bin\jli.dll
0x00007ffa6ef00000 - 0x00007ffa6f0aa000 	C:\WINDOWS\System32\USER32.dll
0x00007ffa6cd90000 - 0x00007ffa6cdb6000 	C:\WINDOWS\System32\win32u.dll
0x00007ffa6d4e0000 - 0x00007ffa6d509000 	C:\WINDOWS\System32\GDI32.dll
0x00007ffa6c4f0000 - 0x00007ffa6c609000 	C:\WINDOWS\System32\gdi32full.dll
0x00007ffa6cdc0000 - 0x00007ffa6ce5a000 	C:\WINDOWS\System32\msvcp_win.dll
0x00007ffa4ec90000 - 0x00007ffa4ef1e000 	C:\WINDOWS\WinSxS\amd64_microsoft.windows.common-controls_6595b64144ccf1df_6.0.22621.1635_none_270f70857386168e\COMCTL32.dll
0x00007ffa6e5b0000 - 0x00007ffa6e657000 	C:\WINDOWS\System32\msvcrt.dll
0x00007ffa6dee0000 - 0x00007ffa6df11000 	C:\WINDOWS\System32\IMM32.DLL
0x00007ffa51250000 - 0x00007ffa5125c000 	C:\Program Files\Android\Android Studio\jbr\bin\vcruntime140_1.dll
0x00007ffa2d3b0000 - 0x00007ffa2d43d000 	C:\Program Files\Android\Android Studio\jbr\bin\msvcp140.dll
0x00007ffa16ca0000 - 0x00007ffa1790d000 	C:\Program Files\Android\Android Studio\jbr\bin\server\jvm.dll
0x00007ffa6e500000 - 0x00007ffa6e5ae000 	C:\WINDOWS\System32\ADVAPI32.dll
0x00007ffa6d090000 - 0x00007ffa6d134000 	C:\WINDOWS\System32\sechost.dll
0x00007ffa6d520000 - 0x00007ffa6d637000 	C:\WINDOWS\System32\RPCRT4.dll
0x00007ffa62d70000 - 0x00007ffa62da4000 	C:\WINDOWS\SYSTEM32\WINMM.dll
0x00007ffa62800000 - 0x00007ffa6280a000 	C:\WINDOWS\SYSTEM32\VERSION.dll
0x00007ffa61100000 - 0x00007ffa61109000 	C:\WINDOWS\SYSTEM32\WSOCK32.dll
0x00007ffa6e660000 - 0x00007ffa6e6d1000 	C:\WINDOWS\System32\WS2_32.dll
0x00007ffa6b500000 - 0x00007ffa6b518000 	C:\WINDOWS\SYSTEM32\kernel.appcore.dll
0x00007ffa61190000 - 0x00007ffa6119a000 	C:\Program Files\Android\Android Studio\jbr\bin\jimage.dll
0x00007ffa69f60000 - 0x00007ffa6a18e000 	C:\WINDOWS\SYSTEM32\DBGHELP.DLL
0x00007ffa6e170000 - 0x00007ffa6e4f9000 	C:\WINDOWS\System32\combase.dll
0x00007ffa6df20000 - 0x00007ffa6dff7000 	C:\WINDOWS\System32\OLEAUT32.dll
0x00007ffa61eb0000 - 0x00007ffa61ee2000 	C:\WINDOWS\SYSTEM32\dbgcore.DLL
0x00007ffa6c9c0000 - 0x00007ffa6ca3a000 	C:\WINDOWS\System32\bcryptPrimitives.dll
0x00007ffa4da90000 - 0x00007ffa4dab5000 	C:\Program Files\Android\Android Studio\jbr\bin\java.dll
0x00007ffa44520000 - 0x00007ffa44538000 	C:\Program Files\Android\Android Studio\jbr\bin\zip.dll
0x00007ffa6e700000 - 0x00007ffa6eef9000 	C:\WINDOWS\System32\SHELL32.dll
0x00007ffa6a490000 - 0x00007ffa6ad5e000 	C:\WINDOWS\SYSTEM32\windows.storage.dll
0x00007ffa6a350000 - 0x00007ffa6a48e000 	C:\WINDOWS\SYSTEM32\wintypes.dll
0x00007ffa6d3e0000 - 0x00007ffa6d4d1000 	C:\WINDOWS\System32\SHCORE.dll
0x00007ffa6d360000 - 0x00007ffa6d3be000 	C:\WINDOWS\System32\shlwapi.dll
0x00007ffa6c420000 - 0x00007ffa6c446000 	C:\WINDOWS\SYSTEM32\profapi.dll
0x00007ffa44430000 - 0x00007ffa44449000 	C:\Program Files\Android\Android Studio\jbr\bin\net.dll
0x00007ffa65c10000 - 0x00007ffa65d47000 	C:\WINDOWS\SYSTEM32\WINHTTP.dll
0x00007ffa6ba00000 - 0x00007ffa6ba69000 	C:\WINDOWS\system32\mswsock.dll
0x00007ffa44360000 - 0x00007ffa44376000 	C:\Program Files\Android\Android Studio\jbr\bin\nio.dll
0x00007ffa59860000 - 0x00007ffa59870000 	C:\Program Files\Android\Android Studio\jbr\bin\verify.dll
0x00007ffa444f0000 - 0x00007ffa44517000 	C:\Users\fdeba\.gradle\native\68d5fa5c4cc2d200863cafc0d521ce42e7d3e7ee720ec0a83991735586a16f82\windows-amd64\native-platform.dll
0x00007ffa21c10000 - 0x00007ffa21d54000 	C:\Users\fdeba\.gradle\native\e376f236ea51e6404a007f0833ffe2c6e607c4080706a723a18a27aeea778392\windows-amd64\native-platform-file-events.dll
0x00007ffa60a50000 - 0x00007ffa60a59000 	C:\Program Files\Android\Android Studio\jbr\bin\management.dll
0x00007ffa5a9d0000 - 0x00007ffa5a9db000 	C:\Program Files\Android\Android Studio\jbr\bin\management_ext.dll
0x00007ffa6d640000 - 0x00007ffa6d648000 	C:\WINDOWS\System32\PSAPI.DLL
0x00007ffa6bd00000 - 0x00007ffa6bd1b000 	C:\WINDOWS\SYSTEM32\CRYPTSP.dll
0x00007ffa6b470000 - 0x00007ffa6b4a5000 	C:\WINDOWS\system32\rsaenh.dll
0x00007ffa6bba0000 - 0x00007ffa6bbcc000 	C:\WINDOWS\SYSTEM32\USERENV.dll
0x00007ffa6bec0000 - 0x00007ffa6bee8000 	C:\WINDOWS\SYSTEM32\bcrypt.dll
0x00007ffa6bd20000 - 0x00007ffa6bd2c000 	C:\WINDOWS\SYSTEM32\CRYPTBASE.dll
0x00007ffa6afc0000 - 0x00007ffa6afed000 	C:\WINDOWS\SYSTEM32\IPHLPAPI.DLL
0x00007ffa6d910000 - 0x00007ffa6d919000 	C:\WINDOWS\System32\NSI.dll
0x00007ffa62bf0000 - 0x00007ffa62c09000 	C:\WINDOWS\SYSTEM32\dhcpcsvc6.DLL
0x00007ffa627e0000 - 0x00007ffa627ff000 	C:\WINDOWS\SYSTEM32\dhcpcsvc.DLL
0x00007ffa6b030000 - 0x00007ffa6b123000 	C:\WINDOWS\SYSTEM32\DNSAPI.dll
0x00007ffa518e0000 - 0x00007ffa518e8000 	C:\WINDOWS\system32\wshunix.dll
0x0000000065010000 - 0x0000000065036000 	C:\Program Files\Bonjour\mdnsNSP.dll
0x00007ffa5ef50000 - 0x00007ffa5ef5a000 	C:\Windows\System32\rasadhlp.dll
0x00007ffa62930000 - 0x00007ffa629b4000 	C:\WINDOWS\System32\fwpuclnt.dll

dbghelp: loaded successfully - version: 4.0.5 - missing functions: none
symbol engine: initialized successfully - sym options: 0x614 - pdb path: .;C:\Program Files\Android\Android Studio\jbr\bin;C:\WINDOWS\SYSTEM32;C:\WINDOWS\WinSxS\amd64_microsoft.windows.common-controls_6595b64144ccf1df_6.0.22621.1635_none_270f70857386168e;C:\Program Files\Android\Android Studio\jbr\bin\server;C:\Users\fdeba\.gradle\native\68d5fa5c4cc2d200863cafc0d521ce42e7d3e7ee720ec0a83991735586a16f82\windows-amd64;C:\Users\fdeba\.gradle\native\e376f236ea51e6404a007f0833ffe2c6e607c4080706a723a18a27aeea778392\windows-amd64;C:\Program Files\Bonjour

VM Arguments:
jvm_args: --add-opens=java.base/java.util=ALL-UNNAMED --add-opens=java.base/java.lang=ALL-UNNAMED --add-opens=java.base/java.lang.invoke=ALL-UNNAMED --add-opens=java.prefs/java.util.prefs=ALL-UNNAMED --add-opens=java.base/java.nio.charset=ALL-UNNAMED --add-opens=java.base/java.net=ALL-UNNAMED --add-opens=java.base/java.util.concurrent.atomic=ALL-UNNAMED -Xmx2048m -Dfile.encoding=UTF-8 -Duser.country=BR -Duser.language=pt -Duser.variant 
java_command: org.gradle.launcher.daemon.bootstrap.GradleDaemon 8.0
java_class_path (initial): C:\Users\fdeba\.gradle\wrapper\dists\gradle-8.0-bin\ca5e32bp14vu59qr306oxotwh\gradle-8.0\lib\gradle-launcher-8.0.jar
Launcher Type: SUN_STANDARD

[Global flags]
     intx CICompilerCount                          = 3                                         {product} {ergonomic}
     uint ConcGCThreads                            = 1                                         {product} {ergonomic}
     uint G1ConcRefinementThreads                  = 4                                         {product} {ergonomic}
   size_t G1HeapRegionSize                         = 1048576                                   {product} {ergonomic}
    uintx GCDrainStackTargetSize                   = 64                                        {product} {ergonomic}
   size_t InitialHeapSize                          = 65011712                                  {product} {ergonomic}
   size_t MarkStackSize                            = 4194304                                   {product} {ergonomic}
   size_t MaxHeapSize                              = 2147483648                                {product} {command line}
   size_t MaxNewSize                               = 1287651328                                {product} {ergonomic}
   size_t MinHeapDeltaBytes                        = 1048576                                   {product} {ergonomic}
   size_t MinHeapSize                              = 8388608                                   {product} {ergonomic}
    uintx NonNMethodCodeHeapSize                   = 5832780                                {pd product} {ergonomic}
    uintx NonProfiledCodeHeapSize                  = 122912730                              {pd product} {ergonomic}
    uintx ProfiledCodeHeapSize                     = 122912730                              {pd product} {ergonomic}
    uintx ReservedCodeCacheSize                    = 251658240                              {pd product} {ergonomic}
     bool SegmentedCodeCache                       = true                                      {product} {ergonomic}
   size_t SoftMaxHeapSize                          = 2147483648                             {manageable} {ergonomic}
     bool UseCompressedClassPointers               = true                           {product lp64_product} {ergonomic}
     bool UseCompressedOops                        = true                           {product lp64_product} {ergonomic}
     bool UseG1GC                                  = true                                      {product} {ergonomic}
     bool UseLargePagesIndividualAllocation        = false                                  {pd product} {ergonomic}

Logging:
Log output configuration:
 #0: stdout all=warning uptime,level,tags
 #1: stderr all=off uptime,level,tags

Environment Variables:
JAVA_HOME=C:\Program Files\Java\jdk-18.0.2.1
PATH=C:\Program Files\Common Files\Oracle\Java\javapath;C:\Program Files (x86)\Common Files\Oracle\Java\javapath;C:\WINDOWS\system32;C:\WINDOWS;C:\WINDOWS\System32\Wbem;C:\WINDOWS\System32\WindowsPowerShell\v1.0\;C:\WINDOWS\System32\OpenSSH\;C:\Program Files\nodejs\;C:\ProgramData\chocolatey\bin;C:\Program Files\Git\cmd;C:\Program Files\GitHub CLI\;C:\Program Files\Docker\Docker\resources\bin;C:\Program Files\kotlinc\bin;"C:\Program Files\Java\jdk-18.0.2.1\bin;";C:\Users\fdeba\AppData\Local\Programs\Python\Python311;C:\Users\fdeba\AppData\Local\Programs\Python\Python311\Scripts;C:\Users\fdeba\scoop\apps\pscale\0.144.0;C:\Gradle\bin;C:\Program Files (x86)\Yarn\bin\;C:\Program Files\dotnet\;C:\platform-tools\adb.exe;C:\Users\fdeba\scoop\shims;C:\Users\fdeba\AppData\Local\Microsoft\WindowsApps;C:\Users\fdeba\AppData\Roaming\npm;C:\Users\fdeba\AppData\Local\Programs\Microsoft VS Code\bin;C:\tools\dart-sdk\bin;C:\Users\fdeba\AppData\Roaming\Pub\Cache\bin;C:\Users\fdeba\AppData\Local\JetBrains\Toolbox\scripts;C:\Program Files\PostgreSQL\15\bin;C:\Program Files\kotlinc\bin;"C:\Program Files\Java\jdk-18.0.2.1\bin;";C:\Users\fdeba\AppData\Local\Programs\Python\Python311\Scripts;C:\Users\fdeba\AppData\Local\Programs\Python\Python311;C:\Users\fdeba\scoop\apps\pscale\0.144.0;C:\Users\fdeba\AppData\Local\Yarn\bin;C:\Users\fdeba\.dotnet\tools;C:\platform-tools\adb.exe;
USERNAME=fdeba
OS=Windows_NT
PROCESSOR_IDENTIFIER=Intel64 Family 6 Model 140 Stepping 2, GenuineIntel
TMP=C:\Users\fdeba\AppData\Local\Temp
TEMP=C:\Users\fdeba\AppData\Local\Temp



---------------  S Y S T E M  ---------------

OS:
 Windows 11 , 64 bit Build 22621 (10.0.22621.1928)
OS uptime: 0 days 18:48 hours
Hyper-V role detected

CPU: total 4 (initial active 4) (2 cores per cpu, 2 threads per core) family 6 model 140 stepping 2 microcode 0x26, cx8, cmov, fxsr, ht, mmx, 3dnowpref, sse, sse2, sse3, ssse3, sse4.1, sse4.2, popcnt, lzcnt, tsc, tscinvbit, avx, avx2, aes, erms, clmul, bmi1, bmi2, adx, avx512f, avx512dq, avx512cd, avx512bw, avx512vl, sha, fma, vzeroupper, avx512_vpopcntdq, avx512_vpclmulqdq, avx512_vaes, avx512_vnni, clflush, clflushopt, clwb, avx512_vbmi2, avx512_vbmi, hv

Memory: 4k page, system-wide physical 3879M (92M free)
TotalPageFile size 15655M (AvailPageFile size 197M)
current process WorkingSet (physical memory assigned to process): 238M, peak: 314M
current process commit charge ("private bytes"): 501M, peak: 739M

vm_info: OpenJDK 64-Bit Server VM (17.0.6+0-b2043.56-9586694) for windows-amd64 JRE (17.0.6+0-b2043.56-9586694), built on Feb  9 2023 20:06:20 by "androidbuild" with MS VC++ 16.10 / 16.11 (VS2019)

END.
