#
# There is insufficient memory for the Java Runtime Environment to continue.
# Native memory allocation (mmap) failed to map 3702784 bytes for G1 virtual space
# Possible reasons:
#   The system is out of physical RAM or swap space
#   The process is running with CompressedOops enabled, and the Java Heap may be blocking the growth of the native heap
# Possible solutions:
#   Reduce memory load on the system
#   Increase physical memory or swap space
#   Check if swap backing store is full
#   Decrease Java heap size (-Xmx/-Xms)
#   Decrease number of Java threads
#   Decrease Java thread stack sizes (-Xss)
#   Set larger code cache with -XX:ReservedCodeCacheSize=
#   JVM is running with Unscaled Compressed Oops mode in which the Java heap is
#     placed in the first 4GB address space. The Java Heap base address is the
#     maximum limit for the native heap growth. Please use -XX:HeapBaseMinAddress
#     to set the Java Heap base and to place the Java Heap above 4GB virtual address.
# This output file may be truncated or incomplete.
#
#  Out of Memory Error (os_windows.cpp:3769), pid=14472, tid=8604
#
# JRE version: OpenJDK Runtime Environment (17.0.6) (build 17.0.6+0-b2043.56-9586694)
# Java VM: OpenJDK 64-Bit Server VM (17.0.6+0-b2043.56-9586694, mixed mode, tiered, compressed oops, compressed class ptrs, g1 gc, windows-amd64)
# No core dump will be written. Minidumps are not enabled by default on client versions of Windows
#

---------------  S U M M A R Y ------------

Command Line: --add-opens=java.base/java.util=ALL-UNNAMED --add-opens=java.base/java.lang=ALL-UNNAMED --add-opens=java.base/java.lang.invoke=ALL-UNNAMED --add-opens=java.prefs/java.util.prefs=ALL-UNNAMED --add-opens=java.base/java.nio.charset=ALL-UNNAMED --add-opens=java.base/java.net=ALL-UNNAMED --add-opens=java.base/java.util.concurrent.atomic=ALL-UNNAMED -Xmx2048m -Dfile.encoding=UTF-8 -Duser.country=BR -Duser.language=pt -Duser.variant org.gradle.launcher.daemon.bootstrap.GradleDaemon 8.0

Host: 11th Gen Intel(R) Core(TM) i3-1115G4 @ 3.00GHz, 4 cores, 3G,  Windows 11 , 64 bit Build 22621 (10.0.22621.1928)
Time: Wed Jul 12 17:23:47 2023 Hora oficial do Brasil elapsed time: 17.355101 seconds (0d 0h 0m 17s)

---------------  T H R E A D  ---------------

Current thread (0x00000175ff0d3740):  VMThread "VM Thread" [stack: 0x00000064c2b00000,0x00000064c2c00000] [id=8604]

Stack: [0x00000064c2b00000,0x00000064c2c00000]
Native frames: (J=compiled Java code, j=interpreted, Vv=VM code, C=native code)
V  [jvm.dll+0x683b4a]
V  [jvm.dll+0x842654]
V  [jvm.dll+0x843dfe]
V  [jvm.dll+0x844463]
V  [jvm.dll+0x249b75]
V  [jvm.dll+0x680a19]
V  [jvm.dll+0x674f0a]
V  [jvm.dll+0x309acb]
V  [jvm.dll+0x310f86]
V  [jvm.dll+0x360918]
V  [jvm.dll+0x360b1f]
V  [jvm.dll+0x2dfbf8]
V  [jvm.dll+0x2ddec4]
V  [jvm.dll+0x2dd4cc]
V  [jvm.dll+0x322261]
V  [jvm.dll+0x84893b]
V  [jvm.dll+0x849674]
V  [jvm.dll+0x849b8d]
V  [jvm.dll+0x849f64]
V  [jvm.dll+0x84a030]
V  [jvm.dll+0x7f25fa]
V  [jvm.dll+0x682985]
C  [ucrtbase.dll+0x29363]
C  [KERNEL32.DLL+0x126ad]
C  [ntdll.dll+0x5aa68]

VM_Operation (0x00000064c41f79b0): G1TryInitiateConcMark, mode: safepoint, requested by thread 0x000001758ff5d480


---------------  P R O C E S S  ---------------

Threads class SMR info:
_java_thread_list=0x0000017593d13570, length=86, elements={
0x00000175f4b4aae0, 0x00000175ff0d76f0, 0x00000175ff0d82a0, 0x00000175ff0fd4e0,
0x00000175ff0fe090, 0x00000175ff133030, 0x00000175ff1338f0, 0x00000175ff137b80,
0x00000175ff139630, 0x00000175ffc12960, 0x00000175ffd7d320, 0x00000175ffd81800,
0x000001758fde4fb0, 0x00000175900a5bd0, 0x00000175901280f0, 0x000001758fb45f50,
0x00000175901c70a0, 0x00000175901c3610, 0x000001758ff5d480, 0x0000017591299d90,
0x000001759129b0d0, 0x00000175912998c0, 0x000001759129a730, 0x00000175912993f0,
0x000001759129b5a0, 0x000001759129a260, 0x000001759129ac00, 0x000001759129ba70,
0x00000175912980b0, 0x0000017591298580, 0x0000017591298a50, 0x00000175931f9670,
0x00000175931f74c0, 0x00000175931f6180, 0x00000175931fa010, 0x00000175931fb820,
0x00000175931f8330, 0x00000175931fa4e0, 0x00000175931fa9b0, 0x00000175931f5cb0,
0x00000175931f7e60, 0x00000175931f9b40, 0x00000175931f6650, 0x00000175931f6b20,
0x00000175931f8800, 0x00000175931f6ff0, 0x00000175931f91a0, 0x00000175931fbcf0,
0x00000175931fc1c0, 0x00000175931f4970, 0x00000175931f5310, 0x000001759364fc90,
0x0000017593650fd0, 0x0000017593650b00, 0x000001759364be00, 0x000001759364af90,
0x000001759364c7a0, 0x000001759364dfb0, 0x000001759364d610, 0x000001759364b930,
0x000001759364cc70, 0x000001759364ee20, 0x000001759364d140, 0x000001759364f2f0,
0x000001759364b460, 0x000001759364c2d0, 0x000001759364e480, 0x0000017593650160,
0x0000017593650630, 0x000001759364f7c0, 0x00000175936514a0, 0x000001759364dae0,
0x000001759364e950, 0x0000017593651970, 0x0000017593651e40, 0x0000017593652310,
0x00000175936527e0, 0x0000017591a5bbd0, 0x0000017591a56530, 0x0000017591a573a0,
0x0000017591a556c0, 0x0000017591a5b230, 0x0000017591a55b90, 0x0000017591a59ef0,
0x0000017591a59a20, 0x0000017591a58bb0
}

Java Threads: ( => current thread )
  0x00000175f4b4aae0 JavaThread "main" [_thread_blocked, id=5748, stack(0x00000064c2500000,0x00000064c2600000)]
  0x00000175ff0d76f0 JavaThread "Reference Handler" daemon [_thread_blocked, id=11092, stack(0x00000064c2c00000,0x00000064c2d00000)]
  0x00000175ff0d82a0 JavaThread "Finalizer" daemon [_thread_blocked, id=15204, stack(0x00000064c2d00000,0x00000064c2e00000)]
  0x00000175ff0fd4e0 JavaThread "Signal Dispatcher" daemon [_thread_blocked, id=11660, stack(0x00000064c2e00000,0x00000064c2f00000)]
  0x00000175ff0fe090 JavaThread "Attach Listener" daemon [_thread_blocked, id=7864, stack(0x00000064c2f00000,0x00000064c3000000)]
  0x00000175ff133030 JavaThread "Service Thread" daemon [_thread_blocked, id=17860, stack(0x00000064c3000000,0x00000064c3100000)]
  0x00000175ff1338f0 JavaThread "Monitor Deflation Thread" daemon [_thread_blocked, id=15148, stack(0x00000064c3100000,0x00000064c3200000)]
  0x00000175ff137b80 JavaThread "C2 CompilerThread0" daemon [_thread_in_native, id=17844, stack(0x00000064c3200000,0x00000064c3300000)]
  0x00000175ff139630 JavaThread "C1 CompilerThread0" daemon [_thread_blocked, id=11512, stack(0x00000064c3300000,0x00000064c3400000)]
  0x00000175ffc12960 JavaThread "Sweeper thread" daemon [_thread_blocked, id=14832, stack(0x00000064c3400000,0x00000064c3500000)]
  0x00000175ffd7d320 JavaThread "Common-Cleaner" daemon [_thread_blocked, id=13240, stack(0x00000064c3500000,0x00000064c3600000)]
  0x00000175ffd81800 JavaThread "Notification Thread" daemon [_thread_blocked, id=11524, stack(0x00000064c3600000,0x00000064c3700000)]
  0x000001758fde4fb0 JavaThread "Daemon health stats" [_thread_blocked, id=496, stack(0x00000064c3b00000,0x00000064c3c00000)]
  0x00000175900a5bd0 JavaThread "Incoming local TCP Connector on port 55542" [_thread_in_native, id=17804, stack(0x00000064c3c00000,0x00000064c3d00000)]
  0x00000175901280f0 JavaThread "Daemon periodic checks" [_thread_blocked, id=14352, stack(0x00000064c3d00000,0x00000064c3e00000)]
  0x000001758fb45f50 JavaThread "Daemon" [_thread_blocked, id=2696, stack(0x00000064c3e00000,0x00000064c3f00000)]
  0x00000175901c70a0 JavaThread "Handler for socket connection from /127.0.0.1:55542 to /127.0.0.1:55543" [_thread_in_native, id=9272, stack(0x00000064c3f00000,0x00000064c4000000)]
  0x00000175901c3610 JavaThread "Cancel handler" [_thread_blocked, id=15732, stack(0x00000064c4000000,0x00000064c4100000)]
  0x000001758ff5d480 JavaThread "Daemon worker" [_thread_blocked, id=15748, stack(0x00000064c4100000,0x00000064c4200000)]
  0x0000017591299d90 JavaThread "Asynchronous log dispatcher for DefaultDaemonConnection: socket connection from /127.0.0.1:55542 to /127.0.0.1:55543" [_thread_blocked, id=7412, stack(0x00000064c4200000,0x00000064c4300000)]
  0x000001759129b0d0 JavaThread "Stdin handler" [_thread_blocked, id=15348, stack(0x00000064c4300000,0x00000064c4400000)]
  0x00000175912998c0 JavaThread "Daemon client event forwarder" [_thread_blocked, id=13076, stack(0x00000064c4400000,0x00000064c4500000)]
  0x000001759129a730 JavaThread "Cache worker for journal cache (C:\Users\fdeba\.gradle\caches\journal-1)" [_thread_blocked, id=6240, stack(0x00000064c4500000,0x00000064c4600000)]
  0x00000175912993f0 JavaThread "File lock request listener" [_thread_in_native, id=10088, stack(0x00000064c4600000,0x00000064c4700000)]
  0x000001759129b5a0 JavaThread "Cache worker for file hash cache (C:\Users\fdeba\.gradle\caches\8.0\fileHashes)" [_thread_blocked, id=15680, stack(0x00000064c4700000,0x00000064c4800000)]
  0x000001759129a260 JavaThread "File watcher server" daemon [_thread_in_native, id=12500, stack(0x00000064c4800000,0x00000064c4900000)]
  0x000001759129ac00 JavaThread "File watcher consumer" daemon [_thread_blocked, id=15368, stack(0x00000064c4900000,0x00000064c4a00000)]
  0x000001759129ba70 JavaThread "jar transforms" [_thread_blocked, id=16000, stack(0x00000064c4a00000,0x00000064c4b00000)]
  0x00000175912980b0 JavaThread "jar transforms Thread 2" [_thread_blocked, id=18264, stack(0x00000064c4b00000,0x00000064c4c00000)]
  0x0000017591298580 JavaThread "jar transforms Thread 3" [_thread_blocked, id=15592, stack(0x00000064c4c00000,0x00000064c4d00000)]
  0x0000017591298a50 JavaThread "jar transforms Thread 4" [_thread_blocked, id=17292, stack(0x00000064c4d00000,0x00000064c4e00000)]
  0x00000175931f9670 JavaThread "Cache worker for checksums cache (C:\Users\fdeba\OneDrive\Documentos\ifsul\4i\tcc\ObjectFinderIFSul\.gradle\8.0\checksums)" [_thread_blocked, id=9488, stack(0x00000064c4e00000,0x00000064c4f00000)]
  0x00000175931f74c0 JavaThread "Cache worker for cache directory md-rule (C:\Users\fdeba\.gradle\caches\8.0\md-rule)" [_thread_blocked, id=17420, stack(0x00000064c4f00000,0x00000064c5000000)]
  0x00000175931f6180 JavaThread "Cache worker for file content cache (C:\Users\fdeba\.gradle\caches\8.0\fileContent)" [_thread_blocked, id=1768, stack(0x00000064c5000000,0x00000064c5100000)]
  0x00000175931fa010 JavaThread "Cache worker for file hash cache (C:\Users\fdeba\OneDrive\Documentos\ifsul\4i\tcc\ObjectFinderIFSul\.gradle\8.0\fileHashes)" [_thread_blocked, id=6784, stack(0x00000064c5100000,0x00000064c5200000)]
  0x00000175931fb820 JavaThread "Cache worker for cache directory md-supplier (C:\Users\fdeba\.gradle\caches\8.0\md-supplier)" [_thread_blocked, id=408, stack(0x00000064c5200000,0x00000064c5300000)]
  0x00000175931f8330 JavaThread "Cache worker for execution history cache (C:\Users\fdeba\.gradle\caches\8.0\executionHistory)" [_thread_blocked, id=3252, stack(0x00000064c5300000,0x00000064c5400000)]
  0x00000175931fa4e0 JavaThread "Cache worker for dependencies-accessors (C:\Users\fdeba\OneDrive\Documentos\ifsul\4i\tcc\ObjectFinderIFSul\.gradle\8.0\dependencies-accessors)" [_thread_blocked, id=5088, stack(0x00000064c5400000,0x00000064c5500000)]
  0x00000175931fa9b0 JavaThread "Cache worker for Build Output Cleanup Cache (C:\Users\fdeba\OneDrive\Documentos\ifsul\4i\tcc\ObjectFinderIFSul\.gradle\buildOutputCleanup)" [_thread_blocked, id=14480, stack(0x00000064c5500000,0x00000064c5600000)]
  0x00000175931f5cb0 JavaThread "Unconstrained build operations" [_thread_blocked, id=12800, stack(0x00000064c5600000,0x00000064c5700000)]
  0x00000175931f7e60 JavaThread "Unconstrained build operations Thread 2" [_thread_blocked, id=15364, stack(0x00000064c5700000,0x00000064c5800000)]
  0x00000175931f9b40 JavaThread "Unconstrained build operations Thread 3" [_thread_blocked, id=11884, stack(0x00000064c5800000,0x00000064c5900000)]
  0x00000175931f6650 JavaThread "Unconstrained build operations Thread 4" [_thread_blocked, id=12668, stack(0x00000064c5900000,0x00000064c5a00000)]
  0x00000175931f6b20 JavaThread "Unconstrained build operations Thread 5" [_thread_blocked, id=6056, stack(0x00000064c5a00000,0x00000064c5b00000)]
  0x00000175931f8800 JavaThread "Unconstrained build operations Thread 6" [_thread_blocked, id=15776, stack(0x00000064c5b00000,0x00000064c5c00000)]
  0x00000175931f6ff0 JavaThread "Unconstrained build operations Thread 7" [_thread_blocked, id=8872, stack(0x00000064c5c00000,0x00000064c5d00000)]
  0x00000175931f91a0 JavaThread "Unconstrained build operations Thread 8" [_thread_blocked, id=6884, stack(0x00000064c5d00000,0x00000064c5e00000)]
  0x00000175931fbcf0 JavaThread "Unconstrained build operations Thread 9" [_thread_blocked, id=15044, stack(0x00000064c5e00000,0x00000064c5f00000)]
  0x00000175931fc1c0 JavaThread "Unconstrained build operations Thread 10" [_thread_blocked, id=6168, stack(0x00000064c5f00000,0x00000064c6000000)]
  0x00000175931f4970 JavaThread "Unconstrained build operations Thread 11" [_thread_blocked, id=12052, stack(0x00000064c6000000,0x00000064c6100000)]
  0x00000175931f5310 JavaThread "Unconstrained build operations Thread 12" [_thread_blocked, id=2824, stack(0x00000064c6100000,0x00000064c6200000)]
  0x000001759364fc90 JavaThread "Unconstrained build operations Thread 13" [_thread_blocked, id=17536, stack(0x00000064c6200000,0x00000064c6300000)]
  0x0000017593650fd0 JavaThread "Unconstrained build operations Thread 14" [_thread_blocked, id=13872, stack(0x00000064c6300000,0x00000064c6400000)]
  0x0000017593650b00 JavaThread "Unconstrained build operations Thread 15" [_thread_blocked, id=15484, stack(0x00000064c6400000,0x00000064c6500000)]
  0x000001759364be00 JavaThread "Unconstrained build operations Thread 16" [_thread_blocked, id=16876, stack(0x00000064c6500000,0x00000064c6600000)]
  0x000001759364af90 JavaThread "Unconstrained build operations Thread 17" [_thread_blocked, id=11572, stack(0x00000064c6600000,0x00000064c6700000)]
  0x000001759364c7a0 JavaThread "Unconstrained build operations Thread 18" [_thread_blocked, id=14908, stack(0x00000064c6700000,0x00000064c6800000)]
  0x000001759364dfb0 JavaThread "Unconstrained build operations Thread 19" [_thread_blocked, id=6048, stack(0x00000064c6800000,0x00000064c6900000)]
  0x000001759364d610 JavaThread "Unconstrained build operations Thread 20" [_thread_blocked, id=11504, stack(0x00000064c6900000,0x00000064c6a00000)]
  0x000001759364b930 JavaThread "Unconstrained build operations Thread 21" [_thread_blocked, id=2620, stack(0x00000064c6a00000,0x00000064c6b00000)]
  0x000001759364cc70 JavaThread "Unconstrained build operations Thread 22" [_thread_blocked, id=3984, stack(0x00000064c6b00000,0x00000064c6c00000)]
  0x000001759364ee20 JavaThread "Unconstrained build operations Thread 23" [_thread_blocked, id=14580, stack(0x00000064c6c00000,0x00000064c6d00000)]
  0x000001759364d140 JavaThread "Unconstrained build operations Thread 24" [_thread_blocked, id=13816, stack(0x00000064c6d00000,0x00000064c6e00000)]
  0x000001759364f2f0 JavaThread "Unconstrained build operations Thread 25" [_thread_blocked, id=4220, stack(0x00000064c6e00000,0x00000064c6f00000)]
  0x000001759364b460 JavaThread "Unconstrained build operations Thread 26" [_thread_blocked, id=9916, stack(0x00000064c6f00000,0x00000064c7000000)]
  0x000001759364c2d0 JavaThread "Unconstrained build operations Thread 27" [_thread_blocked, id=6548, stack(0x00000064c7000000,0x00000064c7100000)]
  0x000001759364e480 JavaThread "Unconstrained build operations Thread 28" [_thread_blocked, id=14204, stack(0x00000064c7100000,0x00000064c7200000)]
  0x0000017593650160 JavaThread "Unconstrained build operations Thread 29" [_thread_blocked, id=9696, stack(0x00000064c7200000,0x00000064c7300000)]
  0x0000017593650630 JavaThread "Unconstrained build operations Thread 30" [_thread_blocked, id=18372, stack(0x00000064c7300000,0x00000064c7400000)]
  0x000001759364f7c0 JavaThread "Unconstrained build operations Thread 31" [_thread_blocked, id=14984, stack(0x00000064c7400000,0x00000064c7500000)]
  0x00000175936514a0 JavaThread "Unconstrained build operations Thread 32" [_thread_blocked, id=15712, stack(0x00000064c7500000,0x00000064c7600000)]
  0x000001759364dae0 JavaThread "Unconstrained build operations Thread 33" [_thread_blocked, id=304, stack(0x00000064c7600000,0x00000064c7700000)]
  0x000001759364e950 JavaThread "Unconstrained build operations Thread 34" [_thread_blocked, id=18072, stack(0x00000064c7700000,0x00000064c7800000)]
  0x0000017593651970 JavaThread "Unconstrained build operations Thread 35" [_thread_blocked, id=2492, stack(0x00000064c7800000,0x00000064c7900000)]
  0x0000017593651e40 JavaThread "Unconstrained build operations Thread 36" [_thread_blocked, id=6052, stack(0x00000064c7900000,0x00000064c7a00000)]
  0x0000017593652310 JavaThread "Unconstrained build operations Thread 37" [_thread_blocked, id=12628, stack(0x00000064c7a00000,0x00000064c7b00000)]
  0x00000175936527e0 JavaThread "Unconstrained build operations Thread 38" [_thread_blocked, id=17216, stack(0x00000064c7b00000,0x00000064c7c00000)]
  0x0000017591a5bbd0 JavaThread "Unconstrained build operations Thread 39" [_thread_blocked, id=10080, stack(0x00000064c7c00000,0x00000064c7d00000)]
  0x0000017591a56530 JavaThread "Unconstrained build operations Thread 40" [_thread_blocked, id=16884, stack(0x00000064c7d00000,0x00000064c7e00000)]
  0x0000017591a573a0 JavaThread "Memory manager" [_thread_blocked, id=11532, stack(0x00000064c7e00000,0x00000064c7f00000)]
  0x0000017591a556c0 JavaThread "included builds" [_thread_blocked, id=11836, stack(0x00000064c7f00000,0x00000064c8000000)]
  0x0000017591a5b230 JavaThread "Execution worker" [_thread_blocked, id=16916, stack(0x00000064c8000000,0x00000064c8100000)]
  0x0000017591a55b90 JavaThread "Execution worker Thread 2" [_thread_blocked, id=16752, stack(0x00000064c8100000,0x00000064c8200000)]
  0x0000017591a59ef0 JavaThread "Execution worker Thread 3" [_thread_blocked, id=16444, stack(0x00000064c8200000,0x00000064c8300000)]
  0x0000017591a59a20 JavaThread "Cache worker for execution history cache (C:\Users\fdeba\OneDrive\Documentos\ifsul\4i\tcc\ObjectFinderIFSul\.gradle\8.0\executionHistory)" [_thread_blocked, id=10904, stack(0x00000064c8300000,0x00000064c8400000)]
  0x0000017591a58bb0 JavaThread "idea-tooling-model-converter" [_thread_blocked, id=8040, stack(0x00000064c8400000,0x00000064c8500000)]

Other Threads:
=>0x00000175ff0d3740 VMThread "VM Thread" [stack: 0x00000064c2b00000,0x00000064c2c00000] [id=8604]
  0x00000175f4bc1ac0 WatcherThread [stack: 0x00000064c3700000,0x00000064c3800000] [id=16872]
  0x00000175f4ba5130 GCTaskThread "GC Thread#0" [stack: 0x00000064c2600000,0x00000064c2700000] [id=17904]
  0x000001758f243010 GCTaskThread "GC Thread#1" [stack: 0x00000064c3800000,0x00000064c3900000] [id=17728]
  0x000001758f652af0 GCTaskThread "GC Thread#2" [stack: 0x00000064c3900000,0x00000064c3a00000] [id=1604]
  0x000001758f839f20 GCTaskThread "GC Thread#3" [stack: 0x00000064c3a00000,0x00000064c3b00000] [id=5972]
  0x00000175f4bb6970 ConcurrentGCThread "G1 Main Marker" [stack: 0x00000064c2700000,0x00000064c2800000] [id=15944]
  0x00000175f4bb7380 ConcurrentGCThread "G1 Conc#0" [stack: 0x00000064c2800000,0x00000064c2900000] [id=16856]
  0x00000175f4c04c70 ConcurrentGCThread "G1 Refine#0" [stack: 0x00000064c2900000,0x00000064c2a00000] [id=15908]
  0x00000175f4c06540 ConcurrentGCThread "G1 Service" [stack: 0x00000064c2a00000,0x00000064c2b00000] [id=4784]

Threads with active compile tasks:
C2 CompilerThread0    17401 8472 %     4       groovy.lang.MetaClassImpl::inheritInterfaceNewMetaMethods @ 100 (195 bytes)

VM state: at safepoint (normal execution)

VM Mutex/Monitor currently owned by a thread:  ([mutex/lock_event])
[0x00000175f4b45340] Threads_lock - owner thread: 0x00000175ff0d3740
[0x00000175f4b44d10] Heap_lock - owner thread: 0x000001758ff5d480

Heap address: 0x0000000080000000, size: 2048 MB, Compressed Oops mode: 32-bit

CDS archive(s) not mapped
Compressed class space mapped at: 0x0000000100000000-0x0000000140000000, reserved size: 1073741824
Narrow klass base: 0x0000000000000000, Narrow klass shift: 3, Narrow klass range: 0x140000000

GC Precious Log:
 CPUs: 4 total, 4 available
 Memory: 3879M
 Large Page Support: Disabled
 NUMA Support: Disabled
 Compressed Oops: Enabled (32-bit)
 Heap Region Size: 1M
 Heap Min Capacity: 8M
 Heap Initial Capacity: 62M
 Heap Max Capacity: 2G
 Pre-touch: Disabled
 Parallel Workers: 4
 Concurrent Workers: 1
 Concurrent Refinement Workers: 4
 Periodic GC: Disabled

Heap:
 garbage-first heap   total 229376K, used 169452K [0x0000000080000000, 0x0000000100000000)
  region size 1024K, 3 young (3072K), 3 survivors (3072K)
 Metaspace       used 83243K, committed 83968K, reserved 1122304K
  class space    used 11358K, committed 11712K, reserved 1048576K

Heap Regions: E=young(eden), S=young(survivor), O=old, HS=humongous(starts), HC=humongous(continues), CS=collection set, F=free, OA=open archive, CA=closed archive, TAMS=top-at-mark-start (previous, next)
|   0|0x0000000080000000, 0x0000000080100000, 0x0000000080100000|100%| O|  |TAMS 0x0000000080100000, 0x0000000080100000| Untracked 
|   1|0x0000000080100000, 0x0000000080200000, 0x0000000080200000|100%| O|  |TAMS 0x0000000080200000, 0x0000000080200000| Untracked 
|   2|0x0000000080200000, 0x0000000080300000, 0x0000000080300000|100%|HS|  |TAMS 0x0000000080300000, 0x0000000080300000| Complete 
|   3|0x0000000080300000, 0x0000000080400000, 0x0000000080400000|100%|HC|  |TAMS 0x0000000080400000, 0x0000000080400000| Complete 
|   4|0x0000000080400000, 0x0000000080500000, 0x0000000080500000|100%|HC|  |TAMS 0x0000000080500000, 0x0000000080500000| Complete 
|   5|0x0000000080500000, 0x0000000080600000, 0x0000000080600000|100%|HC|  |TAMS 0x0000000080600000, 0x0000000080600000| Complete 
|   6|0x0000000080600000, 0x0000000080700000, 0x0000000080700000|100%| O|  |TAMS 0x0000000080700000, 0x0000000080700000| Untracked 
|   7|0x0000000080700000, 0x0000000080800000, 0x0000000080800000|100%| O|  |TAMS 0x0000000080800000, 0x0000000080800000| Untracked 
|   8|0x0000000080800000, 0x0000000080900000, 0x0000000080900000|100%| O|  |TAMS 0x0000000080900000, 0x0000000080900000| Untracked 
|   9|0x0000000080900000, 0x0000000080a00000, 0x0000000080a00000|100%| O|  |TAMS 0x0000000080a00000, 0x0000000080a00000| Untracked 
|  10|0x0000000080a00000, 0x0000000080b00000, 0x0000000080b00000|100%| O|  |TAMS 0x0000000080b00000, 0x0000000080b00000| Untracked 
|  11|0x0000000080b00000, 0x0000000080c00000, 0x0000000080c00000|100%| O|  |TAMS 0x0000000080c00000, 0x0000000080c00000| Untracked 
|  12|0x0000000080c00000, 0x0000000080d00000, 0x0000000080d00000|100%| O|  |TAMS 0x0000000080d00000, 0x0000000080d00000| Untracked 
|  13|0x0000000080d00000, 0x0000000080e00000, 0x0000000080e00000|100%| O|  |TAMS 0x0000000080e00000, 0x0000000080e00000| Untracked 
|  14|0x0000000080e00000, 0x0000000080f00000, 0x0000000080f00000|100%| O|  |TAMS 0x0000000080f00000, 0x0000000080f00000| Untracked 
|  15|0x0000000080f00000, 0x0000000081000000, 0x0000000081000000|100%| O|  |TAMS 0x0000000081000000, 0x0000000081000000| Untracked 
|  16|0x0000000081000000, 0x0000000081100000, 0x0000000081100000|100%| O|  |TAMS 0x0000000081100000, 0x0000000081100000| Untracked 
|  17|0x0000000081100000, 0x0000000081200000, 0x0000000081200000|100%| O|  |TAMS 0x0000000081200000, 0x0000000081200000| Untracked 
|  18|0x0000000081200000, 0x0000000081300000, 0x0000000081300000|100%|HS|  |TAMS 0x0000000081300000, 0x0000000081300000| Complete 
|  19|0x0000000081300000, 0x0000000081400000, 0x0000000081400000|100%|HC|  |TAMS 0x0000000081400000, 0x0000000081400000| Complete 
|  20|0x0000000081400000, 0x0000000081500000, 0x0000000081500000|100%| O|  |TAMS 0x0000000081500000, 0x0000000081500000| Untracked 
|  21|0x0000000081500000, 0x0000000081600000, 0x0000000081600000|100%|HS|  |TAMS 0x0000000081600000, 0x0000000081600000| Complete 
|  22|0x0000000081600000, 0x0000000081700000, 0x0000000081700000|100%|HC|  |TAMS 0x0000000081700000, 0x0000000081700000| Complete 
|  23|0x0000000081700000, 0x0000000081800000, 0x0000000081800000|100%|HC|  |TAMS 0x0000000081800000, 0x0000000081800000| Complete 
|  24|0x0000000081800000, 0x0000000081900000, 0x0000000081900000|100%|HS|  |TAMS 0x0000000081900000, 0x0000000081900000| Complete 
|  25|0x0000000081900000, 0x0000000081a00000, 0x0000000081a00000|100%|HC|  |TAMS 0x0000000081a00000, 0x0000000081a00000| Complete 
|  26|0x0000000081a00000, 0x0000000081b00000, 0x0000000081b00000|100%|HC|  |TAMS 0x0000000081b00000, 0x0000000081b00000| Complete 
|  27|0x0000000081b00000, 0x0000000081c00000, 0x0000000081c00000|100%| O|  |TAMS 0x0000000081c00000, 0x0000000081c00000| Untracked 
|  28|0x0000000081c00000, 0x0000000081d00000, 0x0000000081d00000|100%| O|  |TAMS 0x0000000081d00000, 0x0000000081d00000| Untracked 
|  29|0x0000000081d00000, 0x0000000081e00000, 0x0000000081e00000|100%| O|  |TAMS 0x0000000081e00000, 0x0000000081e00000| Untracked 
|  30|0x0000000081e00000, 0x0000000081f00000, 0x0000000081f00000|100%|HS|  |TAMS 0x0000000081f00000, 0x0000000081f00000| Complete 
|  31|0x0000000081f00000, 0x0000000082000000, 0x0000000082000000|100%|HC|  |TAMS 0x0000000082000000, 0x0000000082000000| Complete 
|  32|0x0000000082000000, 0x0000000082100000, 0x0000000082100000|100%|HS|  |TAMS 0x0000000082100000, 0x0000000082100000| Complete 
|  33|0x0000000082100000, 0x0000000082200000, 0x0000000082200000|100%|HC|  |TAMS 0x0000000082200000, 0x0000000082200000| Complete 
|  34|0x0000000082200000, 0x0000000082300000, 0x0000000082300000|100%|HC|  |TAMS 0x0000000082300000, 0x0000000082300000| Complete 
|  35|0x0000000082300000, 0x0000000082400000, 0x0000000082400000|100%|HC|  |TAMS 0x0000000082400000, 0x0000000082400000| Complete 
|  36|0x0000000082400000, 0x0000000082500000, 0x0000000082500000|100%|HC|  |TAMS 0x0000000082500000, 0x0000000082500000| Complete 
|  37|0x0000000082500000, 0x0000000082600000, 0x0000000082600000|100%|HC|  |TAMS 0x0000000082600000, 0x0000000082600000| Complete 
|  38|0x0000000082600000, 0x0000000082700000, 0x0000000082700000|100%|HC|  |TAMS 0x0000000082700000, 0x0000000082700000| Complete 
|  39|0x0000000082700000, 0x0000000082800000, 0x0000000082800000|100%|HC|  |TAMS 0x0000000082800000, 0x0000000082800000| Complete 
|  40|0x0000000082800000, 0x0000000082900000, 0x0000000082900000|100%|HC|  |TAMS 0x0000000082900000, 0x0000000082900000| Complete 
|  41|0x0000000082900000, 0x0000000082a00000, 0x0000000082a00000|100%|HC|  |TAMS 0x0000000082a00000, 0x0000000082a00000| Complete 
|  42|0x0000000082a00000, 0x0000000082b00000, 0x0000000082b00000|100%| O|  |TAMS 0x0000000082b00000, 0x0000000082b00000| Untracked 
|  43|0x0000000082b00000, 0x0000000082c00000, 0x0000000082c00000|100%|HS|  |TAMS 0x0000000082c00000, 0x0000000082c00000| Complete 
|  44|0x0000000082c00000, 0x0000000082d00000, 0x0000000082d00000|100%|HS|  |TAMS 0x0000000082d00000, 0x0000000082d00000| Complete 
|  45|0x0000000082d00000, 0x0000000082e00000, 0x0000000082e00000|100%|HC|  |TAMS 0x0000000082e00000, 0x0000000082e00000| Complete 
|  46|0x0000000082e00000, 0x0000000082f00000, 0x0000000082f00000|100%|HS|  |TAMS 0x0000000082f00000, 0x0000000082f00000| Complete 
|  47|0x0000000082f00000, 0x0000000083000000, 0x0000000083000000|100%|HC|  |TAMS 0x0000000083000000, 0x0000000083000000| Complete 
|  48|0x0000000083000000, 0x0000000083100000, 0x0000000083100000|100%|HC|  |TAMS 0x0000000083100000, 0x0000000083100000| Complete 
|  49|0x0000000083100000, 0x0000000083200000, 0x0000000083200000|100%|HC|  |TAMS 0x0000000083200000, 0x0000000083200000| Complete 
|  50|0x0000000083200000, 0x0000000083300000, 0x0000000083300000|100%|HC|  |TAMS 0x0000000083300000, 0x0000000083300000| Complete 
|  51|0x0000000083300000, 0x0000000083400000, 0x0000000083400000|100%|HC|  |TAMS 0x0000000083400000, 0x0000000083400000| Complete 
|  52|0x0000000083400000, 0x0000000083500000, 0x0000000083500000|100%| O|  |TAMS 0x0000000083400000, 0x0000000083400000| Untracked 
|  53|0x0000000083500000, 0x0000000083600000, 0x0000000083600000|100%|HS|  |TAMS 0x0000000083600000, 0x0000000083600000| Complete 
|  54|0x0000000083600000, 0x0000000083700000, 0x0000000083700000|100%| O|  |TAMS 0x0000000083700000, 0x0000000083700000| Untracked 
|  55|0x0000000083700000, 0x0000000083800000, 0x0000000083800000|100%| O|  |TAMS 0x0000000083800000, 0x0000000083800000| Untracked 
|  56|0x0000000083800000, 0x0000000083900000, 0x0000000083900000|100%| O|  |TAMS 0x0000000083900000, 0x0000000083900000| Untracked 
|  57|0x0000000083900000, 0x0000000083a00000, 0x0000000083a00000|100%| O|  |TAMS 0x0000000083a00000, 0x0000000083a00000| Untracked 
|  58|0x0000000083a00000, 0x0000000083b00000, 0x0000000083b00000|100%| O|  |TAMS 0x0000000083b00000, 0x0000000083b00000| Untracked 
|  59|0x0000000083b00000, 0x0000000083c00000, 0x0000000083c00000|100%| O|  |TAMS 0x0000000083c00000, 0x0000000083c00000| Untracked 
|  60|0x0000000083c00000, 0x0000000083d00000, 0x0000000083d00000|100%| O|  |TAMS 0x0000000083d00000, 0x0000000083d00000| Untracked 
|  61|0x0000000083d00000, 0x0000000083e00000, 0x0000000083e00000|100%| O|  |TAMS 0x0000000083e00000, 0x0000000083e00000| Untracked 
|  62|0x0000000083e00000, 0x0000000083f00000, 0x0000000083f00000|100%| O|  |TAMS 0x0000000083f00000, 0x0000000083f00000| Untracked 
|  63|0x0000000083f00000, 0x0000000084000000, 0x0000000084000000|100%|HS|  |TAMS 0x0000000084000000, 0x0000000084000000| Complete 
|  64|0x0000000084000000, 0x0000000084100000, 0x0000000084100000|100%|HC|  |TAMS 0x0000000084100000, 0x0000000084100000| Complete 
|  65|0x0000000084100000, 0x0000000084200000, 0x0000000084200000|100%| O|  |TAMS 0x0000000084200000, 0x0000000084200000| Untracked 
|  66|0x0000000084200000, 0x0000000084300000, 0x0000000084300000|100%|HS|  |TAMS 0x0000000084300000, 0x0000000084300000| Complete 
|  67|0x0000000084300000, 0x0000000084400000, 0x0000000084400000|100%|HC|  |TAMS 0x0000000084400000, 0x0000000084400000| Complete 
|  68|0x0000000084400000, 0x0000000084500000, 0x0000000084500000|100%|HC|  |TAMS 0x0000000084500000, 0x0000000084500000| Complete 
|  69|0x0000000084500000, 0x0000000084600000, 0x0000000084600000|100%|HC|  |TAMS 0x0000000084600000, 0x0000000084600000| Complete 
|  70|0x0000000084600000, 0x0000000084700000, 0x0000000084700000|100%|HC|  |TAMS 0x0000000084700000, 0x0000000084700000| Complete 
|  71|0x0000000084700000, 0x0000000084800000, 0x0000000084800000|100%|HC|  |TAMS 0x0000000084800000, 0x0000000084800000| Complete 
|  72|0x0000000084800000, 0x0000000084900000, 0x0000000084900000|100%|HC|  |TAMS 0x0000000084900000, 0x0000000084900000| Complete 
|  73|0x0000000084900000, 0x0000000084a00000, 0x0000000084a00000|100%|HC|  |TAMS 0x0000000084a00000, 0x0000000084a00000| Complete 
|  74|0x0000000084a00000, 0x0000000084b00000, 0x0000000084b00000|100%|HC|  |TAMS 0x0000000084b00000, 0x0000000084b00000| Complete 
|  75|0x0000000084b00000, 0x0000000084c00000, 0x0000000084c00000|100%|HC|  |TAMS 0x0000000084c00000, 0x0000000084c00000| Complete 
|  76|0x0000000084c00000, 0x0000000084d00000, 0x0000000084d00000|100%|HC|  |TAMS 0x0000000084d00000, 0x0000000084d00000| Complete 
|  77|0x0000000084d00000, 0x0000000084e00000, 0x0000000084e00000|100%|HS|  |TAMS 0x0000000084e00000, 0x0000000084e00000| Complete 
|  78|0x0000000084e00000, 0x0000000084f00000, 0x0000000084f00000|100%|HC|  |TAMS 0x0000000084f00000, 0x0000000084f00000| Complete 
|  79|0x0000000084f00000, 0x0000000085000000, 0x0000000085000000|100%|HC|  |TAMS 0x0000000085000000, 0x0000000085000000| Complete 
|  80|0x0000000085000000, 0x0000000085100000, 0x0000000085100000|100%|HS|  |TAMS 0x0000000085100000, 0x0000000085100000| Complete 
|  81|0x0000000085100000, 0x0000000085200000, 0x0000000085200000|100%|HC|  |TAMS 0x0000000085200000, 0x0000000085200000| Complete 
|  82|0x0000000085200000, 0x0000000085300000, 0x0000000085300000|100%|HS|  |TAMS 0x0000000085300000, 0x0000000085300000| Complete 
|  83|0x0000000085300000, 0x0000000085400000, 0x0000000085400000|100%|HC|  |TAMS 0x0000000085400000, 0x0000000085400000| Complete 
|  84|0x0000000085400000, 0x0000000085500000, 0x0000000085500000|100%|HC|  |TAMS 0x0000000085500000, 0x0000000085500000| Complete 
|  85|0x0000000085500000, 0x0000000085600000, 0x0000000085600000|100%| O|  |TAMS 0x0000000085600000, 0x0000000085600000| Untracked 
|  86|0x0000000085600000, 0x0000000085700000, 0x0000000085700000|100%| O|  |TAMS 0x0000000085700000, 0x0000000085700000| Untracked 
|  87|0x0000000085700000, 0x0000000085800000, 0x0000000085800000|100%| O|  |TAMS 0x0000000085800000, 0x0000000085800000| Untracked 
|  88|0x0000000085800000, 0x0000000085900000, 0x0000000085900000|100%| O|  |TAMS 0x0000000085900000, 0x0000000085900000| Untracked 
|  89|0x0000000085900000, 0x0000000085a00000, 0x0000000085a00000|100%| O|  |TAMS 0x0000000085a00000, 0x0000000085a00000| Untracked 
|  90|0x0000000085a00000, 0x0000000085b00000, 0x0000000085b00000|100%| O|  |TAMS 0x0000000085b00000, 0x0000000085b00000| Untracked 
|  91|0x0000000085b00000, 0x0000000085c00000, 0x0000000085c00000|100%| O|  |TAMS 0x0000000085c00000, 0x0000000085c00000| Untracked 
|  92|0x0000000085c00000, 0x0000000085d00000, 0x0000000085d00000|100%|HS|  |TAMS 0x0000000085d00000, 0x0000000085d00000| Complete 
|  93|0x0000000085d00000, 0x0000000085e00000, 0x0000000085e00000|100%|HC|  |TAMS 0x0000000085e00000, 0x0000000085e00000| Complete 
|  94|0x0000000085e00000, 0x0000000085f00000, 0x0000000085f00000|100%|HC|  |TAMS 0x0000000085f00000, 0x0000000085f00000| Complete 
|  95|0x0000000085f00000, 0x0000000086000000, 0x0000000086000000|100%|HC|  |TAMS 0x0000000086000000, 0x0000000086000000| Complete 
|  96|0x0000000086000000, 0x0000000086100000, 0x0000000086100000|100%|HC|  |TAMS 0x0000000086100000, 0x0000000086100000| Complete 
|  97|0x0000000086100000, 0x0000000086200000, 0x0000000086200000|100%|HC|  |TAMS 0x0000000086200000, 0x0000000086200000| Complete 
|  98|0x0000000086200000, 0x0000000086300000, 0x0000000086300000|100%|HS|  |TAMS 0x0000000086300000, 0x0000000086300000| Complete 
|  99|0x0000000086300000, 0x0000000086400000, 0x0000000086400000|100%| O|  |TAMS 0x0000000086400000, 0x0000000086400000| Untracked 
| 100|0x0000000086400000, 0x0000000086500000, 0x0000000086500000|100%| O|  |TAMS 0x0000000086500000, 0x0000000086500000| Untracked 
| 101|0x0000000086500000, 0x0000000086600000, 0x0000000086600000|100%| O|  |TAMS 0x0000000086600000, 0x0000000086600000| Untracked 
| 102|0x0000000086600000, 0x0000000086700000, 0x0000000086700000|100%|HS|  |TAMS 0x0000000086600000, 0x0000000086700000| Complete 
| 103|0x0000000086700000, 0x0000000086800000, 0x0000000086800000|100%|HS|  |TAMS 0x0000000086800000, 0x0000000086800000| Complete 
| 104|0x0000000086800000, 0x0000000086900000, 0x0000000086900000|100%| O|  |TAMS 0x0000000086900000, 0x0000000086900000| Untracked 
| 105|0x0000000086900000, 0x0000000086a00000, 0x0000000086a00000|100%| O|  |TAMS 0x0000000086a00000, 0x0000000086a00000| Untracked 
| 106|0x0000000086a00000, 0x0000000086b00000, 0x0000000086b00000|100%| O|  |TAMS 0x0000000086b00000, 0x0000000086b00000| Untracked 
| 107|0x0000000086b00000, 0x0000000086c00000, 0x0000000086c00000|100%| O|  |TAMS 0x0000000086c00000, 0x0000000086c00000| Untracked 
| 108|0x0000000086c00000, 0x0000000086d00000, 0x0000000086d00000|100%| O|  |TAMS 0x0000000086d00000, 0x0000000086d00000| Untracked 
| 109|0x0000000086d00000, 0x0000000086e00000, 0x0000000086e00000|100%| O|  |TAMS 0x0000000086e00000, 0x0000000086e00000| Untracked 
| 110|0x0000000086e00000, 0x0000000086f00000, 0x0000000086f00000|100%| O|  |TAMS 0x0000000086f00000, 0x0000000086f00000| Untracked 
| 111|0x0000000086f00000, 0x0000000087000000, 0x0000000087000000|100%| O|  |TAMS 0x0000000087000000, 0x0000000087000000| Untracked 
| 112|0x0000000087000000, 0x0000000087100000, 0x0000000087100000|100%| O|  |TAMS 0x0000000087100000, 0x0000000087100000| Untracked 
| 113|0x0000000087100000, 0x0000000087200000, 0x0000000087200000|100%| O|  |TAMS 0x0000000087200000, 0x0000000087200000| Untracked 
| 114|0x0000000087200000, 0x0000000087300000, 0x0000000087300000|100%| O|  |TAMS 0x0000000087300000, 0x0000000087300000| Untracked 
| 115|0x0000000087300000, 0x0000000087400000, 0x0000000087400000|100%| O|  |TAMS 0x0000000087400000, 0x0000000087400000| Untracked 
| 116|0x0000000087400000, 0x0000000087500000, 0x0000000087500000|100%| O|  |TAMS 0x0000000087500000, 0x0000000087500000| Untracked 
| 117|0x0000000087500000, 0x0000000087600000, 0x0000000087600000|100%| O|  |TAMS 0x0000000087600000, 0x0000000087600000| Untracked 
| 118|0x0000000087600000, 0x0000000087700000, 0x0000000087700000|100%| O|  |TAMS 0x0000000087700000, 0x0000000087700000| Untracked 
| 119|0x0000000087700000, 0x0000000087800000, 0x0000000087800000|100%| O|  |TAMS 0x0000000087800000, 0x0000000087800000| Untracked 
| 120|0x0000000087800000, 0x0000000087900000, 0x0000000087900000|100%| O|  |TAMS 0x00000000878a3e00, 0x0000000087900000| Untracked 
| 121|0x0000000087900000, 0x0000000087a00000, 0x0000000087a00000|100%|HS|  |TAMS 0x0000000087900000, 0x0000000087a00000| Complete 
| 122|0x0000000087a00000, 0x0000000087b00000, 0x0000000087b00000|100%|HC|  |TAMS 0x0000000087a00000, 0x0000000087b00000| Complete 
| 123|0x0000000087b00000, 0x0000000087c00000, 0x0000000087c00000|100%|HS|  |TAMS 0x0000000087b00000, 0x0000000087c00000| Complete 
| 124|0x0000000087c00000, 0x0000000087d00000, 0x0000000087d00000|100%|HC|  |TAMS 0x0000000087c00000, 0x0000000087d00000| Complete 
| 125|0x0000000087d00000, 0x0000000087e00000, 0x0000000087e00000|100%|HC|  |TAMS 0x0000000087d00000, 0x0000000087e00000| Complete 
| 126|0x0000000087e00000, 0x0000000087f00000, 0x0000000087f00000|100%|HS|  |TAMS 0x0000000087e00000, 0x0000000087f00000| Complete 
| 127|0x0000000087f00000, 0x0000000088000000, 0x0000000088000000|100%|HC|  |TAMS 0x0000000087f00000, 0x0000000088000000| Complete 
| 128|0x0000000088000000, 0x0000000088100000, 0x0000000088100000|100%|HC|  |TAMS 0x0000000088000000, 0x0000000088100000| Complete 
| 129|0x0000000088100000, 0x0000000088200000, 0x0000000088200000|100%|HS|  |TAMS 0x0000000088100000, 0x0000000088200000| Complete 
| 130|0x0000000088200000, 0x0000000088300000, 0x0000000088300000|100%|HC|  |TAMS 0x0000000088200000, 0x0000000088300000| Complete 
| 131|0x0000000088300000, 0x0000000088400000, 0x0000000088400000|100%|HS|  |TAMS 0x0000000088300000, 0x0000000088400000| Complete 
| 132|0x0000000088400000, 0x0000000088500000, 0x0000000088500000|100%|HC|  |TAMS 0x0000000088400000, 0x0000000088500000| Complete 
| 133|0x0000000088500000, 0x0000000088600000, 0x0000000088600000|100%|HC|  |TAMS 0x0000000088500000, 0x0000000088600000| Complete 
| 134|0x0000000088600000, 0x0000000088700000, 0x0000000088700000|100%|HC|  |TAMS 0x0000000088600000, 0x0000000088700000| Complete 
| 135|0x0000000088700000, 0x0000000088800000, 0x0000000088800000|100%|HC|  |TAMS 0x0000000088700000, 0x0000000088800000| Complete 
| 136|0x0000000088800000, 0x0000000088900000, 0x0000000088900000|100%|HC|  |TAMS 0x0000000088800000, 0x0000000088900000| Complete 
| 137|0x0000000088900000, 0x0000000088a00000, 0x0000000088a00000|100%|HC|  |TAMS 0x0000000088900000, 0x0000000088a00000| Complete 
| 138|0x0000000088a00000, 0x0000000088b00000, 0x0000000088b00000|100%|HC|  |TAMS 0x0000000088a00000, 0x0000000088b00000| Complete 
| 139|0x0000000088b00000, 0x0000000088c00000, 0x0000000088c00000|100%|HC|  |TAMS 0x0000000088b00000, 0x0000000088c00000| Complete 
| 140|0x0000000088c00000, 0x0000000088d00000, 0x0000000088d00000|100%|HC|  |TAMS 0x0000000088c00000, 0x0000000088d00000| Complete 
| 141|0x0000000088d00000, 0x0000000088e00000, 0x0000000088e00000|100%|HS|  |TAMS 0x0000000088d00000, 0x0000000088e00000| Complete 
| 142|0x0000000088e00000, 0x0000000088f00000, 0x0000000088f00000|100%|HC|  |TAMS 0x0000000088e00000, 0x0000000088f00000| Complete 
| 143|0x0000000088f00000, 0x0000000089000000, 0x0000000089000000|100%|HS|  |TAMS 0x0000000088f00000, 0x0000000089000000| Complete 
| 144|0x0000000089000000, 0x0000000089100000, 0x0000000089100000|100%|HC|  |TAMS 0x0000000089000000, 0x0000000089100000| Complete 
| 145|0x0000000089100000, 0x0000000089200000, 0x0000000089200000|100%|HC|  |TAMS 0x0000000089100000, 0x0000000089200000| Complete 
| 146|0x0000000089200000, 0x0000000089300000, 0x0000000089300000|100%|HC|  |TAMS 0x0000000089200000, 0x0000000089300000| Complete 
| 147|0x0000000089300000, 0x0000000089400000, 0x0000000089400000|100%|HC|  |TAMS 0x0000000089300000, 0x0000000089400000| Complete 
| 148|0x0000000089400000, 0x0000000089500000, 0x0000000089500000|100%|HC|  |TAMS 0x0000000089400000, 0x0000000089500000| Complete 
| 149|0x0000000089500000, 0x0000000089600000, 0x0000000089600000|100%| O|  |TAMS 0x0000000089500000, 0x0000000089600000| Untracked 
| 150|0x0000000089600000, 0x0000000089700000, 0x0000000089700000|100%| O|  |TAMS 0x0000000089600000, 0x0000000089700000| Untracked 
| 151|0x0000000089700000, 0x0000000089800000, 0x0000000089800000|100%| O|  |TAMS 0x0000000089700000, 0x0000000089800000| Untracked 
| 152|0x0000000089800000, 0x0000000089900000, 0x0000000089900000|100%| O|  |TAMS 0x0000000089800000, 0x0000000089900000| Untracked 
| 153|0x0000000089900000, 0x0000000089a00000, 0x0000000089a00000|100%| O|  |TAMS 0x0000000089900000, 0x0000000089a00000| Untracked 
| 154|0x0000000089a00000, 0x0000000089ad6c00, 0x0000000089b00000| 83%| O|  |TAMS 0x0000000089a00000, 0x0000000089a00000| Untracked 
| 155|0x0000000089b00000, 0x0000000089b00000, 0x0000000089c00000|  0%| F|  |TAMS 0x0000000089b00000, 0x0000000089b00000| Untracked 
| 156|0x0000000089c00000, 0x0000000089c00000, 0x0000000089d00000|  0%| F|  |TAMS 0x0000000089c00000, 0x0000000089c00000| Untracked 
| 157|0x0000000089d00000, 0x0000000089d00000, 0x0000000089e00000|  0%| F|  |TAMS 0x0000000089d00000, 0x0000000089d00000| Untracked 
| 158|0x0000000089e00000, 0x0000000089e00000, 0x0000000089f00000|  0%| F|  |TAMS 0x0000000089e00000, 0x0000000089e00000| Untracked 
| 159|0x0000000089f00000, 0x0000000089f00000, 0x000000008a000000|  0%| F|  |TAMS 0x0000000089f00000, 0x0000000089f00000| Untracked 
| 160|0x000000008a000000, 0x000000008a000000, 0x000000008a100000|  0%| F|  |TAMS 0x000000008a000000, 0x000000008a000000| Untracked 
| 161|0x000000008a100000, 0x000000008a200000, 0x000000008a200000|100%| O|  |TAMS 0x000000008a100000, 0x000000008a200000| Untracked 
| 162|0x000000008a200000, 0x000000008a300000, 0x000000008a300000|100%| O|  |TAMS 0x000000008a200000, 0x000000008a300000| Untracked 
| 163|0x000000008a300000, 0x000000008a400000, 0x000000008a400000|100%| O|  |TAMS 0x000000008a300000, 0x000000008a400000| Untracked 
| 164|0x000000008a400000, 0x000000008a500000, 0x000000008a500000|100%| O|  |TAMS 0x000000008a400000, 0x000000008a500000| Untracked 
| 165|0x000000008a500000, 0x000000008a500000, 0x000000008a600000|  0%| F|  |TAMS 0x000000008a500000, 0x000000008a500000| Untracked 
| 166|0x000000008a600000, 0x000000008a700000, 0x000000008a700000|100%| O|  |TAMS 0x000000008a600000, 0x000000008a700000| Untracked 
| 167|0x000000008a700000, 0x000000008a800000, 0x000000008a800000|100%| O|  |TAMS 0x000000008a700000, 0x000000008a800000| Untracked 
| 168|0x000000008a800000, 0x000000008a900000, 0x000000008a900000|100%| O|  |TAMS 0x000000008a800000, 0x000000008a900000| Untracked 
| 169|0x000000008a900000, 0x000000008aa00000, 0x000000008aa00000|100%| O|  |TAMS 0x000000008a900000, 0x000000008aa00000| Untracked 
| 170|0x000000008aa00000, 0x000000008aa00000, 0x000000008ab00000|  0%| F|  |TAMS 0x000000008aa00000, 0x000000008aa00000| Untracked 
| 171|0x000000008ab00000, 0x000000008ab00000, 0x000000008ac00000|  0%| F|  |TAMS 0x000000008ab00000, 0x000000008ab00000| Untracked 
| 172|0x000000008ac00000, 0x000000008ac00000, 0x000000008ad00000|  0%| F|  |TAMS 0x000000008ac00000, 0x000000008ac00000| Untracked 
| 173|0x000000008ad00000, 0x000000008ad00000, 0x000000008ae00000|  0%| F|  |TAMS 0x000000008ad00000, 0x000000008ad00000| Untracked 
| 174|0x000000008ae00000, 0x000000008ae00000, 0x000000008af00000|  0%| F|  |TAMS 0x000000008ae00000, 0x000000008ae00000| Untracked 
| 175|0x000000008af00000, 0x000000008af00000, 0x000000008b000000|  0%| F|  |TAMS 0x000000008af00000, 0x000000008af00000| Untracked 
| 176|0x000000008b000000, 0x000000008b000000, 0x000000008b100000|  0%| F|  |TAMS 0x000000008b000000, 0x000000008b000000| Untracked 
| 177|0x000000008b100000, 0x000000008b100000, 0x000000008b200000|  0%| F|  |TAMS 0x000000008b100000, 0x000000008b100000| Untracked 
| 178|0x000000008b200000, 0x000000008b200000, 0x000000008b300000|  0%| F|  |TAMS 0x000000008b200000, 0x000000008b200000| Untracked 
| 179|0x000000008b300000, 0x000000008b300000, 0x000000008b400000|  0%| F|  |TAMS 0x000000008b300000, 0x000000008b300000| Untracked 
| 180|0x000000008b400000, 0x000000008b400000, 0x000000008b500000|  0%| F|  |TAMS 0x000000008b400000, 0x000000008b400000| Untracked 
| 181|0x000000008b500000, 0x000000008b500000, 0x000000008b600000|  0%| F|  |TAMS 0x000000008b500000, 0x000000008b500000| Untracked 
| 182|0x000000008b600000, 0x000000008b600000, 0x000000008b700000|  0%| F|  |TAMS 0x000000008b600000, 0x000000008b600000| Untracked 
| 183|0x000000008b700000, 0x000000008b700000, 0x000000008b800000|  0%| F|  |TAMS 0x000000008b700000, 0x000000008b700000| Untracked 
| 184|0x000000008b800000, 0x000000008b800000, 0x000000008b900000|  0%| F|  |TAMS 0x000000008b800000, 0x000000008b800000| Untracked 
| 185|0x000000008b900000, 0x000000008b900000, 0x000000008ba00000|  0%| F|  |TAMS 0x000000008b900000, 0x000000008b900000| Untracked 
| 186|0x000000008ba00000, 0x000000008ba00000, 0x000000008bb00000|  0%| F|  |TAMS 0x000000008ba00000, 0x000000008ba00000| Untracked 
| 187|0x000000008bb00000, 0x000000008bb00000, 0x000000008bc00000|  0%| F|  |TAMS 0x000000008bb00000, 0x000000008bb00000| Untracked 
| 188|0x000000008bc00000, 0x000000008bc00000, 0x000000008bd00000|  0%| F|  |TAMS 0x000000008bc00000, 0x000000008bc00000| Untracked 
| 189|0x000000008bd00000, 0x000000008bd00000, 0x000000008be00000|  0%| F|  |TAMS 0x000000008bd00000, 0x000000008bd00000| Untracked 
| 190|0x000000008be00000, 0x000000008be00000, 0x000000008bf00000|  0%| F|  |TAMS 0x000000008be00000, 0x000000008be00000| Untracked 
| 191|0x000000008bf00000, 0x000000008bf00000, 0x000000008c000000|  0%| F|  |TAMS 0x000000008bf00000, 0x000000008bf00000| Untracked 
| 192|0x000000008c000000, 0x000000008c000000, 0x000000008c100000|  0%| F|  |TAMS 0x000000008c000000, 0x000000008c000000| Untracked 
| 193|0x000000008c100000, 0x000000008c100000, 0x000000008c200000|  0%| F|  |TAMS 0x000000008c100000, 0x000000008c100000| Untracked 
| 194|0x000000008c200000, 0x000000008c200000, 0x000000008c300000|  0%| F|  |TAMS 0x000000008c200000, 0x000000008c200000| Untracked 
| 195|0x000000008c300000, 0x000000008c300000, 0x000000008c400000|  0%| F|  |TAMS 0x000000008c300000, 0x000000008c300000| Untracked 
| 196|0x000000008c400000, 0x000000008c400000, 0x000000008c500000|  0%| F|  |TAMS 0x000000008c400000, 0x000000008c400000| Untracked 
| 197|0x000000008c500000, 0x000000008c500000, 0x000000008c600000|  0%| F|  |TAMS 0x000000008c500000, 0x000000008c500000| Untracked 
| 198|0x000000008c600000, 0x000000008c600000, 0x000000008c700000|  0%| F|  |TAMS 0x000000008c600000, 0x000000008c600000| Untracked 
| 199|0x000000008c700000, 0x000000008c700000, 0x000000008c800000|  0%| F|  |TAMS 0x000000008c700000, 0x000000008c700000| Untracked 
| 200|0x000000008c800000, 0x000000008c800000, 0x000000008c900000|  0%| F|  |TAMS 0x000000008c800000, 0x000000008c800000| Untracked 
| 201|0x000000008c900000, 0x000000008c900000, 0x000000008ca00000|  0%| F|  |TAMS 0x000000008c900000, 0x000000008c900000| Untracked 
| 202|0x000000008ca00000, 0x000000008ca00000, 0x000000008cb00000|  0%| F|  |TAMS 0x000000008ca00000, 0x000000008ca00000| Untracked 
| 203|0x000000008cb00000, 0x000000008cb00000, 0x000000008cc00000|  0%| F|  |TAMS 0x000000008cb00000, 0x000000008cb00000| Untracked 
| 204|0x000000008cc00000, 0x000000008cc00000, 0x000000008cd00000|  0%| F|  |TAMS 0x000000008cc00000, 0x000000008cc00000| Untracked 
| 205|0x000000008cd00000, 0x000000008cd00000, 0x000000008ce00000|  0%| F|  |TAMS 0x000000008cd00000, 0x000000008cd00000| Untracked 
| 206|0x000000008ce00000, 0x000000008ce00000, 0x000000008cf00000|  0%| F|  |TAMS 0x000000008ce00000, 0x000000008ce00000| Untracked 
| 207|0x000000008cf00000, 0x000000008cf00000, 0x000000008d000000|  0%| F|  |TAMS 0x000000008cf00000, 0x000000008cf00000| Untracked 
| 208|0x000000008d000000, 0x000000008d000000, 0x000000008d100000|  0%| F|  |TAMS 0x000000008d000000, 0x000000008d000000| Untracked 
| 209|0x000000008d100000, 0x000000008d100000, 0x000000008d200000|  0%| F|  |TAMS 0x000000008d100000, 0x000000008d100000| Untracked 
| 210|0x000000008d200000, 0x000000008d200000, 0x000000008d300000|  0%| F|  |TAMS 0x000000008d200000, 0x000000008d200000| Untracked 
| 211|0x000000008d300000, 0x000000008d300000, 0x000000008d400000|  0%| F|  |TAMS 0x000000008d300000, 0x000000008d300000| Untracked 
| 212|0x000000008d400000, 0x000000008d400000, 0x000000008d500000|  0%| F|  |TAMS 0x000000008d400000, 0x000000008d400000| Untracked 
| 213|0x000000008d500000, 0x000000008d500000, 0x000000008d600000|  0%| F|  |TAMS 0x000000008d500000, 0x000000008d500000| Untracked 
| 214|0x000000008d600000, 0x000000008d600000, 0x000000008d700000|  0%| F|  |TAMS 0x000000008d600000, 0x000000008d600000| Untracked 
| 215|0x000000008d700000, 0x000000008d700000, 0x000000008d800000|  0%| F|  |TAMS 0x000000008d700000, 0x000000008d700000| Untracked 
| 216|0x000000008d800000, 0x000000008d800000, 0x000000008d900000|  0%| F|  |TAMS 0x000000008d800000, 0x000000008d800000| Untracked 
| 217|0x000000008d900000, 0x000000008d9a45a0, 0x000000008da00000| 64%| S|CS|TAMS 0x000000008d900000, 0x000000008d900000| Complete 
| 218|0x000000008da00000, 0x000000008db00000, 0x000000008db00000|100%| S|CS|TAMS 0x000000008da00000, 0x000000008da00000| Complete 
| 219|0x000000008db00000, 0x000000008dc00000, 0x000000008dc00000|100%| S|CS|TAMS 0x000000008db00000, 0x000000008db00000| Complete 
| 220|0x000000008dc00000, 0x000000008dc00000, 0x000000008dd00000|  0%| F|  |TAMS 0x000000008dc00000, 0x000000008dc00000| Untracked 
| 221|0x000000008dd00000, 0x000000008dd00000, 0x000000008de00000|  0%| F|  |TAMS 0x000000008dd00000, 0x000000008dd00000| Untracked 
| 222|0x000000008de00000, 0x000000008de00000, 0x000000008df00000|  0%| F|  |TAMS 0x000000008de00000, 0x000000008de00000| Untracked 
| 223|0x000000008df00000, 0x000000008df00000, 0x000000008e000000|  0%| F|  |TAMS 0x000000008df00000, 0x000000008df00000| Untracked 

Card table byte_map: [0x00000175f8410000,0x00000175f8810000] _byte_map_base: 0x00000175f8010000

Marking Bits (Prev, Next): (CMBitMap*) 0x00000175f4ba5780, (CMBitMap*) 0x00000175f4ba5740
 Prev Bits: [0x00000175fac10000, 0x00000175fcc10000)
 Next Bits: [0x00000175f8c10000, 0x00000175fac10000)

Polling page: 0x00000175f4310000

Metaspace:

Usage:
  Non-class:     70.20 MB used.
      Class:     11.09 MB used.
       Both:     81.29 MB used.

Virtual space:
  Non-class space:       72.00 MB reserved,      70.56 MB ( 98%) committed,  9 nodes.
      Class space:        1.00 GB reserved,      11.44 MB (  1%) committed,  1 nodes.
             Both:        1.07 GB reserved,      82.00 MB (  7%) committed. 

Chunk freelists:
   Non-Class:  1.12 MB
       Class:  528.00 KB
        Both:  1.64 MB

MaxMetaspaceSize: unlimited
CompressedClassSpaceSize: 1.00 GB
Initial GC threshold: 21.00 MB
Current GC threshold: 118.75 MB
CDS: off
MetaspaceReclaimPolicy: balanced
 - commit_granule_bytes: 65536.
 - commit_granule_words: 8192.
 - virtual_space_node_default_size: 1048576.
 - enlarge_chunks_in_place: 1.
 - new_chunks_are_fully_committed: 0.
 - uncommit_free_chunks: 1.
 - use_allocation_guard: 0.
 - handle_deallocations: 1.


Internal statistics:

num_allocs_failed_limit: 3.
num_arena_births: 842.
num_arena_deaths: 0.
num_vsnodes_births: 10.
num_vsnodes_deaths: 0.
num_space_committed: 1312.
num_space_uncommitted: 0.
num_chunks_returned_to_freelist: 3.
num_chunks_taken_from_freelist: 3898.
num_chunk_merges: 3.
num_chunk_splits: 2552.
num_chunks_enlarged: 1682.
num_purges: 0.
num_inconsistent_stats: 0.

CodeHeap 'non-profiled nmethods': size=120000Kb used=3932Kb max_used=3932Kb free=116067Kb
 bounds [0x0000017587ad0000, 0x0000017587eb0000, 0x000001758f000000]
CodeHeap 'profiled nmethods': size=120000Kb used=15016Kb max_used=15016Kb free=104984Kb
 bounds [0x0000017580000000, 0x0000017580eb0000, 0x0000017587530000]
CodeHeap 'non-nmethods': size=5760Kb used=2380Kb max_used=2440Kb free=3379Kb
 bounds [0x0000017587530000, 0x00000175877b0000, 0x0000017587ad0000]
 total_blobs=8513 nmethods=7614 adapters=811
 compilation: enabled
              stopped_count=0, restarted_count=0
 full_count=0

Compilation events (20 events):
Event: 17.240 Thread 0x00000175ff139630 8530       2       org.objectweb.asm.MethodWriter::visitParameter (57 bytes)
Event: 17.240 Thread 0x00000175ff139630 nmethod 8530 0x0000017580ea5d10 code [0x0000017580ea5ee0, 0x0000017580ea6248]
Event: 17.241 Thread 0x00000175ff139630 8533       2       java.util.Collection::stream (11 bytes)
Event: 17.241 Thread 0x00000175ff139630 nmethod 8533 0x0000017580ea6410 code [0x0000017580ea65c0, 0x0000017580ea6718]
Event: 17.241 Thread 0x00000175ff139630 8536       2       java.util.stream.StreamSupport::stream (19 bytes)
Event: 17.241 Thread 0x00000175ff139630 nmethod 8536 0x0000017580ea6810 code [0x0000017580ea69c0, 0x0000017580ea6c48]
Event: 17.241 Thread 0x00000175ff139630 8534       2       java.util.stream.ReferencePipeline$Head::<init> (8 bytes)
Event: 17.241 Thread 0x00000175ff139630 nmethod 8534 0x0000017580ea6d90 code [0x0000017580ea6f20, 0x0000017580ea7048]
Event: 17.241 Thread 0x00000175ff139630 8535       2       java.util.stream.ReferencePipeline::<init> (8 bytes)
Event: 17.241 Thread 0x00000175ff139630 nmethod 8535 0x0000017580ea7110 code [0x0000017580ea72a0, 0x0000017580ea73c8]
Event: 17.255 Thread 0x00000175ff139630 8539       2       org.gradle.initialization.MixInLegacyTypesClassLoader::access$100 (4 bytes)
Event: 17.255 Thread 0x00000175ff139630 nmethod 8539 0x0000017580ea7490 code [0x0000017580ea7620, 0x0000017580ea7718]
Event: 17.261 Thread 0x00000175ff139630 8540       2       org.gradle.api.internal.collections.IterationOrderRetainingSetElementSource$1::isSatisfiedBy (9 bytes)
Event: 17.261 Thread 0x00000175ff139630 nmethod 8540 0x0000017580ea7790 code [0x0000017580ea7940, 0x0000017580ea7af8]
Event: 17.261 Thread 0x00000175ff139630 8541       2       org.gradle.api.internal.collections.IterationOrderRetainingSetElementSource$1::isSatisfiedBy (23 bytes)
Event: 17.262 Thread 0x00000175ff139630 nmethod 8541 0x0000017580ea7c90 code [0x0000017580ea7e40, 0x0000017580ea7fb8]
Event: 17.284 Thread 0x00000175ff139630 8542       1       org.gradle.api.internal.project.DefaultProject::getServices (5 bytes)
Event: 17.284 Thread 0x00000175ff139630 nmethod 8542 0x0000017587ea6e90 code [0x0000017587ea7020, 0x0000017587ea70f8]
Event: 17.291 Thread 0x00000175ff139630 8543       2       org.gradle.tooling.internal.adapter.TypeInspector::visit (198 bytes)
Event: 17.293 Thread 0x00000175ff139630 nmethod 8543 0x0000017580ea8110 code [0x0000017580ea8440, 0x0000017580ea96d8]

GC Heap History (20 events):
Event: 12.760 GC heap after
{Heap after GC invocations=40 (full 0):
 garbage-first heap   total 188416K, used 116034K [0x0000000080000000, 0x0000000100000000)
  region size 1024K, 5 young (5120K), 5 survivors (5120K)
 Metaspace       used 57257K, committed 57856K, reserved 1105920K
  class space    used 7659K, committed 7936K, reserved 1048576K
}
Event: 12.828 GC heap before
{Heap before GC invocations=40 (full 0):
 garbage-first heap   total 188416K, used 119106K [0x0000000080000000, 0x0000000100000000)
  region size 1024K, 9 young (9216K), 5 survivors (5120K)
 Metaspace       used 57808K, committed 58432K, reserved 1105920K
  class space    used 7739K, committed 8000K, reserved 1048576K
}
Event: 12.832 GC heap after
{Heap after GC invocations=41 (full 0):
 garbage-first heap   total 226304K, used 115992K [0x0000000080000000, 0x0000000100000000)
  region size 1024K, 1 young (1024K), 1 survivors (1024K)
 Metaspace       used 57808K, committed 58432K, reserved 1105920K
  class space    used 7739K, committed 8000K, reserved 1048576K
}
Event: 13.587 GC heap before
{Heap before GC invocations=41 (full 0):
 garbage-first heap   total 226304K, used 150808K [0x0000000080000000, 0x0000000100000000)
  region size 1024K, 36 young (36864K), 1 survivors (1024K)
 Metaspace       used 64424K, committed 65088K, reserved 1105920K
  class space    used 8580K, committed 8896K, reserved 1048576K
}
Event: 13.591 GC heap after
{Heap after GC invocations=42 (full 0):
 garbage-first heap   total 226304K, used 118321K [0x0000000080000000, 0x0000000100000000)
  region size 1024K, 3 young (3072K), 3 survivors (3072K)
 Metaspace       used 64424K, committed 65088K, reserved 1105920K
  class space    used 8580K, committed 8896K, reserved 1048576K
}
Event: 14.341 GC heap before
{Heap before GC invocations=43 (full 0):
 garbage-first heap   total 229376K, used 187953K [0x0000000080000000, 0x0000000100000000)
  region size 1024K, 65 young (66560K), 3 survivors (3072K)
 Metaspace       used 69378K, committed 70016K, reserved 1114112K
  class space    used 9220K, committed 9472K, reserved 1048576K
}
Event: 14.347 GC heap after
{Heap after GC invocations=44 (full 0):
 garbage-first heap   total 229376K, used 123343K [0x0000000080000000, 0x0000000100000000)
  region size 1024K, 8 young (8192K), 8 survivors (8192K)
 Metaspace       used 69378K, committed 70016K, reserved 1114112K
  class space    used 9220K, committed 9472K, reserved 1048576K
}
Event: 14.366 GC heap before
{Heap before GC invocations=44 (full 0):
 garbage-first heap   total 229376K, used 126415K [0x0000000080000000, 0x0000000100000000)
  region size 1024K, 11 young (11264K), 8 survivors (8192K)
 Metaspace       used 69480K, committed 70144K, reserved 1114112K
  class space    used 9244K, committed 9536K, reserved 1048576K
}
Event: 14.377 GC heap after
{Heap after GC invocations=45 (full 0):
 garbage-first heap   total 229376K, used 123535K [0x0000000080000000, 0x0000000100000000)
  region size 1024K, 1 young (1024K), 1 survivors (1024K)
 Metaspace       used 69480K, committed 70144K, reserved 1114112K
  class space    used 9244K, committed 9536K, reserved 1048576K
}
Event: 14.842 GC heap before
{Heap before GC invocations=45 (full 0):
 garbage-first heap   total 229376K, used 182927K [0x0000000080000000, 0x0000000100000000)
  region size 1024K, 59 young (60416K), 1 survivors (1024K)
 Metaspace       used 71948K, committed 72640K, reserved 1114112K
  class space    used 9634K, committed 9920K, reserved 1048576K
}
Event: 14.850 GC heap after
{Heap after GC invocations=46 (full 0):
 garbage-first heap   total 229376K, used 126600K [0x0000000080000000, 0x0000000100000000)
  region size 1024K, 4 young (4096K), 4 survivors (4096K)
 Metaspace       used 71948K, committed 72640K, reserved 1114112K
  class space    used 9634K, committed 9920K, reserved 1048576K
}
Event: 16.294 GC heap before
{Heap before GC invocations=47 (full 0):
 garbage-first heap   total 229376K, used 214664K [0x0000000080000000, 0x0000000100000000)
  region size 1024K, 62 young (63488K), 4 survivors (4096K)
 Metaspace       used 78467K, committed 79296K, reserved 1122304K
  class space    used 10740K, committed 11136K, reserved 1048576K
}
Event: 16.316 GC heap after
{Heap after GC invocations=48 (full 0):
 garbage-first heap   total 229376K, used 164058K [0x0000000080000000, 0x0000000100000000)
  region size 1024K, 8 young (8192K), 8 survivors (8192K)
 Metaspace       used 78467K, committed 79296K, reserved 1122304K
  class space    used 10740K, committed 11136K, reserved 1048576K
}
Event: 16.506 GC heap before
{Heap before GC invocations=48 (full 0):
 garbage-first heap   total 229376K, used 166106K [0x0000000080000000, 0x0000000100000000)
  region size 1024K, 11 young (11264K), 8 survivors (8192K)
 Metaspace       used 78799K, committed 79552K, reserved 1122304K
  class space    used 10774K, committed 11136K, reserved 1048576K
}
Event: 16.528 GC heap after
{Heap after GC invocations=49 (full 0):
 garbage-first heap   total 229376K, used 165253K [0x0000000080000000, 0x0000000100000000)
  region size 1024K, 1 young (1024K), 1 survivors (1024K)
 Metaspace       used 78799K, committed 79552K, reserved 1122304K
  class space    used 10774K, committed 11136K, reserved 1048576K
}
Event: 16.990 GC heap before
{Heap before GC invocations=49 (full 0):
 garbage-first heap   total 229376K, used 191877K [0x0000000080000000, 0x0000000100000000)
  region size 1024K, 28 young (28672K), 1 survivors (1024K)
 Metaspace       used 80720K, committed 81472K, reserved 1122304K
  class space    used 11043K, committed 11392K, reserved 1048576K
}
Event: 16.994 GC heap after
{Heap after GC invocations=50 (full 0):
 garbage-first heap   total 229376K, used 166672K [0x0000000080000000, 0x0000000100000000)
  region size 1024K, 3 young (3072K), 3 survivors (3072K)
 Metaspace       used 80720K, committed 81472K, reserved 1122304K
  class space    used 11043K, committed 11392K, reserved 1048576K
}
Event: 17.300 GC heap before
{Heap before GC invocations=50 (full 0):
 garbage-first heap   total 229376K, used 193296K [0x0000000080000000, 0x0000000100000000)
  region size 1024K, 29 young (29696K), 3 survivors (3072K)
 Metaspace       used 82491K, committed 83264K, reserved 1122304K
  class space    used 11279K, committed 11648K, reserved 1048576K
}
Event: 17.306 GC heap after
{Heap after GC invocations=51 (full 0):
 garbage-first heap   total 229376K, used 168755K [0x0000000080000000, 0x0000000100000000)
  region size 1024K, 4 young (4096K), 4 survivors (4096K)
 Metaspace       used 82491K, committed 83264K, reserved 1122304K
  class space    used 11279K, committed 11648K, reserved 1048576K
}
Event: 17.339 GC heap before
{Heap before GC invocations=51 (full 0):
 garbage-first heap   total 229376K, used 170803K [0x0000000080000000, 0x0000000100000000)
  region size 1024K, 8 young (8192K), 4 survivors (4096K)
 Metaspace       used 83243K, committed 83968K, reserved 1122304K
  class space    used 11358K, committed 11712K, reserved 1048576K
}

Dll operation events (2 events):
Event: 0.043 Loaded shared library C:\Program Files\Android\Android Studio\jbr\bin\java.dll
Event: 0.575 Loaded shared library C:\Program Files\Android\Android Studio\jbr\bin\verify.dll

Deoptimization events (20 events):
Event: 17.203 Thread 0x000001758ff5d480 Uncommon trap: trap_request=0xffffff45 fr.pc=0x0000017587e36a4c relative=0x0000000000001bec
Event: 17.203 Thread 0x000001758ff5d480 Uncommon trap: reason=unstable_if action=reinterpret pc=0x0000017587e36a4c method=org.objectweb.asm.MethodWriter.putMethodInfo(Lorg/objectweb/asm/ByteVector;)V @ 150 c2
Event: 17.203 Thread 0x000001758ff5d480 DEOPT PACKING pc=0x0000017587e36a4c sp=0x00000064c41f8dc0
Event: 17.203 Thread 0x000001758ff5d480 DEOPT UNPACKING pc=0x000001758758a1a3 sp=0x00000064c41f8d78 mode 2
Event: 17.255 Thread 0x000001758ff5d480 Uncommon trap: trap_request=0xffffff45 fr.pc=0x0000017587aee38c relative=0x000000000000006c
Event: 17.255 Thread 0x000001758ff5d480 Uncommon trap: reason=unstable_if action=reinterpret pc=0x0000017587aee38c method=org.objectweb.asm.AnnotationWriter.computeAnnotationsSize(Lorg/objectweb/asm/AnnotationWriter;Lorg/objectweb/asm/AnnotationWriter;Lorg/objectweb/asm/AnnotationWriter;Lorg/ob
Event: 17.255 Thread 0x000001758ff5d480 DEOPT PACKING pc=0x0000017587aee38c sp=0x00000064c41f9b00
Event: 17.255 Thread 0x000001758ff5d480 DEOPT UNPACKING pc=0x000001758758a1a3 sp=0x00000064c41f9a88 mode 2
Event: 17.255 Thread 0x000001758ff5d480 Uncommon trap: trap_request=0xffffff45 fr.pc=0x0000017587e33b48 relative=0x00000000000000a8
Event: 17.255 Thread 0x000001758ff5d480 Uncommon trap: reason=unstable_if action=reinterpret pc=0x0000017587e33b48 method=org.objectweb.asm.AnnotationWriter.putAnnotations(Lorg/objectweb/asm/SymbolTable;Lorg/objectweb/asm/AnnotationWriter;Lorg/objectweb/asm/AnnotationWriter;Lorg/objectweb/asm/A
Event: 17.255 Thread 0x000001758ff5d480 DEOPT PACKING pc=0x0000017587e33b48 sp=0x00000064c41f9ad0
Event: 17.255 Thread 0x000001758ff5d480 DEOPT UNPACKING pc=0x000001758758a1a3 sp=0x00000064c41f9a60 mode 2
Event: 17.300 Thread 0x000001758ff5d480 Uncommon trap: trap_request=0xffffffde fr.pc=0x0000017587d19644 relative=0x0000000000000364
Event: 17.300 Thread 0x000001758ff5d480 Uncommon trap: reason=class_check action=maybe_recompile pc=0x0000017587d19644 method=java.util.stream.AbstractPipeline.copyIntoWithCancel(Ljava/util/stream/Sink;Ljava/util/Spliterator;)Z @ 32 c2
Event: 17.300 Thread 0x000001758ff5d480 DEOPT PACKING pc=0x0000017587d19644 sp=0x00000064c41fb250
Event: 17.300 Thread 0x000001758ff5d480 DEOPT UNPACKING pc=0x000001758758a1a3 sp=0x00000064c41fb110 mode 2
Event: 17.300 Thread 0x000001758ff5d480 Uncommon trap: trap_request=0xffffffde fr.pc=0x0000017587cd71c4 relative=0x0000000000000264
Event: 17.300 Thread 0x000001758ff5d480 Uncommon trap: reason=class_check action=maybe_recompile pc=0x0000017587cd71c4 method=java.util.stream.AbstractPipeline.copyIntoWithCancel(Ljava/util/stream/Sink;Ljava/util/Spliterator;)Z @ 32 c2
Event: 17.300 Thread 0x000001758ff5d480 DEOPT PACKING pc=0x0000017587cd71c4 sp=0x00000064c41fb1f0
Event: 17.300 Thread 0x000001758ff5d480 DEOPT UNPACKING pc=0x000001758758a1a3 sp=0x00000064c41fb110 mode 2

Classes unloaded (0 events):
No events

Classes redefined (0 events):
No events

Internal exceptions (20 events):
Event: 17.118 Thread 0x000001758ff5d480 Exception <a 'java/lang/ClassNotFoundException'{0x000000008d692458}: org/gradle/api/internal/project/ant/BasicAntBuilderCustomizer> (0x000000008d692458) 
thrown [s\src\hotspot\share\classfile\systemDictionary.cpp, line 256]
Event: 17.118 Thread 0x000001758ff5d480 Exception <a 'java/lang/ClassNotFoundException'{0x000000008d6ae428}: org/gradle/api/internal/project/DefaultAntBuilderCustomizer> (0x000000008d6ae428) 
thrown [s\src\hotspot\share\classfile\systemDictionary.cpp, line 256]
Event: 17.160 Thread 0x000001758ff5d480 Exception <a 'java/lang/ClassNotFoundException'{0x000000008d1dcc10}: org/gradle/api/internal/tasks/DefaultTaskContainer_DecoratedBeanInfo> (0x000000008d1dcc10) 
thrown [s\src\hotspot\share\classfile\systemDictionary.cpp, line 256]
Event: 17.160 Thread 0x000001758ff5d480 Exception <a 'java/lang/ClassNotFoundException'{0x000000008d1e5ae8}: org/gradle/api/internal/tasks/DefaultTaskContainerBeanInfo> (0x000000008d1e5ae8) 
thrown [s\src\hotspot\share\classfile\systemDictionary.cpp, line 256]
Event: 17.160 Thread 0x000001758ff5d480 Exception <a 'java/lang/ClassNotFoundException'{0x000000008d1eeed0}: org/gradle/api/internal/tasks/DefaultTaskCollectionBeanInfo> (0x000000008d1eeed0) 
thrown [s\src\hotspot\share\classfile\systemDictionary.cpp, line 256]
Event: 17.160 Thread 0x000001758ff5d480 Exception <a 'java/lang/ClassNotFoundException'{0x000000008d1f82e0}: org/gradle/api/internal/tasks/DefaultTaskCollectionCustomizer> (0x000000008d1f82e0) 
thrown [s\src\hotspot\share\classfile\systemDictionary.cpp, line 256]
Event: 17.161 Thread 0x000001758ff5d480 Exception <a 'java/lang/ClassNotFoundException'{0x000000008d02e288}: org/gradle/api/internal/tasks/DefaultTaskContainerCustomizer> (0x000000008d02e288) 
thrown [s\src\hotspot\share\classfile\systemDictionary.cpp, line 256]
Event: 17.162 Thread 0x000001758ff5d480 Exception <a 'java/lang/ClassNotFoundException'{0x000000008d088010}: org/gradle/api/internal/tasks/DefaultTaskContainer_DecoratedCustomizer> (0x000000008d088010) 
thrown [s\src\hotspot\share\classfile\systemDictionary.cpp, line 256]
Event: 17.168 Thread 0x000001758ff5d480 Exception <a 'java/lang/ClassNotFoundException'{0x000000008cff1dd0}: java/util/ArrayListBeanInfo> (0x000000008cff1dd0) 
thrown [s\src\hotspot\share\classfile\systemDictionary.cpp, line 256]
Event: 17.168 Thread 0x000001758ff5d480 Exception <a 'java/lang/ClassNotFoundException'{0x000000008cff6328}: java/util/ArrayListCustomizer> (0x000000008cff6328) 
thrown [s\src\hotspot\share\classfile\systemDictionary.cpp, line 256]
Event: 17.173 Thread 0x000001758ff5d480 Exception <a 'java/lang/ClassNotFoundException'{0x000000008ce7fbf8}: java/util/CollectionBeanInfo> (0x000000008ce7fbf8) 
thrown [s\src\hotspot\share\classfile\systemDictionary.cpp, line 256]
Event: 17.173 Thread 0x000001758ff5d480 Exception <a 'java/lang/ClassNotFoundException'{0x000000008ce84150}: java/util/CollectionCustomizer> (0x000000008ce84150) 
thrown [s\src\hotspot\share\classfile\systemDictionary.cpp, line 256]
Event: 17.180 Thread 0x000001758ff5d480 Exception <a 'java/lang/ClassNotFoundException'{0x000000008ced2140}: org/gradle/api/tasks/SourceSetBeanInfo> (0x000000008ced2140) 
thrown [s\src\hotspot\share\classfile\systemDictionary.cpp, line 256]
Event: 17.180 Thread 0x000001758ff5d480 Exception <a 'java/lang/ClassNotFoundException'{0x000000008cedbae0}: org/gradle/api/tasks/SourceSetCustomizer> (0x000000008cedbae0) 
thrown [s\src\hotspot\share\classfile\systemDictionary.cpp, line 256]
Event: 17.183 Thread 0x000001758ff5d480 Exception <a 'java/lang/ClassNotFoundException'{0x000000008cd4afb8}: java/util/LinkedHashMapBeanInfo> (0x000000008cd4afb8) 
thrown [s\src\hotspot\share\classfile\systemDictionary.cpp, line 256]
Event: 17.183 Thread 0x000001758ff5d480 Exception <a 'java/lang/ClassNotFoundException'{0x000000008cd4f530}: java/util/HashMapBeanInfo> (0x000000008cd4f530) 
thrown [s\src\hotspot\share\classfile\systemDictionary.cpp, line 256]
Event: 17.183 Thread 0x000001758ff5d480 Exception <a 'java/lang/ClassNotFoundException'{0x000000008cd54000}: java/util/AbstractMapBeanInfo> (0x000000008cd54000) 
thrown [s\src\hotspot\share\classfile\systemDictionary.cpp, line 256]
Event: 17.183 Thread 0x000001758ff5d480 Exception <a 'java/lang/ClassNotFoundException'{0x000000008cd58578}: java/util/AbstractMapCustomizer> (0x000000008cd58578) 
thrown [s\src\hotspot\share\classfile\systemDictionary.cpp, line 256]
Event: 17.183 Thread 0x000001758ff5d480 Exception <a 'java/lang/ClassNotFoundException'{0x000000008cd66cc0}: java/util/HashMapCustomizer> (0x000000008cd66cc0) 
thrown [s\src\hotspot\share\classfile\systemDictionary.cpp, line 256]
Event: 17.184 Thread 0x000001758ff5d480 Exception <a 'java/lang/ClassNotFoundException'{0x000000008cd83478}: java/util/LinkedHashMapCustomizer> (0x000000008cd83478) 
thrown [s\src\hotspot\share\classfile\systemDictionary.cpp, line 256]

VM Operations (20 events):
Event: 16.275 Executing VM operation: HandshakeAllThreads done
Event: 16.277 Executing VM operation: HandshakeAllThreads
Event: 16.277 Executing VM operation: HandshakeAllThreads done
Event: 16.291 Executing VM operation: HandshakeAllThreads
Event: 16.291 Executing VM operation: HandshakeAllThreads done
Event: 16.293 Executing VM operation: G1CollectForAllocation
Event: 16.316 Executing VM operation: G1CollectForAllocation done
Event: 16.327 Executing VM operation: HandshakeAllThreads
Event: 16.367 Executing VM operation: HandshakeAllThreads done
Event: 16.505 Executing VM operation: G1CollectForAllocation
Event: 16.528 Executing VM operation: G1CollectForAllocation done
Event: 16.541 Executing VM operation: HandshakeAllThreads
Event: 16.542 Executing VM operation: HandshakeAllThreads done
Event: 16.544 Executing VM operation: HandshakeAllThreads
Event: 16.544 Executing VM operation: HandshakeAllThreads done
Event: 16.990 Executing VM operation: G1CollectForAllocation
Event: 16.994 Executing VM operation: G1CollectForAllocation done
Event: 17.300 Executing VM operation: G1CollectForAllocation
Event: 17.307 Executing VM operation: G1CollectForAllocation done
Event: 17.339 Executing VM operation: G1TryInitiateConcMark

Events (20 events):
Event: 17.183 loading class java/util/HashMapBeanInfo
Event: 17.183 loading class java/util/HashMapBeanInfo done
Event: 17.183 loading class java/util/HashMapBeanInfo
Event: 17.183 loading class java/util/HashMapBeanInfo done
Event: 17.183 loading class java/util/AbstractMapBeanInfo
Event: 17.183 loading class java/util/AbstractMapBeanInfo done
Event: 17.183 loading class java/util/AbstractMapBeanInfo
Event: 17.183 loading class java/util/AbstractMapBeanInfo done
Event: 17.183 loading class java/util/AbstractMapCustomizer
Event: 17.183 loading class java/util/AbstractMapCustomizer done
Event: 17.183 loading class java/util/AbstractMapCustomizer
Event: 17.183 loading class java/util/AbstractMapCustomizer done
Event: 17.183 loading class java/util/HashMapCustomizer
Event: 17.183 loading class java/util/HashMapCustomizer done
Event: 17.183 loading class java/util/HashMapCustomizer
Event: 17.183 loading class java/util/HashMapCustomizer done
Event: 17.184 loading class java/util/LinkedHashMapCustomizer
Event: 17.184 loading class java/util/LinkedHashMapCustomizer done
Event: 17.184 loading class java/util/LinkedHashMapCustomizer
Event: 17.184 loading class java/util/LinkedHashMapCustomizer done


Dynamic libraries:
0x00007ff6a55b0000 - 0x00007ff6a55ba000 	C:\Program Files\Android\Android Studio\jbr\bin\java.exe
0x00007ffa6f0f0000 - 0x00007ffa6f304000 	C:\WINDOWS\SYSTEM32\ntdll.dll
0x00007ffa6d6e0000 - 0x00007ffa6d7a2000 	C:\WINDOWS\System32\KERNEL32.DLL
0x00007ffa6c610000 - 0x00007ffa6c9b3000 	C:\WINDOWS\System32\KERNELBASE.dll
0x00007ffa6cc70000 - 0x00007ffa6cd81000 	C:\WINDOWS\System32\ucrtbase.dll
0x00007ffa61090000 - 0x00007ffa610ab000 	C:\Program Files\Android\Android Studio\jbr\bin\VCRUNTIME140.dll
0x00007ffa444d0000 - 0x00007ffa444e7000 	C:\Program Files\Android\Android Studio\jbr\bin\jli.dll
0x00007ffa6ef00000 - 0x00007ffa6f0aa000 	C:\WINDOWS\System32\USER32.dll
0x00007ffa6cd90000 - 0x00007ffa6cdb6000 	C:\WINDOWS\System32\win32u.dll
0x00007ffa4ec90000 - 0x00007ffa4ef1e000 	C:\WINDOWS\WinSxS\amd64_microsoft.windows.common-controls_6595b64144ccf1df_6.0.22621.1635_none_270f70857386168e\COMCTL32.dll
0x00007ffa6d4e0000 - 0x00007ffa6d509000 	C:\WINDOWS\System32\GDI32.dll
0x00007ffa6c4f0000 - 0x00007ffa6c609000 	C:\WINDOWS\System32\gdi32full.dll
0x00007ffa6e5b0000 - 0x00007ffa6e657000 	C:\WINDOWS\System32\msvcrt.dll
0x00007ffa6cdc0000 - 0x00007ffa6ce5a000 	C:\WINDOWS\System32\msvcp_win.dll
0x00007ffa6dee0000 - 0x00007ffa6df11000 	C:\WINDOWS\System32\IMM32.DLL
0x00007ffa51250000 - 0x00007ffa5125c000 	C:\Program Files\Android\Android Studio\jbr\bin\vcruntime140_1.dll
0x00007ffa2d3b0000 - 0x00007ffa2d43d000 	C:\Program Files\Android\Android Studio\jbr\bin\msvcp140.dll
0x00007ffa16ca0000 - 0x00007ffa1790d000 	C:\Program Files\Android\Android Studio\jbr\bin\server\jvm.dll
0x00007ffa6e500000 - 0x00007ffa6e5ae000 	C:\WINDOWS\System32\ADVAPI32.dll
0x00007ffa6d090000 - 0x00007ffa6d134000 	C:\WINDOWS\System32\sechost.dll
0x00007ffa6d520000 - 0x00007ffa6d637000 	C:\WINDOWS\System32\RPCRT4.dll
0x00007ffa62d70000 - 0x00007ffa62da4000 	C:\WINDOWS\SYSTEM32\WINMM.dll
0x00007ffa62800000 - 0x00007ffa6280a000 	C:\WINDOWS\SYSTEM32\VERSION.dll
0x00007ffa61100000 - 0x00007ffa61109000 	C:\WINDOWS\SYSTEM32\WSOCK32.dll
0x00007ffa6e660000 - 0x00007ffa6e6d1000 	C:\WINDOWS\System32\WS2_32.dll
0x00007ffa6b500000 - 0x00007ffa6b518000 	C:\WINDOWS\SYSTEM32\kernel.appcore.dll
0x00007ffa61190000 - 0x00007ffa6119a000 	C:\Program Files\Android\Android Studio\jbr\bin\jimage.dll
0x00007ffa69f60000 - 0x00007ffa6a18e000 	C:\WINDOWS\SYSTEM32\DBGHELP.DLL
0x00007ffa6e170000 - 0x00007ffa6e4f9000 	C:\WINDOWS\System32\combase.dll
0x00007ffa6df20000 - 0x00007ffa6dff7000 	C:\WINDOWS\System32\OLEAUT32.dll
0x00007ffa61eb0000 - 0x00007ffa61ee2000 	C:\WINDOWS\SYSTEM32\dbgcore.DLL
0x00007ffa6c9c0000 - 0x00007ffa6ca3a000 	C:\WINDOWS\System32\bcryptPrimitives.dll
0x00007ffa4da90000 - 0x00007ffa4dab5000 	C:\Program Files\Android\Android Studio\jbr\bin\java.dll
0x00007ffa44520000 - 0x00007ffa44538000 	C:\Program Files\Android\Android Studio\jbr\bin\zip.dll
0x00007ffa6e700000 - 0x00007ffa6eef9000 	C:\WINDOWS\System32\SHELL32.dll
0x00007ffa6a490000 - 0x00007ffa6ad5e000 	C:\WINDOWS\SYSTEM32\windows.storage.dll
0x00007ffa6a350000 - 0x00007ffa6a48e000 	C:\WINDOWS\SYSTEM32\wintypes.dll
0x00007ffa6d3e0000 - 0x00007ffa6d4d1000 	C:\WINDOWS\System32\SHCORE.dll
0x00007ffa6d360000 - 0x00007ffa6d3be000 	C:\WINDOWS\System32\shlwapi.dll
0x00007ffa6c420000 - 0x00007ffa6c446000 	C:\WINDOWS\SYSTEM32\profapi.dll
0x00007ffa44430000 - 0x00007ffa44449000 	C:\Program Files\Android\Android Studio\jbr\bin\net.dll
0x00007ffa65c10000 - 0x00007ffa65d47000 	C:\WINDOWS\SYSTEM32\WINHTTP.dll
0x00007ffa6ba00000 - 0x00007ffa6ba69000 	C:\WINDOWS\system32\mswsock.dll
0x00007ffa44360000 - 0x00007ffa44376000 	C:\Program Files\Android\Android Studio\jbr\bin\nio.dll
0x00007ffa59860000 - 0x00007ffa59870000 	C:\Program Files\Android\Android Studio\jbr\bin\verify.dll
0x00007ffa444f0000 - 0x00007ffa44517000 	C:\Users\fdeba\.gradle\native\68d5fa5c4cc2d200863cafc0d521ce42e7d3e7ee720ec0a83991735586a16f82\windows-amd64\native-platform.dll
0x00007ffa21c10000 - 0x00007ffa21d54000 	C:\Users\fdeba\.gradle\native\e376f236ea51e6404a007f0833ffe2c6e607c4080706a723a18a27aeea778392\windows-amd64\native-platform-file-events.dll
0x00007ffa60a50000 - 0x00007ffa60a59000 	C:\Program Files\Android\Android Studio\jbr\bin\management.dll
0x00007ffa5a9d0000 - 0x00007ffa5a9db000 	C:\Program Files\Android\Android Studio\jbr\bin\management_ext.dll
0x00007ffa6d640000 - 0x00007ffa6d648000 	C:\WINDOWS\System32\PSAPI.DLL
0x00007ffa6bd00000 - 0x00007ffa6bd1b000 	C:\WINDOWS\SYSTEM32\CRYPTSP.dll
0x00007ffa6b470000 - 0x00007ffa6b4a5000 	C:\WINDOWS\system32\rsaenh.dll
0x00007ffa6bba0000 - 0x00007ffa6bbcc000 	C:\WINDOWS\SYSTEM32\USERENV.dll
0x00007ffa6bec0000 - 0x00007ffa6bee8000 	C:\WINDOWS\SYSTEM32\bcrypt.dll
0x00007ffa6bd20000 - 0x00007ffa6bd2c000 	C:\WINDOWS\SYSTEM32\CRYPTBASE.dll
0x00007ffa6afc0000 - 0x00007ffa6afed000 	C:\WINDOWS\SYSTEM32\IPHLPAPI.DLL
0x00007ffa6d910000 - 0x00007ffa6d919000 	C:\WINDOWS\System32\NSI.dll
0x00007ffa62bf0000 - 0x00007ffa62c09000 	C:\WINDOWS\SYSTEM32\dhcpcsvc6.DLL
0x00007ffa627e0000 - 0x00007ffa627ff000 	C:\WINDOWS\SYSTEM32\dhcpcsvc.DLL
0x00007ffa6b030000 - 0x00007ffa6b123000 	C:\WINDOWS\SYSTEM32\DNSAPI.dll
0x00007ffa518e0000 - 0x00007ffa518e8000 	C:\WINDOWS\system32\wshunix.dll

dbghelp: loaded successfully - version: 4.0.5 - missing functions: none
symbol engine: initialized successfully - sym options: 0x614 - pdb path: .;C:\Program Files\Android\Android Studio\jbr\bin;C:\WINDOWS\SYSTEM32;C:\WINDOWS\WinSxS\amd64_microsoft.windows.common-controls_6595b64144ccf1df_6.0.22621.1635_none_270f70857386168e;C:\Program Files\Android\Android Studio\jbr\bin\server;C:\Users\fdeba\.gradle\native\68d5fa5c4cc2d200863cafc0d521ce42e7d3e7ee720ec0a83991735586a16f82\windows-amd64;C:\Users\fdeba\.gradle\native\e376f236ea51e6404a007f0833ffe2c6e607c4080706a723a18a27aeea778392\windows-amd64

VM Arguments:
jvm_args: --add-opens=java.base/java.util=ALL-UNNAMED --add-opens=java.base/java.lang=ALL-UNNAMED --add-opens=java.base/java.lang.invoke=ALL-UNNAMED --add-opens=java.prefs/java.util.prefs=ALL-UNNAMED --add-opens=java.base/java.nio.charset=ALL-UNNAMED --add-opens=java.base/java.net=ALL-UNNAMED --add-opens=java.base/java.util.concurrent.atomic=ALL-UNNAMED -Xmx2048m -Dfile.encoding=UTF-8 -Duser.country=BR -Duser.language=pt -Duser.variant 
java_command: org.gradle.launcher.daemon.bootstrap.GradleDaemon 8.0
java_class_path (initial): C:\Users\fdeba\.gradle\wrapper\dists\gradle-8.0-bin\ca5e32bp14vu59qr306oxotwh\gradle-8.0\lib\gradle-launcher-8.0.jar
Launcher Type: SUN_STANDARD

[Global flags]
     intx CICompilerCount                          = 3                                         {product} {ergonomic}
     uint ConcGCThreads                            = 1                                         {product} {ergonomic}
     uint G1ConcRefinementThreads                  = 4                                         {product} {ergonomic}
   size_t G1HeapRegionSize                         = 1048576                                   {product} {ergonomic}
    uintx GCDrainStackTargetSize                   = 64                                        {product} {ergonomic}
   size_t InitialHeapSize                          = 65011712                                  {product} {ergonomic}
   size_t MarkStackSize                            = 4194304                                   {product} {ergonomic}
   size_t MaxHeapSize                              = 2147483648                                {product} {command line}
   size_t MaxNewSize                               = 1287651328                                {product} {ergonomic}
   size_t MinHeapDeltaBytes                        = 1048576                                   {product} {ergonomic}
   size_t MinHeapSize                              = 8388608                                   {product} {ergonomic}
    uintx NonNMethodCodeHeapSize                   = 5832780                                {pd product} {ergonomic}
    uintx NonProfiledCodeHeapSize                  = 122912730                              {pd product} {ergonomic}
    uintx ProfiledCodeHeapSize                     = 122912730                              {pd product} {ergonomic}
    uintx ReservedCodeCacheSize                    = 251658240                              {pd product} {ergonomic}
     bool SegmentedCodeCache                       = true                                      {product} {ergonomic}
   size_t SoftMaxHeapSize                          = 2147483648                             {manageable} {ergonomic}
     bool UseCompressedClassPointers               = true                           {product lp64_product} {ergonomic}
     bool UseCompressedOops                        = true                           {product lp64_product} {ergonomic}
     bool UseG1GC                                  = true                                      {product} {ergonomic}
     bool UseLargePagesIndividualAllocation        = false                                  {pd product} {ergonomic}

Logging:
Log output configuration:
 #0: stdout all=warning uptime,level,tags
 #1: stderr all=off uptime,level,tags

Environment Variables:
JAVA_HOME=C:\Program Files\Java\jdk-18.0.2.1
PATH=C:\Program Files\Common Files\Oracle\Java\javapath;C:\Program Files (x86)\Common Files\Oracle\Java\javapath;C:\WINDOWS\system32;C:\WINDOWS;C:\WINDOWS\System32\Wbem;C:\WINDOWS\System32\WindowsPowerShell\v1.0\;C:\WINDOWS\System32\OpenSSH\;C:\Program Files\nodejs\;C:\ProgramData\chocolatey\bin;C:\Program Files\Git\cmd;C:\Program Files\GitHub CLI\;C:\Program Files\Docker\Docker\resources\bin;C:\Program Files\kotlinc\bin;"C:\Program Files\Java\jdk-18.0.2.1\bin;";C:\Users\fdeba\AppData\Local\Programs\Python\Python311;C:\Users\fdeba\AppData\Local\Programs\Python\Python311\Scripts;C:\Users\fdeba\scoop\apps\pscale\0.144.0;C:\Gradle\bin;C:\Program Files (x86)\Yarn\bin\;C:\Program Files\dotnet\;C:\platform-tools\adb.exe;C:\Users\fdeba\scoop\shims;C:\Users\fdeba\AppData\Local\Microsoft\WindowsApps;C:\Users\fdeba\AppData\Roaming\npm;C:\Users\fdeba\AppData\Local\Programs\Microsoft VS Code\bin;C:\tools\dart-sdk\bin;C:\Users\fdeba\AppData\Roaming\Pub\Cache\bin;C:\Users\fdeba\AppData\Local\JetBrains\Toolbox\scripts;C:\Program Files\PostgreSQL\15\bin;C:\Program Files\kotlinc\bin;"C:\Program Files\Java\jdk-18.0.2.1\bin;";C:\Users\fdeba\AppData\Local\Programs\Python\Python311\Scripts;C:\Users\fdeba\AppData\Local\Programs\Python\Python311;C:\Users\fdeba\scoop\apps\pscale\0.144.0;C:\Users\fdeba\AppData\Local\Yarn\bin;C:\Users\fdeba\.dotnet\tools;C:\platform-tools\adb.exe;
USERNAME=fdeba
OS=Windows_NT
PROCESSOR_IDENTIFIER=Intel64 Family 6 Model 140 Stepping 2, GenuineIntel
TMP=C:\Users\fdeba\AppData\Local\Temp
TEMP=C:\Users\fdeba\AppData\Local\Temp



---------------  S Y S T E M  ---------------

OS:
 Windows 11 , 64 bit Build 22621 (10.0.22621.1928)
OS uptime: 0 days 18:48 hours
Hyper-V role detected

CPU: total 4 (initial active 4) (2 cores per cpu, 2 threads per core) family 6 model 140 stepping 2 microcode 0x26, cx8, cmov, fxsr, ht, mmx, 3dnowpref, sse, sse2, sse3, ssse3, sse4.1, sse4.2, popcnt, lzcnt, tsc, tscinvbit, avx, avx2, aes, erms, clmul, bmi1, bmi2, adx, avx512f, avx512dq, avx512cd, avx512bw, avx512vl, sha, fma, vzeroupper, avx512_vpopcntdq, avx512_vpclmulqdq, avx512_vaes, avx512_vnni, clflush, clflushopt, clwb, avx512_vbmi2, avx512_vbmi, hv

Memory: 4k page, system-wide physical 3879M (140M free)
TotalPageFile size 15655M (AvailPageFile size 2M)
current process WorkingSet (physical memory assigned to process): 283M, peak: 295M
current process commit charge ("private bytes"): 708M, peak: 714M

vm_info: OpenJDK 64-Bit Server VM (17.0.6+0-b2043.56-9586694) for windows-amd64 JRE (17.0.6+0-b2043.56-9586694), built on Feb  9 2023 20:06:20 by "androidbuild" with MS VC++ 16.10 / 16.11 (VS2019)

END.
