#
# There is insufficient memory for the Java Runtime Environment to continue.
# Native memory allocation (malloc) failed to allocate 1392176 bytes for Chunk::new
# Possible reasons:
#   The system is out of physical RAM or swap space
#   The process is running with CompressedOops enabled, and the Java Heap may be blocking the growth of the native heap
# Possible solutions:
#   Reduce memory load on the system
#   Increase physical memory or swap space
#   Check if swap backing store is full
#   Decrease Java heap size (-Xmx/-Xms)
#   Decrease number of Java threads
#   Decrease Java thread stack sizes (-Xss)
#   Set larger code cache with -XX:ReservedCodeCacheSize=
#   JVM is running with Unscaled Compressed Oops mode in which the Java heap is
#     placed in the first 4GB address space. The Java Heap base address is the
#     maximum limit for the native heap growth. Please use -XX:HeapBaseMinAddress
#     to set the Java Heap base and to place the Java Heap above 4GB virtual address.
# This output file may be truncated or incomplete.
#
#  Out of Memory Error (arena.cpp:189), pid=4672, tid=13988
#
# JRE version: OpenJDK Runtime Environment (17.0.6) (build 17.0.6+0-b2043.56-9586694)
# Java VM: OpenJDK 64-Bit Server VM (17.0.6+0-b2043.56-9586694, mixed mode, tiered, compressed oops, compressed class ptrs, g1 gc, windows-amd64)
# No core dump will be written. Minidumps are not enabled by default on client versions of Windows
#

---------------  S U M M A R Y ------------

Command Line: --add-opens=java.base/java.util=ALL-UNNAMED --add-opens=java.base/java.lang=ALL-UNNAMED --add-opens=java.base/java.lang.invoke=ALL-UNNAMED --add-opens=java.prefs/java.util.prefs=ALL-UNNAMED --add-opens=java.base/java.nio.charset=ALL-UNNAMED --add-opens=java.base/java.net=ALL-UNNAMED --add-opens=java.base/java.util.concurrent.atomic=ALL-UNNAMED -Xmx2048m -Dfile.encoding=UTF-8 -Duser.country=BR -Duser.language=pt -Duser.variant org.gradle.launcher.daemon.bootstrap.GradleDaemon 8.0

Host: 11th Gen Intel(R) Core(TM) i3-1115G4 @ 3.00GHz, 4 cores, 3G,  Windows 11 , 64 bit Build 22621 (10.0.22621.1928)
Time: Wed Jul 12 17:25:20 2023 Hora oficial do Brasil elapsed time: 43.479643 seconds (0d 0h 0m 43s)

---------------  T H R E A D  ---------------

Current thread (0x0000020c113090c0):  JavaThread "C2 CompilerThread0" daemon [_thread_in_native, id=13988, stack(0x0000000e6eb00000,0x0000000e6ec00000)]


Current CompileTask:
C2:  43479 10772       4       groovy.lang.MetaClassImpl::inheritInterfaceNewMetaMethods (195 bytes)

Stack: [0x0000000e6eb00000,0x0000000e6ec00000]
Native frames: (J=compiled Java code, j=interpreted, Vv=VM code, C=native code)
V  [jvm.dll+0x683b4a]
V  [jvm.dll+0x842654]
V  [jvm.dll+0x843dfe]
V  [jvm.dll+0x844463]
V  [jvm.dll+0x249b75]
V  [jvm.dll+0xabcac]
V  [jvm.dll+0xac27c]
V  [jvm.dll+0x368857]
V  [jvm.dll+0x1bd0b8]
V  [jvm.dll+0x21c359]
V  [jvm.dll+0x21b621]
V  [jvm.dll+0x1a4fdd]
V  [jvm.dll+0x22b098]
V  [jvm.dll+0x229159]
V  [jvm.dll+0x7f809c]
V  [jvm.dll+0x7f25fa]
V  [jvm.dll+0x682985]
C  [ucrtbase.dll+0x29363]
C  [KERNEL32.DLL+0x126ad]
C  [ntdll.dll+0x5aa68]


---------------  P R O C E S S  ---------------

Threads class SMR info:
_java_thread_list=0x0000020c19a20c80, length=87, elements={
0x0000020c75d92280, 0x0000020c112af8c0, 0x0000020c112b0600, 0x0000020c1130dea0,
0x0000020c1130e960, 0x0000020c112d07b0, 0x0000020c112d1070, 0x0000020c113090c0,
0x0000020c11d2a900, 0x0000020c11d627c0, 0x0000020c11ea4480, 0x0000020c11eac9f0,
0x0000020c132bb020, 0x0000020c12f3d230, 0x0000020c1369c8a0, 0x0000020c14620050,
0x0000020c146187c0, 0x0000020c133b9560, 0x0000020c133b9f00, 0x0000020c1483b560,
0x0000020c1483a220, 0x0000020c1483abc0, 0x0000020c1483d710, 0x0000020c1483d240,
0x0000020c1483ea50, 0x0000020c1483cd70, 0x0000020c1483e580, 0x0000020c14840260,
0x0000020c16d4b080, 0x0000020c16d48060, 0x0000020c16d4d230, 0x0000020c16d49d40,
0x0000020c16d49870, 0x0000020c16d4ea40, 0x0000020c16d4d700, 0x0000020c16d4a210,
0x0000020c16d493a0, 0x0000020c16d4e570, 0x0000020c16d4a6e0, 0x0000020c16d4c890,
0x0000020c16d4bef0, 0x0000020c16d4abb0, 0x0000020c16d4b550, 0x0000020c16d4dbd0,
0x0000020c16d48a00, 0x0000020c16436970, 0x0000020c16437310, 0x0000020c16436e40,
0x0000020c164377e0, 0x0000020c16433e20, 0x0000020c16438180, 0x0000020c164364a0,
0x0000020c1643a800, 0x0000020c16435fd0, 0x0000020c16435160, 0x0000020c16437cb0,
0x0000020c164342f0, 0x0000020c16438650, 0x0000020c16439990, 0x0000020c1643a330,
0x0000020c16433480, 0x0000020c16432fb0, 0x0000020c16433950, 0x0000020c164347c0,
0x0000020c16438b20, 0x0000020c16434c90, 0x0000020c16438ff0, 0x0000020c16435630,
0x0000020c16435b00, 0x0000020c148415a0, 0x0000020c1483f3f0, 0x0000020c148410d0,
0x0000020c1483bf00, 0x0000020c1483ba30, 0x0000020c1483c3d0, 0x0000020c133ba3d0,
0x0000020c133b9090, 0x0000020c133b9a30, 0x0000020c1462d8d0, 0x0000020c14634c50,
0x0000020c14632f70, 0x0000020c14631290, 0x0000020c14633440, 0x0000020c14631c30,
0x0000020c1462d400, 0x0000020c14632aa0, 0x0000020c146308f0
}

Java Threads: ( => current thread )
  0x0000020c75d92280 JavaThread "main" [_thread_blocked, id=1820, stack(0x0000000e6de00000,0x0000000e6df00000)]
  0x0000020c112af8c0 JavaThread "Reference Handler" daemon [_thread_blocked, id=8960, stack(0x0000000e6e500000,0x0000000e6e600000)]
  0x0000020c112b0600 JavaThread "Finalizer" daemon [_thread_blocked, id=18036, stack(0x0000000e6e600000,0x0000000e6e700000)]
  0x0000020c1130dea0 JavaThread "Signal Dispatcher" daemon [_thread_blocked, id=14368, stack(0x0000000e6e700000,0x0000000e6e800000)]
  0x0000020c1130e960 JavaThread "Attach Listener" daemon [_thread_blocked, id=6384, stack(0x0000000e6e800000,0x0000000e6e900000)]
  0x0000020c112d07b0 JavaThread "Service Thread" daemon [_thread_blocked, id=11304, stack(0x0000000e6e900000,0x0000000e6ea00000)]
  0x0000020c112d1070 JavaThread "Monitor Deflation Thread" daemon [_thread_blocked, id=2660, stack(0x0000000e6ea00000,0x0000000e6eb00000)]
=>0x0000020c113090c0 JavaThread "C2 CompilerThread0" daemon [_thread_in_native, id=13988, stack(0x0000000e6eb00000,0x0000000e6ec00000)]
  0x0000020c11d2a900 JavaThread "C1 CompilerThread0" daemon [_thread_blocked, id=9732, stack(0x0000000e6ec00000,0x0000000e6ed00000)]
  0x0000020c11d627c0 JavaThread "Sweeper thread" daemon [_thread_blocked, id=18296, stack(0x0000000e6ed00000,0x0000000e6ee00000)]
  0x0000020c11ea4480 JavaThread "Common-Cleaner" daemon [_thread_blocked, id=17284, stack(0x0000000e6ee00000,0x0000000e6ef00000)]
  0x0000020c11eac9f0 JavaThread "Notification Thread" daemon [_thread_blocked, id=11476, stack(0x0000000e6ef00000,0x0000000e6f000000)]
  0x0000020c132bb020 JavaThread "Daemon health stats" [_thread_blocked, id=17644, stack(0x0000000e6f400000,0x0000000e6f500000)]
  0x0000020c12f3d230 JavaThread "Incoming local TCP Connector on port 55579" [_thread_in_native, id=10616, stack(0x0000000e6f500000,0x0000000e6f600000)]
  0x0000020c1369c8a0 JavaThread "Daemon periodic checks" [_thread_blocked, id=6716, stack(0x0000000e6f600000,0x0000000e6f700000)]
  0x0000020c14620050 JavaThread "Daemon" [_thread_blocked, id=15140, stack(0x0000000e6f700000,0x0000000e6f800000)]
  0x0000020c146187c0 JavaThread "Daemon worker" [_thread_in_vm, id=9840, stack(0x0000000e6fa00000,0x0000000e6fb00000)]
  0x0000020c133b9560 JavaThread "Cache worker for journal cache (C:\Users\fdeba\.gradle\caches\journal-1)" [_thread_blocked, id=6592, stack(0x0000000e6fe00000,0x0000000e6ff00000)]
  0x0000020c133b9f00 JavaThread "File lock request listener" [_thread_in_native, id=6760, stack(0x0000000e6ff00000,0x0000000e70000000)]
  0x0000020c1483b560 JavaThread "Cache worker for file hash cache (C:\Users\fdeba\.gradle\caches\8.0\fileHashes)" [_thread_blocked, id=15168, stack(0x0000000e70000000,0x0000000e70100000)]
  0x0000020c1483a220 JavaThread "File watcher server" daemon [_thread_in_native, id=14128, stack(0x0000000e70100000,0x0000000e70200000)]
  0x0000020c1483abc0 JavaThread "File watcher consumer" daemon [_thread_blocked, id=8572, stack(0x0000000e70200000,0x0000000e70300000)]
  0x0000020c1483d710 JavaThread "Cache worker for file content cache (C:\Users\fdeba\.gradle\caches\8.0\fileContent)" [_thread_blocked, id=952, stack(0x0000000e70500000,0x0000000e70600000)]
  0x0000020c1483d240 JavaThread "Cache worker for execution history cache (C:\Users\fdeba\.gradle\caches\8.0\executionHistory)" [_thread_blocked, id=10768, stack(0x0000000e70800000,0x0000000e70900000)]
  0x0000020c1483ea50 JavaThread "jar transforms" [_thread_blocked, id=16324, stack(0x0000000e70a00000,0x0000000e70b00000)]
  0x0000020c1483cd70 JavaThread "jar transforms Thread 2" [_thread_blocked, id=18076, stack(0x0000000e70b00000,0x0000000e70c00000)]
  0x0000020c1483e580 JavaThread "jar transforms Thread 3" [_thread_blocked, id=12028, stack(0x0000000e70c00000,0x0000000e70d00000)]
  0x0000020c14840260 JavaThread "jar transforms Thread 4" [_thread_blocked, id=7860, stack(0x0000000e70d00000,0x0000000e70e00000)]
  0x0000020c16d4b080 JavaThread "Memory manager" [_thread_blocked, id=3668, stack(0x0000000e73900000,0x0000000e73a00000)]
  0x0000020c16d48060 JavaThread "included builds" [_thread_blocked, id=12448, stack(0x0000000e73a00000,0x0000000e73b00000)]
  0x0000020c16d4d230 JavaThread "Handler for socket connection from /127.0.0.1:55579 to /127.0.0.1:55593" [_thread_in_native, id=5496, stack(0x0000000e6fb00000,0x0000000e6fc00000)]
  0x0000020c16d49d40 JavaThread "Cancel handler" [_thread_blocked, id=11616, stack(0x0000000e6fc00000,0x0000000e6fd00000)]
  0x0000020c16d49870 JavaThread "Asynchronous log dispatcher for DefaultDaemonConnection: socket connection from /127.0.0.1:55579 to /127.0.0.1:55593" [_thread_blocked, id=16724, stack(0x0000000e6fd00000,0x0000000e6fe00000)]
  0x0000020c16d4ea40 JavaThread "Stdin handler" [_thread_blocked, id=2688, stack(0x0000000e70300000,0x0000000e70400000)]
  0x0000020c16d4d700 JavaThread "Daemon client event forwarder" [_thread_blocked, id=7884, stack(0x0000000e70400000,0x0000000e70500000)]
  0x0000020c16d4a210 JavaThread "Cache worker for checksums cache (C:\Users\fdeba\OneDrive\Documentos\ifsul\4i\tcc\ObjectFinderIFSul\.gradle\8.0\checksums)" [_thread_blocked, id=7524, stack(0x0000000e70600000,0x0000000e70700000)]
  0x0000020c16d493a0 JavaThread "Cache worker for cache directory md-rule (C:\Users\fdeba\.gradle\caches\8.0\md-rule)" [_thread_blocked, id=4248, stack(0x0000000e70700000,0x0000000e70800000)]
  0x0000020c16d4e570 JavaThread "Cache worker for file hash cache (C:\Users\fdeba\OneDrive\Documentos\ifsul\4i\tcc\ObjectFinderIFSul\.gradle\8.0\fileHashes)" [_thread_blocked, id=5412, stack(0x0000000e70e00000,0x0000000e70f00000)]
  0x0000020c16d4a6e0 JavaThread "Cache worker for cache directory md-supplier (C:\Users\fdeba\.gradle\caches\8.0\md-supplier)" [_thread_blocked, id=132, stack(0x0000000e70f00000,0x0000000e71000000)]
  0x0000020c16d4c890 JavaThread "Cache worker for dependencies-accessors (C:\Users\fdeba\OneDrive\Documentos\ifsul\4i\tcc\ObjectFinderIFSul\.gradle\8.0\dependencies-accessors)" [_thread_blocked, id=15392, stack(0x0000000e71000000,0x0000000e71100000)]
  0x0000020c16d4bef0 JavaThread "Cache worker for Build Output Cleanup Cache (C:\Users\fdeba\OneDrive\Documentos\ifsul\4i\tcc\ObjectFinderIFSul\.gradle\buildOutputCleanup)" [_thread_blocked, id=9372, stack(0x0000000e71100000,0x0000000e71200000)]
  0x0000020c16d4abb0 JavaThread "Unconstrained build operations" [_thread_blocked, id=2400, stack(0x0000000e71200000,0x0000000e71300000)]
  0x0000020c16d4b550 JavaThread "Unconstrained build operations Thread 2" [_thread_blocked, id=14556, stack(0x0000000e71300000,0x0000000e71400000)]
  0x0000020c16d4dbd0 JavaThread "Unconstrained build operations Thread 3" [_thread_blocked, id=17052, stack(0x0000000e71400000,0x0000000e71500000)]
  0x0000020c16d48a00 JavaThread "Unconstrained build operations Thread 4" [_thread_blocked, id=7836, stack(0x0000000e71500000,0x0000000e71600000)]
  0x0000020c16436970 JavaThread "Unconstrained build operations Thread 5" [_thread_blocked, id=17664, stack(0x0000000e71600000,0x0000000e71700000)]
  0x0000020c16437310 JavaThread "Unconstrained build operations Thread 6" [_thread_blocked, id=17888, stack(0x0000000e71700000,0x0000000e71800000)]
  0x0000020c16436e40 JavaThread "Unconstrained build operations Thread 7" [_thread_blocked, id=9076, stack(0x0000000e71800000,0x0000000e71900000)]
  0x0000020c164377e0 JavaThread "Unconstrained build operations Thread 8" [_thread_blocked, id=14088, stack(0x0000000e71900000,0x0000000e71a00000)]
  0x0000020c16433e20 JavaThread "Unconstrained build operations Thread 9" [_thread_blocked, id=1652, stack(0x0000000e71a00000,0x0000000e71b00000)]
  0x0000020c16438180 JavaThread "Unconstrained build operations Thread 10" [_thread_blocked, id=1860, stack(0x0000000e71b00000,0x0000000e71c00000)]
  0x0000020c164364a0 JavaThread "Unconstrained build operations Thread 11" [_thread_blocked, id=13104, stack(0x0000000e71c00000,0x0000000e71d00000)]
  0x0000020c1643a800 JavaThread "Unconstrained build operations Thread 12" [_thread_blocked, id=14524, stack(0x0000000e71d00000,0x0000000e71e00000)]
  0x0000020c16435fd0 JavaThread "Unconstrained build operations Thread 13" [_thread_blocked, id=17988, stack(0x0000000e71e00000,0x0000000e71f00000)]
  0x0000020c16435160 JavaThread "Unconstrained build operations Thread 14" [_thread_blocked, id=5976, stack(0x0000000e71f00000,0x0000000e72000000)]
  0x0000020c16437cb0 JavaThread "Unconstrained build operations Thread 15" [_thread_blocked, id=17008, stack(0x0000000e72000000,0x0000000e72100000)]
  0x0000020c164342f0 JavaThread "Unconstrained build operations Thread 16" [_thread_blocked, id=16952, stack(0x0000000e72100000,0x0000000e72200000)]
  0x0000020c16438650 JavaThread "Unconstrained build operations Thread 17" [_thread_blocked, id=2464, stack(0x0000000e72200000,0x0000000e72300000)]
  0x0000020c16439990 JavaThread "Unconstrained build operations Thread 18" [_thread_blocked, id=11096, stack(0x0000000e72300000,0x0000000e72400000)]
  0x0000020c1643a330 JavaThread "Unconstrained build operations Thread 19" [_thread_blocked, id=8804, stack(0x0000000e72400000,0x0000000e72500000)]
  0x0000020c16433480 JavaThread "Unconstrained build operations Thread 20" [_thread_blocked, id=3492, stack(0x0000000e72500000,0x0000000e72600000)]
  0x0000020c16432fb0 JavaThread "Unconstrained build operations Thread 21" [_thread_blocked, id=4484, stack(0x0000000e72600000,0x0000000e72700000)]
  0x0000020c16433950 JavaThread "Unconstrained build operations Thread 22" [_thread_blocked, id=7104, stack(0x0000000e72700000,0x0000000e72800000)]
  0x0000020c164347c0 JavaThread "Unconstrained build operations Thread 23" [_thread_blocked, id=11340, stack(0x0000000e72800000,0x0000000e72900000)]
  0x0000020c16438b20 JavaThread "Unconstrained build operations Thread 24" [_thread_blocked, id=2280, stack(0x0000000e72900000,0x0000000e72a00000)]
  0x0000020c16434c90 JavaThread "Unconstrained build operations Thread 25" [_thread_blocked, id=8092, stack(0x0000000e72a00000,0x0000000e72b00000)]
  0x0000020c16438ff0 JavaThread "Unconstrained build operations Thread 26" [_thread_blocked, id=15420, stack(0x0000000e72b00000,0x0000000e72c00000)]
  0x0000020c16435630 JavaThread "Unconstrained build operations Thread 27" [_thread_blocked, id=12536, stack(0x0000000e72c00000,0x0000000e72d00000)]
  0x0000020c16435b00 JavaThread "Unconstrained build operations Thread 28" [_thread_blocked, id=14048, stack(0x0000000e72d00000,0x0000000e72e00000)]
  0x0000020c148415a0 JavaThread "Unconstrained build operations Thread 29" [_thread_blocked, id=5768, stack(0x0000000e72e00000,0x0000000e72f00000)]
  0x0000020c1483f3f0 JavaThread "Unconstrained build operations Thread 30" [_thread_blocked, id=16264, stack(0x0000000e72f00000,0x0000000e73000000)]
  0x0000020c148410d0 JavaThread "Unconstrained build operations Thread 31" [_thread_blocked, id=14064, stack(0x0000000e73000000,0x0000000e73100000)]
  0x0000020c1483bf00 JavaThread "Unconstrained build operations Thread 32" [_thread_blocked, id=11840, stack(0x0000000e73100000,0x0000000e73200000)]
  0x0000020c1483ba30 JavaThread "Unconstrained build operations Thread 33" [_thread_blocked, id=11548, stack(0x0000000e73200000,0x0000000e73300000)]
  0x0000020c1483c3d0 JavaThread "Unconstrained build operations Thread 34" [_thread_blocked, id=13416, stack(0x0000000e73300000,0x0000000e73400000)]
  0x0000020c133ba3d0 JavaThread "Unconstrained build operations Thread 35" [_thread_blocked, id=9040, stack(0x0000000e73400000,0x0000000e73500000)]
  0x0000020c133b9090 JavaThread "Unconstrained build operations Thread 36" [_thread_blocked, id=13088, stack(0x0000000e73500000,0x0000000e73600000)]
  0x0000020c133b9a30 JavaThread "Unconstrained build operations Thread 37" [_thread_blocked, id=6504, stack(0x0000000e73600000,0x0000000e73700000)]
  0x0000020c1462d8d0 JavaThread "Unconstrained build operations Thread 38" [_thread_blocked, id=18120, stack(0x0000000e73700000,0x0000000e73800000)]
  0x0000020c14634c50 JavaThread "Unconstrained build operations Thread 39" [_thread_blocked, id=18380, stack(0x0000000e73800000,0x0000000e73900000)]
  0x0000020c14632f70 JavaThread "Unconstrained build operations Thread 40" [_thread_blocked, id=1556, stack(0x0000000e73b00000,0x0000000e73c00000)]
  0x0000020c14631290 JavaThread "included builds" [_thread_blocked, id=14172, stack(0x0000000e73c00000,0x0000000e73d00000)]
  0x0000020c14633440 JavaThread "Execution worker" [_thread_blocked, id=5368, stack(0x0000000e73d00000,0x0000000e73e00000)]
  0x0000020c14631c30 JavaThread "Execution worker Thread 2" [_thread_blocked, id=6512, stack(0x0000000e73e00000,0x0000000e73f00000)]
  0x0000020c1462d400 JavaThread "Execution worker Thread 3" [_thread_blocked, id=15380, stack(0x0000000e73f00000,0x0000000e74000000)]
  0x0000020c14632aa0 JavaThread "Cache worker for execution history cache (C:\Users\fdeba\OneDrive\Documentos\ifsul\4i\tcc\ObjectFinderIFSul\.gradle\8.0\executionHistory)" [_thread_blocked, id=1908, stack(0x0000000e74000000,0x0000000e74100000)]
  0x0000020c146308f0 JavaThread "idea-tooling-model-converter" [_thread_blocked, id=16176, stack(0x0000000e74100000,0x0000000e74200000)]

Other Threads:
  0x0000020c112a71d0 VMThread "VM Thread" [stack: 0x0000000e6e400000,0x0000000e6e500000] [id=6980]
  0x0000020c11ebfd50 WatcherThread [stack: 0x0000000e6f000000,0x0000000e6f100000] [id=17696]
  0x0000020c75ded7d0 GCTaskThread "GC Thread#0" [stack: 0x0000000e6df00000,0x0000000e6e000000] [id=2452]
  0x0000020c1226e040 GCTaskThread "GC Thread#1" [stack: 0x0000000e6f100000,0x0000000e6f200000] [id=8492]
  0x0000020c124bd6b0 GCTaskThread "GC Thread#2" [stack: 0x0000000e6f200000,0x0000000e6f300000] [id=8136]
  0x0000020c12ba4270 GCTaskThread "GC Thread#3" [stack: 0x0000000e6f300000,0x0000000e6f400000] [id=12408]
  0x0000020c75dfe780 ConcurrentGCThread "G1 Main Marker" [stack: 0x0000000e6e000000,0x0000000e6e100000] [id=11692]
  0x0000020c75e00850 ConcurrentGCThread "G1 Conc#0" [stack: 0x0000000e6e100000,0x0000000e6e200000] [id=13308]
  0x0000020c11120490 ConcurrentGCThread "G1 Refine#0" [stack: 0x0000000e6e200000,0x0000000e6e300000] [id=18360]
  0x0000020c16236430 ConcurrentGCThread "G1 Refine#1" [stack: 0x0000000e70900000,0x0000000e70a00000] [id=1092]
  0x0000020c11120cc0 ConcurrentGCThread "G1 Service" [stack: 0x0000000e6e300000,0x0000000e6e400000] [id=11248]

Threads with active compile tasks:
C2 CompilerThread0    43540 10772       4       groovy.lang.MetaClassImpl::inheritInterfaceNewMetaMethods (195 bytes)

VM state: not at safepoint (normal execution)

VM Mutex/Monitor currently owned by a thread: None

Heap address: 0x0000000080000000, size: 2048 MB, Compressed Oops mode: 32-bit

CDS archive(s) not mapped
Compressed class space mapped at: 0x0000000100000000-0x0000000140000000, reserved size: 1073741824
Narrow klass base: 0x0000000000000000, Narrow klass shift: 3, Narrow klass range: 0x140000000

GC Precious Log:
 CPUs: 4 total, 4 available
 Memory: 3879M
 Large Page Support: Disabled
 NUMA Support: Disabled
 Compressed Oops: Enabled (32-bit)
 Heap Region Size: 1M
 Heap Min Capacity: 8M
 Heap Initial Capacity: 62M
 Heap Max Capacity: 2G
 Pre-touch: Disabled
 Parallel Workers: 4
 Concurrent Workers: 1
 Concurrent Refinement Workers: 4
 Periodic GC: Disabled

Heap:
 garbage-first heap   total 283648K, used 183562K [0x0000000080000000, 0x0000000100000000)
  region size 1024K, 6 young (6144K), 1 survivors (1024K)
 Metaspace       used 90434K, committed 91264K, reserved 1130496K
  class space    used 12388K, committed 12800K, reserved 1048576K

Heap Regions: E=young(eden), S=young(survivor), O=old, HS=humongous(starts), HC=humongous(continues), CS=collection set, F=free, OA=open archive, CA=closed archive, TAMS=top-at-mark-start (previous, next)
|   0|0x0000000080000000, 0x0000000080100000, 0x0000000080100000|100%| O|  |TAMS 0x0000000080100000, 0x0000000080000000| Untracked 
|   1|0x0000000080100000, 0x0000000080200000, 0x0000000080200000|100%| O|  |TAMS 0x0000000080200000, 0x0000000080100000| Untracked 
|   2|0x0000000080200000, 0x0000000080300000, 0x0000000080300000|100%| O|  |TAMS 0x0000000080300000, 0x0000000080200000| Untracked 
|   3|0x0000000080300000, 0x0000000080400000, 0x0000000080400000|100%|HS|  |TAMS 0x0000000080400000, 0x0000000080300000| Complete 
|   4|0x0000000080400000, 0x0000000080500000, 0x0000000080500000|100%|HC|  |TAMS 0x0000000080500000, 0x0000000080400000| Complete 
|   5|0x0000000080500000, 0x0000000080600000, 0x0000000080600000|100%|HC|  |TAMS 0x0000000080600000, 0x0000000080500000| Complete 
|   6|0x0000000080600000, 0x0000000080700000, 0x0000000080700000|100%|HC|  |TAMS 0x0000000080700000, 0x0000000080600000| Complete 
|   7|0x0000000080700000, 0x0000000080800000, 0x0000000080800000|100%| O|  |TAMS 0x0000000080800000, 0x0000000080700000| Untracked 
|   8|0x0000000080800000, 0x0000000080900000, 0x0000000080900000|100%| O|  |TAMS 0x0000000080900000, 0x0000000080800000| Untracked 
|   9|0x0000000080900000, 0x0000000080a00000, 0x0000000080a00000|100%| O|  |TAMS 0x0000000080a00000, 0x0000000080900000| Untracked 
|  10|0x0000000080a00000, 0x0000000080b00000, 0x0000000080b00000|100%| O|  |TAMS 0x0000000080b00000, 0x0000000080a00000| Untracked 
|  11|0x0000000080b00000, 0x0000000080c00000, 0x0000000080c00000|100%| O|  |TAMS 0x0000000080c00000, 0x0000000080b00000| Untracked 
|  12|0x0000000080c00000, 0x0000000080d00000, 0x0000000080d00000|100%| O|  |TAMS 0x0000000080d00000, 0x0000000080c00000| Untracked 
|  13|0x0000000080d00000, 0x0000000080e00000, 0x0000000080e00000|100%| O|  |TAMS 0x0000000080e00000, 0x0000000080d00000| Untracked 
|  14|0x0000000080e00000, 0x0000000080f00000, 0x0000000080f00000|100%| O|  |TAMS 0x0000000080f00000, 0x0000000080e00000| Untracked 
|  15|0x0000000080f00000, 0x0000000081000000, 0x0000000081000000|100%| O|  |TAMS 0x0000000081000000, 0x0000000080f00000| Untracked 
|  16|0x0000000081000000, 0x0000000081100000, 0x0000000081100000|100%| O|  |TAMS 0x0000000081100000, 0x0000000081000000| Untracked 
|  17|0x0000000081100000, 0x0000000081200000, 0x0000000081200000|100%| O|  |TAMS 0x0000000081200000, 0x0000000081100000| Untracked 
|  18|0x0000000081200000, 0x0000000081300000, 0x0000000081300000|100%| O|  |TAMS 0x0000000081300000, 0x0000000081200000| Untracked 
|  19|0x0000000081300000, 0x0000000081400000, 0x0000000081400000|100%| O|  |TAMS 0x0000000081400000, 0x0000000081300000| Untracked 
|  20|0x0000000081400000, 0x0000000081500000, 0x0000000081500000|100%| O|  |TAMS 0x0000000081500000, 0x0000000081400000| Untracked 
|  21|0x0000000081500000, 0x0000000081600000, 0x0000000081600000|100%| O|  |TAMS 0x0000000081600000, 0x0000000081500000| Untracked 
|  22|0x0000000081600000, 0x0000000081700000, 0x0000000081700000|100%| O|  |TAMS 0x0000000081700000, 0x0000000081600000| Untracked 
|  23|0x0000000081700000, 0x0000000081800000, 0x0000000081800000|100%| O|  |TAMS 0x0000000081800000, 0x0000000081700000| Untracked 
|  24|0x0000000081800000, 0x0000000081900000, 0x0000000081900000|100%| O|  |TAMS 0x0000000081900000, 0x0000000081800000| Untracked 
|  25|0x0000000081900000, 0x0000000081a00000, 0x0000000081a00000|100%| O|  |TAMS 0x0000000081a00000, 0x0000000081900000| Untracked 
|  26|0x0000000081a00000, 0x0000000081b00000, 0x0000000081b00000|100%| O|  |TAMS 0x0000000081b00000, 0x0000000081a00000| Untracked 
|  27|0x0000000081b00000, 0x0000000081c00000, 0x0000000081c00000|100%| O|  |TAMS 0x0000000081c00000, 0x0000000081b00000| Untracked 
|  28|0x0000000081c00000, 0x0000000081d00000, 0x0000000081d00000|100%| O|  |TAMS 0x0000000081d00000, 0x0000000081c00000| Untracked 
|  29|0x0000000081d00000, 0x0000000081e00000, 0x0000000081e00000|100%| O|  |TAMS 0x0000000081e00000, 0x0000000081d00000| Untracked 
|  30|0x0000000081e00000, 0x0000000081f00000, 0x0000000081f00000|100%| O|  |TAMS 0x0000000081f00000, 0x0000000081e00000| Untracked 
|  31|0x0000000081f00000, 0x0000000082000000, 0x0000000082000000|100%| O|  |TAMS 0x0000000082000000, 0x0000000081f00000| Untracked 
|  32|0x0000000082000000, 0x0000000082100000, 0x0000000082100000|100%| O|  |TAMS 0x0000000082100000, 0x0000000082000000| Untracked 
|  33|0x0000000082100000, 0x0000000082200000, 0x0000000082200000|100%| O|  |TAMS 0x0000000082200000, 0x0000000082100000| Untracked 
|  34|0x0000000082200000, 0x0000000082300000, 0x0000000082300000|100%| O|  |TAMS 0x0000000082300000, 0x0000000082200000| Untracked 
|  35|0x0000000082300000, 0x0000000082400000, 0x0000000082400000|100%| O|  |TAMS 0x0000000082400000, 0x0000000082300000| Untracked 
|  36|0x0000000082400000, 0x0000000082500000, 0x0000000082500000|100%| O|  |TAMS 0x0000000082500000, 0x0000000082400000| Untracked 
|  37|0x0000000082500000, 0x0000000082600000, 0x0000000082600000|100%| O|  |TAMS 0x0000000082600000, 0x0000000082500000| Untracked 
|  38|0x0000000082600000, 0x0000000082700000, 0x0000000082700000|100%| O|  |TAMS 0x0000000082700000, 0x0000000082600000| Untracked 
|  39|0x0000000082700000, 0x0000000082800000, 0x0000000082800000|100%|HS|  |TAMS 0x0000000082800000, 0x0000000082700000| Complete 
|  40|0x0000000082800000, 0x0000000082900000, 0x0000000082900000|100%| O|  |TAMS 0x0000000082900000, 0x0000000082800000| Untracked 
|  41|0x0000000082900000, 0x0000000082a00000, 0x0000000082a00000|100%| O|  |TAMS 0x0000000082a00000, 0x0000000082900000| Untracked 
|  42|0x0000000082a00000, 0x0000000082b00000, 0x0000000082b00000|100%|HS|  |TAMS 0x0000000082a00000, 0x0000000082a00000| Complete 
|  43|0x0000000082b00000, 0x0000000082b00000, 0x0000000082c00000|  0%| F|  |TAMS 0x0000000082b00000, 0x0000000082b00000| Untracked 
|  44|0x0000000082c00000, 0x0000000082d00000, 0x0000000082d00000|100%|HS|  |TAMS 0x0000000082d00000, 0x0000000082c00000| Complete 
|  45|0x0000000082d00000, 0x0000000082e00000, 0x0000000082e00000|100%|HC|  |TAMS 0x0000000082e00000, 0x0000000082d00000| Complete 
|  46|0x0000000082e00000, 0x0000000082f00000, 0x0000000082f00000|100%| O|  |TAMS 0x0000000082f00000, 0x0000000082e00000| Untracked 
|  47|0x0000000082f00000, 0x0000000083000000, 0x0000000083000000|100%| O|  |TAMS 0x0000000083000000, 0x0000000082f00000| Untracked 
|  48|0x0000000083000000, 0x0000000083100000, 0x0000000083100000|100%|HS|  |TAMS 0x0000000083100000, 0x0000000083000000| Complete 
|  49|0x0000000083100000, 0x0000000083200000, 0x0000000083200000|100%| O|  |TAMS 0x0000000083200000, 0x0000000083100000| Untracked 
|  50|0x0000000083200000, 0x0000000083300000, 0x0000000083300000|100%| O|  |TAMS 0x0000000083300000, 0x0000000083200000| Untracked 
|  51|0x0000000083300000, 0x0000000083400000, 0x0000000083400000|100%| O|  |TAMS 0x0000000083400000, 0x0000000083300000| Untracked 
|  52|0x0000000083400000, 0x0000000083500000, 0x0000000083500000|100%| O|  |TAMS 0x0000000083500000, 0x0000000083400000| Untracked 
|  53|0x0000000083500000, 0x0000000083600000, 0x0000000083600000|100%| O|  |TAMS 0x0000000083600000, 0x0000000083500000| Untracked 
|  54|0x0000000083600000, 0x0000000083700000, 0x0000000083700000|100%| O|  |TAMS 0x0000000083700000, 0x0000000083600000| Untracked 
|  55|0x0000000083700000, 0x0000000083800000, 0x0000000083800000|100%| O|  |TAMS 0x0000000083800000, 0x0000000083700000| Untracked 
|  56|0x0000000083800000, 0x0000000083900000, 0x0000000083900000|100%| O|  |TAMS 0x0000000083900000, 0x0000000083800000| Untracked 
|  57|0x0000000083900000, 0x0000000083a00000, 0x0000000083a00000|100%| O|  |TAMS 0x0000000083a00000, 0x0000000083900000| Untracked 
|  58|0x0000000083a00000, 0x0000000083b00000, 0x0000000083b00000|100%| O|  |TAMS 0x0000000083b00000, 0x0000000083a00000| Untracked 
|  59|0x0000000083b00000, 0x0000000083c00000, 0x0000000083c00000|100%| O|  |TAMS 0x0000000083c00000, 0x0000000083b00000| Untracked 
|  60|0x0000000083c00000, 0x0000000083d00000, 0x0000000083d00000|100%| O|  |TAMS 0x0000000083d00000, 0x0000000083c00000| Untracked 
|  61|0x0000000083d00000, 0x0000000083e00000, 0x0000000083e00000|100%| O|  |TAMS 0x0000000083e00000, 0x0000000083d00000| Untracked 
|  62|0x0000000083e00000, 0x0000000083f00000, 0x0000000083f00000|100%| O|  |TAMS 0x0000000083f00000, 0x0000000083e00000| Untracked 
|  63|0x0000000083f00000, 0x0000000084000000, 0x0000000084000000|100%| O|  |TAMS 0x0000000084000000, 0x0000000083f00000| Untracked 
|  64|0x0000000084000000, 0x0000000084100000, 0x0000000084100000|100%| O|  |TAMS 0x0000000084100000, 0x0000000084000000| Untracked 
|  65|0x0000000084100000, 0x0000000084200000, 0x0000000084200000|100%| O|  |TAMS 0x0000000084200000, 0x0000000084100000| Untracked 
|  66|0x0000000084200000, 0x0000000084300000, 0x0000000084300000|100%| O|  |TAMS 0x000000008423be00, 0x0000000084200000| Untracked 
|  67|0x0000000084300000, 0x0000000084400000, 0x0000000084400000|100%|HS|  |TAMS 0x0000000084400000, 0x0000000084300000| Complete 
|  68|0x0000000084400000, 0x0000000084500000, 0x0000000084500000|100%|HC|  |TAMS 0x0000000084500000, 0x0000000084400000| Complete 
|  69|0x0000000084500000, 0x0000000084600000, 0x0000000084600000|100%|HS|  |TAMS 0x0000000084600000, 0x0000000084500000| Complete 
|  70|0x0000000084600000, 0x0000000084700000, 0x0000000084700000|100%|HC|  |TAMS 0x0000000084700000, 0x0000000084600000| Complete 
|  71|0x0000000084700000, 0x0000000084800000, 0x0000000084800000|100%|HC|  |TAMS 0x0000000084800000, 0x0000000084700000| Complete 
|  72|0x0000000084800000, 0x0000000084900000, 0x0000000084900000|100%|HS|  |TAMS 0x0000000084900000, 0x0000000084800000| Complete 
|  73|0x0000000084900000, 0x0000000084a00000, 0x0000000084a00000|100%|HC|  |TAMS 0x0000000084a00000, 0x0000000084900000| Complete 
|  74|0x0000000084a00000, 0x0000000084b00000, 0x0000000084b00000|100%|HC|  |TAMS 0x0000000084b00000, 0x0000000084a00000| Complete 
|  75|0x0000000084b00000, 0x0000000084c00000, 0x0000000084c00000|100%|HC|  |TAMS 0x0000000084c00000, 0x0000000084b00000| Complete 
|  76|0x0000000084c00000, 0x0000000084d00000, 0x0000000084d00000|100%|HC|  |TAMS 0x0000000084d00000, 0x0000000084c00000| Complete 
|  77|0x0000000084d00000, 0x0000000084e00000, 0x0000000084e00000|100%|HC|  |TAMS 0x0000000084e00000, 0x0000000084d00000| Complete 
|  78|0x0000000084e00000, 0x0000000084f00000, 0x0000000084f00000|100%|HS|  |TAMS 0x0000000084f00000, 0x0000000084e00000| Complete 
|  79|0x0000000084f00000, 0x0000000085000000, 0x0000000085000000|100%|HS|  |TAMS 0x0000000085000000, 0x0000000084f00000| Complete 
|  80|0x0000000085000000, 0x0000000085100000, 0x0000000085100000|100%|HC|  |TAMS 0x0000000085100000, 0x0000000085000000| Complete 
|  81|0x0000000085100000, 0x0000000085200000, 0x0000000085200000|100%|HS|  |TAMS 0x0000000085200000, 0x0000000085100000| Complete 
|  82|0x0000000085200000, 0x0000000085300000, 0x0000000085300000|100%|HC|  |TAMS 0x0000000085300000, 0x0000000085200000| Complete 
|  83|0x0000000085300000, 0x0000000085400000, 0x0000000085400000|100%|HC|  |TAMS 0x0000000085400000, 0x0000000085300000| Complete 
|  84|0x0000000085400000, 0x0000000085500000, 0x0000000085500000|100%|HC|  |TAMS 0x0000000085500000, 0x0000000085400000| Complete 
|  85|0x0000000085500000, 0x0000000085600000, 0x0000000085600000|100%|HC|  |TAMS 0x0000000085600000, 0x0000000085500000| Complete 
|  86|0x0000000085600000, 0x0000000085700000, 0x0000000085700000|100%|HC|  |TAMS 0x0000000085700000, 0x0000000085600000| Complete 
|  87|0x0000000085700000, 0x0000000085800000, 0x0000000085800000|100%|HC|  |TAMS 0x0000000085800000, 0x0000000085700000| Complete 
|  88|0x0000000085800000, 0x0000000085900000, 0x0000000085900000|100%|HC|  |TAMS 0x0000000085900000, 0x0000000085800000| Complete 
|  89|0x0000000085900000, 0x0000000085a00000, 0x0000000085a00000|100%|HC|  |TAMS 0x0000000085a00000, 0x0000000085900000| Complete 
|  90|0x0000000085a00000, 0x0000000085b00000, 0x0000000085b00000|100%|HC|  |TAMS 0x0000000085b00000, 0x0000000085a00000| Complete 
|  91|0x0000000085b00000, 0x0000000085c00000, 0x0000000085c00000|100%|HS|  |TAMS 0x0000000085c00000, 0x0000000085b00000| Complete 
|  92|0x0000000085c00000, 0x0000000085d00000, 0x0000000085d00000|100%|HC|  |TAMS 0x0000000085d00000, 0x0000000085c00000| Complete 
|  93|0x0000000085d00000, 0x0000000085e00000, 0x0000000085e00000|100%|HS|  |TAMS 0x0000000085e00000, 0x0000000085d00000| Complete 
|  94|0x0000000085e00000, 0x0000000085f00000, 0x0000000085f00000|100%|HC|  |TAMS 0x0000000085f00000, 0x0000000085e00000| Complete 
|  95|0x0000000085f00000, 0x0000000086000000, 0x0000000086000000|100%|HC|  |TAMS 0x0000000086000000, 0x0000000085f00000| Complete 
|  96|0x0000000086000000, 0x0000000086100000, 0x0000000086100000|100%|HS|  |TAMS 0x0000000086100000, 0x0000000086000000| Complete 
|  97|0x0000000086100000, 0x0000000086200000, 0x0000000086200000|100%|HC|  |TAMS 0x0000000086200000, 0x0000000086100000| Complete 
|  98|0x0000000086200000, 0x0000000086300000, 0x0000000086300000|100%|HC|  |TAMS 0x0000000086300000, 0x0000000086200000| Complete 
|  99|0x0000000086300000, 0x0000000086400000, 0x0000000086400000|100%|HC|  |TAMS 0x0000000086400000, 0x0000000086300000| Complete 
| 100|0x0000000086400000, 0x0000000086500000, 0x0000000086500000|100%|HC|  |TAMS 0x0000000086500000, 0x0000000086400000| Complete 
| 101|0x0000000086500000, 0x0000000086600000, 0x0000000086600000|100%|HC|  |TAMS 0x0000000086600000, 0x0000000086500000| Complete 
| 102|0x0000000086600000, 0x0000000086700000, 0x0000000086700000|100%|HC|  |TAMS 0x0000000086700000, 0x0000000086600000| Complete 
| 103|0x0000000086700000, 0x0000000086800000, 0x0000000086800000|100%|HC|  |TAMS 0x0000000086800000, 0x0000000086700000| Complete 
| 104|0x0000000086800000, 0x0000000086900000, 0x0000000086900000|100%|HC|  |TAMS 0x0000000086900000, 0x0000000086800000| Complete 
| 105|0x0000000086900000, 0x0000000086a00000, 0x0000000086a00000|100%|HC|  |TAMS 0x0000000086a00000, 0x0000000086900000| Complete 
| 106|0x0000000086a00000, 0x0000000086b00000, 0x0000000086b00000|100%|HC|  |TAMS 0x0000000086b00000, 0x0000000086a00000| Complete 
| 107|0x0000000086b00000, 0x0000000086c00000, 0x0000000086c00000|100%|HS|  |TAMS 0x0000000086c00000, 0x0000000086b00000| Complete 
| 108|0x0000000086c00000, 0x0000000086d00000, 0x0000000086d00000|100%|HC|  |TAMS 0x0000000086d00000, 0x0000000086c00000| Complete 
| 109|0x0000000086d00000, 0x0000000086e00000, 0x0000000086e00000|100%|HS|  |TAMS 0x0000000086e00000, 0x0000000086d00000| Complete 
| 110|0x0000000086e00000, 0x0000000086f00000, 0x0000000086f00000|100%|HC|  |TAMS 0x0000000086f00000, 0x0000000086e00000| Complete 
| 111|0x0000000086f00000, 0x0000000087000000, 0x0000000087000000|100%|HC|  |TAMS 0x0000000087000000, 0x0000000086f00000| Complete 
| 112|0x0000000087000000, 0x0000000087100000, 0x0000000087100000|100%|HS|  |TAMS 0x0000000087100000, 0x0000000087000000| Complete 
| 113|0x0000000087100000, 0x0000000087200000, 0x0000000087200000|100%|HC|  |TAMS 0x0000000087200000, 0x0000000087100000| Complete 
| 114|0x0000000087200000, 0x0000000087300000, 0x0000000087300000|100%|HC|  |TAMS 0x0000000087300000, 0x0000000087200000| Complete 
| 115|0x0000000087300000, 0x0000000087400000, 0x0000000087400000|100%|HS|  |TAMS 0x0000000087400000, 0x0000000087300000| Complete 
| 116|0x0000000087400000, 0x0000000087500000, 0x0000000087500000|100%|HC|  |TAMS 0x0000000087500000, 0x0000000087400000| Complete 
| 117|0x0000000087500000, 0x0000000087600000, 0x0000000087600000|100%|HC|  |TAMS 0x0000000087600000, 0x0000000087500000| Complete 
| 118|0x0000000087600000, 0x0000000087700000, 0x0000000087700000|100%|HC|  |TAMS 0x0000000087700000, 0x0000000087600000| Complete 
| 119|0x0000000087700000, 0x0000000087800000, 0x0000000087800000|100%|HC|  |TAMS 0x0000000087800000, 0x0000000087700000| Complete 
| 120|0x0000000087800000, 0x0000000087900000, 0x0000000087900000|100%|HC|  |TAMS 0x0000000087900000, 0x0000000087800000| Complete 
| 121|0x0000000087900000, 0x0000000087a00000, 0x0000000087a00000|100%|HS|  |TAMS 0x0000000087a00000, 0x0000000087900000| Complete 
| 122|0x0000000087a00000, 0x0000000087b00000, 0x0000000087b00000|100%| O|  |TAMS 0x0000000087a00000, 0x0000000087a00000| Untracked 
| 123|0x0000000087b00000, 0x0000000087c00000, 0x0000000087c00000|100%| O|  |TAMS 0x0000000087b00000, 0x0000000087b00000| Untracked 
| 124|0x0000000087c00000, 0x0000000087d00000, 0x0000000087d00000|100%| O|  |TAMS 0x0000000087c00000, 0x0000000087c00000| Untracked 
| 125|0x0000000087d00000, 0x0000000087e00000, 0x0000000087e00000|100%| O|  |TAMS 0x0000000087d00000, 0x0000000087d00000| Untracked 
| 126|0x0000000087e00000, 0x0000000087f00000, 0x0000000087f00000|100%| O|  |TAMS 0x0000000087e00000, 0x0000000087e00000| Untracked 
| 127|0x0000000087f00000, 0x0000000088000000, 0x0000000088000000|100%| O|  |TAMS 0x0000000087f00000, 0x0000000087f00000| Untracked 
| 128|0x0000000088000000, 0x0000000088100000, 0x0000000088100000|100%| O|  |TAMS 0x0000000088000000, 0x0000000088000000| Untracked 
| 129|0x0000000088100000, 0x0000000088200000, 0x0000000088200000|100%| O|  |TAMS 0x0000000088100000, 0x0000000088100000| Untracked 
| 130|0x0000000088200000, 0x0000000088300000, 0x0000000088300000|100%| O|  |TAMS 0x0000000088200000, 0x0000000088200000| Untracked 
| 131|0x0000000088300000, 0x0000000088400000, 0x0000000088400000|100%| O|  |TAMS 0x0000000088300000, 0x0000000088300000| Untracked 
| 132|0x0000000088400000, 0x0000000088500000, 0x0000000088500000|100%| O|  |TAMS 0x0000000088400000, 0x0000000088400000| Untracked 
| 133|0x0000000088500000, 0x0000000088600000, 0x0000000088600000|100%|HS|  |TAMS 0x0000000088500000, 0x0000000088500000| Complete 
| 134|0x0000000088600000, 0x0000000088700000, 0x0000000088700000|100%|HC|  |TAMS 0x0000000088600000, 0x0000000088600000| Complete 
| 135|0x0000000088700000, 0x0000000088800000, 0x0000000088800000|100%|HS|  |TAMS 0x0000000088700000, 0x0000000088700000| Complete 
| 136|0x0000000088800000, 0x0000000088900000, 0x0000000088900000|100%|HC|  |TAMS 0x0000000088800000, 0x0000000088800000| Complete 
| 137|0x0000000088900000, 0x0000000088a00000, 0x0000000088a00000|100%|HC|  |TAMS 0x0000000088900000, 0x0000000088900000| Complete 
| 138|0x0000000088a00000, 0x0000000088b00000, 0x0000000088b00000|100%|HS|  |TAMS 0x0000000088a00000, 0x0000000088a00000| Complete 
| 139|0x0000000088b00000, 0x0000000088c00000, 0x0000000088c00000|100%|HS|  |TAMS 0x0000000088b00000, 0x0000000088b00000| Complete 
| 140|0x0000000088c00000, 0x0000000088d00000, 0x0000000088d00000|100%|HC|  |TAMS 0x0000000088c00000, 0x0000000088c00000| Complete 
| 141|0x0000000088d00000, 0x0000000088e00000, 0x0000000088e00000|100%|HS|  |TAMS 0x0000000088d00000, 0x0000000088d00000| Complete 
| 142|0x0000000088e00000, 0x0000000088f00000, 0x0000000088f00000|100%|HC|  |TAMS 0x0000000088e00000, 0x0000000088e00000| Complete 
| 143|0x0000000088f00000, 0x0000000089000000, 0x0000000089000000|100%| O|  |TAMS 0x0000000088f00000, 0x0000000088f00000| Untracked 
| 144|0x0000000089000000, 0x0000000089100000, 0x0000000089100000|100%| O|  |TAMS 0x0000000089000000, 0x0000000089000000| Untracked 
| 145|0x0000000089100000, 0x0000000089200000, 0x0000000089200000|100%| O|  |TAMS 0x0000000089100000, 0x0000000089100000| Untracked 
| 146|0x0000000089200000, 0x0000000089300000, 0x0000000089300000|100%| O|  |TAMS 0x0000000089200000, 0x0000000089200000| Untracked 
| 147|0x0000000089300000, 0x0000000089400000, 0x0000000089400000|100%| O|  |TAMS 0x0000000089300000, 0x0000000089300000| Untracked 
| 148|0x0000000089400000, 0x0000000089500000, 0x0000000089500000|100%| O|  |TAMS 0x0000000089400000, 0x0000000089400000| Untracked 
| 149|0x0000000089500000, 0x0000000089592c00, 0x0000000089600000| 57%| O|  |TAMS 0x0000000089500000, 0x0000000089500000| Untracked 
| 150|0x0000000089600000, 0x0000000089700000, 0x0000000089700000|100%|HS|  |TAMS 0x0000000089600000, 0x0000000089600000| Complete 
| 151|0x0000000089700000, 0x0000000089800000, 0x0000000089800000|100%|HC|  |TAMS 0x0000000089700000, 0x0000000089700000| Complete 
| 152|0x0000000089800000, 0x0000000089900000, 0x0000000089900000|100%|HC|  |TAMS 0x0000000089800000, 0x0000000089800000| Complete 
| 153|0x0000000089900000, 0x0000000089a00000, 0x0000000089a00000|100%|HC|  |TAMS 0x0000000089900000, 0x0000000089900000| Complete 
| 154|0x0000000089a00000, 0x0000000089b00000, 0x0000000089b00000|100%|HC|  |TAMS 0x0000000089a00000, 0x0000000089a00000| Complete 
| 155|0x0000000089b00000, 0x0000000089c00000, 0x0000000089c00000|100%|HC|  |TAMS 0x0000000089b00000, 0x0000000089b00000| Complete 
| 156|0x0000000089c00000, 0x0000000089d00000, 0x0000000089d00000|100%|HS|  |TAMS 0x0000000089c00000, 0x0000000089c00000| Complete 
| 157|0x0000000089d00000, 0x0000000089e00000, 0x0000000089e00000|100%|HC|  |TAMS 0x0000000089d00000, 0x0000000089d00000| Complete 
| 158|0x0000000089e00000, 0x0000000089f00000, 0x0000000089f00000|100%|HC|  |TAMS 0x0000000089e00000, 0x0000000089e00000| Complete 
| 159|0x0000000089f00000, 0x000000008a000000, 0x000000008a000000|100%|HC|  |TAMS 0x0000000089f00000, 0x0000000089f00000| Complete 
| 160|0x000000008a000000, 0x000000008a100000, 0x000000008a100000|100%|HC|  |TAMS 0x000000008a000000, 0x000000008a000000| Complete 
| 161|0x000000008a100000, 0x000000008a200000, 0x000000008a200000|100%|HC|  |TAMS 0x000000008a100000, 0x000000008a100000| Complete 
| 162|0x000000008a200000, 0x000000008a300000, 0x000000008a300000|100%|HC|  |TAMS 0x000000008a200000, 0x000000008a200000| Complete 
| 163|0x000000008a300000, 0x000000008a400000, 0x000000008a400000|100%|HC|  |TAMS 0x000000008a300000, 0x000000008a300000| Complete 
| 164|0x000000008a400000, 0x000000008a500000, 0x000000008a500000|100%|HC|  |TAMS 0x000000008a400000, 0x000000008a400000| Complete 
| 165|0x000000008a500000, 0x000000008a600000, 0x000000008a600000|100%|HC|  |TAMS 0x000000008a500000, 0x000000008a500000| Complete 
| 166|0x000000008a600000, 0x000000008a700000, 0x000000008a700000|100%|HS|  |TAMS 0x000000008a600000, 0x000000008a600000| Complete 
| 167|0x000000008a700000, 0x000000008a800000, 0x000000008a800000|100%|HC|  |TAMS 0x000000008a700000, 0x000000008a700000| Complete 
| 168|0x000000008a800000, 0x000000008a900000, 0x000000008a900000|100%|HC|  |TAMS 0x000000008a800000, 0x000000008a800000| Complete 
| 169|0x000000008a900000, 0x000000008aa00000, 0x000000008aa00000|100%| O|  |TAMS 0x000000008a900000, 0x000000008a900000| Untracked 
| 170|0x000000008aa00000, 0x000000008ab00000, 0x000000008ab00000|100%| O|  |TAMS 0x000000008aa00000, 0x000000008aa00000| Untracked 
| 171|0x000000008ab00000, 0x000000008ac00000, 0x000000008ac00000|100%| O|  |TAMS 0x000000008ab00000, 0x000000008ab00000| Untracked 
| 172|0x000000008ac00000, 0x000000008ad00000, 0x000000008ad00000|100%| O|  |TAMS 0x000000008ac00000, 0x000000008ac00000| Untracked 
| 173|0x000000008ad00000, 0x000000008ae00000, 0x000000008ae00000|100%| O|  |TAMS 0x000000008ad00000, 0x000000008ad00000| Untracked 
| 174|0x000000008ae00000, 0x000000008af00000, 0x000000008af00000|100%| O|  |TAMS 0x000000008ae00000, 0x000000008ae00000| Untracked 
| 175|0x000000008af00000, 0x000000008b000000, 0x000000008b000000|100%| O|  |TAMS 0x000000008af00000, 0x000000008af00000| Untracked 
| 176|0x000000008b000000, 0x000000008b100000, 0x000000008b100000|100%| O|  |TAMS 0x000000008b000000, 0x000000008b000000| Untracked 
| 177|0x000000008b100000, 0x000000008b100000, 0x000000008b200000|  0%| F|  |TAMS 0x000000008b100000, 0x000000008b100000| Untracked 
| 178|0x000000008b200000, 0x000000008b200000, 0x000000008b300000|  0%| F|  |TAMS 0x000000008b200000, 0x000000008b200000| Untracked 
| 179|0x000000008b300000, 0x000000008b300000, 0x000000008b400000|  0%| F|  |TAMS 0x000000008b300000, 0x000000008b300000| Untracked 
| 180|0x000000008b400000, 0x000000008b400000, 0x000000008b500000|  0%| F|  |TAMS 0x000000008b400000, 0x000000008b400000| Untracked 
| 181|0x000000008b500000, 0x000000008b500000, 0x000000008b600000|  0%| F|  |TAMS 0x000000008b500000, 0x000000008b500000| Untracked 
| 182|0x000000008b600000, 0x000000008b600000, 0x000000008b700000|  0%| F|  |TAMS 0x000000008b600000, 0x000000008b600000| Untracked 
| 183|0x000000008b700000, 0x000000008b700000, 0x000000008b800000|  0%| F|  |TAMS 0x000000008b700000, 0x000000008b700000| Untracked 
| 184|0x000000008b800000, 0x000000008b800000, 0x000000008b900000|  0%| F|  |TAMS 0x000000008b800000, 0x000000008b800000| Untracked 
| 185|0x000000008b900000, 0x000000008b900000, 0x000000008ba00000|  0%| F|  |TAMS 0x000000008b900000, 0x000000008b900000| Untracked 
| 186|0x000000008ba00000, 0x000000008ba00000, 0x000000008bb00000|  0%| F|  |TAMS 0x000000008ba00000, 0x000000008ba00000| Untracked 
| 187|0x000000008bb00000, 0x000000008bb00000, 0x000000008bc00000|  0%| F|  |TAMS 0x000000008bb00000, 0x000000008bb00000| Untracked 
| 188|0x000000008bc00000, 0x000000008bc00000, 0x000000008bd00000|  0%| F|  |TAMS 0x000000008bc00000, 0x000000008bc00000| Untracked 
| 189|0x000000008bd00000, 0x000000008bd00000, 0x000000008be00000|  0%| F|  |TAMS 0x000000008bd00000, 0x000000008bd00000| Untracked 
| 190|0x000000008be00000, 0x000000008be00000, 0x000000008bf00000|  0%| F|  |TAMS 0x000000008be00000, 0x000000008be00000| Untracked 
| 191|0x000000008bf00000, 0x000000008bf00000, 0x000000008c000000|  0%| F|  |TAMS 0x000000008bf00000, 0x000000008bf00000| Untracked 
| 192|0x000000008c000000, 0x000000008c000000, 0x000000008c100000|  0%| F|  |TAMS 0x000000008c000000, 0x000000008c000000| Untracked 
| 193|0x000000008c100000, 0x000000008c100000, 0x000000008c200000|  0%| F|  |TAMS 0x000000008c100000, 0x000000008c100000| Untracked 
| 194|0x000000008c200000, 0x000000008c200000, 0x000000008c300000|  0%| F|  |TAMS 0x000000008c200000, 0x000000008c200000| Untracked 
| 195|0x000000008c300000, 0x000000008c300000, 0x000000008c400000|  0%| F|  |TAMS 0x000000008c300000, 0x000000008c300000| Untracked 
| 196|0x000000008c400000, 0x000000008c400000, 0x000000008c500000|  0%| F|  |TAMS 0x000000008c400000, 0x000000008c400000| Untracked 
| 197|0x000000008c500000, 0x000000008c500000, 0x000000008c600000|  0%| F|  |TAMS 0x000000008c500000, 0x000000008c500000| Untracked 
| 198|0x000000008c600000, 0x000000008c600000, 0x000000008c700000|  0%| F|  |TAMS 0x000000008c600000, 0x000000008c600000| Untracked 
| 199|0x000000008c700000, 0x000000008c700000, 0x000000008c800000|  0%| F|  |TAMS 0x000000008c700000, 0x000000008c700000| Untracked 
| 200|0x000000008c800000, 0x000000008c800000, 0x000000008c900000|  0%| F|  |TAMS 0x000000008c800000, 0x000000008c800000| Untracked 
| 201|0x000000008c900000, 0x000000008c900000, 0x000000008ca00000|  0%| F|  |TAMS 0x000000008c900000, 0x000000008c900000| Untracked 
| 202|0x000000008ca00000, 0x000000008ca00000, 0x000000008cb00000|  0%| F|  |TAMS 0x000000008ca00000, 0x000000008ca00000| Untracked 
| 203|0x000000008cb00000, 0x000000008cb00000, 0x000000008cc00000|  0%| F|  |TAMS 0x000000008cb00000, 0x000000008cb00000| Untracked 
| 204|0x000000008cc00000, 0x000000008cc00000, 0x000000008cd00000|  0%| F|  |TAMS 0x000000008cc00000, 0x000000008cc00000| Untracked 
| 205|0x000000008cd00000, 0x000000008cd00000, 0x000000008ce00000|  0%| F|  |TAMS 0x000000008cd00000, 0x000000008cd00000| Untracked 
| 206|0x000000008ce00000, 0x000000008ce00000, 0x000000008cf00000|  0%| F|  |TAMS 0x000000008ce00000, 0x000000008ce00000| Untracked 
| 207|0x000000008cf00000, 0x000000008cf00000, 0x000000008d000000|  0%| F|  |TAMS 0x000000008cf00000, 0x000000008cf00000| Untracked 
| 208|0x000000008d000000, 0x000000008d000000, 0x000000008d100000|  0%| F|  |TAMS 0x000000008d000000, 0x000000008d000000| Untracked 
| 209|0x000000008d100000, 0x000000008d100000, 0x000000008d200000|  0%| F|  |TAMS 0x000000008d100000, 0x000000008d100000| Untracked 
| 210|0x000000008d200000, 0x000000008d200000, 0x000000008d300000|  0%| F|  |TAMS 0x000000008d200000, 0x000000008d200000| Untracked 
| 211|0x000000008d300000, 0x000000008d300000, 0x000000008d400000|  0%| F|  |TAMS 0x000000008d300000, 0x000000008d300000| Untracked 
| 212|0x000000008d400000, 0x000000008d400000, 0x000000008d500000|  0%| F|  |TAMS 0x000000008d400000, 0x000000008d400000| Untracked 
| 213|0x000000008d500000, 0x000000008d500000, 0x000000008d600000|  0%| F|  |TAMS 0x000000008d500000, 0x000000008d500000| Untracked 
| 214|0x000000008d600000, 0x000000008d600000, 0x000000008d700000|  0%| F|  |TAMS 0x000000008d600000, 0x000000008d600000| Untracked 
| 215|0x000000008d700000, 0x000000008d700000, 0x000000008d800000|  0%| F|  |TAMS 0x000000008d700000, 0x000000008d700000| Untracked 
| 216|0x000000008d800000, 0x000000008d800000, 0x000000008d900000|  0%| F|  |TAMS 0x000000008d800000, 0x000000008d800000| Untracked 
| 217|0x000000008d900000, 0x000000008d900000, 0x000000008da00000|  0%| F|  |TAMS 0x000000008d900000, 0x000000008d900000| Untracked 
| 218|0x000000008da00000, 0x000000008da00000, 0x000000008db00000|  0%| F|  |TAMS 0x000000008da00000, 0x000000008da00000| Untracked 
| 219|0x000000008db00000, 0x000000008db00000, 0x000000008dc00000|  0%| F|  |TAMS 0x000000008db00000, 0x000000008db00000| Untracked 
| 220|0x000000008dc00000, 0x000000008dc00000, 0x000000008dd00000|  0%| F|  |TAMS 0x000000008dc00000, 0x000000008dc00000| Untracked 
| 221|0x000000008dd00000, 0x000000008dd00000, 0x000000008de00000|  0%| F|  |TAMS 0x000000008dd00000, 0x000000008dd00000| Untracked 
| 222|0x000000008de00000, 0x000000008de00000, 0x000000008df00000|  0%| F|  |TAMS 0x000000008de00000, 0x000000008de00000| Untracked 
| 223|0x000000008df00000, 0x000000008df00000, 0x000000008e000000|  0%| F|  |TAMS 0x000000008df00000, 0x000000008df00000| Untracked 
| 224|0x000000008e000000, 0x000000008e000000, 0x000000008e100000|  0%| F|  |TAMS 0x000000008e000000, 0x000000008e000000| Untracked 
| 225|0x000000008e100000, 0x000000008e100000, 0x000000008e200000|  0%| F|  |TAMS 0x000000008e100000, 0x000000008e100000| Untracked 
| 226|0x000000008e200000, 0x000000008e200000, 0x000000008e300000|  0%| F|  |TAMS 0x000000008e200000, 0x000000008e200000| Untracked 
| 227|0x000000008e300000, 0x000000008e300000, 0x000000008e400000|  0%| F|  |TAMS 0x000000008e300000, 0x000000008e300000| Untracked 
| 228|0x000000008e400000, 0x000000008e400000, 0x000000008e500000|  0%| F|  |TAMS 0x000000008e400000, 0x000000008e400000| Untracked 
| 229|0x000000008e500000, 0x000000008e500000, 0x000000008e600000|  0%| F|  |TAMS 0x000000008e500000, 0x000000008e500000| Untracked 
| 230|0x000000008e600000, 0x000000008e600000, 0x000000008e700000|  0%| F|  |TAMS 0x000000008e600000, 0x000000008e600000| Untracked 
| 231|0x000000008e700000, 0x000000008e700000, 0x000000008e800000|  0%| F|  |TAMS 0x000000008e700000, 0x000000008e700000| Untracked 
| 232|0x000000008e800000, 0x000000008e800000, 0x000000008e900000|  0%| F|  |TAMS 0x000000008e800000, 0x000000008e800000| Untracked 
| 233|0x000000008e900000, 0x000000008e900000, 0x000000008ea00000|  0%| F|  |TAMS 0x000000008e900000, 0x000000008e900000| Untracked 
| 234|0x000000008ea00000, 0x000000008ea00000, 0x000000008eb00000|  0%| F|  |TAMS 0x000000008ea00000, 0x000000008ea00000| Untracked 
| 235|0x000000008eb00000, 0x000000008eb00000, 0x000000008ec00000|  0%| F|  |TAMS 0x000000008eb00000, 0x000000008eb00000| Untracked 
| 236|0x000000008ec00000, 0x000000008ec00000, 0x000000008ed00000|  0%| F|  |TAMS 0x000000008ec00000, 0x000000008ec00000| Untracked 
| 237|0x000000008ed00000, 0x000000008ed00000, 0x000000008ee00000|  0%| F|  |TAMS 0x000000008ed00000, 0x000000008ed00000| Untracked 
| 238|0x000000008ee00000, 0x000000008ee00000, 0x000000008ef00000|  0%| F|  |TAMS 0x000000008ee00000, 0x000000008ee00000| Untracked 
| 239|0x000000008ef00000, 0x000000008ef00000, 0x000000008f000000|  0%| F|  |TAMS 0x000000008ef00000, 0x000000008ef00000| Untracked 
| 240|0x000000008f000000, 0x000000008f000000, 0x000000008f100000|  0%| F|  |TAMS 0x000000008f000000, 0x000000008f000000| Untracked 
| 241|0x000000008f100000, 0x000000008f100000, 0x000000008f200000|  0%| F|  |TAMS 0x000000008f100000, 0x000000008f100000| Untracked 
| 242|0x000000008f200000, 0x000000008f200000, 0x000000008f300000|  0%| F|  |TAMS 0x000000008f200000, 0x000000008f200000| Untracked 
| 243|0x000000008f300000, 0x000000008f300000, 0x000000008f400000|  0%| F|  |TAMS 0x000000008f300000, 0x000000008f300000| Untracked 
| 244|0x000000008f400000, 0x000000008f400000, 0x000000008f500000|  0%| F|  |TAMS 0x000000008f400000, 0x000000008f400000| Untracked 
| 245|0x000000008f500000, 0x000000008f500000, 0x000000008f600000|  0%| F|  |TAMS 0x000000008f500000, 0x000000008f500000| Untracked 
| 246|0x000000008f600000, 0x000000008f600000, 0x000000008f700000|  0%| F|  |TAMS 0x000000008f600000, 0x000000008f600000| Untracked 
| 247|0x000000008f700000, 0x000000008f700000, 0x000000008f800000|  0%| F|  |TAMS 0x000000008f700000, 0x000000008f700000| Untracked 
| 248|0x000000008f800000, 0x000000008f800000, 0x000000008f900000|  0%| F|  |TAMS 0x000000008f800000, 0x000000008f800000| Untracked 
| 249|0x000000008f900000, 0x000000008f900000, 0x000000008fa00000|  0%| F|  |TAMS 0x000000008f900000, 0x000000008f900000| Untracked 
| 250|0x000000008fa00000, 0x000000008fa00000, 0x000000008fb00000|  0%| F|  |TAMS 0x000000008fa00000, 0x000000008fa00000| Untracked 
| 251|0x000000008fb00000, 0x000000008fb00000, 0x000000008fc00000|  0%| F|  |TAMS 0x000000008fb00000, 0x000000008fb00000| Untracked 
| 252|0x000000008fc00000, 0x000000008fc00000, 0x000000008fd00000|  0%| F|  |TAMS 0x000000008fc00000, 0x000000008fc00000| Untracked 
| 253|0x000000008fd00000, 0x000000008fd00000, 0x000000008fe00000|  0%| F|  |TAMS 0x000000008fd00000, 0x000000008fd00000| Untracked 
| 254|0x000000008fe00000, 0x000000008fe00000, 0x000000008ff00000|  0%| F|  |TAMS 0x000000008fe00000, 0x000000008fe00000| Untracked 
| 255|0x000000008ff00000, 0x000000008ff00000, 0x0000000090000000|  0%| F|  |TAMS 0x000000008ff00000, 0x000000008ff00000| Untracked 
| 256|0x0000000090000000, 0x0000000090000000, 0x0000000090100000|  0%| F|  |TAMS 0x0000000090000000, 0x0000000090000000| Untracked 
| 257|0x0000000090100000, 0x0000000090100000, 0x0000000090200000|  0%| F|  |TAMS 0x0000000090100000, 0x0000000090100000| Untracked 
| 258|0x0000000090200000, 0x0000000090200000, 0x0000000090300000|  0%| F|  |TAMS 0x0000000090200000, 0x0000000090200000| Untracked 
| 259|0x0000000090300000, 0x0000000090300000, 0x0000000090400000|  0%| F|  |TAMS 0x0000000090300000, 0x0000000090300000| Untracked 
| 260|0x0000000090400000, 0x0000000090400000, 0x0000000090500000|  0%| F|  |TAMS 0x0000000090400000, 0x0000000090400000| Untracked 
| 261|0x0000000090500000, 0x0000000090500000, 0x0000000090600000|  0%| F|  |TAMS 0x0000000090500000, 0x0000000090500000| Untracked 
| 262|0x0000000090600000, 0x0000000090600000, 0x0000000090700000|  0%| F|  |TAMS 0x0000000090600000, 0x0000000090600000| Untracked 
| 263|0x0000000090700000, 0x0000000090700000, 0x0000000090800000|  0%| F|  |TAMS 0x0000000090700000, 0x0000000090700000| Untracked 
| 264|0x0000000090800000, 0x0000000090800000, 0x0000000090900000|  0%| F|  |TAMS 0x0000000090800000, 0x0000000090800000| Untracked 
| 265|0x0000000090900000, 0x0000000090900000, 0x0000000090a00000|  0%| F|  |TAMS 0x0000000090900000, 0x0000000090900000| Untracked 
| 266|0x0000000090a00000, 0x0000000090a00000, 0x0000000090b00000|  0%| F|  |TAMS 0x0000000090a00000, 0x0000000090a00000| Untracked 
| 267|0x0000000090b00000, 0x0000000090b00000, 0x0000000090c00000|  0%| F|  |TAMS 0x0000000090b00000, 0x0000000090b00000| Untracked 
| 268|0x0000000090c00000, 0x0000000090cafe10, 0x0000000090d00000| 68%| S|CS|TAMS 0x0000000090c00000, 0x0000000090c00000| Complete 
| 269|0x0000000090d00000, 0x0000000090d00000, 0x0000000090e00000|  0%| F|  |TAMS 0x0000000090d00000, 0x0000000090d00000| Untracked 
| 270|0x0000000090e00000, 0x0000000090e00000, 0x0000000090f00000|  0%| F|  |TAMS 0x0000000090e00000, 0x0000000090e00000| Untracked 
| 271|0x0000000090f00000, 0x0000000090f7fc10, 0x0000000091000000| 49%| E|  |TAMS 0x0000000090f00000, 0x0000000090f00000| Complete 
| 272|0x0000000091000000, 0x0000000091087c10, 0x0000000091100000| 53%| E|  |TAMS 0x0000000091000000, 0x0000000091000000| Complete 
| 273|0x0000000091100000, 0x0000000091200000, 0x0000000091200000|100%| E|CS|TAMS 0x0000000091100000, 0x0000000091100000| Complete 
| 274|0x0000000091200000, 0x0000000091300000, 0x0000000091300000|100%| E|CS|TAMS 0x0000000091200000, 0x0000000091200000| Complete 
| 275|0x0000000091300000, 0x0000000091400000, 0x0000000091400000|100%| E|CS|TAMS 0x0000000091300000, 0x0000000091300000| Complete 
| 276|0x0000000091400000, 0x0000000091500000, 0x0000000091500000|100%| E|CS|TAMS 0x0000000091400000, 0x0000000091400000| Complete 

Card table byte_map: [0x0000020c7b450000,0x0000020c7b850000] _byte_map_base: 0x0000020c7b050000

Marking Bits (Prev, Next): (CMBitMap*) 0x0000020c75dedd30, (CMBitMap*) 0x0000020c75dedcf0
 Prev Bits: [0x0000020c7dc50000, 0x0000020c7fc50000)
 Next Bits: [0x0000020c7bc50000, 0x0000020c7dc50000)

Polling page: 0x0000020c75e50000

Metaspace:

Usage:
  Non-class:     76.34 MB used.
      Class:     12.10 MB used.
       Both:     88.44 MB used.

Virtual space:
  Non-class space:       80.00 MB reserved,      76.75 MB ( 96%) committed,  10 nodes.
      Class space:        1.00 GB reserved,      12.50 MB (  1%) committed,  1 nodes.
             Both:        1.08 GB reserved,      89.25 MB (  8%) committed. 

Chunk freelists:
   Non-Class:  2.39 MB
       Class:  3.42 MB
        Both:  5.81 MB

MaxMetaspaceSize: unlimited
CompressedClassSpaceSize: 1.00 GB
Initial GC threshold: 21.00 MB
Current GC threshold: 144.06 MB
CDS: off
MetaspaceReclaimPolicy: balanced
 - commit_granule_bytes: 65536.
 - commit_granule_words: 8192.
 - virtual_space_node_default_size: 1048576.
 - enlarge_chunks_in_place: 1.
 - new_chunks_are_fully_committed: 0.
 - uncommit_free_chunks: 1.
 - use_allocation_guard: 0.
 - handle_deallocations: 1.


Internal statistics:

num_allocs_failed_limit: 6.
num_arena_births: 1060.
num_arena_deaths: 4.
num_vsnodes_births: 11.
num_vsnodes_deaths: 0.
num_space_committed: 1429.
num_space_uncommitted: 0.
num_chunks_returned_to_freelist: 16.
num_chunks_taken_from_freelist: 4504.
num_chunk_merges: 8.
num_chunk_splits: 2920.
num_chunks_enlarged: 1868.
num_purges: 4.
num_inconsistent_stats: 0.

CodeHeap 'non-profiled nmethods': size=120000Kb used=5559Kb max_used=6004Kb free=114440Kb
 bounds [0x0000020c07ad0000, 0x0000020c080b0000, 0x0000020c0f000000]
CodeHeap 'profiled nmethods': size=120000Kb used=19185Kb max_used=20059Kb free=100814Kb
 bounds [0x0000020c00000000, 0x0000020c013a0000, 0x0000020c07530000]
CodeHeap 'non-nmethods': size=5760Kb used=2397Kb max_used=2441Kb free=3362Kb
 bounds [0x0000020c07530000, 0x0000020c077b0000, 0x0000020c07ad0000]
 total_blobs=10512 nmethods=9590 adapters=834
 compilation: enabled
              stopped_count=0, restarted_count=0
 full_count=0

Compilation events (20 events):
Event: 43.457 Thread 0x0000020c11d2a900 10848       1       org.gradle.initialization.DefaultProjectDescriptor::getParent (5 bytes)
Event: 43.457 Thread 0x0000020c11d2a900 nmethod 10848 0x0000020c07de7c90 code [0x0000020c07de7e20, 0x0000020c07de7ef8]
Event: 43.458 Thread 0x0000020c11d2a900 10852       2       org.jetbrains.plugins.gradle.tooling.internal.ClasspathEntryModelImpl::hashCode (42 bytes)
Event: 43.458 Thread 0x0000020c11d2a900 nmethod 10852 0x0000020c001f7f90 code [0x0000020c001f8140, 0x0000020c001f82e8]
Event: 43.459 Thread 0x0000020c11d2a900 10853       1       com.amazon.ion.impl.bin.PooledBlockAllocatorProvider$PooledBlockAllocator::access$000 (5 bytes)
Event: 43.459 Thread 0x0000020c11d2a900 nmethod 10853 0x0000020c07de7990 code [0x0000020c07de7b20, 0x0000020c07de7bd8]
Event: 43.460 Thread 0x0000020c11d2a900 10854       1       org.gradle.internal.logging.events.ProgressStartEvent::getBuildOperationCategory (5 bytes)
Event: 43.460 Thread 0x0000020c11d2a900 nmethod 10854 0x0000020c07b3c010 code [0x0000020c07b3c1a0, 0x0000020c07b3c278]
Event: 43.461 Thread 0x0000020c11d2a900 10855       2       java.nio.Buffer$1::acquireScope (41 bytes)
Event: 43.461 Thread 0x0000020c11d2a900 nmethod 10855 0x0000020c002c4d90 code [0x0000020c002c4f60, 0x0000020c002c5218]
Event: 43.464 Thread 0x0000020c11d2a900 10857       2       org.codehaus.groovy.runtime.MetaClassHelper::unwrap (36 bytes)
Event: 43.464 Thread 0x0000020c11d2a900 nmethod 10857 0x0000020c002ecf10 code [0x0000020c002ed0c0, 0x0000020c002ed3a8]
Event: 43.464 Thread 0x0000020c11d2a900 10856       2       groovy.lang.MetaClassImpl::getMethodWithCaching (65 bytes)
Event: 43.465 Thread 0x0000020c11d2a900 nmethod 10856 0x0000020c00143690 code [0x0000020c001438a0, 0x0000020c00143d08]
Event: 43.466 Thread 0x0000020c11d2a900 10858       1       groovy.lang.Reference::get (5 bytes)
Event: 43.466 Thread 0x0000020c11d2a900 nmethod 10858 0x0000020c07b3bc90 code [0x0000020c07b3be20, 0x0000020c07b3bef8]
Event: 43.466 Thread 0x0000020c11d2a900 10859   !   2       org.gradle.internal.resources.AbstractTrackedResourceLock::unlock (78 bytes)
Event: 43.467 Thread 0x0000020c11d2a900 nmethod 10859 0x0000020c00793b90 code [0x0000020c00793de0, 0x0000020c007944f8]
Event: 43.468 Thread 0x0000020c11d2a900 10860       2       com.amazon.ion.impl.bin.IonManagedBinaryWriter::writeString (18 bytes)
Event: 43.468 Thread 0x0000020c11d2a900 nmethod 10860 0x0000020c0054d110 code [0x0000020c0054d2c0, 0x0000020c0054d438]

GC Heap History (20 events):
Event: 12.888 GC heap before
{Heap before GC invocations=28 (full 0):
 garbage-first heap   total 92160K, used 71430K [0x0000000080000000, 0x0000000100000000)
  region size 1024K, 15 young (15360K), 1 survivors (1024K)
 Metaspace       used 61062K, committed 61632K, reserved 1105920K
  class space    used 8139K, committed 8384K, reserved 1048576K
}
Event: 12.890 GC heap after
{Heap after GC invocations=29 (full 0):
 garbage-first heap   total 92160K, used 57606K [0x0000000080000000, 0x0000000100000000)
  region size 1024K, 1 young (1024K), 1 survivors (1024K)
 Metaspace       used 61062K, committed 61632K, reserved 1105920K
  class space    used 8139K, committed 8384K, reserved 1048576K
}
Event: 13.332 GC heap before
{Heap before GC invocations=30 (full 0):
 garbage-first heap   total 102400K, used 70918K [0x0000000080000000, 0x0000000100000000)
  region size 1024K, 15 young (15360K), 1 survivors (1024K)
 Metaspace       used 63317K, committed 63808K, reserved 1105920K
  class space    used 8407K, committed 8640K, reserved 1048576K
}
Event: 13.335 GC heap after
{Heap after GC invocations=31 (full 0):
 garbage-first heap   total 102400K, used 58090K [0x0000000080000000, 0x0000000100000000)
  region size 1024K, 2 young (2048K), 2 survivors (2048K)
 Metaspace       used 63317K, committed 63808K, reserved 1105920K
  class space    used 8407K, committed 8640K, reserved 1048576K
}
Event: 13.396 GC heap before
{Heap before GC invocations=31 (full 0):
 garbage-first heap   total 102400K, used 61162K [0x0000000080000000, 0x0000000100000000)
  region size 1024K, 5 young (5120K), 2 survivors (2048K)
 Metaspace       used 63906K, committed 64384K, reserved 1105920K
  class space    used 8482K, committed 8704K, reserved 1048576K
}
Event: 13.400 GC heap after
{Heap after GC invocations=32 (full 0):
 garbage-first heap   total 102400K, used 57889K [0x0000000080000000, 0x0000000100000000)
  region size 1024K, 1 young (1024K), 1 survivors (1024K)
 Metaspace       used 63906K, committed 64384K, reserved 1105920K
  class space    used 8482K, committed 8704K, reserved 1048576K
}
Event: 14.181 GC heap before
{Heap before GC invocations=32 (full 0):
 garbage-first heap   total 102400K, used 80417K [0x0000000080000000, 0x0000000100000000)
  region size 1024K, 24 young (24576K), 1 survivors (1024K)
 Metaspace       used 68381K, committed 68992K, reserved 1114112K
  class space    used 9096K, committed 9344K, reserved 1048576K
}
Event: 14.189 GC heap after
{Heap after GC invocations=33 (full 0):
 garbage-first heap   total 214016K, used 60213K [0x0000000080000000, 0x0000000100000000)
  region size 1024K, 3 young (3072K), 3 survivors (3072K)
 Metaspace       used 68381K, committed 68992K, reserved 1114112K
  class space    used 9096K, committed 9344K, reserved 1048576K
}
Event: 16.584 GC heap before
{Heap before GC invocations=33 (full 0):
 garbage-first heap   total 214016K, used 166709K [0x0000000080000000, 0x0000000100000000)
  region size 1024K, 101 young (103424K), 3 survivors (3072K)
 Metaspace       used 74186K, committed 74752K, reserved 1114112K
  class space    used 9831K, committed 10048K, reserved 1048576K
}
Event: 16.599 GC heap after
{Heap after GC invocations=34 (full 0):
 garbage-first heap   total 214016K, used 67967K [0x0000000080000000, 0x0000000100000000)
  region size 1024K, 11 young (11264K), 11 survivors (11264K)
 Metaspace       used 74186K, committed 74752K, reserved 1114112K
  class space    used 9831K, committed 10048K, reserved 1048576K
}
Event: 32.038 GC heap before
{Heap before GC invocations=34 (full 0):
 garbage-first heap   total 214016K, used 162175K [0x0000000080000000, 0x0000000100000000)
  region size 1024K, 103 young (105472K), 11 survivors (11264K)
 Metaspace       used 84160K, committed 84864K, reserved 1122304K
  class space    used 11544K, committed 11840K, reserved 1048576K
}
Event: 32.301 GC heap after
{Heap after GC invocations=35 (full 0):
 garbage-first heap   total 214016K, used 74388K [0x0000000080000000, 0x0000000100000000)
  region size 1024K, 7 young (7168K), 7 survivors (7168K)
 Metaspace       used 84160K, committed 84864K, reserved 1122304K
  class space    used 11544K, committed 11840K, reserved 1048576K
}
Event: 38.248 GC heap before
{Heap before GC invocations=35 (full 0):
 garbage-first heap   total 214016K, used 120468K [0x0000000080000000, 0x0000000100000000)
  region size 1024K, 25 young (25600K), 7 survivors (7168K)
 Metaspace       used 84997K, committed 85760K, reserved 1122304K
  class space    used 11700K, committed 12032K, reserved 1048576K
}
Event: 38.291 GC heap after
{Heap after GC invocations=36 (full 0):
 garbage-first heap   total 214016K, used 109744K [0x0000000080000000, 0x0000000100000000)
  region size 1024K, 12 young (12288K), 12 survivors (12288K)
 Metaspace       used 84997K, committed 85760K, reserved 1122304K
  class space    used 11700K, committed 12032K, reserved 1048576K
}
Event: 41.416 GC heap before
{Heap before GC invocations=36 (full 0):
 garbage-first heap   total 214016K, used 183472K [0x0000000080000000, 0x0000000100000000)
  region size 1024K, 59 young (60416K), 12 survivors (12288K)
 Metaspace       used 87731K, committed 88512K, reserved 1130496K
  class space    used 12039K, committed 12416K, reserved 1048576K
}
Event: 41.474 GC heap after
{Heap after GC invocations=37 (full 0):
 garbage-first heap   total 214016K, used 142829K [0x0000000080000000, 0x0000000100000000)
  region size 1024K, 7 young (7168K), 7 survivors (7168K)
 Metaspace       used 87731K, committed 88512K, reserved 1130496K
  class space    used 12039K, committed 12416K, reserved 1048576K
}
Event: 43.257 GC heap before
{Heap before GC invocations=38 (full 0):
 garbage-first heap   total 283648K, used 201197K [0x0000000080000000, 0x0000000100000000)
  region size 1024K, 36 young (36864K), 7 survivors (7168K)
 Metaspace       used 89729K, committed 90496K, reserved 1130496K
  class space    used 12314K, committed 12672K, reserved 1048576K
}
Event: 43.277 GC heap after
{Heap after GC invocations=39 (full 0):
 garbage-first heap   total 283648K, used 178753K [0x0000000080000000, 0x0000000100000000)
  region size 1024K, 5 young (5120K), 5 survivors (5120K)
 Metaspace       used 89729K, committed 90496K, reserved 1130496K
  class space    used 12314K, committed 12672K, reserved 1048576K
}
Event: 43.420 GC heap before
{Heap before GC invocations=39 (full 0):
 garbage-first heap   total 283648K, used 186945K [0x0000000080000000, 0x0000000100000000)
  region size 1024K, 13 young (13312K), 5 survivors (5120K)
 Metaspace       used 89970K, committed 90752K, reserved 1130496K
  class space    used 12349K, committed 12736K, reserved 1048576K
}
Event: 43.440 GC heap after
{Heap after GC invocations=40 (full 0):
 garbage-first heap   total 283648K, used 179466K [0x0000000080000000, 0x0000000100000000)
  region size 1024K, 1 young (1024K), 1 survivors (1024K)
 Metaspace       used 89970K, committed 90752K, reserved 1130496K
  class space    used 12349K, committed 12736K, reserved 1048576K
}

Dll operation events (2 events):
Event: 0.027 Loaded shared library C:\Program Files\Android\Android Studio\jbr\bin\java.dll
Event: 0.476 Loaded shared library C:\Program Files\Android\Android Studio\jbr\bin\verify.dll

Deoptimization events (20 events):
Event: 43.215 Thread 0x0000020c146187c0 DEOPT PACKING pc=0x0000020c0800465c sp=0x0000000e6faf98b0
Event: 43.215 Thread 0x0000020c146187c0 DEOPT UNPACKING pc=0x0000020c0758a1a3 sp=0x0000000e6faf9838 mode 2
Event: 43.318 Thread 0x0000020c146187c0 DEOPT PACKING pc=0x0000020c00e2eb5e sp=0x0000000e6fafa750
Event: 43.318 Thread 0x0000020c146187c0 DEOPT UNPACKING pc=0x0000020c0758ace3 sp=0x0000000e6faf9c00 mode 0
Event: 43.389 Thread 0x0000020c146308f0 Uncommon trap: trap_request=0xffffffd6 fr.pc=0x0000020c07d76bf4 relative=0x00000000000008b4
Event: 43.389 Thread 0x0000020c146308f0 Uncommon trap: reason=array_check action=maybe_recompile pc=0x0000020c07d76bf4 method=java.util.TimSort.binarySort([Ljava/lang/Object;IIILjava/util/Comparator;)V @ 183 c2
Event: 43.389 Thread 0x0000020c146308f0 DEOPT PACKING pc=0x0000020c07d76bf4 sp=0x0000000e741fe780
Event: 43.389 Thread 0x0000020c146308f0 DEOPT UNPACKING pc=0x0000020c0758a1a3 sp=0x0000000e741fe718 mode 2
Event: 43.395 Thread 0x0000020c146308f0 Uncommon trap: trap_request=0xffffffd6 fr.pc=0x0000020c07d76b1c relative=0x00000000000007dc
Event: 43.395 Thread 0x0000020c146308f0 Uncommon trap: reason=array_check action=maybe_recompile pc=0x0000020c07d76b1c method=java.util.TimSort.binarySort([Ljava/lang/Object;IIILjava/util/Comparator;)V @ 193 c2
Event: 43.395 Thread 0x0000020c146308f0 DEOPT PACKING pc=0x0000020c07d76b1c sp=0x0000000e741fe780
Event: 43.395 Thread 0x0000020c146308f0 DEOPT UNPACKING pc=0x0000020c0758a1a3 sp=0x0000000e741fe718 mode 2
Event: 43.396 Thread 0x0000020c146308f0 Uncommon trap: trap_request=0xffffffd6 fr.pc=0x0000020c07d76bf4 relative=0x00000000000008b4
Event: 43.396 Thread 0x0000020c146308f0 Uncommon trap: reason=array_check action=maybe_recompile pc=0x0000020c07d76bf4 method=java.util.TimSort.binarySort([Ljava/lang/Object;IIILjava/util/Comparator;)V @ 183 c2
Event: 43.396 Thread 0x0000020c146308f0 DEOPT PACKING pc=0x0000020c07d76bf4 sp=0x0000000e741fe780
Event: 43.396 Thread 0x0000020c146308f0 DEOPT UNPACKING pc=0x0000020c0758a1a3 sp=0x0000000e741fe718 mode 2
Event: 43.417 Thread 0x0000020c146187c0 DEOPT PACKING pc=0x0000020c0094244e sp=0x0000000e6fafa6d0
Event: 43.417 Thread 0x0000020c146187c0 DEOPT UNPACKING pc=0x0000020c0758ace3 sp=0x0000000e6faf9b30 mode 0
Event: 43.420 Thread 0x0000020c146187c0 DEOPT PACKING pc=0x0000020c00e2eb5e sp=0x0000000e6fafa890
Event: 43.420 Thread 0x0000020c146187c0 DEOPT UNPACKING pc=0x0000020c0758ace3 sp=0x0000000e6faf9d40 mode 0

Classes unloaded (10 events):
Event: 12.966 Thread 0x0000020c112a71d0 Unloading class 0x00000001007bc560 '_BuildScript_$_run_closure1'
Event: 12.967 Thread 0x0000020c112a71d0 Unloading class 0x00000001007bc000 '_BuildScript_'
Event: 42.154 Thread 0x0000020c112a71d0 Unloading class 0x00000001009f8410 '_BuildScript_$_run_closure2'
Event: 42.154 Thread 0x0000020c112a71d0 Unloading class 0x00000001009f8000 '_BuildScript_$_run_closure1$_closure6'
Event: 42.154 Thread 0x0000020c112a71d0 Unloading class 0x00000001009f5820 '_BuildScript_$_run_closure1$_closure5$_closure7'
Event: 42.154 Thread 0x0000020c112a71d0 Unloading class 0x00000001009f5410 '_BuildScript_$_run_closure1$_closure5'
Event: 42.154 Thread 0x0000020c112a71d0 Unloading class 0x00000001009f5000 '_BuildScript_$_run_closure1$_closure4'
Event: 42.154 Thread 0x0000020c112a71d0 Unloading class 0x00000001009f4970 '_BuildScript_$_run_closure1$_closure3'
Event: 42.154 Thread 0x0000020c112a71d0 Unloading class 0x00000001009f4560 '_BuildScript_$_run_closure1'
Event: 42.154 Thread 0x0000020c112a71d0 Unloading class 0x00000001009f4000 '_BuildScript_'

Classes redefined (0 events):
No events

Internal exceptions (20 events):
Event: 43.291 Thread 0x0000020c146187c0 Exception <a 'java/lang/ClassNotFoundException'{0x000000009115cb68}: org/codehaus/groovy/runtime/NullObjectCustomizer> (0x000000009115cb68) 
thrown [s\src\hotspot\share\classfile\systemDictionary.cpp, line 256]
Event: 43.301 Thread 0x0000020c146187c0 Exception <a 'java/lang/ClassNotFoundException'{0x0000000091182868}: org/gradle/internal/service/scopes/ProjectScopeServicesBeanInfo> (0x0000000091182868) 
thrown [s\src\hotspot\share\classfile\systemDictionary.cpp, line 256]
Event: 43.301 Thread 0x0000020c146187c0 Exception <a 'java/lang/ClassNotFoundException'{0x000000009118abe0}: org/gradle/internal/service/scopes/ProjectScopeServicesCustomizer> (0x000000009118abe0) 
thrown [s\src\hotspot\share\classfile\systemDictionary.cpp, line 256]
Event: 43.309 Thread 0x0000020c146187c0 Exception <a 'java/lang/ClassNotFoundException'{0x00000000911a79e0}: org/gradle/api/internal/catalog/DefaultDependenciesAccessorsBeanInfo> (0x00000000911a79e0) 
thrown [s\src\hotspot\share\classfile\systemDictionary.cpp, line 256]
Event: 43.309 Thread 0x0000020c146187c0 Exception <a 'java/lang/ClassNotFoundException'{0x00000000911b19a0}: org/gradle/api/internal/catalog/DefaultDependenciesAccessorsCustomizer> (0x00000000911b19a0) 
thrown [s\src\hotspot\share\classfile\systemDictionary.cpp, line 256]
Event: 43.313 Thread 0x0000020c146187c0 Exception <a 'java/lang/ClassNotFoundException'{0x00000000911d3ce0}: org/gradle/internal/classpath/DefaultClassPathBeanInfo> (0x00000000911d3ce0) 
thrown [s\src\hotspot\share\classfile\systemDictionary.cpp, line 256]
Event: 43.314 Thread 0x0000020c146187c0 Exception <a 'java/lang/ClassNotFoundException'{0x00000000911dbde0}: org/gradle/internal/classpath/DefaultClassPathCustomizer> (0x00000000911dbde0) 
thrown [s\src\hotspot\share\classfile\systemDictionary.cpp, line 256]
Event: 43.319 Thread 0x0000020c146187c0 Exception <a 'java/lang/ClassNotFoundException'{0x00000000910f2ce8}: org/gradle/internal/classpath/DefaultClassPath$ImmutableUniqueListBeanInfo> (0x00000000910f2ce8) 
thrown [s\src\hotspot\share\classfile\systemDictionary.cpp, line 256]
Event: 43.321 Thread 0x0000020c146187c0 Exception <a 'java/lang/ClassNotFoundException'{0x00000000910f7288}: java/util/AbstractListBeanInfo> (0x00000000910f7288) 
thrown [s\src\hotspot\share\classfile\systemDictionary.cpp, line 256]
Event: 43.322 Thread 0x0000020c146187c0 Exception <a 'java/lang/ClassNotFoundException'{0x00000000910fb800}: java/util/AbstractListCustomizer> (0x00000000910fb800) 
thrown [s\src\hotspot\share\classfile\systemDictionary.cpp, line 256]
Event: 43.323 Thread 0x0000020c146187c0 Exception <a 'java/lang/ClassNotFoundException'{0x0000000090f0ef20}: org/gradle/internal/classpath/DefaultClassPath$ImmutableUniqueListCustomizer> (0x0000000090f0ef20) 
thrown [s\src\hotspot\share\classfile\systemDictionary.cpp, line 256]
Event: 43.330 Thread 0x0000020c146187c0 Exception <a 'java/lang/ClassNotFoundException'{0x0000000090f4ab70}: org/jetbrains/plugins/gradle/model/DefaultDependencyAccessorsModelBeanInfo> (0x0000000090f4ab70) 
thrown [s\src\hotspot\share\classfile\systemDictionary.cpp, line 256]
Event: 43.331 Thread 0x0000020c146187c0 Exception <a 'java/lang/ClassNotFoundException'{0x0000000090f53208}: org/jetbrains/plugins/gradle/model/DefaultDependencyAccessorsModelCustomizer> (0x0000000090f53208) 
thrown [s\src\hotspot\share\classfile\systemDictionary.cpp, line 256]
Event: 43.389 Thread 0x0000020c146308f0 Exception <a 'java/lang/NoSuchMethodError'{0x0000000090ea5308}: static Lorg/jetbrains/kotlin/idea/gradleTooling/model/allopen/AllOpenModelImpl;.<clinit>()V> (0x0000000090ea5308) 
thrown [s\src\hotspot\share\prims\jni.cpp, line 1108]
Event: 43.392 Thread 0x0000020c146308f0 Exception <a 'java/lang/NoSuchMethodError'{0x0000000090eadc28}: static Lorg/jetbrains/kotlin/idea/gradleTooling/model/parcelize/ParcelizeGradleModelImpl;.<clinit>()V> (0x0000000090eadc28) 
thrown [s\src\hotspot\share\prims\jni.cpp, line 1108]
Event: 43.395 Thread 0x0000020c146308f0 Exception <a 'java/lang/NoSuchMethodError'{0x0000000090eddc78}: static Lorg/jetbrains/kotlin/idea/gradleTooling/model/noarg/NoArgModelImpl;.<clinit>()V> (0x0000000090eddc78) 
thrown [s\src\hotspot\share\prims\jni.cpp, line 1108]
Event: 43.441 Thread 0x0000020c146187c0 Exception <a 'java/lang/ClassNotFoundException'{0x00000000914db9d0}: org/gradle/api/internal/tasks/DefaultSourceSetContainer_DecoratedBeanInfo> (0x00000000914db9d0) 
thrown [s\src\hotspot\share\classfile\systemDictionary.cpp, line 256]
Event: 43.442 Thread 0x0000020c146187c0 Exception <a 'java/lang/ClassNotFoundException'{0x00000000914e5938}: org/gradle/api/internal/tasks/DefaultSourceSetContainerBeanInfo> (0x00000000914e5938) 
thrown [s\src\hotspot\share\classfile\systemDictionary.cpp, line 256]
Event: 43.442 Thread 0x0000020c146187c0 Exception <a 'java/lang/ClassNotFoundException'{0x00000000914ef8c0}: org/gradle/api/internal/tasks/DefaultSourceSetContainerCustomizer> (0x00000000914ef8c0) 
thrown [s\src\hotspot\share\classfile\systemDictionary.cpp, line 256]
Event: 43.443 Thread 0x0000020c146187c0 Exception <a 'java/lang/ClassNotFoundException'{0x0000000091305428}: org/gradle/api/internal/tasks/DefaultSourceSetContainer_DecoratedCustomizer> (0x0000000091305428) 
thrown [s\src\hotspot\share\classfile\systemDictionary.cpp, line 256]

VM Operations (20 events):
Event: 42.153 Executing VM operation: G1Concurrent
Event: 42.337 Executing VM operation: G1Concurrent done
Event: 42.384 Executing VM operation: G1Concurrent
Event: 42.384 Executing VM operation: G1Concurrent done
Event: 42.795 Executing VM operation: HandshakeAllThreads
Event: 42.796 Executing VM operation: HandshakeAllThreads done
Event: 42.830 Executing VM operation: HandshakeAllThreads
Event: 42.830 Executing VM operation: HandshakeAllThreads done
Event: 42.832 Executing VM operation: HandshakeAllThreads
Event: 42.832 Executing VM operation: HandshakeAllThreads done
Event: 42.974 Executing VM operation: HandshakeAllThreads
Event: 42.974 Executing VM operation: HandshakeAllThreads done
Event: 43.190 Executing VM operation: HandshakeAllThreads
Event: 43.194 Executing VM operation: HandshakeAllThreads done
Event: 43.239 Executing VM operation: HandshakeAllThreads
Event: 43.239 Executing VM operation: HandshakeAllThreads done
Event: 43.256 Executing VM operation: G1CollectForAllocation
Event: 43.278 Executing VM operation: G1CollectForAllocation done
Event: 43.420 Executing VM operation: G1CollectForAllocation
Event: 43.440 Executing VM operation: G1CollectForAllocation done

Events (20 events):
Event: 43.216 loading class java/lang/NumberBeanInfo
Event: 43.216 loading class java/lang/NumberBeanInfo done
Event: 43.217 loading class java/lang/NumberCustomizer
Event: 43.218 loading class java/lang/NumberCustomizer done
Event: 43.218 loading class java/lang/NumberCustomizer
Event: 43.218 loading class java/lang/NumberCustomizer done
Event: 43.218 loading class java/lang/IntegerCustomizer
Event: 43.218 loading class java/lang/IntegerCustomizer done
Event: 43.218 loading class java/lang/IntegerCustomizer
Event: 43.218 loading class java/lang/IntegerCustomizer done
Event: 43.218 loading class jdk/internal/ValueBased
Event: 43.219 loading class jdk/internal/ValueBased done
Event: 43.319 loading class java/util/AbstractListBeanInfo
Event: 43.320 loading class java/util/AbstractListBeanInfo done
Event: 43.321 loading class java/util/AbstractListBeanInfo
Event: 43.321 loading class java/util/AbstractListBeanInfo done
Event: 43.321 loading class java/util/AbstractListCustomizer
Event: 43.321 loading class java/util/AbstractListCustomizer done
Event: 43.322 loading class java/util/AbstractListCustomizer
Event: 43.322 loading class java/util/AbstractListCustomizer done


Dynamic libraries:
0x00007ff660620000 - 0x00007ff66062a000 	C:\Program Files\Android\Android Studio\jbr\bin\java.exe
0x00007ffa6f0f0000 - 0x00007ffa6f304000 	C:\WINDOWS\SYSTEM32\ntdll.dll
0x00007ffa6d6e0000 - 0x00007ffa6d7a2000 	C:\WINDOWS\System32\KERNEL32.DLL
0x00007ffa6c610000 - 0x00007ffa6c9b3000 	C:\WINDOWS\System32\KERNELBASE.dll
0x00007ffa6cc70000 - 0x00007ffa6cd81000 	C:\WINDOWS\System32\ucrtbase.dll
0x00007ffa43560000 - 0x00007ffa4357b000 	C:\Program Files\Android\Android Studio\jbr\bin\VCRUNTIME140.dll
0x00007ffa41820000 - 0x00007ffa41837000 	C:\Program Files\Android\Android Studio\jbr\bin\jli.dll
0x00007ffa6ef00000 - 0x00007ffa6f0aa000 	C:\WINDOWS\System32\USER32.dll
0x00007ffa6cd90000 - 0x00007ffa6cdb6000 	C:\WINDOWS\System32\win32u.dll
0x00007ffa6d4e0000 - 0x00007ffa6d509000 	C:\WINDOWS\System32\GDI32.dll
0x00007ffa6c4f0000 - 0x00007ffa6c609000 	C:\WINDOWS\System32\gdi32full.dll
0x00007ffa6cdc0000 - 0x00007ffa6ce5a000 	C:\WINDOWS\System32\msvcp_win.dll
0x00007ffa4ec90000 - 0x00007ffa4ef1e000 	C:\WINDOWS\WinSxS\amd64_microsoft.windows.common-controls_6595b64144ccf1df_6.0.22621.1635_none_270f70857386168e\COMCTL32.dll
0x00007ffa6e5b0000 - 0x00007ffa6e657000 	C:\WINDOWS\System32\msvcrt.dll
0x00007ffa6dee0000 - 0x00007ffa6df11000 	C:\WINDOWS\System32\IMM32.DLL
0x00007ffa51250000 - 0x00007ffa5125c000 	C:\Program Files\Android\Android Studio\jbr\bin\vcruntime140_1.dll
0x00007ffa21cd0000 - 0x00007ffa21d5d000 	C:\Program Files\Android\Android Studio\jbr\bin\msvcp140.dll
0x00007ffa16ca0000 - 0x00007ffa1790d000 	C:\Program Files\Android\Android Studio\jbr\bin\server\jvm.dll
0x00007ffa6e500000 - 0x00007ffa6e5ae000 	C:\WINDOWS\System32\ADVAPI32.dll
0x00007ffa6d090000 - 0x00007ffa6d134000 	C:\WINDOWS\System32\sechost.dll
0x00007ffa6d520000 - 0x00007ffa6d637000 	C:\WINDOWS\System32\RPCRT4.dll
0x00007ffa62d70000 - 0x00007ffa62da4000 	C:\WINDOWS\SYSTEM32\WINMM.dll
0x00007ffa62800000 - 0x00007ffa6280a000 	C:\WINDOWS\SYSTEM32\VERSION.dll
0x00007ffa61100000 - 0x00007ffa61109000 	C:\WINDOWS\SYSTEM32\WSOCK32.dll
0x00007ffa6e660000 - 0x00007ffa6e6d1000 	C:\WINDOWS\System32\WS2_32.dll
0x00007ffa6b500000 - 0x00007ffa6b518000 	C:\WINDOWS\SYSTEM32\kernel.appcore.dll
0x00007ffa61190000 - 0x00007ffa6119a000 	C:\Program Files\Android\Android Studio\jbr\bin\jimage.dll
0x00007ffa69f60000 - 0x00007ffa6a18e000 	C:\WINDOWS\SYSTEM32\DBGHELP.DLL
0x00007ffa6e170000 - 0x00007ffa6e4f9000 	C:\WINDOWS\System32\combase.dll
0x00007ffa6df20000 - 0x00007ffa6dff7000 	C:\WINDOWS\System32\OLEAUT32.dll
0x00007ffa61eb0000 - 0x00007ffa61ee2000 	C:\WINDOWS\SYSTEM32\dbgcore.DLL
0x00007ffa6c9c0000 - 0x00007ffa6ca3a000 	C:\WINDOWS\System32\bcryptPrimitives.dll
0x00007ffa4da90000 - 0x00007ffa4dab5000 	C:\Program Files\Android\Android Studio\jbr\bin\java.dll
0x00007ffa44520000 - 0x00007ffa44538000 	C:\Program Files\Android\Android Studio\jbr\bin\zip.dll
0x00007ffa6e700000 - 0x00007ffa6eef9000 	C:\WINDOWS\System32\SHELL32.dll
0x00007ffa6a490000 - 0x00007ffa6ad5e000 	C:\WINDOWS\SYSTEM32\windows.storage.dll
0x00007ffa6a350000 - 0x00007ffa6a48e000 	C:\WINDOWS\SYSTEM32\wintypes.dll
0x00007ffa6d3e0000 - 0x00007ffa6d4d1000 	C:\WINDOWS\System32\SHCORE.dll
0x00007ffa6d360000 - 0x00007ffa6d3be000 	C:\WINDOWS\System32\shlwapi.dll
0x00007ffa6c420000 - 0x00007ffa6c446000 	C:\WINDOWS\SYSTEM32\profapi.dll
0x00007ffa44430000 - 0x00007ffa44449000 	C:\Program Files\Android\Android Studio\jbr\bin\net.dll
0x00007ffa65c10000 - 0x00007ffa65d47000 	C:\WINDOWS\SYSTEM32\WINHTTP.dll
0x00007ffa6ba00000 - 0x00007ffa6ba69000 	C:\WINDOWS\system32\mswsock.dll
0x00007ffa44360000 - 0x00007ffa44376000 	C:\Program Files\Android\Android Studio\jbr\bin\nio.dll
0x00007ffa59860000 - 0x00007ffa59870000 	C:\Program Files\Android\Android Studio\jbr\bin\verify.dll
0x00007ffa444f0000 - 0x00007ffa44517000 	C:\Users\fdeba\.gradle\native\68d5fa5c4cc2d200863cafc0d521ce42e7d3e7ee720ec0a83991735586a16f82\windows-amd64\native-platform.dll
0x00007ffa21b80000 - 0x00007ffa21cc4000 	C:\Users\fdeba\.gradle\native\e376f236ea51e6404a007f0833ffe2c6e607c4080706a723a18a27aeea778392\windows-amd64\native-platform-file-events.dll
0x00007ffa60a50000 - 0x00007ffa60a59000 	C:\Program Files\Android\Android Studio\jbr\bin\management.dll
0x00007ffa5a9d0000 - 0x00007ffa5a9db000 	C:\Program Files\Android\Android Studio\jbr\bin\management_ext.dll
0x00007ffa6d640000 - 0x00007ffa6d648000 	C:\WINDOWS\System32\PSAPI.DLL
0x00007ffa6bd00000 - 0x00007ffa6bd1b000 	C:\WINDOWS\SYSTEM32\CRYPTSP.dll
0x00007ffa6b470000 - 0x00007ffa6b4a5000 	C:\WINDOWS\system32\rsaenh.dll
0x00007ffa6bba0000 - 0x00007ffa6bbcc000 	C:\WINDOWS\SYSTEM32\USERENV.dll
0x00007ffa6bec0000 - 0x00007ffa6bee8000 	C:\WINDOWS\SYSTEM32\bcrypt.dll
0x00007ffa6bd20000 - 0x00007ffa6bd2c000 	C:\WINDOWS\SYSTEM32\CRYPTBASE.dll
0x00007ffa6afc0000 - 0x00007ffa6afed000 	C:\WINDOWS\SYSTEM32\IPHLPAPI.DLL
0x00007ffa6d910000 - 0x00007ffa6d919000 	C:\WINDOWS\System32\NSI.dll
0x00007ffa62bf0000 - 0x00007ffa62c09000 	C:\WINDOWS\SYSTEM32\dhcpcsvc6.DLL
0x00007ffa627e0000 - 0x00007ffa627ff000 	C:\WINDOWS\SYSTEM32\dhcpcsvc.DLL
0x00007ffa6b030000 - 0x00007ffa6b123000 	C:\WINDOWS\SYSTEM32\DNSAPI.dll
0x00007ffa518e0000 - 0x00007ffa518e8000 	C:\WINDOWS\system32\wshunix.dll

dbghelp: loaded successfully - version: 4.0.5 - missing functions: none
symbol engine: initialized successfully - sym options: 0x614 - pdb path: .;C:\Program Files\Android\Android Studio\jbr\bin;C:\WINDOWS\SYSTEM32;C:\WINDOWS\WinSxS\amd64_microsoft.windows.common-controls_6595b64144ccf1df_6.0.22621.1635_none_270f70857386168e;C:\Program Files\Android\Android Studio\jbr\bin\server;C:\Users\fdeba\.gradle\native\68d5fa5c4cc2d200863cafc0d521ce42e7d3e7ee720ec0a83991735586a16f82\windows-amd64;C:\Users\fdeba\.gradle\native\e376f236ea51e6404a007f0833ffe2c6e607c4080706a723a18a27aeea778392\windows-amd64

VM Arguments:
jvm_args: --add-opens=java.base/java.util=ALL-UNNAMED --add-opens=java.base/java.lang=ALL-UNNAMED --add-opens=java.base/java.lang.invoke=ALL-UNNAMED --add-opens=java.prefs/java.util.prefs=ALL-UNNAMED --add-opens=java.base/java.nio.charset=ALL-UNNAMED --add-opens=java.base/java.net=ALL-UNNAMED --add-opens=java.base/java.util.concurrent.atomic=ALL-UNNAMED -Xmx2048m -Dfile.encoding=UTF-8 -Duser.country=BR -Duser.language=pt -Duser.variant 
java_command: org.gradle.launcher.daemon.bootstrap.GradleDaemon 8.0
java_class_path (initial): C:\Users\fdeba\.gradle\wrapper\dists\gradle-8.0-bin\ca5e32bp14vu59qr306oxotwh\gradle-8.0\lib\gradle-launcher-8.0.jar
Launcher Type: SUN_STANDARD

[Global flags]
     intx CICompilerCount                          = 3                                         {product} {ergonomic}
     uint ConcGCThreads                            = 1                                         {product} {ergonomic}
     uint G1ConcRefinementThreads                  = 4                                         {product} {ergonomic}
   size_t G1HeapRegionSize                         = 1048576                                   {product} {ergonomic}
    uintx GCDrainStackTargetSize                   = 64                                        {product} {ergonomic}
   size_t InitialHeapSize                          = 65011712                                  {product} {ergonomic}
   size_t MarkStackSize                            = 4194304                                   {product} {ergonomic}
   size_t MaxHeapSize                              = 2147483648                                {product} {command line}
   size_t MaxNewSize                               = 1287651328                                {product} {ergonomic}
   size_t MinHeapDeltaBytes                        = 1048576                                   {product} {ergonomic}
   size_t MinHeapSize                              = 8388608                                   {product} {ergonomic}
    uintx NonNMethodCodeHeapSize                   = 5832780                                {pd product} {ergonomic}
    uintx NonProfiledCodeHeapSize                  = 122912730                              {pd product} {ergonomic}
    uintx ProfiledCodeHeapSize                     = 122912730                              {pd product} {ergonomic}
    uintx ReservedCodeCacheSize                    = 251658240                              {pd product} {ergonomic}
     bool SegmentedCodeCache                       = true                                      {product} {ergonomic}
   size_t SoftMaxHeapSize                          = 2147483648                             {manageable} {ergonomic}
     bool UseCompressedClassPointers               = true                           {product lp64_product} {ergonomic}
     bool UseCompressedOops                        = true                           {product lp64_product} {ergonomic}
     bool UseG1GC                                  = true                                      {product} {ergonomic}
     bool UseLargePagesIndividualAllocation        = false                                  {pd product} {ergonomic}

Logging:
Log output configuration:
 #0: stdout all=warning uptime,level,tags
 #1: stderr all=off uptime,level,tags

Environment Variables:
JAVA_HOME=C:\Program Files\Java\jdk-18.0.2.1
PATH=C:\Program Files\Common Files\Oracle\Java\javapath;C:\Program Files (x86)\Common Files\Oracle\Java\javapath;C:\WINDOWS\system32;C:\WINDOWS;C:\WINDOWS\System32\Wbem;C:\WINDOWS\System32\WindowsPowerShell\v1.0\;C:\WINDOWS\System32\OpenSSH\;C:\Program Files\nodejs\;C:\ProgramData\chocolatey\bin;C:\Program Files\Git\cmd;C:\Program Files\GitHub CLI\;C:\Program Files\Docker\Docker\resources\bin;C:\Program Files\kotlinc\bin;"C:\Program Files\Java\jdk-18.0.2.1\bin;";C:\Users\fdeba\AppData\Local\Programs\Python\Python311;C:\Users\fdeba\AppData\Local\Programs\Python\Python311\Scripts;C:\Users\fdeba\scoop\apps\pscale\0.144.0;C:\Gradle\bin;C:\Program Files (x86)\Yarn\bin\;C:\Program Files\dotnet\;C:\platform-tools\adb.exe;C:\Users\fdeba\scoop\shims;C:\Users\fdeba\AppData\Local\Microsoft\WindowsApps;C:\Users\fdeba\AppData\Roaming\npm;C:\Users\fdeba\AppData\Local\Programs\Microsoft VS Code\bin;C:\tools\dart-sdk\bin;C:\Users\fdeba\AppData\Roaming\Pub\Cache\bin;C:\Users\fdeba\AppData\Local\JetBrains\Toolbox\scripts;C:\Program Files\PostgreSQL\15\bin;C:\Program Files\kotlinc\bin;"C:\Program Files\Java\jdk-18.0.2.1\bin;";C:\Users\fdeba\AppData\Local\Programs\Python\Python311\Scripts;C:\Users\fdeba\AppData\Local\Programs\Python\Python311;C:\Users\fdeba\scoop\apps\pscale\0.144.0;C:\Users\fdeba\AppData\Local\Yarn\bin;C:\Users\fdeba\.dotnet\tools;C:\platform-tools\adb.exe;
USERNAME=fdeba
OS=Windows_NT
PROCESSOR_IDENTIFIER=Intel64 Family 6 Model 140 Stepping 2, GenuineIntel
TMP=C:\Users\fdeba\AppData\Local\Temp
TEMP=C:\Users\fdeba\AppData\Local\Temp



---------------  S Y S T E M  ---------------

OS:
 Windows 11 , 64 bit Build 22621 (10.0.22621.1928)
OS uptime: 0 days 18:50 hours
Hyper-V role detected

CPU: total 4 (initial active 4) (2 cores per cpu, 2 threads per core) family 6 model 140 stepping 2 microcode 0x26, cx8, cmov, fxsr, ht, mmx, 3dnowpref, sse, sse2, sse3, ssse3, sse4.1, sse4.2, popcnt, lzcnt, tsc, tscinvbit, avx, avx2, aes, erms, clmul, bmi1, bmi2, adx, avx512f, avx512dq, avx512cd, avx512bw, avx512vl, sha, fma, vzeroupper, avx512_vpopcntdq, avx512_vpclmulqdq, avx512_vaes, avx512_vnni, clflush, clflushopt, clwb, avx512_vbmi2, avx512_vbmi, hv

Memory: 4k page, system-wide physical 3879M (100M free)
TotalPageFile size 15655M (AvailPageFile size 0M)
current process WorkingSet (physical memory assigned to process): 266M, peak: 303M
current process commit charge ("private bytes"): 543M, peak: 544M

vm_info: OpenJDK 64-Bit Server VM (17.0.6+0-b2043.56-9586694) for windows-amd64 JRE (17.0.6+0-b2043.56-9586694), built on Feb  9 2023 20:06:20 by "androidbuild" with MS VC++ 16.10 / 16.11 (VS2019)

END.
